<?xml version="1.0" encoding="UTF-8"?>
<coverage generated="1697261170517" clover="3.2.0">
  <project timestamp="1697261170517" name="All files">
    <metrics statements="2919" coveredstatements="2677" conditionals="850" coveredconditionals="701" methods="304" coveredmethods="271" elements="4073" coveredelements="3649" complexity="0" loc="2919" ncloc="2919" packages="2" files="13" classes="13"/>
    <package name="primitives">
      <metrics statements="2917" coveredstatements="2675" conditionals="850" coveredconditionals="701" methods="304" coveredmethods="271"/>
      <file name="BasePoint.ts" path="/Users/tyeverett/projects/sdk/src/primitives/BasePoint.ts">
        <metrics statements="37" coveredstatements="29" conditionals="15" coveredconditionals="13" methods="9" coveredmethods="5"/>
        <line num="2" count="2" type="stmt"/>
        <line num="6" count="2" type="stmt"/>
        <line num="16" count="3054" type="stmt"/>
        <line num="17" count="3054" type="stmt"/>
        <line num="18" count="3054" type="stmt"/>
        <line num="22" count="0" type="stmt"/>
        <line num="26" count="0" type="stmt"/>
        <line num="30" count="1" type="cond" truecount="0" falsecount="1"/>
        <line num="32" count="1" type="stmt"/>
        <line num="37" count="1" type="stmt"/>
        <line num="38" count="1" type="stmt"/>
        <line num="39" count="1" type="stmt"/>
        <line num="40" count="1" type="stmt"/>
        <line num="42" count="1" type="stmt"/>
        <line num="46" count="11" type="cond" truecount="1" falsecount="0"/>
        <line num="48" count="6" type="stmt"/>
        <line num="49" count="6" type="cond" truecount="0" falsecount="1"/>
        <line num="51" count="6" type="stmt"/>
        <line num="58" count="6" type="cond" truecount="1" falsecount="0"/>
        <line num="63" count="5" type="stmt"/>
        <line num="66" count="1" type="stmt"/>
        <line num="68" count="1" type="stmt"/>
        <line num="69" count="1" type="stmt"/>
        <line num="70" count="0" type="stmt"/>
        <line num="71" count="0" type="stmt"/>
        <line num="73" count="1" type="stmt"/>
        <line num="80" count="13" type="cond" truecount="1" falsecount="0"/>
        <line num="84" count="2" type="stmt"/>
        <line num="87" count="11" type="stmt"/>
        <line num="88" count="11" type="stmt"/>
        <line num="89" count="11" type="cond" truecount="2" falsecount="0"/>
        <line num="90" count="254" type="stmt"/>
        <line num="91" count="11" type="stmt"/>
        <line num="98" count="0" type="stmt"/>
        <line num="102" count="0" type="stmt"/>
        <line num="103" count="0" type="stmt"/>
        <line num="104" count="0" type="stmt"/>
      </file>
      <file name="BigNumber.ts" path="/Users/tyeverett/projects/sdk/src/primitives/BigNumber.ts">
        <metrics statements="1720" coveredstatements="1673" conditionals="447" coveredconditionals="417" methods="149" coveredmethods="144"/>
        <line num="10" count="9" type="stmt"/>
        <line num="14" count="9" type="stmt"/>
        <line num="46" count="9" type="stmt"/>
        <line num="58" count="9" type="stmt"/>
        <line num="75" count="9" type="stmt"/>
        <line num="134" count="86155" type="cond" truecount="1" falsecount="0"/>
        <line num="135" count="7025" type="stmt"/>
        <line num="138" count="79130" type="cond" truecount="3" falsecount="1"/>
        <line num="157" count="4" type="cond" truecount="1" falsecount="0"/>
        <line num="158" count="2" type="stmt"/>
        <line num="175" count="4" type="cond" truecount="1" falsecount="0"/>
        <line num="176" count="3" type="stmt"/>
        <line num="197" count="86151" type="cond" truecount="1" falsecount="0"/>
        <line num="198" count="7024" type="stmt"/>
        <line num="201" count="79127" type="stmt"/>
        <line num="202" count="79127" type="stmt"/>
        <line num="203" count="79127" type="stmt"/>
        <line num="206" count="79127" type="stmt"/>
        <line num="208" count="79127" type="cond" truecount="1" falsecount="0"/>
        <line num="209" count="79127" type="cond" truecount="3" falsecount="0"/>
        <line num="210" count="3" type="stmt"/>
        <line num="211" count="3" type="stmt"/>
        <line num="214" count="79127" type="cond" truecount="1" falsecount="0"/>
        <line num="215" count="78159" type="stmt"/>
        <line num="218" count="968" type="cond" truecount="1" falsecount="0"/>
        <line num="219" count="30" type="stmt"/>
        <line num="222" count="938" type="cond" truecount="1" falsecount="0"/>
        <line num="223" count="3" type="stmt"/>
        <line num="225" count="938" type="cond" truecount="3" falsecount="0"/>
        <line num="227" count="938" type="stmt"/>
        <line num="228" count="938" type="stmt"/>
        <line num="229" count="938" type="cond" truecount="1" falsecount="0"/>
        <line num="230" count="50" type="stmt"/>
        <line num="231" count="50" type="stmt"/>
        <line num="234" count="938" type="cond" truecount="1" falsecount="0"/>
        <line num="235" count="938" type="cond" truecount="2" falsecount="0"/>
        <line num="236" count="796" type="stmt"/>
        <line num="238" count="142" type="stmt"/>
        <line num="239" count="140" type="cond" truecount="0" falsecount="1"/>
        <line num="240" count="0" type="stmt"/>
        <line num="256" count="2364656" type="cond" truecount="1" falsecount="0"/>
        <line num="271" count="78159" type="cond" truecount="1" falsecount="0"/>
        <line num="272" count="64" type="stmt"/>
        <line num="273" count="64" type="stmt"/>
        <line num="275" count="78159" type="cond" truecount="2" falsecount="0"/>
        <line num="276" count="78145" type="stmt"/>
        <line num="277" count="78145" type="stmt"/>
        <line num="278" count="14" type="cond" truecount="2" falsecount="0"/>
        <line num="279" count="7" type="stmt"/>
        <line num="283" count="7" type="stmt"/>
        <line num="285" count="7" type="stmt"/>
        <line num="289" count="6" type="stmt"/>
        <line num="294" count="6" type="stmt"/>
        <line num="297" count="78158" type="cond" truecount="1" falsecount="0"/>
        <line num="300" count="1" type="stmt"/>
        <line num="301" count="1" type="stmt"/>
        <line num="316" count="31" type="stmt"/>
        <line num="320" count="31" type="cond" truecount="1" falsecount="0"/>
        <line num="321" count="2" type="stmt"/>
        <line num="322" count="2" type="stmt"/>
        <line num="323" count="2" type="stmt"/>
        <line num="326" count="29" type="stmt"/>
        <line num="327" count="29" type="stmt"/>
        <line num="328" count="29" type="stmt"/>
        <line num="329" count="29" type="stmt"/>
        <line num="330" count="166" type="stmt"/>
        <line num="334" count="29" type="stmt"/>
        <line num="335" count="29" type="cond" truecount="2" falsecount="0"/>
        <line num="336" count="21" type="stmt"/>
        <line num="337" count="152" type="stmt"/>
        <line num="338" count="152" type="stmt"/>
        <line num="339" count="152" type="stmt"/>
        <line num="340" count="152" type="stmt"/>
        <line num="341" count="152" type="cond" truecount="1" falsecount="0"/>
        <line num="342" count="130" type="stmt"/>
        <line num="343" count="130" type="stmt"/>
        <line num="346" count="8" type="cond" truecount="1" falsecount="0"/>
        <line num="347" count="8" type="stmt"/>
        <line num="348" count="14" type="stmt"/>
        <line num="349" count="14" type="stmt"/>
        <line num="350" count="14" type="stmt"/>
        <line num="351" count="14" type="stmt"/>
        <line num="352" count="14" type="cond" truecount="1" falsecount="0"/>
        <line num="353" count="6" type="stmt"/>
        <line num="354" count="6" type="stmt"/>
        <line num="358" count="29" type="stmt"/>
        <line num="371" count="50276" type="stmt"/>
        <line num="373" count="50276" type="cond" truecount="4" falsecount="0"/>
        <line num="374" count="33609" type="stmt"/>
        <line num="376" count="16667" type="cond" truecount="4" falsecount="0"/>
        <line num="377" count="20" type="stmt"/>
        <line num="379" count="16647" type="cond" truecount="4" falsecount="0"/>
        <line num="380" count="16638" type="stmt"/>
        <line num="382" count="9" type="stmt"/>
        <line num="399" count="25204" type="stmt"/>
        <line num="400" count="25198" type="cond" truecount="1" falsecount="0"/>
        <line num="401" count="25072" type="stmt"/>
        <line num="403" count="25195" type="stmt"/>
        <line num="418" count="796" type="stmt"/>
        <line num="419" count="796" type="stmt"/>
        <line num="420" count="796" type="stmt"/>
        <line num="421" count="796" type="stmt"/>
        <line num="422" count="8685" type="stmt"/>
        <line num="426" count="796" type="stmt"/>
        <line num="427" count="796" type="stmt"/>
        <line num="430" count="796" type="cond" truecount="2" falsecount="0"/>
        <line num="431" count="792" type="stmt"/>
        <line num="432" count="25192" type="stmt"/>
        <line num="433" count="25183" type="stmt"/>
        <line num="434" count="25183" type="cond" truecount="2" falsecount="0"/>
        <line num="435" count="7208" type="stmt"/>
        <line num="436" count="7208" type="stmt"/>
        <line num="437" count="7208" type="stmt"/>
        <line num="439" count="17975" type="stmt"/>
        <line num="443" count="4" type="stmt"/>
        <line num="444" count="4" type="cond" truecount="2" falsecount="0"/>
        <line num="445" count="12" type="stmt"/>
        <line num="446" count="12" type="stmt"/>
        <line num="447" count="12" type="cond" truecount="2" falsecount="0"/>
        <line num="448" count="1" type="stmt"/>
        <line num="449" count="1" type="stmt"/>
        <line num="450" count="1" type="stmt"/>
        <line num="452" count="11" type="stmt"/>
        <line num="457" count="787" type="stmt"/>
        <line num="472" count="326" type="stmt"/>
        <line num="473" count="326" type="stmt"/>
        <line num="474" count="326" type="stmt"/>
        <line num="475" count="326" type="stmt"/>
        <line num="476" count="2199" type="stmt"/>
        <line num="478" count="2199" type="stmt"/>
        <line num="481" count="2199" type="cond" truecount="2" falsecount="0"/>
        <line num="482" count="51" type="stmt"/>
        <line num="485" count="2148" type="cond" truecount="2" falsecount="0"/>
        <line num="486" count="3" type="stmt"/>
        <line num="490" count="2145" type="stmt"/>
        <line num="492" count="2199" type="cond" truecount="2" falsecount="0"/>
        <line num="493" count="2197" type="stmt"/>
        <line num="495" count="324" type="stmt"/>
        <line num="510" count="142" type="stmt"/>
        <line num="511" count="142" type="stmt"/>
        <line num="514" count="142" type="stmt"/>
        <line num="515" count="142" type="stmt"/>
        <line num="516" count="142" type="stmt"/>
        <line num="517" count="1764" type="stmt"/>
        <line num="519" count="142" type="stmt"/>
        <line num="520" count="142" type="stmt"/>
        <line num="522" count="142" type="stmt"/>
        <line num="523" count="142" type="stmt"/>
        <line num="524" count="142" type="stmt"/>
        <line num="526" count="142" type="stmt"/>
        <line num="527" count="142" type="stmt"/>
        <line num="528" count="142" type="stmt"/>
        <line num="529" count="190" type="stmt"/>
        <line num="531" count="190" type="stmt"/>
        <line num="532" count="190" type="cond" truecount="2" falsecount="0"/>
        <line num="533" count="186" type="stmt"/>
        <line num="535" count="4" type="stmt"/>
        <line num="539" count="142" type="cond" truecount="1" falsecount="0"/>
        <line num="540" count="136" type="stmt"/>
        <line num="541" count="136" type="stmt"/>
        <line num="543" count="134" type="stmt"/>
        <line num="544" count="505" type="stmt"/>
        <line num="547" count="134" type="stmt"/>
        <line num="548" count="134" type="cond" truecount="2" falsecount="0"/>
        <line num="549" count="131" type="stmt"/>
        <line num="551" count="3" type="stmt"/>
        <line num="555" count="140" type="stmt"/>
        <line num="571" count="46282" type="stmt"/>
        <line num="572" count="46282" type="stmt"/>
        <line num="573" count="11893359" type="stmt"/>
        <line num="575" count="46282" type="stmt"/>
        <line num="576" count="46282" type="stmt"/>
        <line num="577" count="46282" type="stmt"/>
        <line num="595" count="13129" type="stmt"/>
        <line num="596" count="13129" type="stmt"/>
        <line num="597" count="13129" type="stmt"/>
        <line num="598" count="13129" type="stmt"/>
        <line num="612" count="46282" type="stmt"/>
        <line num="613" count="46282" type="stmt"/>
        <line num="614" count="46282" type="stmt"/>
        <line num="629" count="3162011" type="stmt"/>
        <line num="630" count="95" type="stmt"/>
        <line num="632" count="3162011" type="stmt"/>
        <line num="647" count="3632381" type="cond" truecount="2" falsecount="0"/>
        <line num="648" count="2110819" type="stmt"/>
        <line num="650" count="3632381" type="stmt"/>
        <line num="665" count="3673914" type="cond" truecount="3" falsecount="0"/>
        <line num="666" count="1260" type="stmt"/>
        <line num="668" count="3673914" type="stmt"/>
        <line num="682" count="0" type="cond" truecount="0" falsecount="2"/>
        <line num="700" count="585" type="cond" truecount="3" falsecount="0"/>
        <line num="701" count="448" type="stmt"/>
        <line num="702" count="448" type="stmt"/>
        <line num="703" count="448" type="stmt"/>
        <line num="704" count="448" type="stmt"/>
        <line num="705" count="3666" type="stmt"/>
        <line num="706" count="3666" type="stmt"/>
        <line num="707" count="3666" type="stmt"/>
        <line num="708" count="3666" type="stmt"/>
        <line num="709" count="3666" type="cond" truecount="1" falsecount="0"/>
        <line num="710" count="133" type="stmt"/>
        <line num="711" count="133" type="stmt"/>
        <line num="713" count="3666" type="cond" truecount="4" falsecount="0"/>
        <line num="714" count="3376" type="stmt"/>
        <line num="716" count="290" type="stmt"/>
        <line num="719" count="448" type="cond" truecount="1" falsecount="0"/>
        <line num="720" count="158" type="stmt"/>
        <line num="722" count="448" type="stmt"/>
        <line num="723" count="95" type="stmt"/>
        <line num="725" count="448" type="cond" truecount="1" falsecount="0"/>
        <line num="726" count="18" type="stmt"/>
        <line num="728" count="448" type="stmt"/>
        <line num="731" count="137" type="cond" truecount="4" falsecount="0"/>
        <line num="733" count="137" type="stmt"/>
        <line num="735" count="137" type="stmt"/>
        <line num="736" count="137" type="stmt"/>
        <line num="737" count="137" type="stmt"/>
        <line num="738" count="137" type="stmt"/>
        <line num="739" count="137" type="stmt"/>
        <line num="740" count="218" type="stmt"/>
        <line num="741" count="218" type="stmt"/>
        <line num="743" count="218" type="cond" truecount="2" falsecount="0"/>
        <line num="744" count="99" type="stmt"/>
        <line num="746" count="119" type="stmt"/>
        <line num="749" count="137" type="cond" truecount="1" falsecount="0"/>
        <line num="750" count="18" type="stmt"/>
        <line num="752" count="137" type="stmt"/>
        <line num="753" count="255" type="stmt"/>
        <line num="755" count="137" type="cond" truecount="1" falsecount="0"/>
        <line num="756" count="21" type="stmt"/>
        <line num="758" count="137" type="stmt"/>
        <line num="761" count="0" type="stmt"/>
        <line num="777" count="48" type="stmt"/>
        <line num="778" count="48" type="cond" truecount="2" falsecount="0"/>
        <line num="779" count="6" type="stmt"/>
        <line num="780" count="42" type="cond" truecount="4" falsecount="0"/>
        <line num="782" count="4" type="stmt"/>
        <line num="783" count="38" type="cond" truecount="1" falsecount="0"/>
        <line num="784" count="1" type="stmt"/>
        <line num="786" count="47" type="cond" truecount="2" falsecount="0"/>
        <line num="800" count="3" type="stmt"/>
        <line num="816" count="160" type="cond" truecount="2" falsecount="0"/>
        <line num="817" count="7" type="stmt"/>
        <line num="818" count="7" type="stmt"/>
        <line num="819" count="7" type="stmt"/>
        <line num="821" count="7" type="cond" truecount="2" falsecount="0"/>
        <line num="823" count="6" type="cond" truecount="2" falsecount="0"/>
        <line num="824" count="1" type="stmt"/>
        <line num="825" count="5" type="cond" truecount="1" falsecount="0"/>
        <line num="826" count="5" type="stmt"/>
        <line num="827" count="5" type="stmt"/>
        <line num="828" count="9" type="stmt"/>
        <line num="830" count="5" type="stmt"/>
        <line num="831" count="13" type="stmt"/>
        <line num="833" count="5" type="stmt"/>
        <line num="836" count="153" type="stmt"/>
        <line num="837" count="153" type="stmt"/>
        <line num="840" count="160" type="cond" truecount="1" falsecount="0"/>
        <line num="841" count="66" type="stmt"/>
        <line num="843" count="160" type="stmt"/>
        <line num="844" count="160" type="cond" truecount="1" falsecount="0"/>
        <line num="845" count="4" type="stmt"/>
        <line num="847" count="156" type="stmt"/>
        <line num="863" count="18" type="stmt"/>
        <line num="877" count="17" type="cond" truecount="0" falsecount="1"/>
        <line num="878" count="0" type="stmt"/>
        <line num="880" count="17" type="stmt"/>
        <line num="893" count="18" type="stmt"/>
        <line num="895" count="18" type="stmt"/>
        <line num="896" count="18" type="cond" truecount="4" falsecount="0"/>
        <line num="897" count="18" type="stmt"/>
        <line num="898" count="17" type="stmt"/>
        <line num="900" count="17" type="stmt"/>
        <line num="901" count="17" type="cond" truecount="2" falsecount="0"/>
        <line num="902" count="17" type="stmt"/>
        <line num="903" count="17" type="stmt"/>
        <line num="916" count="4" type="stmt"/>
        <line num="917" count="4" type="stmt"/>
        <line num="919" count="4" type="stmt"/>
        <line num="920" count="6" type="stmt"/>
        <line num="922" count="6" type="stmt"/>
        <line num="923" count="6" type="cond" truecount="1" falsecount="0"/>
        <line num="924" count="5" type="stmt"/>
        <line num="926" count="6" type="cond" truecount="1" falsecount="0"/>
        <line num="927" count="4" type="stmt"/>
        <line num="930" count="6" type="cond" truecount="1" falsecount="1"/>
        <line num="931" count="0" type="cond" truecount="0" falsecount="1"/>
        <line num="932" count="0" type="stmt"/>
        <line num="934" count="0" type="stmt"/>
        <line num="935" count="0" type="stmt"/>
        <line num="937" count="6" type="stmt"/>
        <line num="938" count="6" type="stmt"/>
        <line num="942" count="4" type="cond" truecount="1" falsecount="0"/>
        <line num="943" count="2" type="stmt"/>
        <line num="945" count="2" type="stmt"/>
        <line num="946" count="1" type="stmt"/>
        <line num="961" count="13" type="stmt"/>
        <line num="962" count="13" type="stmt"/>
        <line num="964" count="13" type="stmt"/>
        <line num="965" count="463" type="stmt"/>
        <line num="967" count="463" type="stmt"/>
        <line num="968" count="463" type="cond" truecount="1" falsecount="0"/>
        <line num="969" count="460" type="stmt"/>
        <line num="971" count="463" type="cond" truecount="1" falsecount="0"/>
        <line num="972" count="458" type="stmt"/>
        <line num="975" count="463" type="cond" truecount="2" falsecount="0"/>
        <line num="976" count="110" type="cond" truecount="1" falsecount="0"/>
        <line num="977" count="110" type="stmt"/>
        <line num="979" count="110" type="stmt"/>
        <line num="980" count="110" type="stmt"/>
        <line num="982" count="353" type="stmt"/>
        <line num="983" count="353" type="stmt"/>
        <line num="987" count="13" type="cond" truecount="1" falsecount="0"/>
        <line num="988" count="2" type="stmt"/>
        <line num="990" count="2" type="stmt"/>
        <line num="991" count="1" type="stmt"/>
        <line num="1006" count="40325" type="cond" truecount="1" falsecount="0"/>
        <line num="1007" count="40325" type="stmt"/>
        <line num="1009" count="0" type="stmt"/>
        <line num="1010" count="0" type="stmt"/>
        <line num="1011" count="0" type="cond" truecount="0" falsecount="1"/>
        <line num="1012" count="0" type="stmt"/>
        <line num="1013" count="0" type="stmt"/>
        <line num="1015" count="0" type="cond" truecount="0" falsecount="1"/>
        <line num="1016" count="0" type="stmt"/>
        <line num="1017" count="0" type="stmt"/>
        <line num="1019" count="0" type="cond" truecount="0" falsecount="1"/>
        <line num="1020" count="0" type="stmt"/>
        <line num="1021" count="0" type="stmt"/>
        <line num="1023" count="0" type="cond" truecount="0" falsecount="1"/>
        <line num="1024" count="0" type="stmt"/>
        <line num="1025" count="0" type="stmt"/>
        <line num="1027" count="0" type="stmt"/>
        <line num="1041" count="9" type="cond" truecount="0" falsecount="1"/>
        <line num="1043" count="9" type="stmt"/>
        <line num="1044" count="9" type="stmt"/>
        <line num="1045" count="9" type="cond" truecount="1" falsecount="0"/>
        <line num="1046" count="1" type="stmt"/>
        <line num="1047" count="1" type="stmt"/>
        <line num="1049" count="9" type="cond" truecount="1" falsecount="0"/>
        <line num="1050" count="2" type="stmt"/>
        <line num="1051" count="2" type="stmt"/>
        <line num="1053" count="9" type="cond" truecount="1" falsecount="0"/>
        <line num="1054" count="2" type="stmt"/>
        <line num="1055" count="2" type="stmt"/>
        <line num="1057" count="9" type="cond" truecount="1" falsecount="0"/>
        <line num="1058" count="2" type="stmt"/>
        <line num="1059" count="2" type="stmt"/>
        <line num="1061" count="9" type="cond" truecount="1" falsecount="0"/>
        <line num="1062" count="4" type="stmt"/>
        <line num="1064" count="9" type="stmt"/>
        <line num="1074" count="27472" type="stmt"/>
        <line num="1075" count="27472" type="stmt"/>
        <line num="1076" count="27472" type="stmt"/>
        <line num="1093" count="1" type="stmt"/>
        <line num="1095" count="1" type="stmt"/>
        <line num="1096" count="4" type="stmt"/>
        <line num="1097" count="4" type="stmt"/>
        <line num="1099" count="4" type="stmt"/>
        <line num="1102" count="1" type="stmt"/>
        <line num="1117" count="0" type="stmt"/>
        <line num="1131" count="10" type="cond" truecount="1" falsecount="0"/>
        <line num="1133" count="9" type="stmt"/>
        <line num="1134" count="9" type="stmt"/>
        <line num="1135" count="9" type="stmt"/>
        <line num="1136" count="9" type="stmt"/>
        <line num="1137" count="9" type="cond" truecount="1" falsecount="0"/>
        <line num="1139" count="9" type="stmt"/>
        <line num="1153" count="39" type="stmt"/>
        <line num="1168" count="13" type="cond" truecount="1" falsecount="0"/>
        <line num="1169" count="9" type="stmt"/>
        <line num="1171" count="4" type="stmt"/>
        <line num="1186" count="13" type="cond" truecount="1" falsecount="0"/>
        <line num="1187" count="9" type="stmt"/>
        <line num="1189" count="4" type="stmt"/>
        <line num="1203" count="20" type="stmt"/>
        <line num="1217" count="140" type="stmt"/>
        <line num="1231" count="156" type="cond" truecount="1" falsecount="0"/>
        <line num="1232" count="147" type="stmt"/>
        <line num="1235" count="156" type="stmt"/>
        <line num="1252" count="5" type="stmt"/>
        <line num="1253" count="1" type="stmt"/>
        <line num="1256" count="5" type="stmt"/>
        <line num="1257" count="8" type="stmt"/>
        <line num="1260" count="5" type="stmt"/>
        <line num="1277" count="5" type="stmt"/>
        <line num="1278" count="5" type="stmt"/>
        <line num="1297" count="2" type="cond" truecount="1" falsecount="0"/>
        <line num="1298" count="1" type="stmt"/>
        <line num="1316" count="0" type="cond" truecount="0" falsecount="1"/>
        <line num="1317" count="0" type="stmt"/>
        <line num="1336" count="5" type="stmt"/>
        <line num="1338" count="5" type="stmt"/>
        <line num="1339" count="7" type="stmt"/>
        <line num="1342" count="5" type="stmt"/>
        <line num="1344" count="5" type="stmt"/>
        <line num="1363" count="5" type="stmt"/>
        <line num="1364" count="5" type="stmt"/>
        <line num="1381" count="2" type="cond" truecount="1" falsecount="0"/>
        <line num="1382" count="1" type="stmt"/>
        <line num="1399" count="0" type="cond" truecount="0" falsecount="1"/>
        <line num="1400" count="0" type="stmt"/>
        <line num="1418" count="5" type="cond" truecount="2" falsecount="0"/>
        <line num="1419" count="2" type="stmt"/>
        <line num="1420" count="2" type="stmt"/>
        <line num="1423" count="3" type="stmt"/>
        <line num="1424" count="5" type="stmt"/>
        <line num="1426" count="3" type="stmt"/>
        <line num="1427" count="1" type="stmt"/>
        <line num="1429" count="3" type="stmt"/>
        <line num="1431" count="5" type="stmt"/>
        <line num="1450" count="5" type="stmt"/>
        <line num="1454" count="5" type="stmt"/>
        <line num="1471" count="1" type="cond" truecount="0" falsecount="1"/>
        <line num="1472" count="1" type="stmt"/>
        <line num="1488" count="0" type="cond" truecount="0" falsecount="1"/>
        <line num="1489" count="0" type="stmt"/>
        <line num="1505" count="26" type="stmt"/>
        <line num="1510" count="26" type="stmt"/>
        <line num="1511" count="26" type="stmt"/>
        <line num="1514" count="26" type="stmt"/>
        <line num="1516" count="26" type="cond" truecount="1" falsecount="0"/>
        <line num="1517" count="26" type="stmt"/>
        <line num="1521" count="26" type="stmt"/>
        <line num="1522" count="26" type="stmt"/>
        <line num="1523" count="78" type="stmt"/>
        <line num="1527" count="26" type="cond" truecount="1" falsecount="0"/>
        <line num="1528" count="26" type="stmt"/>
        <line num="1532" count="26" type="stmt"/>
        <line num="1548" count="17" type="stmt"/>
        <line num="1566" count="5" type="cond" truecount="2" falsecount="0"/>
        <line num="1568" count="5" type="stmt"/>
        <line num="1569" count="5" type="stmt"/>
        <line num="1571" count="5" type="stmt"/>
        <line num="1573" count="5" type="cond" truecount="4" falsecount="0"/>
        <line num="1574" count="3" type="stmt"/>
        <line num="1576" count="2" type="stmt"/>
        <line num="1579" count="5" type="stmt"/>
        <line num="1598" count="108129" type="cond" truecount="4" falsecount="0"/>
        <line num="1599" count="24079" type="stmt"/>
        <line num="1600" count="24079" type="stmt"/>
        <line num="1601" count="24079" type="stmt"/>
        <line num="1602" count="24079" type="stmt"/>
        <line num="1605" count="84050" type="cond" truecount="3" falsecount="0"/>
        <line num="1606" count="1" type="stmt"/>
        <line num="1607" count="1" type="stmt"/>
        <line num="1608" count="1" type="stmt"/>
        <line num="1609" count="1" type="stmt"/>
        <line num="1614" count="84049" type="cond" truecount="2" falsecount="0"/>
        <line num="1616" count="13684" type="stmt"/>
        <line num="1617" count="13684" type="stmt"/>
        <line num="1619" count="70365" type="stmt"/>
        <line num="1621" count="70365" type="stmt"/>
        <line num="1624" count="84049" type="stmt"/>
        <line num="1625" count="84049" type="stmt"/>
        <line num="1626" count="84049" type="stmt"/>
        <line num="1627" count="809064" type="stmt"/>
        <line num="1628" count="809064" type="stmt"/>
        <line num="1629" count="809064" type="stmt"/>
        <line num="1631" count="84049" type="cond" truecount="2" falsecount="0"/>
        <line num="1632" count="463" type="stmt"/>
        <line num="1633" count="463" type="stmt"/>
        <line num="1634" count="463" type="stmt"/>
        <line num="1637" count="84049" type="stmt"/>
        <line num="1638" count="84049" type="cond" truecount="2" falsecount="0"/>
        <line num="1639" count="4" type="stmt"/>
        <line num="1640" count="4" type="stmt"/>
        <line num="1642" count="84045" type="cond" truecount="1" falsecount="0"/>
        <line num="1643" count="66578" type="stmt"/>
        <line num="1644" count="97988" type="stmt"/>
        <line num="1648" count="84049" type="stmt"/>
        <line num="1665" count="1815" type="cond" truecount="4" falsecount="0"/>
        <line num="1666" count="2" type="stmt"/>
        <line num="1667" count="2" type="stmt"/>
        <line num="1668" count="2" type="stmt"/>
        <line num="1669" count="2" type="stmt"/>
        <line num="1670" count="1813" type="cond" truecount="3" falsecount="0"/>
        <line num="1671" count="7" type="stmt"/>
        <line num="1672" count="7" type="stmt"/>
        <line num="1673" count="7" type="stmt"/>
        <line num="1674" count="7" type="stmt"/>
        <line num="1677" count="1806" type="cond" truecount="1" falsecount="0"/>
        <line num="1679" count="1800" type="stmt"/>
        <line num="1697" count="138942" type="cond" truecount="2" falsecount="0"/>
        <line num="1698" count="7054" type="stmt"/>
        <line num="1699" count="7054" type="stmt"/>
        <line num="1700" count="7054" type="stmt"/>
        <line num="1701" count="7054" type="stmt"/>
        <line num="1704" count="131888" type="cond" truecount="1" falsecount="0"/>
        <line num="1705" count="10399" type="stmt"/>
        <line num="1706" count="10399" type="stmt"/>
        <line num="1707" count="10399" type="stmt"/>
        <line num="1708" count="10399" type="stmt"/>
        <line num="1712" count="121489" type="stmt"/>
        <line num="1715" count="121489" type="cond" truecount="1" falsecount="0"/>
        <line num="1716" count="34" type="stmt"/>
        <line num="1717" count="34" type="stmt"/>
        <line num="1718" count="34" type="stmt"/>
        <line num="1719" count="34" type="stmt"/>
        <line num="1724" count="121455" type="cond" truecount="2" falsecount="0"/>
        <line num="1726" count="76253" type="stmt"/>
        <line num="1727" count="76253" type="stmt"/>
        <line num="1729" count="45202" type="stmt"/>
        <line num="1731" count="45202" type="stmt"/>
        <line num="1734" count="121455" type="stmt"/>
        <line num="1735" count="121455" type="stmt"/>
        <line num="1736" count="121455" type="stmt"/>
        <line num="1737" count="1046489" type="stmt"/>
        <line num="1738" count="1046489" type="stmt"/>
        <line num="1739" count="1046489" type="stmt"/>
        <line num="1741" count="121455" type="cond" truecount="2" falsecount="0"/>
        <line num="1742" count="1992" type="stmt"/>
        <line num="1743" count="1992" type="stmt"/>
        <line num="1744" count="1992" type="stmt"/>
        <line num="1748" count="121455" type="cond" truecount="4" falsecount="0"/>
        <line num="1749" count="1181" type="stmt"/>
        <line num="1750" count="5644" type="stmt"/>
        <line num="1754" count="121455" type="stmt"/>
        <line num="1756" count="121455" type="cond" truecount="1" falsecount="0"/>
        <line num="1757" count="45202" type="stmt"/>
        <line num="1760" count="121455" type="stmt"/>
        <line num="1776" count="2968" type="stmt"/>
        <line num="1782" count="3217" type="stmt"/>
        <line num="1783" count="3217" type="stmt"/>
        <line num="1784" count="3217" type="stmt"/>
        <line num="1785" count="3217" type="stmt"/>
        <line num="1788" count="3217" type="stmt"/>
        <line num="1789" count="3217" type="stmt"/>
        <line num="1790" count="3217" type="stmt"/>
        <line num="1792" count="3217" type="stmt"/>
        <line num="1793" count="3217" type="stmt"/>
        <line num="1794" count="3217" type="stmt"/>
        <line num="1796" count="3217" type="stmt"/>
        <line num="1797" count="3217" type="stmt"/>
        <line num="1800" count="33985" type="stmt"/>
        <line num="1801" count="33985" type="stmt"/>
        <line num="1802" count="33985" type="stmt"/>
        <line num="1803" count="33985" type="stmt"/>
        <line num="1804" count="147235" type="stmt"/>
        <line num="1805" count="147235" type="stmt"/>
        <line num="1806" count="147235" type="stmt"/>
        <line num="1807" count="147235" type="stmt"/>
        <line num="1808" count="147235" type="stmt"/>
        <line num="1809" count="147235" type="stmt"/>
        <line num="1811" count="33985" type="stmt"/>
        <line num="1812" count="33985" type="stmt"/>
        <line num="1814" count="3217" type="cond" truecount="2" falsecount="0"/>
        <line num="1815" count="1595" type="stmt"/>
        <line num="1817" count="1622" type="stmt"/>
        <line num="1820" count="3217" type="stmt"/>
        <line num="1824" count="13405" type="stmt"/>
        <line num="1825" count="13405" type="stmt"/>
        <line num="1826" count="13405" type="stmt"/>
        <line num="1827" count="13405" type="stmt"/>
        <line num="1831" count="13405" type="stmt"/>
        <line num="1832" count="13405" type="stmt"/>
        <line num="1833" count="13405" type="stmt"/>
        <line num="1834" count="13405" type="stmt"/>
        <line num="1835" count="13405" type="stmt"/>
        <line num="1836" count="13405" type="stmt"/>
        <line num="1837" count="13405" type="stmt"/>
        <line num="1838" count="13405" type="stmt"/>
        <line num="1839" count="13405" type="stmt"/>
        <line num="1840" count="13405" type="stmt"/>
        <line num="1841" count="13405" type="stmt"/>
        <line num="1842" count="13405" type="stmt"/>
        <line num="1843" count="13405" type="stmt"/>
        <line num="1844" count="13405" type="stmt"/>
        <line num="1845" count="13405" type="stmt"/>
        <line num="1846" count="13405" type="stmt"/>
        <line num="1847" count="13405" type="stmt"/>
        <line num="1848" count="13405" type="stmt"/>
        <line num="1849" count="13405" type="stmt"/>
        <line num="1850" count="13405" type="stmt"/>
        <line num="1851" count="13405" type="stmt"/>
        <line num="1852" count="13405" type="stmt"/>
        <line num="1853" count="13405" type="stmt"/>
        <line num="1854" count="13405" type="stmt"/>
        <line num="1855" count="13405" type="stmt"/>
        <line num="1856" count="13405" type="stmt"/>
        <line num="1857" count="13405" type="stmt"/>
        <line num="1858" count="13405" type="stmt"/>
        <line num="1859" count="13405" type="stmt"/>
        <line num="1860" count="13405" type="stmt"/>
        <line num="1861" count="13405" type="stmt"/>
        <line num="1862" count="13405" type="stmt"/>
        <line num="1863" count="13405" type="stmt"/>
        <line num="1864" count="13405" type="stmt"/>
        <line num="1865" count="13405" type="stmt"/>
        <line num="1866" count="13405" type="stmt"/>
        <line num="1867" count="13405" type="stmt"/>
        <line num="1868" count="13405" type="stmt"/>
        <line num="1869" count="13405" type="stmt"/>
        <line num="1870" count="13405" type="stmt"/>
        <line num="1871" count="13405" type="stmt"/>
        <line num="1872" count="13405" type="stmt"/>
        <line num="1873" count="13405" type="stmt"/>
        <line num="1874" count="13405" type="stmt"/>
        <line num="1875" count="13405" type="stmt"/>
        <line num="1876" count="13405" type="stmt"/>
        <line num="1877" count="13405" type="stmt"/>
        <line num="1878" count="13405" type="stmt"/>
        <line num="1879" count="13405" type="stmt"/>
        <line num="1880" count="13405" type="stmt"/>
        <line num="1881" count="13405" type="stmt"/>
        <line num="1882" count="13405" type="stmt"/>
        <line num="1883" count="13405" type="stmt"/>
        <line num="1884" count="13405" type="stmt"/>
        <line num="1885" count="13405" type="stmt"/>
        <line num="1886" count="13405" type="stmt"/>
        <line num="1887" count="13405" type="stmt"/>
        <line num="1888" count="13405" type="stmt"/>
        <line num="1889" count="13405" type="stmt"/>
        <line num="1890" count="13405" type="stmt"/>
        <line num="1892" count="13405" type="stmt"/>
        <line num="1893" count="13405" type="stmt"/>
        <line num="1895" count="13405" type="stmt"/>
        <line num="1896" count="13405" type="stmt"/>
        <line num="1897" count="13405" type="stmt"/>
        <line num="1898" count="13405" type="stmt"/>
        <line num="1899" count="13405" type="stmt"/>
        <line num="1900" count="13405" type="stmt"/>
        <line num="1901" count="13405" type="stmt"/>
        <line num="1903" count="13405" type="stmt"/>
        <line num="1904" count="13405" type="stmt"/>
        <line num="1905" count="13405" type="stmt"/>
        <line num="1906" count="13405" type="stmt"/>
        <line num="1907" count="13405" type="stmt"/>
        <line num="1908" count="13405" type="stmt"/>
        <line num="1909" count="13405" type="stmt"/>
        <line num="1910" count="13405" type="stmt"/>
        <line num="1911" count="13405" type="stmt"/>
        <line num="1912" count="13405" type="stmt"/>
        <line num="1913" count="13405" type="stmt"/>
        <line num="1915" count="13405" type="stmt"/>
        <line num="1916" count="13405" type="stmt"/>
        <line num="1917" count="13405" type="stmt"/>
        <line num="1918" count="13405" type="stmt"/>
        <line num="1919" count="13405" type="stmt"/>
        <line num="1920" count="13405" type="stmt"/>
        <line num="1921" count="13405" type="stmt"/>
        <line num="1922" count="13405" type="stmt"/>
        <line num="1923" count="13405" type="stmt"/>
        <line num="1924" count="13405" type="stmt"/>
        <line num="1925" count="13405" type="stmt"/>
        <line num="1926" count="13405" type="stmt"/>
        <line num="1927" count="13405" type="stmt"/>
        <line num="1928" count="13405" type="stmt"/>
        <line num="1929" count="13405" type="stmt"/>
        <line num="1931" count="13405" type="stmt"/>
        <line num="1932" count="13405" type="stmt"/>
        <line num="1933" count="13405" type="stmt"/>
        <line num="1934" count="13405" type="stmt"/>
        <line num="1935" count="13405" type="stmt"/>
        <line num="1936" count="13405" type="stmt"/>
        <line num="1937" count="13405" type="stmt"/>
        <line num="1938" count="13405" type="stmt"/>
        <line num="1939" count="13405" type="stmt"/>
        <line num="1940" count="13405" type="stmt"/>
        <line num="1941" count="13405" type="stmt"/>
        <line num="1942" count="13405" type="stmt"/>
        <line num="1943" count="13405" type="stmt"/>
        <line num="1944" count="13405" type="stmt"/>
        <line num="1945" count="13405" type="stmt"/>
        <line num="1946" count="13405" type="stmt"/>
        <line num="1947" count="13405" type="stmt"/>
        <line num="1948" count="13405" type="stmt"/>
        <line num="1949" count="13405" type="stmt"/>
        <line num="1951" count="13405" type="stmt"/>
        <line num="1952" count="13405" type="stmt"/>
        <line num="1953" count="13405" type="stmt"/>
        <line num="1954" count="13405" type="stmt"/>
        <line num="1955" count="13405" type="stmt"/>
        <line num="1956" count="13405" type="stmt"/>
        <line num="1957" count="13405" type="stmt"/>
        <line num="1958" count="13405" type="stmt"/>
        <line num="1959" count="13405" type="stmt"/>
        <line num="1960" count="13405" type="stmt"/>
        <line num="1961" count="13405" type="stmt"/>
        <line num="1962" count="13405" type="stmt"/>
        <line num="1963" count="13405" type="stmt"/>
        <line num="1964" count="13405" type="stmt"/>
        <line num="1965" count="13405" type="stmt"/>
        <line num="1966" count="13405" type="stmt"/>
        <line num="1967" count="13405" type="stmt"/>
        <line num="1968" count="13405" type="stmt"/>
        <line num="1969" count="13405" type="stmt"/>
        <line num="1970" count="13405" type="stmt"/>
        <line num="1971" count="13405" type="stmt"/>
        <line num="1972" count="13405" type="stmt"/>
        <line num="1973" count="13405" type="stmt"/>
        <line num="1975" count="13405" type="stmt"/>
        <line num="1976" count="13405" type="stmt"/>
        <line num="1977" count="13405" type="stmt"/>
        <line num="1978" count="13405" type="stmt"/>
        <line num="1979" count="13405" type="stmt"/>
        <line num="1980" count="13405" type="stmt"/>
        <line num="1981" count="13405" type="stmt"/>
        <line num="1982" count="13405" type="stmt"/>
        <line num="1983" count="13405" type="stmt"/>
        <line num="1984" count="13405" type="stmt"/>
        <line num="1985" count="13405" type="stmt"/>
        <line num="1986" count="13405" type="stmt"/>
        <line num="1987" count="13405" type="stmt"/>
        <line num="1988" count="13405" type="stmt"/>
        <line num="1989" count="13405" type="stmt"/>
        <line num="1990" count="13405" type="stmt"/>
        <line num="1991" count="13405" type="stmt"/>
        <line num="1992" count="13405" type="stmt"/>
        <line num="1993" count="13405" type="stmt"/>
        <line num="1994" count="13405" type="stmt"/>
        <line num="1995" count="13405" type="stmt"/>
        <line num="1996" count="13405" type="stmt"/>
        <line num="1997" count="13405" type="stmt"/>
        <line num="1998" count="13405" type="stmt"/>
        <line num="1999" count="13405" type="stmt"/>
        <line num="2000" count="13405" type="stmt"/>
        <line num="2001" count="13405" type="stmt"/>
        <line num="2003" count="13405" type="stmt"/>
        <line num="2004" count="13405" type="stmt"/>
        <line num="2005" count="13405" type="stmt"/>
        <line num="2006" count="13405" type="stmt"/>
        <line num="2007" count="13405" type="stmt"/>
        <line num="2008" count="13405" type="stmt"/>
        <line num="2009" count="13405" type="stmt"/>
        <line num="2010" count="13405" type="stmt"/>
        <line num="2011" count="13405" type="stmt"/>
        <line num="2012" count="13405" type="stmt"/>
        <line num="2013" count="13405" type="stmt"/>
        <line num="2014" count="13405" type="stmt"/>
        <line num="2015" count="13405" type="stmt"/>
        <line num="2016" count="13405" type="stmt"/>
        <line num="2017" count="13405" type="stmt"/>
        <line num="2018" count="13405" type="stmt"/>
        <line num="2019" count="13405" type="stmt"/>
        <line num="2020" count="13405" type="stmt"/>
        <line num="2021" count="13405" type="stmt"/>
        <line num="2022" count="13405" type="stmt"/>
        <line num="2023" count="13405" type="stmt"/>
        <line num="2024" count="13405" type="stmt"/>
        <line num="2025" count="13405" type="stmt"/>
        <line num="2026" count="13405" type="stmt"/>
        <line num="2027" count="13405" type="stmt"/>
        <line num="2028" count="13405" type="stmt"/>
        <line num="2029" count="13405" type="stmt"/>
        <line num="2030" count="13405" type="stmt"/>
        <line num="2031" count="13405" type="stmt"/>
        <line num="2032" count="13405" type="stmt"/>
        <line num="2033" count="13405" type="stmt"/>
        <line num="2035" count="13405" type="stmt"/>
        <line num="2036" count="13405" type="stmt"/>
        <line num="2037" count="13405" type="stmt"/>
        <line num="2038" count="13405" type="stmt"/>
        <line num="2039" count="13405" type="stmt"/>
        <line num="2040" count="13405" type="stmt"/>
        <line num="2041" count="13405" type="stmt"/>
        <line num="2042" count="13405" type="stmt"/>
        <line num="2043" count="13405" type="stmt"/>
        <line num="2044" count="13405" type="stmt"/>
        <line num="2045" count="13405" type="stmt"/>
        <line num="2046" count="13405" type="stmt"/>
        <line num="2047" count="13405" type="stmt"/>
        <line num="2048" count="13405" type="stmt"/>
        <line num="2049" count="13405" type="stmt"/>
        <line num="2050" count="13405" type="stmt"/>
        <line num="2051" count="13405" type="stmt"/>
        <line num="2052" count="13405" type="stmt"/>
        <line num="2053" count="13405" type="stmt"/>
        <line num="2054" count="13405" type="stmt"/>
        <line num="2055" count="13405" type="stmt"/>
        <line num="2056" count="13405" type="stmt"/>
        <line num="2057" count="13405" type="stmt"/>
        <line num="2058" count="13405" type="stmt"/>
        <line num="2059" count="13405" type="stmt"/>
        <line num="2060" count="13405" type="stmt"/>
        <line num="2061" count="13405" type="stmt"/>
        <line num="2062" count="13405" type="stmt"/>
        <line num="2063" count="13405" type="stmt"/>
        <line num="2064" count="13405" type="stmt"/>
        <line num="2065" count="13405" type="stmt"/>
        <line num="2066" count="13405" type="stmt"/>
        <line num="2067" count="13405" type="stmt"/>
        <line num="2068" count="13405" type="stmt"/>
        <line num="2069" count="13405" type="stmt"/>
        <line num="2071" count="13405" type="stmt"/>
        <line num="2072" count="13405" type="stmt"/>
        <line num="2073" count="13405" type="stmt"/>
        <line num="2074" count="13405" type="stmt"/>
        <line num="2075" count="13405" type="stmt"/>
        <line num="2076" count="13405" type="stmt"/>
        <line num="2077" count="13405" type="stmt"/>
        <line num="2078" count="13405" type="stmt"/>
        <line num="2079" count="13405" type="stmt"/>
        <line num="2080" count="13405" type="stmt"/>
        <line num="2081" count="13405" type="stmt"/>
        <line num="2082" count="13405" type="stmt"/>
        <line num="2083" count="13405" type="stmt"/>
        <line num="2084" count="13405" type="stmt"/>
        <line num="2085" count="13405" type="stmt"/>
        <line num="2086" count="13405" type="stmt"/>
        <line num="2087" count="13405" type="stmt"/>
        <line num="2088" count="13405" type="stmt"/>
        <line num="2089" count="13405" type="stmt"/>
        <line num="2090" count="13405" type="stmt"/>
        <line num="2091" count="13405" type="stmt"/>
        <line num="2092" count="13405" type="stmt"/>
        <line num="2093" count="13405" type="stmt"/>
        <line num="2094" count="13405" type="stmt"/>
        <line num="2095" count="13405" type="stmt"/>
        <line num="2096" count="13405" type="stmt"/>
        <line num="2097" count="13405" type="stmt"/>
        <line num="2098" count="13405" type="stmt"/>
        <line num="2099" count="13405" type="stmt"/>
        <line num="2100" count="13405" type="stmt"/>
        <line num="2101" count="13405" type="stmt"/>
        <line num="2102" count="13405" type="stmt"/>
        <line num="2103" count="13405" type="stmt"/>
        <line num="2104" count="13405" type="stmt"/>
        <line num="2105" count="13405" type="stmt"/>
        <line num="2106" count="13405" type="stmt"/>
        <line num="2107" count="13405" type="stmt"/>
        <line num="2108" count="13405" type="stmt"/>
        <line num="2109" count="13405" type="stmt"/>
        <line num="2111" count="13405" type="stmt"/>
        <line num="2112" count="13405" type="stmt"/>
        <line num="2113" count="13405" type="stmt"/>
        <line num="2114" count="13405" type="stmt"/>
        <line num="2115" count="13405" type="stmt"/>
        <line num="2116" count="13405" type="stmt"/>
        <line num="2117" count="13405" type="stmt"/>
        <line num="2118" count="13405" type="stmt"/>
        <line num="2119" count="13405" type="stmt"/>
        <line num="2120" count="13405" type="stmt"/>
        <line num="2121" count="13405" type="stmt"/>
        <line num="2122" count="13405" type="stmt"/>
        <line num="2123" count="13405" type="stmt"/>
        <line num="2124" count="13405" type="stmt"/>
        <line num="2125" count="13405" type="stmt"/>
        <line num="2126" count="13405" type="stmt"/>
        <line num="2127" count="13405" type="stmt"/>
        <line num="2128" count="13405" type="stmt"/>
        <line num="2129" count="13405" type="stmt"/>
        <line num="2130" count="13405" type="stmt"/>
        <line num="2131" count="13405" type="stmt"/>
        <line num="2132" count="13405" type="stmt"/>
        <line num="2133" count="13405" type="stmt"/>
        <line num="2134" count="13405" type="stmt"/>
        <line num="2135" count="13405" type="stmt"/>
        <line num="2136" count="13405" type="stmt"/>
        <line num="2137" count="13405" type="stmt"/>
        <line num="2138" count="13405" type="stmt"/>
        <line num="2139" count="13405" type="stmt"/>
        <line num="2140" count="13405" type="stmt"/>
        <line num="2141" count="13405" type="stmt"/>
        <line num="2142" count="13405" type="stmt"/>
        <line num="2143" count="13405" type="stmt"/>
        <line num="2144" count="13405" type="stmt"/>
        <line num="2145" count="13405" type="stmt"/>
        <line num="2146" count="13405" type="stmt"/>
        <line num="2147" count="13405" type="stmt"/>
        <line num="2148" count="13405" type="stmt"/>
        <line num="2149" count="13405" type="stmt"/>
        <line num="2150" count="13405" type="stmt"/>
        <line num="2151" count="13405" type="stmt"/>
        <line num="2152" count="13405" type="stmt"/>
        <line num="2153" count="13405" type="stmt"/>
        <line num="2155" count="13405" type="stmt"/>
        <line num="2156" count="13405" type="stmt"/>
        <line num="2157" count="13405" type="stmt"/>
        <line num="2158" count="13405" type="stmt"/>
        <line num="2159" count="13405" type="stmt"/>
        <line num="2160" count="13405" type="stmt"/>
        <line num="2161" count="13405" type="stmt"/>
        <line num="2162" count="13405" type="stmt"/>
        <line num="2163" count="13405" type="stmt"/>
        <line num="2164" count="13405" type="stmt"/>
        <line num="2165" count="13405" type="stmt"/>
        <line num="2166" count="13405" type="stmt"/>
        <line num="2167" count="13405" type="stmt"/>
        <line num="2168" count="13405" type="stmt"/>
        <line num="2169" count="13405" type="stmt"/>
        <line num="2170" count="13405" type="stmt"/>
        <line num="2171" count="13405" type="stmt"/>
        <line num="2172" count="13405" type="stmt"/>
        <line num="2173" count="13405" type="stmt"/>
        <line num="2174" count="13405" type="stmt"/>
        <line num="2175" count="13405" type="stmt"/>
        <line num="2176" count="13405" type="stmt"/>
        <line num="2177" count="13405" type="stmt"/>
        <line num="2178" count="13405" type="stmt"/>
        <line num="2179" count="13405" type="stmt"/>
        <line num="2180" count="13405" type="stmt"/>
        <line num="2181" count="13405" type="stmt"/>
        <line num="2182" count="13405" type="stmt"/>
        <line num="2183" count="13405" type="stmt"/>
        <line num="2184" count="13405" type="stmt"/>
        <line num="2185" count="13405" type="stmt"/>
        <line num="2186" count="13405" type="stmt"/>
        <line num="2187" count="13405" type="stmt"/>
        <line num="2188" count="13405" type="stmt"/>
        <line num="2189" count="13405" type="stmt"/>
        <line num="2190" count="13405" type="stmt"/>
        <line num="2191" count="13405" type="stmt"/>
        <line num="2192" count="13405" type="stmt"/>
        <line num="2193" count="13405" type="stmt"/>
        <line num="2195" count="13405" type="stmt"/>
        <line num="2196" count="13405" type="stmt"/>
        <line num="2197" count="13405" type="stmt"/>
        <line num="2198" count="13405" type="stmt"/>
        <line num="2199" count="13405" type="stmt"/>
        <line num="2200" count="13405" type="stmt"/>
        <line num="2201" count="13405" type="stmt"/>
        <line num="2202" count="13405" type="stmt"/>
        <line num="2203" count="13405" type="stmt"/>
        <line num="2204" count="13405" type="stmt"/>
        <line num="2205" count="13405" type="stmt"/>
        <line num="2206" count="13405" type="stmt"/>
        <line num="2207" count="13405" type="stmt"/>
        <line num="2208" count="13405" type="stmt"/>
        <line num="2209" count="13405" type="stmt"/>
        <line num="2210" count="13405" type="stmt"/>
        <line num="2211" count="13405" type="stmt"/>
        <line num="2212" count="13405" type="stmt"/>
        <line num="2213" count="13405" type="stmt"/>
        <line num="2214" count="13405" type="stmt"/>
        <line num="2215" count="13405" type="stmt"/>
        <line num="2216" count="13405" type="stmt"/>
        <line num="2217" count="13405" type="stmt"/>
        <line num="2218" count="13405" type="stmt"/>
        <line num="2219" count="13405" type="stmt"/>
        <line num="2220" count="13405" type="stmt"/>
        <line num="2221" count="13405" type="stmt"/>
        <line num="2222" count="13405" type="stmt"/>
        <line num="2223" count="13405" type="stmt"/>
        <line num="2224" count="13405" type="stmt"/>
        <line num="2225" count="13405" type="stmt"/>
        <line num="2226" count="13405" type="stmt"/>
        <line num="2227" count="13405" type="stmt"/>
        <line num="2228" count="13405" type="stmt"/>
        <line num="2229" count="13405" type="stmt"/>
        <line num="2231" count="13405" type="stmt"/>
        <line num="2232" count="13405" type="stmt"/>
        <line num="2233" count="13405" type="stmt"/>
        <line num="2234" count="13405" type="stmt"/>
        <line num="2235" count="13405" type="stmt"/>
        <line num="2236" count="13405" type="stmt"/>
        <line num="2237" count="13405" type="stmt"/>
        <line num="2238" count="13405" type="stmt"/>
        <line num="2239" count="13405" type="stmt"/>
        <line num="2240" count="13405" type="stmt"/>
        <line num="2241" count="13405" type="stmt"/>
        <line num="2242" count="13405" type="stmt"/>
        <line num="2243" count="13405" type="stmt"/>
        <line num="2244" count="13405" type="stmt"/>
        <line num="2245" count="13405" type="stmt"/>
        <line num="2246" count="13405" type="stmt"/>
        <line num="2247" count="13405" type="stmt"/>
        <line num="2248" count="13405" type="stmt"/>
        <line num="2249" count="13405" type="stmt"/>
        <line num="2250" count="13405" type="stmt"/>
        <line num="2251" count="13405" type="stmt"/>
        <line num="2252" count="13405" type="stmt"/>
        <line num="2253" count="13405" type="stmt"/>
        <line num="2254" count="13405" type="stmt"/>
        <line num="2255" count="13405" type="stmt"/>
        <line num="2256" count="13405" type="stmt"/>
        <line num="2257" count="13405" type="stmt"/>
        <line num="2258" count="13405" type="stmt"/>
        <line num="2259" count="13405" type="stmt"/>
        <line num="2260" count="13405" type="stmt"/>
        <line num="2261" count="13405" type="stmt"/>
        <line num="2263" count="13405" type="stmt"/>
        <line num="2264" count="13405" type="stmt"/>
        <line num="2265" count="13405" type="stmt"/>
        <line num="2266" count="13405" type="stmt"/>
        <line num="2267" count="13405" type="stmt"/>
        <line num="2268" count="13405" type="stmt"/>
        <line num="2269" count="13405" type="stmt"/>
        <line num="2270" count="13405" type="stmt"/>
        <line num="2271" count="13405" type="stmt"/>
        <line num="2272" count="13405" type="stmt"/>
        <line num="2273" count="13405" type="stmt"/>
        <line num="2274" count="13405" type="stmt"/>
        <line num="2275" count="13405" type="stmt"/>
        <line num="2276" count="13405" type="stmt"/>
        <line num="2277" count="13405" type="stmt"/>
        <line num="2278" count="13405" type="stmt"/>
        <line num="2279" count="13405" type="stmt"/>
        <line num="2280" count="13405" type="stmt"/>
        <line num="2281" count="13405" type="stmt"/>
        <line num="2282" count="13405" type="stmt"/>
        <line num="2283" count="13405" type="stmt"/>
        <line num="2284" count="13405" type="stmt"/>
        <line num="2285" count="13405" type="stmt"/>
        <line num="2286" count="13405" type="stmt"/>
        <line num="2287" count="13405" type="stmt"/>
        <line num="2288" count="13405" type="stmt"/>
        <line num="2289" count="13405" type="stmt"/>
        <line num="2291" count="13405" type="stmt"/>
        <line num="2292" count="13405" type="stmt"/>
        <line num="2293" count="13405" type="stmt"/>
        <line num="2294" count="13405" type="stmt"/>
        <line num="2295" count="13405" type="stmt"/>
        <line num="2296" count="13405" type="stmt"/>
        <line num="2297" count="13405" type="stmt"/>
        <line num="2298" count="13405" type="stmt"/>
        <line num="2299" count="13405" type="stmt"/>
        <line num="2300" count="13405" type="stmt"/>
        <line num="2301" count="13405" type="stmt"/>
        <line num="2302" count="13405" type="stmt"/>
        <line num="2303" count="13405" type="stmt"/>
        <line num="2304" count="13405" type="stmt"/>
        <line num="2305" count="13405" type="stmt"/>
        <line num="2306" count="13405" type="stmt"/>
        <line num="2307" count="13405" type="stmt"/>
        <line num="2308" count="13405" type="stmt"/>
        <line num="2309" count="13405" type="stmt"/>
        <line num="2310" count="13405" type="stmt"/>
        <line num="2311" count="13405" type="stmt"/>
        <line num="2312" count="13405" type="stmt"/>
        <line num="2313" count="13405" type="stmt"/>
        <line num="2315" count="13405" type="stmt"/>
        <line num="2316" count="13405" type="stmt"/>
        <line num="2317" count="13405" type="stmt"/>
        <line num="2318" count="13405" type="stmt"/>
        <line num="2319" count="13405" type="stmt"/>
        <line num="2320" count="13405" type="stmt"/>
        <line num="2321" count="13405" type="stmt"/>
        <line num="2322" count="13405" type="stmt"/>
        <line num="2323" count="13405" type="stmt"/>
        <line num="2324" count="13405" type="stmt"/>
        <line num="2325" count="13405" type="stmt"/>
        <line num="2326" count="13405" type="stmt"/>
        <line num="2327" count="13405" type="stmt"/>
        <line num="2328" count="13405" type="stmt"/>
        <line num="2329" count="13405" type="stmt"/>
        <line num="2330" count="13405" type="stmt"/>
        <line num="2331" count="13405" type="stmt"/>
        <line num="2332" count="13405" type="stmt"/>
        <line num="2333" count="13405" type="stmt"/>
        <line num="2335" count="13405" type="stmt"/>
        <line num="2336" count="13405" type="stmt"/>
        <line num="2337" count="13405" type="stmt"/>
        <line num="2338" count="13405" type="stmt"/>
        <line num="2339" count="13405" type="stmt"/>
        <line num="2340" count="13405" type="stmt"/>
        <line num="2341" count="13405" type="stmt"/>
        <line num="2342" count="13405" type="stmt"/>
        <line num="2343" count="13405" type="stmt"/>
        <line num="2344" count="13405" type="stmt"/>
        <line num="2345" count="13405" type="stmt"/>
        <line num="2346" count="13405" type="stmt"/>
        <line num="2347" count="13405" type="stmt"/>
        <line num="2348" count="13405" type="stmt"/>
        <line num="2349" count="13405" type="stmt"/>
        <line num="2351" count="13405" type="stmt"/>
        <line num="2352" count="13405" type="stmt"/>
        <line num="2353" count="13405" type="stmt"/>
        <line num="2354" count="13405" type="stmt"/>
        <line num="2355" count="13405" type="stmt"/>
        <line num="2356" count="13405" type="stmt"/>
        <line num="2357" count="13405" type="stmt"/>
        <line num="2358" count="13405" type="stmt"/>
        <line num="2359" count="13405" type="stmt"/>
        <line num="2360" count="13405" type="stmt"/>
        <line num="2361" count="13405" type="stmt"/>
        <line num="2363" count="13405" type="stmt"/>
        <line num="2364" count="13405" type="stmt"/>
        <line num="2365" count="13405" type="stmt"/>
        <line num="2366" count="13405" type="stmt"/>
        <line num="2367" count="13405" type="stmt"/>
        <line num="2368" count="13405" type="stmt"/>
        <line num="2369" count="13405" type="stmt"/>
        <line num="2370" count="13405" type="stmt"/>
        <line num="2371" count="13405" type="stmt"/>
        <line num="2372" count="13405" type="stmt"/>
        <line num="2373" count="13405" type="stmt"/>
        <line num="2374" count="13405" type="stmt"/>
        <line num="2375" count="13405" type="stmt"/>
        <line num="2376" count="13405" type="stmt"/>
        <line num="2377" count="13405" type="stmt"/>
        <line num="2378" count="13405" type="stmt"/>
        <line num="2379" count="13405" type="stmt"/>
        <line num="2380" count="13405" type="stmt"/>
        <line num="2381" count="13405" type="stmt"/>
        <line num="2382" count="13405" type="stmt"/>
        <line num="2383" count="13405" type="stmt"/>
        <line num="2384" count="13405" type="stmt"/>
        <line num="2385" count="13405" type="stmt"/>
        <line num="2386" count="13405" type="stmt"/>
        <line num="2387" count="13405" type="stmt"/>
        <line num="2388" count="13405" type="stmt"/>
        <line num="2389" count="13405" type="cond" truecount="1" falsecount="0"/>
        <line num="2390" count="13393" type="stmt"/>
        <line num="2391" count="13393" type="stmt"/>
        <line num="2393" count="13405" type="stmt"/>
        <line num="2397" count="13232" type="stmt"/>
        <line num="2398" count="13232" type="stmt"/>
        <line num="2400" count="13232" type="stmt"/>
        <line num="2401" count="13232" type="stmt"/>
        <line num="2402" count="13232" type="stmt"/>
        <line num="2403" count="13232" type="stmt"/>
        <line num="2406" count="4762933" type="stmt"/>
        <line num="2407" count="4762933" type="stmt"/>
        <line num="2408" count="4762933" type="stmt"/>
        <line num="2409" count="4762933" type="stmt"/>
        <line num="2410" count="4762933" type="stmt"/>
        <line num="2411" count="454053837" type="stmt"/>
        <line num="2412" count="454053837" type="stmt"/>
        <line num="2413" count="454053837" type="stmt"/>
        <line num="2414" count="454053837" type="stmt"/>
        <line num="2416" count="454053837" type="stmt"/>
        <line num="2417" count="454053837" type="stmt"/>
        <line num="2418" count="454053837" type="stmt"/>
        <line num="2419" count="454053837" type="stmt"/>
        <line num="2420" count="454053837" type="stmt"/>
        <line num="2422" count="454053837" type="stmt"/>
        <line num="2423" count="454053837" type="stmt"/>
        <line num="2425" count="4762933" type="stmt"/>
        <line num="2426" count="4762933" type="stmt"/>
        <line num="2427" count="4762933" type="stmt"/>
        <line num="2429" count="13232" type="cond" truecount="2" falsecount="0"/>
        <line num="2430" count="3292" type="stmt"/>
        <line num="2432" count="9940" type="stmt"/>
        <line num="2435" count="13232" type="stmt"/>
        <line num="2455" count="29854" type="stmt"/>
        <line num="2456" count="29854" type="cond" truecount="4" falsecount="0"/>
        <line num="2457" count="13405" type="stmt"/>
        <line num="2458" count="16449" type="cond" truecount="2" falsecount="0"/>
        <line num="2459" count="3217" type="stmt"/>
        <line num="2461" count="13232" type="stmt"/>
        <line num="2464" count="29854" type="stmt"/>
        <line num="2481" count="29846" type="stmt"/>
        <line num="2482" count="29846" type="stmt"/>
        <line num="2483" count="29846" type="stmt"/>
        <line num="2499" count="8" type="stmt"/>
        <line num="2516" count="332" type="stmt"/>
        <line num="2517" count="332" type="cond" truecount="1" falsecount="0"/>
        <line num="2519" count="332" type="stmt"/>
        <line num="2520" count="332" type="stmt"/>
        <line num="2523" count="331" type="stmt"/>
        <line num="2524" count="331" type="stmt"/>
        <line num="2525" count="331" type="stmt"/>
        <line num="2526" count="660" type="stmt"/>
        <line num="2527" count="660" type="stmt"/>
        <line num="2528" count="660" type="stmt"/>
        <line num="2529" count="660" type="stmt"/>
        <line num="2531" count="660" type="stmt"/>
        <line num="2532" count="660" type="stmt"/>
        <line num="2535" count="331" type="cond" truecount="1" falsecount="0"/>
        <line num="2536" count="141" type="stmt"/>
        <line num="2537" count="141" type="stmt"/>
        <line num="2540" count="331" type="cond" truecount="2" falsecount="0"/>
        <line num="2556" count="5" type="stmt"/>
        <line num="2570" count="42" type="stmt"/>
        <line num="2584" count="1" type="stmt"/>
        <line num="2600" count="1" type="stmt"/>
        <line num="2601" count="1" type="cond" truecount="0" falsecount="1"/>
        <line num="2605" count="1" type="stmt"/>
        <line num="2606" count="1" type="stmt"/>
        <line num="2607" count="1" type="stmt"/>
        <line num="2608" count="1" type="cond" truecount="1" falsecount="0"/>
        <line num="2611" count="1" type="cond" truecount="1" falsecount="0"/>
        <line num="2612" count="1" type="stmt"/>
        <line num="2613" count="3" type="cond" truecount="1" falsecount="0"/>
        <line num="2614" count="2" type="stmt"/>
        <line num="2618" count="1" type="stmt"/>
        <line num="2633" count="25796" type="cond" truecount="2" falsecount="0"/>
        <line num="2634" count="25796" type="stmt"/>
        <line num="2635" count="25796" type="stmt"/>
        <line num="2636" count="25796" type="stmt"/>
        <line num="2639" count="25796" type="cond" truecount="1" falsecount="0"/>
        <line num="2640" count="25738" type="stmt"/>
        <line num="2642" count="25738" type="stmt"/>
        <line num="2643" count="7143295" type="stmt"/>
        <line num="2644" count="7143295" type="stmt"/>
        <line num="2645" count="7143295" type="stmt"/>
        <line num="2646" count="7143295" type="stmt"/>
        <line num="2649" count="25738" type="cond" truecount="1" falsecount="0"/>
        <line num="2650" count="10087" type="stmt"/>
        <line num="2651" count="10087" type="stmt"/>
        <line num="2655" count="25796" type="cond" truecount="1" falsecount="0"/>
        <line num="2656" count="71" type="stmt"/>
        <line num="2657" count="166" type="stmt"/>
        <line num="2660" count="71" type="stmt"/>
        <line num="2661" count="1235" type="stmt"/>
        <line num="2664" count="71" type="stmt"/>
        <line num="2667" count="25796" type="stmt"/>
        <line num="2682" count="6" type="stmt"/>
        <line num="2683" count="6" type="stmt"/>
        <line num="2700" count="168968" type="cond" truecount="2" falsecount="0"/>
        <line num="2702" count="168968" type="cond" truecount="2" falsecount="2"/>
        <line num="2703" count="0" type="stmt"/>
        <line num="2705" count="168968" type="stmt"/>
        <line num="2708" count="168968" type="stmt"/>
        <line num="2709" count="168968" type="stmt"/>
        <line num="2710" count="168968" type="stmt"/>
        <line num="2711" count="168968" type="stmt"/>
        <line num="2713" count="168968" type="stmt"/>
        <line num="2714" count="168968" type="stmt"/>
        <line num="2717" count="168968" type="stmt"/>
        <line num="2718" count="168968" type="cond" truecount="0" falsecount="1"/>
        <line num="2719" count="0" type="stmt"/>
        <line num="2720" count="0" type="stmt"/>
        <line num="2722" count="0" type="stmt"/>
        <line num="2725" count="168968" type="cond" truecount="2" falsecount="0"/>
        <line num="2727" count="1177" type="cond" truecount="2" falsecount="0"/>
        <line num="2728" count="1175" type="stmt"/>
        <line num="2729" count="1175" type="stmt"/>
        <line num="2730" count="33480" type="stmt"/>
        <line num="2733" count="2" type="stmt"/>
        <line num="2734" count="2" type="stmt"/>
        <line num="2737" count="168968" type="stmt"/>
        <line num="2738" count="168968" type="cond" truecount="3" falsecount="0"/>
        <line num="2739" count="3995205" type="stmt"/>
        <line num="2740" count="3995205" type="stmt"/>
        <line num="2741" count="3995205" type="stmt"/>
        <line num="2745" count="168968" type="cond" truecount="1" falsecount="2"/>
        <line num="2746" count="0" type="stmt"/>
        <line num="2749" count="168968" type="cond" truecount="0" falsecount="1"/>
        <line num="2750" count="0" type="stmt"/>
        <line num="2751" count="0" type="stmt"/>
        <line num="2754" count="168968" type="stmt"/>
        <line num="2771" count="4" type="stmt"/>
        <line num="2772" count="4" type="stmt"/>
        <line num="2788" count="2" type="stmt"/>
        <line num="2804" count="12897" type="stmt"/>
        <line num="2820" count="3" type="stmt"/>
        <line num="2836" count="24" type="stmt"/>
        <line num="2851" count="484" type="cond" truecount="2" falsecount="0"/>
        <line num="2852" count="484" type="stmt"/>
        <line num="2853" count="484" type="stmt"/>
        <line num="2854" count="484" type="stmt"/>
        <line num="2857" count="484" type="cond" truecount="1" falsecount="0"/>
        <line num="2860" count="481" type="stmt"/>
        <line num="2862" count="481" type="stmt"/>
        <line num="2877" count="2119" type="cond" truecount="2" falsecount="0"/>
        <line num="2878" count="2119" type="stmt"/>
        <line num="2879" count="2119" type="stmt"/>
        <line num="2881" count="2119" type="stmt"/>
        <line num="2883" count="2119" type="cond" truecount="1" falsecount="0"/>
        <line num="2884" count="176" type="stmt"/>
        <line num="2887" count="1943" type="cond" truecount="1" falsecount="0"/>
        <line num="2888" count="5" type="stmt"/>
        <line num="2890" count="1943" type="stmt"/>
        <line num="2892" count="1943" type="cond" truecount="1" falsecount="0"/>
        <line num="2893" count="5" type="stmt"/>
        <line num="2894" count="5" type="stmt"/>
        <line num="2897" count="1943" type="stmt"/>
        <line num="2910" count="1056" type="stmt"/>
        <line num="2924" count="177" type="stmt"/>
        <line num="2925" count="177" type="stmt"/>
        <line num="2926" count="176" type="cond" truecount="1" falsecount="0"/>
        <line num="2929" count="175" type="cond" truecount="1" falsecount="0"/>
        <line num="2930" count="4" type="cond" truecount="3" falsecount="0"/>
        <line num="2931" count="3" type="stmt"/>
        <line num="2932" count="3" type="stmt"/>
        <line num="2933" count="3" type="stmt"/>
        <line num="2936" count="1" type="stmt"/>
        <line num="2937" count="1" type="stmt"/>
        <line num="2938" count="1" type="stmt"/>
        <line num="2939" count="1" type="stmt"/>
        <line num="2943" count="171" type="stmt"/>
        <line num="2954" count="178" type="stmt"/>
        <line num="2957" count="178" type="stmt"/>
        <line num="2958" count="178" type="cond" truecount="2" falsecount="0"/>
        <line num="2959" count="49" type="stmt"/>
        <line num="2960" count="49" type="cond" truecount="2" falsecount="0"/>
        <line num="2961" count="1" type="stmt"/>
        <line num="2963" count="48" type="stmt"/>
        <line num="2966" count="178" type="stmt"/>
        <line num="2968" count="178" type="stmt"/>
        <line num="2982" count="328" type="stmt"/>
        <line num="2983" count="328" type="stmt"/>
        <line num="2984" count="327" type="cond" truecount="1" falsecount="0"/>
        <line num="2986" count="185" type="cond" truecount="1" falsecount="0"/>
        <line num="2987" count="2" type="stmt"/>
        <line num="2988" count="2" type="stmt"/>
        <line num="2989" count="2" type="stmt"/>
        <line num="2990" count="2" type="stmt"/>
        <line num="2993" count="183" type="stmt"/>
        <line num="2995" count="183" type="cond" truecount="4" falsecount="0"/>
        <line num="2996" count="2" type="stmt"/>
        <line num="2997" count="2" type="stmt"/>
        <line num="3000" count="181" type="cond" truecount="2" falsecount="0"/>
        <line num="3001" count="141" type="stmt"/>
        <line num="3002" count="141" type="stmt"/>
        <line num="3006" count="183" type="stmt"/>
        <line num="3019" count="3" type="stmt"/>
        <line num="3032" count="7" type="stmt"/>
        <line num="3044" count="17" type="stmt"/>
        <line num="3045" count="17" type="stmt"/>
        <line num="3061" count="17" type="stmt"/>
        <line num="3080" count="3161979" type="stmt"/>
        <line num="3083" count="3161979" type="stmt"/>
        <line num="3086" count="3161979" type="stmt"/>
        <line num="3087" count="3161979" type="stmt"/>
        <line num="3088" count="671166224" type="stmt"/>
        <line num="3089" count="671166224" type="stmt"/>
        <line num="3090" count="671166224" type="stmt"/>
        <line num="3091" count="671166224" type="stmt"/>
        <line num="3092" count="671166224" type="stmt"/>
        <line num="3094" count="3161979" type="stmt"/>
        <line num="3095" count="2103803" type="stmt"/>
        <line num="3096" count="2103803" type="stmt"/>
        <line num="3097" count="2103803" type="stmt"/>
        <line num="3100" count="3161979" type="cond" truecount="1" falsecount="0"/>
        <line num="3103" count="2103407" type="stmt"/>
        <line num="3104" count="2103407" type="stmt"/>
        <line num="3105" count="2103407" type="stmt"/>
        <line num="3106" count="669853419" type="stmt"/>
        <line num="3107" count="669853419" type="stmt"/>
        <line num="3108" count="669853419" type="stmt"/>
        <line num="3110" count="2103407" type="stmt"/>
        <line num="3112" count="2103407" type="stmt"/>
        <line num="3127" count="12853" type="stmt"/>
        <line num="3129" count="12853" type="stmt"/>
        <line num="3130" count="12853" type="stmt"/>
        <line num="3133" count="12853" type="stmt"/>
        <line num="3134" count="12853" type="stmt"/>
        <line num="3135" count="12853" type="stmt"/>
        <line num="3136" count="12853" type="cond" truecount="1" falsecount="0"/>
        <line num="3137" count="12853" type="stmt"/>
        <line num="3138" count="12853" type="stmt"/>
        <line num="3139" count="12853" type="stmt"/>
        <line num="3143" count="12853" type="stmt"/>
        <line num="3146" count="12853" type="cond" truecount="1" falsecount="0"/>
        <line num="3147" count="24" type="stmt"/>
        <line num="3148" count="24" type="stmt"/>
        <line num="3149" count="24" type="stmt"/>
        <line num="3150" count="24" type="stmt"/>
        <line num="3151" count="222" type="stmt"/>
        <line num="3155" count="12853" type="stmt"/>
        <line num="3156" count="12853" type="cond" truecount="1" falsecount="0"/>
        <line num="3157" count="1" type="stmt"/>
        <line num="3158" count="1" type="cond" truecount="0" falsecount="1"/>
        <line num="3159" count="0" type="stmt"/>
        <line num="3163" count="12853" type="stmt"/>
        <line num="3164" count="2103848" type="stmt"/>
        <line num="3169" count="2103848" type="stmt"/>
        <line num="3171" count="2103848" type="stmt"/>
        <line num="3172" count="2103848" type="stmt"/>
        <line num="3173" count="1045278" type="stmt"/>
        <line num="3174" count="1045278" type="stmt"/>
        <line num="3175" count="1045278" type="stmt"/>
        <line num="3176" count="1045278" type="cond" truecount="1" falsecount="0"/>
        <line num="3177" count="1045277" type="stmt"/>
        <line num="3180" count="2103848" type="cond" truecount="1" falsecount="0"/>
        <line num="3181" count="198" type="stmt"/>
        <line num="3184" count="12853" type="cond" truecount="1" falsecount="0"/>
        <line num="3185" count="24" type="stmt"/>
        <line num="3187" count="12853" type="stmt"/>
        <line num="3190" count="12853" type="cond" truecount="3" falsecount="0"/>
        <line num="3191" count="12841" type="stmt"/>
        <line num="3194" count="12853" type="stmt"/>
        <line num="3217" count="13788" type="stmt"/>
        <line num="3219" count="13788" type="cond" truecount="1" falsecount="0"/>
        <line num="3220" count="22" type="stmt"/>
        <line num="3227" count="13766" type="cond" truecount="3" falsecount="0"/>
        <line num="3228" count="17" type="stmt"/>
        <line num="3230" count="17" type="cond" truecount="1" falsecount="0"/>
        <line num="3231" count="7" type="stmt"/>
        <line num="3234" count="17" type="cond" truecount="1" falsecount="0"/>
        <line num="3235" count="11" type="stmt"/>
        <line num="3236" count="11" type="cond" truecount="3" falsecount="0"/>
        <line num="3237" count="4" type="stmt"/>
        <line num="3241" count="17" type="stmt"/>
        <line num="3247" count="13749" type="cond" truecount="3" falsecount="0"/>
        <line num="3248" count="12" type="stmt"/>
        <line num="3250" count="12" type="cond" truecount="1" falsecount="0"/>
        <line num="3251" count="6" type="stmt"/>
        <line num="3254" count="12" type="stmt"/>
        <line num="3260" count="13737" type="cond" truecount="1" falsecount="0"/>
        <line num="3261" count="14" type="stmt"/>
        <line num="3263" count="14" type="cond" truecount="1" falsecount="0"/>
        <line num="3264" count="8" type="stmt"/>
        <line num="3265" count="8" type="cond" truecount="3" falsecount="0"/>
        <line num="3266" count="2" type="stmt"/>
        <line num="3270" count="14" type="stmt"/>
        <line num="3279" count="13723" type="cond" truecount="3" falsecount="0"/>
        <line num="3280" count="707" type="stmt"/>
        <line num="3287" count="13016" type="cond" truecount="1" falsecount="0"/>
        <line num="3288" count="163" type="cond" truecount="1" falsecount="0"/>
        <line num="3289" count="17" type="stmt"/>
        <line num="3295" count="146" type="cond" truecount="1" falsecount="0"/>
        <line num="3296" count="140" type="stmt"/>
        <line num="3302" count="6" type="stmt"/>
        <line num="3308" count="12853" type="stmt"/>
        <line num="3324" count="39" type="stmt"/>
[...]
        <line num="64" count="27106" type="stmt"/>
        <line num="66" count="27106" type="stmt"/>
        <line num="67" count="153333" type="stmt"/>
        <line num="68" count="153333" type="stmt"/>
        <line num="69" count="153333" type="stmt"/>
        <line num="71" count="27106" type="stmt"/>
        <line num="72" count="27106" type="stmt"/>
        <line num="73" count="27106" type="cond" truecount="4" falsecount="0"/>
        <line num="74" count="20685" type="stmt"/>
        <line num="76" count="6421" type="stmt"/>
        <line num="94" count="27140" type="stmt"/>
        <line num="95" count="27140" type="stmt"/>
        <line num="96" count="27140" type="stmt"/>
        <line num="99" count="27140" type="stmt"/>
        <line num="100" count="27140" type="stmt"/>
        <line num="101" count="214059" type="stmt"/>
        <line num="102" count="214059" type="stmt"/>
        <line num="103" count="214059" type="stmt"/>
        <line num="104" count="214059" type="stmt"/>
        <line num="108" count="27140" type="cond" truecount="1" falsecount="0"/>
        <line num="109" count="19948" type="stmt"/>
        <line num="110" count="19948" type="cond" truecount="1" falsecount="0"/>
        <line num="111" count="343" type="stmt"/>
        <line num="114" count="27140" type="stmt"/>
      </file>
      <file name="Mersenne.ts" path="/Users/tyeverett/projects/sdk/src/primitives/Mersenne.ts">
        <metrics statements="28" coveredstatements="23" conditionals="8" coveredconditionals="6" methods="5" coveredmethods="3"/>
        <line num="1" count="4" type="stmt"/>
        <line num="14" count="4" type="stmt"/>
        <line num="31" count="13" type="stmt"/>
        <line num="32" count="13" type="stmt"/>
        <line num="33" count="13" type="stmt"/>
        <line num="34" count="13" type="stmt"/>
        <line num="36" count="13" type="stmt"/>
        <line num="47" count="13" type="stmt"/>
        <line num="48" count="13" type="stmt"/>
        <line num="49" count="13" type="stmt"/>
        <line num="66" count="13744" type="stmt"/>
        <line num="69" count="13744" type="stmt"/>
        <line num="70" count="27140" type="stmt"/>
        <line num="71" count="27140" type="stmt"/>
        <line num="72" count="27140" type="stmt"/>
        <line num="73" count="27140" type="stmt"/>
        <line num="76" count="13744" type="cond" truecount="2" falsecount="0"/>
        <line num="77" count="13744" type="cond" truecount="1" falsecount="1"/>
        <line num="78" count="0" type="stmt"/>
        <line num="79" count="0" type="stmt"/>
        <line num="80" count="13744" type="cond" truecount="2" falsecount="0"/>
        <line num="81" count="1" type="stmt"/>
        <line num="83" count="13743" type="cond" truecount="1" falsecount="1"/>
        <line num="85" count="13743" type="stmt"/>
        <line num="88" count="0" type="stmt"/>
        <line num="92" count="13744" type="stmt"/>
        <line num="107" count="0" type="stmt"/>
        <line num="121" count="0" type="stmt"/>
      </file>
      <file name="MontgomoryMethod.ts" path="/Users/tyeverett/projects/sdk/src/primitives/MontgomoryMethod.ts">
        <metrics statements="42" coveredstatements="37" conditionals="13" coveredconditionals="9" methods="6" coveredmethods="6"/>
        <line num="1" count="3" type="stmt"/>
        <line num="2" count="3" type="stmt"/>
        <line num="23" count="3" type="stmt"/>
        <line num="35" count="10" type="stmt"/>
        <line num="37" count="10" type="stmt"/>
        <line num="38" count="10" type="cond" truecount="1" falsecount="0"/>
        <line num="39" count="10" type="stmt"/>
        <line num="42" count="10" type="stmt"/>
        <line num="43" count="10" type="stmt"/>
        <line num="44" count="10" type="stmt"/>
        <line num="46" count="10" type="stmt"/>
        <line num="47" count="10" type="stmt"/>
        <line num="48" count="10" type="stmt"/>
        <line num="63" count="40" type="stmt"/>
        <line num="78" count="19" type="stmt"/>
        <line num="79" count="19" type="stmt"/>
        <line num="80" count="19" type="stmt"/>
        <line num="96" count="1" type="cond" truecount="2" falsecount="1"/>
        <line num="97" count="0" type="stmt"/>
        <line num="98" count="0" type="stmt"/>
        <line num="99" count="0" type="stmt"/>
        <line num="102" count="1" type="stmt"/>
        <line num="103" count="1" type="stmt"/>
        <line num="104" count="1" type="stmt"/>
        <line num="105" count="1" type="stmt"/>
        <line num="107" count="1" type="cond" truecount="1" falsecount="1"/>
        <line num="108" count="0" type="stmt"/>
        <line num="109" count="1" type="cond" truecount="1" falsecount="0"/>
        <line num="110" count="1" type="stmt"/>
        <line num="113" count="1" type="stmt"/>
        <line num="129" count="1055" type="cond" truecount="2" falsecount="1"/>
        <line num="131" count="1055" type="stmt"/>
        <line num="132" count="1055" type="stmt"/>
        <line num="133" count="1055" type="stmt"/>
        <line num="134" count="1055" type="stmt"/>
        <line num="135" count="1055" type="cond" truecount="1" falsecount="1"/>
        <line num="136" count="0" type="stmt"/>
        <line num="137" count="1055" type="cond" truecount="1" falsecount="0"/>
        <line num="138" count="1053" type="stmt"/>
        <line num="141" count="1055" type="stmt"/>
        <line num="157" count="2" type="stmt"/>
        <line num="158" count="2" type="stmt"/>
      </file>
      <file name="Point.ts" path="/Users/tyeverett/projects/sdk/src/primitives/Point.ts">
        <metrics statements="110" coveredstatements="86" conditionals="81" coveredconditionals="47" methods="22" coveredmethods="18"/>
        <line num="1" count="2" type="stmt"/>
        <line num="2" count="2" type="stmt"/>
        <line num="3" count="2" type="stmt"/>
        <line num="4" count="2" type="stmt"/>
        <line num="6" count="2" type="stmt"/>
        <line num="14" count="1" type="cond" truecount="0" falsecount="1"/>
        <line num="15" count="0" type="stmt"/>
        <line num="17" count="1" type="stmt"/>
        <line num="18" count="1" type="cond" truecount="0" falsecount="1"/>
        <line num="19" count="0" type="stmt"/>
        <line num="22" count="1" type="stmt"/>
        <line num="23" count="192" type="stmt"/>
        <line num="26" count="1" type="stmt"/>
        <line num="27" count="1" type="stmt"/>
        <line num="38" count="1" type="stmt"/>
        <line num="46" count="1686" type="stmt"/>
        <line num="47" count="1686" type="stmt"/>
        <line num="48" count="1686" type="cond" truecount="4" falsecount="0"/>
        <line num="49" count="1" type="stmt"/>
        <line num="50" count="1" type="stmt"/>
        <line num="51" count="1" type="stmt"/>
        <line num="53" count="1685" type="stmt"/>
        <line num="54" count="1685" type="stmt"/>
        <line num="56" count="1685" type="cond" truecount="0" falsecount="1"/>
        <line num="57" count="0" type="stmt"/>
        <line num="58" count="0" type="stmt"/>
        <line num="60" count="1685" type="cond" truecount="1" falsecount="0"/>
        <line num="61" count="1685" type="cond" truecount="1" falsecount="0"/>
        <line num="62" count="1685" type="stmt"/>
        <line num="67" count="6" type="stmt"/>
        <line num="71" count="4" type="stmt"/>
        <line num="72" count="4" type="stmt"/>
        <line num="74" count="4" type="cond" truecount="2" falsecount="0"/>
        <line num="75" count="2" type="cond" truecount="2" falsecount="0"/>
        <line num="77" count="2" type="stmt"/>
        <line num="79" count="4" type="cond" truecount="1" falsecount="1"/>
        <line num="80" count="0" type="stmt"/>
        <line num="82" count="4" type="stmt"/>
        <line num="87" count="7" type="cond" truecount="0" falsecount="1"/>
        <line num="89" count="7" type="stmt"/>
        <line num="90" count="7" type="cond" truecount="4" falsecount="1"/>
        <line num="91" count="0" type="stmt"/>
        <line num="94" count="7" type="stmt"/>
        <line num="95" count="7" type="cond" truecount="1" falsecount="0"/>
        <line num="96" count="1" type="stmt"/>
        <line num="97" count="1" type="stmt"/>
        <line num="98" count="194" type="stmt"/>
        <line num="100" count="1" type="stmt"/>
        <line num="101" count="1" type="stmt"/>
        <line num="113" count="7" type="stmt"/>
        <line num="117" count="0" type="cond" truecount="0" falsecount="1"/>
        <line num="119" count="0" type="cond" truecount="0" falsecount="3"/>
        <line num="132" count="0" type="cond" truecount="0" falsecount="1"/>
        <line num="133" count="0" type="stmt"/>
        <line num="135" count="0" type="stmt"/>
        <line num="140" count="482" type="stmt"/>
        <line num="145" count="262" type="cond" truecount="0" falsecount="1"/>
        <line num="148" count="262" type="cond" truecount="0" falsecount="1"/>
        <line num="151" count="262" type="cond" truecount="0" falsecount="1"/>
        <line num="154" count="262" type="cond" truecount="0" falsecount="1"/>
        <line num="157" count="262" type="cond" truecount="0" falsecount="1"/>
        <line num="159" count="262" type="stmt"/>
        <line num="160" count="262" type="cond" truecount="1" falsecount="0"/>
        <line num="161" count="262" type="stmt"/>
        <line num="162" count="262" type="stmt"/>
        <line num="163" count="262" type="stmt"/>
        <line num="167" count="4" type="cond" truecount="0" falsecount="1"/>
        <line num="170" count="4" type="stmt"/>
        <line num="171" count="4" type="cond" truecount="0" falsecount="1"/>
        <line num="172" count="0" type="stmt"/>
        <line num="175" count="4" type="stmt"/>
        <line num="177" count="4" type="stmt"/>
        <line num="178" count="4" type="stmt"/>
        <line num="179" count="4" type="stmt"/>
        <line num="181" count="4" type="stmt"/>
        <line num="182" count="4" type="stmt"/>
        <line num="183" count="4" type="stmt"/>
        <line num="187" count="6" type="stmt"/>
        <line num="191" count="6" type="stmt"/>
        <line num="195" count="12" type="stmt"/>
        <line num="196" count="12" type="cond" truecount="2" falsecount="0"/>
        <line num="197" count="1" type="stmt"/>
        <line num="198" count="11" type="cond" truecount="2" falsecount="0"/>
        <line num="199" count="5" type="stmt"/>
        <line num="200" count="6" type="cond" truecount="1" falsecount="1"/>
        <line num="203" count="6" type="stmt"/>
        <line num="205" count="0" type="stmt"/>
        <line num="210" count="0" type="stmt"/>
        <line num="211" count="0" type="stmt"/>
        <line num="212" count="0" type="cond" truecount="0" falsecount="4"/>
        <line num="213" count="0" type="stmt"/>
        <line num="215" count="0" type="stmt"/>
        <line num="220" count="0" type="stmt"/>
        <line num="221" count="0" type="stmt"/>
        <line num="222" count="0" type="cond" truecount="0" falsecount="4"/>
        <line num="223" count="0" type="stmt"/>
        <line num="225" count="0" type="stmt"/>
        <line num="230" count="536" type="cond" truecount="5" falsecount="0"/>
        <line num="236" count="1003" type="cond" truecount="0" falsecount="1"/>
        <line num="238" count="1003" type="stmt"/>
        <line num="239" count="1003" type="cond" truecount="3" falsecount="0"/>
        <line num="240" count="2" type="stmt"/>
        <line num="241" count="510" type="stmt"/>
        <line num="242" count="2" type="stmt"/>
        <line num="249" count="2" type="stmt"/>
        <line num="254" count="1003" type="stmt"/>
        <line num="258" count="15" type="cond" truecount="0" falsecount="1"/>
        <line num="259" count="0" type="stmt"/>
        <line num="261" count="15" type="stmt"/>
        <line num="262" count="15" type="stmt"/>
      </file>
      <file name="ReductionContext.ts" path="/Users/tyeverett/projects/sdk/src/primitives/ReductionContext.ts">
        <metrics statements="127" coveredstatements="125" conditionals="31" coveredconditionals="29" methods="20" coveredmethods="20"/>
        <line num="1" count="4" type="stmt"/>
        <line num="2" count="4" type="stmt"/>
        <line num="15" count="4" type="stmt"/>
        <line num="30" count="39" type="cond" truecount="2" falsecount="0"/>
        <line num="31" count="11" type="stmt"/>
        <line num="32" count="11" type="stmt"/>
        <line num="33" count="11" type="stmt"/>
        <line num="35" count="28" type="stmt"/>
        <line num="36" count="24" type="stmt"/>
        <line num="37" count="24" type="stmt"/>
        <line num="54" count="113624" type="cond" truecount="1" falsecount="0"/>
        <line num="69" count="7176" type="stmt"/>
        <line num="70" count="7176" type="stmt"/>
        <line num="87" count="49614" type="stmt"/>
        <line num="91" count="49614" type="stmt"/>
        <line num="111" count="26869" type="cond" truecount="1" falsecount="0"/>
        <line num="113" count="13129" type="stmt"/>
        <line num="114" count="13129" type="stmt"/>
        <line num="131" count="1038" type="cond" truecount="1" falsecount="0"/>
        <line num="132" count="2" type="stmt"/>
        <line num="135" count="1036" type="stmt"/>
        <line num="153" count="1537" type="stmt"/>
        <line num="155" count="1537" type="stmt"/>
        <line num="156" count="1537" type="cond" truecount="1" falsecount="0"/>
        <line num="157" count="799" type="stmt"/>
        <line num="159" count="1537" type="stmt"/>
        <line num="179" count="5114" type="stmt"/>
        <line num="181" count="5114" type="stmt"/>
        <line num="182" count="5114" type="cond" truecount="1" falsecount="0"/>
        <line num="183" count="2588" type="stmt"/>
        <line num="185" count="5114" type="stmt"/>
        <line num="203" count="1893" type="stmt"/>
        <line num="205" count="1893" type="stmt"/>
        <line num="206" count="1893" type="cond" truecount="1" falsecount="0"/>
        <line num="207" count="1003" type="stmt"/>
        <line num="209" count="1893" type="stmt"/>
        <line num="229" count="7544" type="stmt"/>
        <line num="231" count="7544" type="stmt"/>
        <line num="232" count="7544" type="cond" truecount="1" falsecount="0"/>
        <line num="233" count="3830" type="stmt"/>
        <line num="235" count="7544" type="stmt"/>
        <line num="253" count="2" type="stmt"/>
        <line num="254" count="2" type="stmt"/>
        <line num="274" count="3" type="stmt"/>
        <line num="275" count="3" type="stmt"/>
        <line num="293" count="26517" type="stmt"/>
        <line num="294" count="26517" type="stmt"/>
        <line num="313" count="1" type="stmt"/>
        <line num="330" count="17686" type="stmt"/>
        <line num="347" count="12" type="cond" truecount="0" falsecount="1"/>
        <line num="349" count="12" type="stmt"/>
        <line num="350" count="12" type="stmt"/>
        <line num="353" count="12" type="cond" truecount="1" falsecount="0"/>
        <line num="354" count="10" type="stmt"/>
        <line num="355" count="10" type="stmt"/>
        <line num="361" count="2" type="stmt"/>
        <line num="362" count="2" type="stmt"/>
        <line num="363" count="2" type="cond" truecount="2" falsecount="0"/>
        <line num="364" count="4" type="stmt"/>
        <line num="365" count="4" type="stmt"/>
        <line num="367" count="2" type="stmt"/>
        <line num="369" count="2" type="stmt"/>
        <line num="370" count="2" type="stmt"/>
        <line num="374" count="2" type="stmt"/>
        <line num="375" count="2" type="stmt"/>
        <line num="376" count="2" type="stmt"/>
        <line num="378" count="2" type="stmt"/>
        <line num="379" count="0" type="stmt"/>
        <line num="382" count="2" type="stmt"/>
        <line num="383" count="2" type="stmt"/>
        <line num="384" count="2" type="stmt"/>
        <line num="385" count="2" type="stmt"/>
        <line num="386" count="2" type="stmt"/>
        <line num="387" count="2" type="stmt"/>
        <line num="388" count="2" type="stmt"/>
        <line num="389" count="2" type="stmt"/>
        <line num="390" count="2" type="stmt"/>
        <line num="392" count="2" type="stmt"/>
        <line num="393" count="2" type="stmt"/>
        <line num="395" count="2" type="stmt"/>
        <line num="396" count="2" type="stmt"/>
        <line num="397" count="2" type="stmt"/>
        <line num="398" count="2" type="stmt"/>
        <line num="401" count="2" type="stmt"/>
        <line num="418" count="276" type="stmt"/>
        <line num="419" count="276" type="cond" truecount="2" falsecount="0"/>
        <line num="420" count="2" type="stmt"/>
        <line num="421" count="2" type="stmt"/>
        <line num="423" count="274" type="stmt"/>
        <line num="442" count="39" type="cond" truecount="1" falsecount="0"/>
        <line num="443" count="35" type="cond" truecount="1" falsecount="0"/>
        <line num="445" count="33" type="stmt"/>
        <line num="446" count="33" type="stmt"/>
        <line num="447" count="33" type="stmt"/>
        <line num="448" count="33" type="stmt"/>
        <line num="449" count="33" type="stmt"/>
        <line num="450" count="33" type="stmt"/>
        <line num="451" count="462" type="stmt"/>
        <line num="454" count="33" type="stmt"/>
        <line num="455" count="33" type="stmt"/>
        <line num="456" count="33" type="stmt"/>
        <line num="457" count="33" type="stmt"/>
        <line num="458" count="33" type="cond" truecount="0" falsecount="1"/>
        <line num="459" count="0" type="stmt"/>
        <line num="462" count="33" type="stmt"/>
        <line num="463" count="485" type="stmt"/>
        <line num="464" count="485" type="stmt"/>
        <line num="465" count="11972" type="stmt"/>
        <line num="466" count="11972" type="cond" truecount="1" falsecount="0"/>
        <line num="467" count="11860" type="stmt"/>
        <line num="470" count="11972" type="cond" truecount="3" falsecount="0"/>
        <line num="471" count="2325" type="stmt"/>
        <line num="472" count="2325" type="stmt"/>
        <line num="475" count="9647" type="stmt"/>
        <line num="476" count="9647" type="stmt"/>
        <line num="477" count="9647" type="stmt"/>
        <line num="478" count="9647" type="cond" truecount="4" falsecount="0"/>
        <line num="480" count="2421" type="stmt"/>
        <line num="481" count="2421" type="stmt"/>
        <line num="482" count="2421" type="stmt"/>
        <line num="484" count="485" type="stmt"/>
        <line num="487" count="33" type="stmt"/>
        <line num="504" count="494" type="stmt"/>
        <line num="506" count="494" type="cond" truecount="2" falsecount="0"/>
        <line num="524" count="40" type="stmt"/>
        <line num="525" count="40" type="stmt"/>
        <line num="526" count="40" type="stmt"/>
      </file>
    </package>
    <package name="primitives.__tests">
      <metrics statements="2" coveredstatements="2" conditionals="0" coveredconditionals="0" methods="0" coveredmethods="0"/>
      <file name="BigNumber.fixtures.ts" path="/Users/tyeverett/projects/sdk/src/primitives/__tests/BigNumber.fixtures.ts">
        <metrics statements="1" coveredstatements="1" conditionals="0" coveredconditionals="0" methods="0" coveredmethods="0"/>
        <line num="1" count="2" type="stmt"/>
      </file>
      <file name="DRBG.vectors.ts" path="/Users/tyeverett/projects/sdk/src/primitives/__tests/DRBG.vectors.ts">
        <metrics statements="1" coveredstatements="1" conditionals="0" coveredconditionals="0" methods="0" coveredmethods="0"/>
        <line num="1" count="1" type="stmt"/>
      </file>
    </package>
  </project>
</coverage>
