<?xml version="1.0" encoding="UTF-8"?>
<coverage generated="1695929475442" clover="3.2.0">
  <project timestamp="1695929475442" name="All files">
    <metrics statements="3963" coveredstatements="3837" conditionals="1198" coveredconditionals="1096" methods="366" coveredmethods="352" elements="5527" coveredelements="5285" complexity="0" loc="3963" ncloc="3963" packages="4" files="12" classes="12"/>
    <package name="dist.primitives">
      <metrics statements="2004" coveredstatements="1937" conditionals="692" coveredconditionals="628" methods="183" coveredmethods="176"/>
      <file name="BigNumber.js" path="/Users/tyeverett/projects/sdk/dist/primitives/BigNumber.js">
        <metrics statements="1758" coveredstatements="1705" conditionals="610" coveredconditionals="556" methods="149" coveredmethods="144"/>
        <line num="2" count="7" type="stmt"/>
        <line num="10" count="58331" type="cond" truecount="2" falsecount="0"/>
        <line num="11" count="2" type="stmt"/>
        <line num="13" count="58329" type="cond" truecount="3" falsecount="1"/>
        <line num="18" count="4" type="cond" truecount="2" falsecount="0"/>
        <line num="19" count="2" type="stmt"/>
        <line num="20" count="2" type="stmt"/>
        <line num="23" count="4" type="cond" truecount="2" falsecount="0"/>
        <line num="24" count="1" type="stmt"/>
        <line num="25" count="3" type="stmt"/>
        <line num="28" count="58327" type="cond" truecount="2" falsecount="0"/>
        <line num="29" count="1" type="stmt"/>
        <line num="31" count="58326" type="stmt"/>
        <line num="32" count="58326" type="stmt"/>
        <line num="33" count="58326" type="stmt"/>
        <line num="35" count="58326" type="stmt"/>
        <line num="36" count="58326" type="cond" truecount="1" falsecount="1"/>
        <line num="37" count="58326" type="cond" truecount="4" falsecount="0"/>
        <line num="38" count="3" type="stmt"/>
        <line num="39" count="3" type="stmt"/>
        <line num="41" count="58326" type="cond" truecount="2" falsecount="0"/>
        <line num="42" count="57786" type="stmt"/>
        <line num="44" count="540" type="cond" truecount="2" falsecount="0"/>
        <line num="45" count="20" type="stmt"/>
        <line num="47" count="520" type="cond" truecount="2" falsecount="0"/>
        <line num="48" count="3" type="stmt"/>
        <line num="50" count="520" type="cond" truecount="3" falsecount="0"/>
        <line num="51" count="520" type="stmt"/>
        <line num="52" count="520" type="stmt"/>
        <line num="53" count="520" type="cond" truecount="2" falsecount="0"/>
        <line num="54" count="49" type="stmt"/>
        <line num="55" count="49" type="stmt"/>
        <line num="57" count="520" type="cond" truecount="1" falsecount="1"/>
        <line num="58" count="520" type="cond" truecount="2" falsecount="0"/>
        <line num="59" count="378" type="stmt"/>
        <line num="62" count="142" type="stmt"/>
        <line num="63" count="140" type="cond" truecount="1" falsecount="1"/>
        <line num="64" count="0" type="stmt"/>
        <line num="71" count="2171694" type="cond" truecount="2" falsecount="0"/>
        <line num="72" count="10" type="stmt"/>
        <line num="75" count="57786" type="cond" truecount="2" falsecount="0"/>
        <line num="76" count="64" type="stmt"/>
        <line num="77" count="64" type="stmt"/>
        <line num="79" count="57786" type="cond" truecount="2" falsecount="0"/>
        <line num="80" count="57772" type="stmt"/>
        <line num="81" count="57772" type="stmt"/>
        <line num="83" count="14" type="cond" truecount="2" falsecount="0"/>
        <line num="84" count="7" type="stmt"/>
        <line num="88" count="7" type="stmt"/>
        <line num="91" count="7" type="stmt"/>
        <line num="92" count="6" type="stmt"/>
        <line num="97" count="6" type="stmt"/>
        <line num="99" count="57785" type="cond" truecount="2" falsecount="0"/>
        <line num="100" count="57784" type="stmt"/>
        <line num="102" count="1" type="stmt"/>
        <line num="103" count="1" type="stmt"/>
        <line num="107" count="21" type="stmt"/>
        <line num="108" count="21" type="cond" truecount="2" falsecount="0"/>
        <line num="109" count="2" type="stmt"/>
        <line num="110" count="2" type="stmt"/>
        <line num="111" count="2" type="stmt"/>
        <line num="113" count="19" type="stmt"/>
        <line num="114" count="19" type="stmt"/>
        <line num="115" count="19" type="stmt"/>
        <line num="116" count="19" type="stmt"/>
        <line num="117" count="56" type="stmt"/>
        <line num="120" count="19" type="stmt"/>
        <line num="121" count="19" type="cond" truecount="2" falsecount="0"/>
        <line num="122" count="11" type="stmt"/>
        <line num="123" count="42" type="stmt"/>
        <line num="124" count="42" type="stmt"/>
        <line num="125" count="42" type="stmt"/>
        <line num="126" count="42" type="stmt"/>
        <line num="127" count="42" type="cond" truecount="2" falsecount="0"/>
        <line num="128" count="30" type="stmt"/>
        <line num="129" count="30" type="stmt"/>
        <line num="133" count="8" type="cond" truecount="1" falsecount="1"/>
        <line num="134" count="8" type="stmt"/>
        <line num="135" count="14" type="stmt"/>
        <line num="136" count="14" type="stmt"/>
        <line num="137" count="14" type="stmt"/>
        <line num="138" count="14" type="stmt"/>
        <line num="139" count="14" type="cond" truecount="2" falsecount="0"/>
        <line num="140" count="6" type="stmt"/>
        <line num="141" count="6" type="stmt"/>
        <line num="145" count="19" type="stmt"/>
        <line num="148" count="24054" type="stmt"/>
        <line num="150" count="24054" type="cond" truecount="4" falsecount="0"/>
        <line num="151" count="17193" type="stmt"/>
        <line num="154" count="6861" type="cond" truecount="4" falsecount="0"/>
        <line num="155" count="20" type="stmt"/>
        <line num="158" count="6841" type="cond" truecount="4" falsecount="0"/>
        <line num="159" count="6832" type="stmt"/>
        <line num="162" count="9" type="stmt"/>
        <line num="166" count="12075" type="stmt"/>
        <line num="167" count="12069" type="cond" truecount="2" falsecount="0"/>
        <line num="168" count="11979" type="stmt"/>
        <line num="170" count="12066" type="stmt"/>
        <line num="174" count="378" type="stmt"/>
        <line num="175" count="378" type="stmt"/>
        <line num="176" count="378" type="stmt"/>
        <line num="177" count="378" type="stmt"/>
        <line num="178" count="4166" type="stmt"/>
        <line num="181" count="378" type="stmt"/>
        <line num="182" count="378" type="stmt"/>
        <line num="184" count="378" type="cond" truecount="2" falsecount="0"/>
        <line num="185" count="374" type="stmt"/>
        <line num="186" count="12063" type="stmt"/>
        <line num="187" count="12054" type="stmt"/>
        <line num="188" count="12054" type="cond" truecount="2" falsecount="0"/>
        <line num="189" count="3517" type="stmt"/>
        <line num="190" count="3517" type="stmt"/>
        <line num="191" count="3517" type="stmt"/>
        <line num="194" count="8537" type="stmt"/>
        <line num="199" count="4" type="stmt"/>
        <line num="200" count="4" type="cond" truecount="2" falsecount="0"/>
        <line num="201" count="12" type="stmt"/>
        <line num="202" count="12" type="stmt"/>
        <line num="203" count="12" type="cond" truecount="2" falsecount="0"/>
        <line num="204" count="1" type="stmt"/>
        <line num="205" count="1" type="stmt"/>
        <line num="206" count="1" type="stmt"/>
        <line num="209" count="11" type="stmt"/>
        <line num="213" count="369" type="stmt"/>
        <line num="216" count="326" type="stmt"/>
        <line num="217" count="326" type="stmt"/>
        <line num="218" count="326" type="stmt"/>
        <line num="219" count="326" type="stmt"/>
        <line num="220" count="2199" type="stmt"/>
        <line num="221" count="2199" type="stmt"/>
        <line num="223" count="2199" type="cond" truecount="2" falsecount="0"/>
        <line num="224" count="51" type="stmt"/>
        <line num="227" count="2148" type="cond" truecount="2" falsecount="0"/>
        <line num="228" count="3" type="stmt"/>
        <line num="232" count="2145" type="stmt"/>
        <line num="234" count="2199" type="cond" truecount="2" falsecount="0"/>
        <line num="235" count="2197" type="stmt"/>
        <line num="237" count="324" type="stmt"/>
        <line num="241" count="142" type="stmt"/>
        <line num="242" count="142" type="stmt"/>
        <line num="244" count="142" type="stmt"/>
        <line num="245" count="142" type="stmt"/>
        <line num="246" count="142" type="stmt"/>
        <line num="247" count="1764" type="stmt"/>
        <line num="249" count="142" type="stmt"/>
        <line num="250" count="142" type="stmt"/>
        <line num="251" count="142" type="stmt"/>
        <line num="252" count="142" type="stmt"/>
        <line num="253" count="142" type="stmt"/>
        <line num="254" count="142" type="stmt"/>
        <line num="255" count="142" type="stmt"/>
        <line num="256" count="142" type="stmt"/>
        <line num="257" count="190" type="stmt"/>
        <line num="258" count="190" type="stmt"/>
        <line num="259" count="190" type="cond" truecount="2" falsecount="0"/>
        <line num="260" count="186" type="stmt"/>
        <line num="263" count="4" type="stmt"/>
        <line num="266" count="142" type="cond" truecount="2" falsecount="0"/>
        <line num="267" count="136" type="stmt"/>
        <line num="268" count="136" type="stmt"/>
        <line num="269" count="134" type="stmt"/>
        <line num="270" count="505" type="stmt"/>
        <line num="272" count="134" type="stmt"/>
        <line num="273" count="134" type="cond" truecount="2" falsecount="0"/>
        <line num="274" count="131" type="stmt"/>
        <line num="277" count="3" type="stmt"/>
        <line num="280" count="140" type="stmt"/>
        <line num="283" count="40459" type="stmt"/>
        <line num="284" count="40459" type="stmt"/>
        <line num="285" count="11835263" type="stmt"/>
        <line num="287" count="40459" type="stmt"/>
        <line num="288" count="40459" type="stmt"/>
        <line num="289" count="40459" type="stmt"/>
        <line num="292" count="13129" type="stmt"/>
        <line num="293" count="13129" type="stmt"/>
        <line num="294" count="13129" type="stmt"/>
        <line num="295" count="13129" type="stmt"/>
        <line num="298" count="40459" type="stmt"/>
        <line num="299" count="40459" type="stmt"/>
        <line num="300" count="40459" type="stmt"/>
        <line num="303" count="3161914" type="stmt"/>
        <line num="304" count="91" type="stmt"/>
        <line num="306" count="3161914" type="stmt"/>
        <line num="310" count="3244577" type="cond" truecount="2" falsecount="0"/>
        <line num="311" count="2105148" type="stmt"/>
        <line num="313" count="3244577" type="stmt"/>
        <line num="317" count="3246536" type="cond" truecount="4" falsecount="0"/>
        <line num="318" count="179" type="stmt"/>
        <line num="320" count="3246536" type="stmt"/>
        <line num="323" count="0" type="cond" truecount="0" falsecount="2"/>
        <line num="327" count="581" type="cond" truecount="4" falsecount="0"/>
        <line num="328" count="444" type="stmt"/>
        <line num="329" count="444" type="stmt"/>
        <line num="330" count="444" type="stmt"/>
        <line num="331" count="444" type="stmt"/>
        <line num="332" count="3634" type="stmt"/>
        <line num="333" count="3634" type="stmt"/>
        <line num="334" count="3634" type="stmt"/>
        <line num="335" count="3634" type="stmt"/>
        <line num="336" count="3634" type="cond" truecount="2" falsecount="0"/>
        <line num="337" count="133" type="stmt"/>
        <line num="338" count="133" type="stmt"/>
        <line num="340" count="3634" type="cond" truecount="4" falsecount="0"/>
        <line num="341" count="3346" type="stmt"/>
        <line num="344" count="288" type="stmt"/>
        <line num="347" count="444" type="cond" truecount="2" falsecount="0"/>
        <line num="348" count="156" type="stmt"/>
        <line num="350" count="444" type="stmt"/>
        <line num="351" count="95" type="stmt"/>
        <line num="353" count="444" type="cond" truecount="2" falsecount="0"/>
        <line num="354" count="18" type="stmt"/>
        <line num="356" count="444" type="stmt"/>
        <line num="358" count="137" type="cond" truecount="4" falsecount="1"/>
        <line num="360" count="137" type="stmt"/>
        <line num="362" count="137" type="stmt"/>
        <line num="363" count="137" type="stmt"/>
        <line num="364" count="137" type="stmt"/>
        <line num="365" count="137" type="stmt"/>
        <line num="366" count="137" type="stmt"/>
        <line num="367" count="218" type="stmt"/>
        <line num="368" count="218" type="stmt"/>
        <line num="369" count="218" type="cond" truecount="2" falsecount="0"/>
        <line num="370" count="99" type="stmt"/>
        <line num="373" count="119" type="stmt"/>
        <line num="376" count="137" type="cond" truecount="2" falsecount="0"/>
        <line num="377" count="18" type="stmt"/>
        <line num="379" count="137" type="stmt"/>
        <line num="380" count="255" type="stmt"/>
        <line num="382" count="137" type="cond" truecount="2" falsecount="0"/>
        <line num="383" count="21" type="stmt"/>
        <line num="385" count="137" type="stmt"/>
        <line num="387" count="0" type="stmt"/>
        <line num="390" count="48" type="stmt"/>
        <line num="391" count="48" type="cond" truecount="2" falsecount="0"/>
        <line num="392" count="6" type="stmt"/>
        <line num="394" count="42" type="cond" truecount="4" falsecount="0"/>
        <line num="396" count="4" type="stmt"/>
        <line num="398" count="38" type="cond" truecount="2" falsecount="0"/>
        <line num="399" count="1" type="stmt"/>
        <line num="401" count="47" type="cond" truecount="2" falsecount="0"/>
        <line num="404" count="3" type="stmt"/>
        <line num="408" count="160" type="cond" truecount="2" falsecount="0"/>
        <line num="409" count="7" type="stmt"/>
        <line num="410" count="7" type="stmt"/>
        <line num="411" count="7" type="stmt"/>
        <line num="412" count="7" type="cond" truecount="2" falsecount="0"/>
        <line num="415" count="6" type="cond" truecount="2" falsecount="0"/>
        <line num="416" count="1" type="stmt"/>
        <line num="418" count="5" type="cond" truecount="1" falsecount="1"/>
        <line num="419" count="5" type="stmt"/>
        <line num="420" count="5" type="stmt"/>
        <line num="421" count="9" type="stmt"/>
        <line num="423" count="5" type="stmt"/>
        <line num="424" count="13" type="stmt"/>
        <line num="426" count="5" type="stmt"/>
        <line num="430" count="153" type="stmt"/>
        <line num="431" count="153" type="stmt"/>
        <line num="433" count="160" type="cond" truecount="2" falsecount="0"/>
        <line num="434" count="66" type="stmt"/>
        <line num="436" count="160" type="stmt"/>
        <line num="437" count="160" type="cond" truecount="2" falsecount="0"/>
        <line num="438" count="4" type="stmt"/>
        <line num="440" count="156" type="stmt"/>
        <line num="443" count="12" type="stmt"/>
        <line num="446" count="11" type="cond" truecount="1" falsecount="1"/>
        <line num="447" count="0" type="stmt"/>
        <line num="449" count="11" type="stmt"/>
        <line num="452" count="12" type="stmt"/>
        <line num="453" count="12" type="stmt"/>
        <line num="454" count="12" type="cond" truecount="4" falsecount="0"/>
        <line num="455" count="12" type="stmt"/>
        <line num="456" count="11" type="stmt"/>
        <line num="457" count="11" type="stmt"/>
        <line num="458" count="11" type="cond" truecount="2" falsecount="0"/>
        <line num="459" count="11" type="stmt"/>
        <line num="460" count="11" type="stmt"/>
        <line num="463" count="4" type="stmt"/>
        <line num="464" count="4" type="stmt"/>
        <line num="465" count="4" type="stmt"/>
        <line num="466" count="6" type="stmt"/>
        <line num="467" count="6" type="stmt"/>
        <line num="468" count="6" type="cond" truecount="2" falsecount="0"/>
        <line num="469" count="5" type="stmt"/>
        <line num="471" count="6" type="cond" truecount="2" falsecount="0"/>
        <line num="472" count="4" type="stmt"/>
        <line num="474" count="6" type="cond" truecount="1" falsecount="1"/>
        <line num="475" count="0" type="cond" truecount="0" falsecount="2"/>
        <line num="476" count="0" type="stmt"/>
        <line num="478" count="0" type="stmt"/>
        <line num="479" count="0" type="stmt"/>
        <line num="482" count="6" type="stmt"/>
        <line num="483" count="6" type="stmt"/>
        <line num="486" count="4" type="cond" truecount="2" falsecount="0"/>
        <line num="487" count="2" type="stmt"/>
        <line num="488" count="2" type="stmt"/>
        <line num="489" count="1" type="stmt"/>
        <line num="494" count="7" type="stmt"/>
        <line num="495" count="7" type="stmt"/>
        <line num="496" count="7" type="stmt"/>
        <line num="497" count="403" type="stmt"/>
        <line num="498" count="403" type="stmt"/>
        <line num="499" count="403" type="cond" truecount="2" falsecount="0"/>
        <line num="500" count="400" type="stmt"/>
        <line num="502" count="403" type="cond" truecount="2" falsecount="0"/>
        <line num="503" count="398" type="stmt"/>
        <line num="505" count="403" type="cond" truecount="2" falsecount="0"/>
        <line num="506" count="98" type="cond" truecount="1" falsecount="1"/>
        <line num="507" count="98" type="stmt"/>
        <line num="509" count="98" type="stmt"/>
        <line num="510" count="98" type="stmt"/>
        <line num="513" count="305" type="stmt"/>
        <line num="514" count="305" type="stmt"/>
        <line num="517" count="7" type="cond" truecount="2" falsecount="0"/>
        <line num="518" count="2" type="stmt"/>
        <line num="519" count="2" type="stmt"/>
        <line num="520" count="1" type="stmt"/>
        <line num="525" count="13152" type="cond" truecount="1" falsecount="1"/>
        <line num="526" count="13152" type="stmt"/>
        <line num="528" count="0" type="stmt"/>
        <line num="529" count="0" type="stmt"/>
        <line num="530" count="0" type="cond" truecount="0" falsecount="2"/>
        <line num="531" count="0" type="stmt"/>
        <line num="532" count="0" type="stmt"/>
        <line num="534" count="0" type="cond" truecount="0" falsecount="2"/>
        <line num="535" count="0" type="stmt"/>
        <line num="536" count="0" type="stmt"/>
        <line num="538" count="0" type="cond" truecount="0" falsecount="2"/>
        <line num="539" count="0" type="stmt"/>
        <line num="540" count="0" type="stmt"/>
        <line num="542" count="0" type="cond" truecount="0" falsecount="2"/>
        <line num="543" count="0" type="stmt"/>
        <line num="544" count="0" type="stmt"/>
        <line num="546" count="0" type="stmt"/>
        <line num="551" count="9" type="cond" truecount="1" falsecount="1"/>
        <line num="552" count="0" type="stmt"/>
        <line num="553" count="9" type="stmt"/>
        <line num="554" count="9" type="stmt"/>
        <line num="555" count="9" type="cond" truecount="2" falsecount="0"/>
        <line num="556" count="1" type="stmt"/>
        <line num="557" count="1" type="stmt"/>
        <line num="559" count="9" type="cond" truecount="2" falsecount="0"/>
        <line num="560" count="2" type="stmt"/>
        <line num="561" count="2" type="stmt"/>
        <line num="563" count="9" type="cond" truecount="2" falsecount="0"/>
        <line num="564" count="2" type="stmt"/>
        <line num="565" count="2" type="stmt"/>
        <line num="567" count="9" type="cond" truecount="2" falsecount="0"/>
        <line num="568" count="2" type="stmt"/>
        <line num="569" count="2" type="stmt"/>
        <line num="571" count="9" type="cond" truecount="2" falsecount="0"/>
        <line num="572" count="4" type="stmt"/>
        <line num="574" count="9" type="stmt"/>
        <line num="578" count="312" type="stmt"/>
        <line num="579" count="312" type="stmt"/>
        <line num="580" count="312" type="stmt"/>
        <line num="583" count="1" type="stmt"/>
        <line num="584" count="1" type="stmt"/>
        <line num="585" count="4" type="stmt"/>
        <line num="586" count="4" type="stmt"/>
        <line num="587" count="4" type="stmt"/>
        <line num="589" count="1" type="stmt"/>
        <line num="592" count="0" type="stmt"/>
        <line num="596" count="10" type="cond" truecount="2" falsecount="0"/>
        <line num="597" count="1" type="stmt"/>
        <line num="598" count="9" type="stmt"/>
        <line num="599" count="9" type="stmt"/>
        <line num="600" count="9" type="stmt"/>
        <line num="601" count="9" type="stmt"/>
        <line num="602" count="9" type="cond" truecount="1" falsecount="1"/>
        <line num="603" count="9" type="stmt"/>
        <line num="605" count="9" type="stmt"/>
        <line num="608" count="23" type="stmt"/>
        <line num="611" count="13" type="cond" truecount="2" falsecount="0"/>
        <line num="612" count="9" type="stmt"/>
        <line num="614" count="4" type="stmt"/>
        <line num="617" count="13" type="cond" truecount="2" falsecount="0"/>
        <line num="618" count="9" type="stmt"/>
        <line num="620" count="4" type="stmt"/>
        <line num="623" count="20" type="stmt"/>
        <line num="627" count="124" type="stmt"/>
        <line num="630" count="139" type="cond" truecount="2" falsecount="0"/>
        <line num="631" count="131" type="stmt"/>
        <line num="633" count="139" type="stmt"/>
        <line num="637" count="5" type="stmt"/>
        <line num="638" count="1" type="stmt"/>
        <line num="640" count="5" type="stmt"/>
        <line num="641" count="8" type="stmt"/>
        <line num="643" count="5" type="stmt"/>
        <line num="646" count="5" type="stmt"/>
        <line num="647" count="5" type="stmt"/>
        <line num="651" count="2" type="cond" truecount="2" falsecount="0"/>
        <line num="652" count="1" type="stmt"/>
        <line num="653" count="1" type="stmt"/>
        <line num="656" count="0" type="cond" truecount="0" falsecount="2"/>
        <line num="657" count="0" type="stmt"/>
        <line num="658" count="0" type="stmt"/>
        <line num="662" count="5" type="stmt"/>
        <line num="663" count="5" type="stmt"/>
        <line num="664" count="7" type="stmt"/>
        <line num="666" count="5" type="stmt"/>
        <line num="667" count="5" type="stmt"/>
        <line num="670" count="5" type="stmt"/>
        <line num="671" count="5" type="stmt"/>
        <line num="675" count="2" type="cond" truecount="2" falsecount="0"/>
        <line num="676" count="1" type="stmt"/>
        <line num="677" count="1" type="stmt"/>
        <line num="680" count="0" type="cond" truecount="0" falsecount="2"/>
        <line num="681" count="0" type="stmt"/>
        <line num="682" count="0" type="stmt"/>
        <line num="686" count="5" type="cond" truecount="2" falsecount="0"/>
        <line num="687" count="2" type="stmt"/>
        <line num="688" count="2" type="stmt"/>
        <line num="692" count="3" type="stmt"/>
        <line num="693" count="5" type="stmt"/>
        <line num="695" count="3" type="stmt"/>
        <line num="696" count="1" type="stmt"/>
        <line num="698" count="3" type="stmt"/>
        <line num="700" count="5" type="stmt"/>
        <line num="703" count="5" type="stmt"/>
        <line num="704" count="5" type="stmt"/>
        <line num="708" count="1" type="cond" truecount="1" falsecount="1"/>
        <line num="709" count="0" type="stmt"/>
        <line num="710" count="1" type="stmt"/>
        <line num="713" count="0" type="cond" truecount="0" falsecount="2"/>
        <line num="714" count="0" type="stmt"/>
        <line num="715" count="0" type="stmt"/>
        <line num="719" count="26" type="cond" truecount="2" falsecount="0"/>
        <line num="720" count="26" type="stmt"/>
        <line num="721" count="26" type="stmt"/>
        <line num="723" count="26" type="stmt"/>
        <line num="724" count="26" type="cond" truecount="1" falsecount="1"/>
        <line num="725" count="26" type="stmt"/>
        <line num="728" count="26" type="stmt"/>
        <line num="729" count="26" type="stmt"/>
        <line num="730" count="78" type="stmt"/>
        <line num="733" count="26" type="cond" truecount="1" falsecount="1"/>
        <line num="734" count="26" type="stmt"/>
        <line num="737" count="26" type="stmt"/>
        <line num="740" count="17" type="stmt"/>
        <line num="744" count="5" type="cond" truecount="2" falsecount="0"/>
        <line num="745" count="5" type="stmt"/>
        <line num="746" count="5" type="stmt"/>
        <line num="747" count="5" type="stmt"/>
        <line num="748" count="5" type="cond" truecount="4" falsecount="0"/>
        <line num="749" count="3" type="stmt"/>
        <line num="752" count="2" type="stmt"/>
        <line num="754" count="5" type="stmt"/>
        <line num="760" count="4274" type="cond" truecount="4" falsecount="0"/>
        <line num="761" count="1296" type="stmt"/>
        <line num="762" count="1296" type="stmt"/>
        <line num="763" count="1296" type="stmt"/>
        <line num="764" count="1296" type="stmt"/>
        <line num="767" count="2978" type="cond" truecount="4" falsecount="0"/>
        <line num="768" count="1" type="stmt"/>
        <line num="769" count="1" type="stmt"/>
        <line num="770" count="1" type="stmt"/>
        <line num="771" count="1" type="stmt"/>
        <line num="775" count="2977" type="cond" truecount="2" falsecount="0"/>
        <line num="777" count="270" type="stmt"/>
        <line num="778" count="270" type="stmt"/>
        <line num="781" count="2707" type="stmt"/>
        <line num="783" count="2707" type="stmt"/>
        <line num="785" count="2977" type="stmt"/>
        <line num="786" count="2977" type="stmt"/>
        <line num="787" count="2977" type="stmt"/>
        <line num="788" count="96687" type="stmt"/>
        <line num="789" count="96687" type="stmt"/>
        <line num="790" count="96687" type="stmt"/>
        <line num="792" count="2977" type="cond" truecount="2" falsecount="0"/>
        <line num="793" count="42" type="stmt"/>
        <line num="794" count="42" type="stmt"/>
        <line num="795" count="42" type="stmt"/>
        <line num="797" count="2977" type="stmt"/>
        <line num="798" count="2977" type="cond" truecount="2" falsecount="0"/>
        <line num="799" count="4" type="stmt"/>
        <line num="800" count="4" type="stmt"/>
        <line num="803" count="2973" type="cond" truecount="2" falsecount="0"/>
        <line num="804" count="2703" type="stmt"/>
        <line num="805" count="163" type="stmt"/>
        <line num="808" count="2977" type="stmt"/>
        <line num="813" count="270" type="cond" truecount="4" falsecount="0"/>
        <line num="814" count="1" type="stmt"/>
        <line num="815" count="1" type="stmt"/>
        <line num="816" count="1" type="stmt"/>
        <line num="817" count="1" type="stmt"/>
        <line num="819" count="269" type="cond" truecount="4" falsecount="0"/>
        <line num="820" count="1" type="stmt"/>
        <line num="821" count="1" type="stmt"/>
        <line num="822" count="1" type="stmt"/>
        <line num="823" count="1" type="stmt"/>
        <line num="825" count="268" type="cond" truecount="2" falsecount="0"/>
        <line num="826" count="4" type="stmt"/>
        <line num="827" count="264" type="stmt"/>
        <line num="833" count="4477" type="cond" truecount="2" falsecount="0"/>
        <line num="834" count="124" type="stmt"/>
        <line num="835" count="124" type="stmt"/>
        <line num="836" count="124" type="stmt"/>
        <line num="837" count="124" type="stmt"/>
        <line num="840" count="4353" type="cond" truecount="2" falsecount="0"/>
        <line num="841" count="538" type="stmt"/>
        <line num="842" count="538" type="stmt"/>
        <line num="843" count="538" type="stmt"/>
        <line num="844" count="538" type="stmt"/>
        <line num="847" count="3815" type="stmt"/>
        <line num="849" count="3815" type="cond" truecount="2" falsecount="0"/>
        <line num="850" count="15" type="stmt"/>
        <line num="851" count="15" type="stmt"/>
        <line num="852" count="15" type="stmt"/>
        <line num="853" count="15" type="stmt"/>
        <line num="857" count="3800" type="cond" truecount="2" falsecount="0"/>
        <line num="859" count="1223" type="stmt"/>
        <line num="860" count="1223" type="stmt"/>
        <line num="863" count="2577" type="stmt"/>
        <line num="865" count="2577" type="stmt"/>
        <line num="867" count="3800" type="stmt"/>
        <line num="868" count="3800" type="stmt"/>
        <line num="869" count="3800" type="stmt"/>
        <line num="870" count="101205" type="stmt"/>
        <line num="871" count="101205" type="stmt"/>
        <line num="872" count="101205" type="stmt"/>
        <line num="874" count="3800" type="cond" truecount="2" falsecount="0"/>
        <line num="875" count="49" type="stmt"/>
        <line num="876" count="49" type="stmt"/>
        <line num="877" count="49" type="stmt"/>
        <line num="880" count="3800" type="cond" truecount="5" falsecount="0"/>
        <line num="881" count="758" type="stmt"/>
        <line num="882" count="1836" type="stmt"/>
        <line num="885" count="3800" type="stmt"/>
        <line num="886" count="3800" type="cond" truecount="2" falsecount="0"/>
        <line num="887" count="2577" type="stmt"/>
        <line num="889" count="3800" type="stmt"/>
        <line num="893" count="24" type="stmt"/>
        <line num="896" count="3106" type="stmt"/>
        <line num="897" count="3106" type="stmt"/>
        <line num="898" count="3106" type="stmt"/>
        <line num="899" count="3106" type="stmt"/>
        <line num="901" count="3106" type="stmt"/>
        <line num="902" count="3106" type="stmt"/>
        <line num="903" count="3106" type="stmt"/>
        <line num="904" count="3106" type="stmt"/>
        <line num="905" count="3106" type="stmt"/>
        <line num="906" count="3106" type="stmt"/>
        <line num="907" count="3106" type="stmt"/>
        <line num="908" count="3106" type="stmt"/>
        <line num="911" count="33133" type="stmt"/>
        <line num="912" count="33133" type="stmt"/>
        <line num="913" count="33133" type="stmt"/>
        <line num="914" count="33133" type="stmt"/>
        <line num="915" count="145499" type="stmt"/>
        <line num="916" count="145499" type="stmt"/>
        <line num="917" count="145499" type="stmt"/>
        <line num="918" count="145499" type="stmt"/>
        <line num="919" count="145499" type="stmt"/>
        <line num="920" count="145499" type="stmt"/>
        <line num="922" count="33133" type="stmt"/>
        <line num="923" count="33133" type="stmt"/>
        <line num="925" count="3106" type="cond" truecount="2" falsecount="0"/>
        <line num="926" count="1570" type="stmt"/>
        <line num="929" count="1536" type="stmt"/>
        <line num="931" count="3106" type="stmt"/>
        <line num="934" count="12" type="stmt"/>
        <line num="935" count="12" type="stmt"/>
        <line num="936" count="12" type="stmt"/>
        <line num="937" count="12" type="stmt"/>
        <line num="941" count="12" type="stmt"/>
        <line num="942" count="12" type="stmt"/>
        <line num="943" count="12" type="stmt"/>
        <line num="944" count="12" type="stmt"/>
        <line num="945" count="12" type="stmt"/>
        <line num="946" count="12" type="stmt"/>
        <line num="947" count="12" type="stmt"/>
        <line num="948" count="12" type="stmt"/>
        <line num="949" count="12" type="stmt"/>
        <line num="950" count="12" type="stmt"/>
        <line num="951" count="12" type="stmt"/>
        <line num="952" count="12" type="stmt"/>
        <line num="953" count="12" type="stmt"/>
        <line num="954" count="12" type="stmt"/>
        <line num="955" count="12" type="stmt"/>
        <line num="956" count="12" type="stmt"/>
        <line num="957" count="12" type="stmt"/>
        <line num="958" count="12" type="stmt"/>
        <line num="959" count="12" type="stmt"/>
        <line num="960" count="12" type="stmt"/>
        <line num="961" count="12" type="stmt"/>
        <line num="962" count="12" type="stmt"/>
        <line num="963" count="12" type="stmt"/>
        <line num="964" count="12" type="stmt"/>
        <line num="965" count="12" type="stmt"/>
        <line num="966" count="12" type="stmt"/>
        <line num="967" count="12" type="stmt"/>
        <line num="968" count="12" type="stmt"/>
        <line num="969" count="12" type="stmt"/>
        <line num="970" count="12" type="stmt"/>
        <line num="971" count="12" type="stmt"/>
        <line num="972" count="12" type="stmt"/>
        <line num="973" count="12" type="stmt"/>
        <line num="974" count="12" type="stmt"/>
        <line num="975" count="12" type="stmt"/>
        <line num="976" count="12" type="stmt"/>
        <line num="977" count="12" type="stmt"/>
        <line num="978" count="12" type="stmt"/>
        <line num="979" count="12" type="stmt"/>
        <line num="980" count="12" type="stmt"/>
        <line num="981" count="12" type="stmt"/>
        <line num="982" count="12" type="stmt"/>
        <line num="983" count="12" type="stmt"/>
        <line num="984" count="12" type="stmt"/>
        <line num="985" count="12" type="stmt"/>
        <line num="986" count="12" type="stmt"/>
        <line num="987" count="12" type="stmt"/>
        <line num="988" count="12" type="stmt"/>
        <line num="989" count="12" type="stmt"/>
        <line num="990" count="12" type="stmt"/>
        <line num="991" count="12" type="stmt"/>
        <line num="992" count="12" type="stmt"/>
        <line num="993" count="12" type="stmt"/>
        <line num="994" count="12" type="stmt"/>
        <line num="995" count="12" type="stmt"/>
        <line num="996" count="12" type="stmt"/>
        <line num="997" count="12" type="stmt"/>
        <line num="998" count="12" type="stmt"/>
        <line num="999" count="12" type="stmt"/>
        <line num="1000" count="12" type="stmt"/>
        <line num="1001" count="12" type="stmt"/>
        <line num="1002" count="12" type="stmt"/>
        <line num="1004" count="12" type="stmt"/>
        <line num="1005" count="12" type="stmt"/>
        <line num="1006" count="12" type="stmt"/>
        <line num="1007" count="12" type="stmt"/>
        <line num="1008" count="12" type="stmt"/>
        <line num="1009" count="12" type="stmt"/>
        <line num="1010" count="12" type="stmt"/>
        <line num="1012" count="12" type="stmt"/>
        <line num="1013" count="12" type="stmt"/>
        <line num="1014" count="12" type="stmt"/>
        <line num="1015" count="12" type="stmt"/>
        <line num="1016" count="12" type="stmt"/>
        <line num="1017" count="12" type="stmt"/>
        <line num="1018" count="12" type="stmt"/>
        <line num="1019" count="12" type="stmt"/>
        <line num="1020" count="12" type="stmt"/>
        <line num="1021" count="12" type="stmt"/>
        <line num="1022" count="12" type="stmt"/>
        <line num="1024" count="12" type="stmt"/>
        <line num="1025" count="12" type="stmt"/>
        <line num="1026" count="12" type="stmt"/>
        <line num="1027" count="12" type="stmt"/>
        <line num="1028" count="12" type="stmt"/>
        <line num="1029" count="12" type="stmt"/>
        <line num="1030" count="12" type="stmt"/>
        <line num="1031" count="12" type="stmt"/>
        <line num="1032" count="12" type="stmt"/>
        <line num="1033" count="12" type="stmt"/>
        <line num="1034" count="12" type="stmt"/>
        <line num="1035" count="12" type="stmt"/>
        <line num="1036" count="12" type="stmt"/>
        <line num="1037" count="12" type="stmt"/>
        <line num="1038" count="12" type="stmt"/>
        <line num="1040" count="12" type="stmt"/>
        <line num="1041" count="12" type="stmt"/>
        <line num="1042" count="12" type="stmt"/>
        <line num="1043" count="12" type="stmt"/>
        <line num="1044" count="12" type="stmt"/>
        <line num="1045" count="12" type="stmt"/>
        <line num="1046" count="12" type="stmt"/>
        <line num="1047" count="12" type="stmt"/>
        <line num="1048" count="12" type="stmt"/>
        <line num="1049" count="12" type="stmt"/>
        <line num="1050" count="12" type="stmt"/>
        <line num="1051" count="12" type="stmt"/>
        <line num="1052" count="12" type="stmt"/>
        <line num="1053" count="12" type="stmt"/>
        <line num="1054" count="12" type="stmt"/>
        <line num="1055" count="12" type="stmt"/>
        <line num="1056" count="12" type="stmt"/>
        <line num="1057" count="12" type="stmt"/>
        <line num="1058" count="12" type="stmt"/>
        <line num="1060" count="12" type="stmt"/>
        <line num="1061" count="12" type="stmt"/>
        <line num="1062" count="12" type="stmt"/>
        <line num="1063" count="12" type="stmt"/>
        <line num="1064" count="12" type="stmt"/>
        <line num="1065" count="12" type="stmt"/>
        <line num="1066" count="12" type="stmt"/>
        <line num="1067" count="12" type="stmt"/>
        <line num="1068" count="12" type="stmt"/>
        <line num="1069" count="12" type="stmt"/>
        <line num="1070" count="12" type="stmt"/>
        <line num="1071" count="12" type="stmt"/>
        <line num="1072" count="12" type="stmt"/>
        <line num="1073" count="12" type="stmt"/>
        <line num="1074" count="12" type="stmt"/>
        <line num="1075" count="12" type="stmt"/>
        <line num="1076" count="12" type="stmt"/>
        <line num="1077" count="12" type="stmt"/>
        <line num="1078" count="12" type="stmt"/>
        <line num="1079" count="12" type="stmt"/>
        <line num="1080" count="12" type="stmt"/>
        <line num="1081" count="12" type="stmt"/>
        <line num="1082" count="12" type="stmt"/>
        <line num="1084" count="12" type="stmt"/>
        <line num="1085" count="12" type="stmt"/>
        <line num="1086" count="12" type="stmt"/>
        <line num="1087" count="12" type="stmt"/>
        <line num="1088" count="12" type="stmt"/>
        <line num="1089" count="12" type="stmt"/>
        <line num="1090" count="12" type="stmt"/>
        <line num="1091" count="12" type="stmt"/>
        <line num="1092" count="12" type="stmt"/>
        <line num="1093" count="12" type="stmt"/>
        <line num="1094" count="12" type="stmt"/>
        <line num="1095" count="12" type="stmt"/>
        <line num="1096" count="12" type="stmt"/>
        <line num="1097" count="12" type="stmt"/>
        <line num="1098" count="12" type="stmt"/>
        <line num="1099" count="12" type="stmt"/>
        <line num="1100" count="12" type="stmt"/>
        <line num="1101" count="12" type="stmt"/>
        <line num="1102" count="12" type="stmt"/>
        <line num="1103" count="12" type="stmt"/>
        <line num="1104" count="12" type="stmt"/>
        <line num="1105" count="12" type="stmt"/>
        <line num="1106" count="12" type="stmt"/>
        <line num="1107" count="12" type="stmt"/>
        <line num="1108" count="12" type="stmt"/>
        <line num="1109" count="12" type="stmt"/>
        <line num="1110" count="12" type="stmt"/>
        <line num="1112" count="12" type="stmt"/>
        <line num="1113" count="12" type="stmt"/>
        <line num="1114" count="12" type="stmt"/>
        <line num="1115" count="12" type="stmt"/>
        <line num="1116" count="12" type="stmt"/>
        <line num="1117" count="12" type="stmt"/>
        <line num="1118" count="12" type="stmt"/>
        <line num="1119" count="12" type="stmt"/>
        <line num="1120" count="12" type="stmt"/>
        <line num="1121" count="12" type="stmt"/>
        <line num="1122" count="12" type="stmt"/>
        <line num="1123" count="12" type="stmt"/>
        <line num="1124" count="12" type="stmt"/>
        <line num="1125" count="12" type="stmt"/>
        <line num="1126" count="12" type="stmt"/>
        <line num="1127" count="12" type="stmt"/>
        <line num="1128" count="12" type="stmt"/>
        <line num="1129" count="12" type="stmt"/>
        <line num="1130" count="12" type="stmt"/>
        <line num="1131" count="12" type="stmt"/>
        <line num="1132" count="12" type="stmt"/>
        <line num="1133" count="12" type="stmt"/>
        <line num="1134" count="12" type="stmt"/>
        <line num="1135" count="12" type="stmt"/>
        <line num="1136" count="12" type="stmt"/>
        <line num="1137" count="12" type="stmt"/>
        <line num="1138" count="12" type="stmt"/>
        <line num="1139" count="12" type="stmt"/>
        <line num="1140" count="12" type="stmt"/>
        <line num="1141" count="12" type="stmt"/>
        <line num="1142" count="12" type="stmt"/>
        <line num="1144" count="12" type="stmt"/>
        <line num="1145" count="12" type="stmt"/>
        <line num="1146" count="12" type="stmt"/>
        <line num="1147" count="12" type="stmt"/>
        <line num="1148" count="12" type="stmt"/>
        <line num="1149" count="12" type="stmt"/>
        <line num="1150" count="12" type="stmt"/>
        <line num="1151" count="12" type="stmt"/>
        <line num="1152" count="12" type="stmt"/>
        <line num="1153" count="12" type="stmt"/>
        <line num="1154" count="12" type="stmt"/>
        <line num="1155" count="12" type="stmt"/>
        <line num="1156" count="12" type="stmt"/>
        <line num="1157" count="12" type="stmt"/>
        <line num="1158" count="12" type="stmt"/>
        <line num="1159" count="12" type="stmt"/>
        <line num="1160" count="12" type="stmt"/>
        <line num="1161" count="12" type="stmt"/>
        <line num="1162" count="12" type="stmt"/>
        <line num="1163" count="12" type="stmt"/>
        <line num="1164" count="12" type="stmt"/>
        <line num="1165" count="12" type="stmt"/>
        <line num="1166" count="12" type="stmt"/>
        <line num="1167" count="12" type="stmt"/>
        <line num="1168" count="12" type="stmt"/>
        <line num="1169" count="12" type="stmt"/>
        <line num="1170" count="12" type="stmt"/>
        <line num="1171" count="12" type="stmt"/>
        <line num="1172" count="12" type="stmt"/>
        <line num="1173" count="12" type="stmt"/>
        <line num="1174" count="12" type="stmt"/>
        <line num="1175" count="12" type="stmt"/>
        <line num="1176" count="12" type="stmt"/>
        <line num="1177" count="12" type="stmt"/>
        <line num="1178" count="12" type="stmt"/>
        <line num="1180" count="12" type="stmt"/>
        <line num="1181" count="12" type="stmt"/>
        <line num="1182" count="12" type="stmt"/>
        <line num="1183" count="12" type="stmt"/>
        <line num="1184" count="12" type="stmt"/>
        <line num="1185" count="12" type="stmt"/>
        <line num="1186" count="12" type="stmt"/>
        <line num="1187" count="12" type="stmt"/>
        <line num="1188" count="12" type="stmt"/>
        <line num="1189" count="12" type="stmt"/>
        <line num="1190" count="12" type="stmt"/>
        <line num="1191" count="12" type="stmt"/>
        <line num="1192" count="12" type="stmt"/>
        <line num="1193" count="12" type="stmt"/>
        <line num="1194" count="12" type="stmt"/>
        <line num="1195" count="12" type="stmt"/>
        <line num="1196" count="12" type="stmt"/>
        <line num="1197" count="12" type="stmt"/>
        <line num="1198" count="12" type="stmt"/>
        <line num="1199" count="12" type="stmt"/>
        <line num="1200" count="12" type="stmt"/>
        <line num="1201" count="12" type="stmt"/>
        <line num="1202" count="12" type="stmt"/>
        <line num="1203" count="12" type="stmt"/>
        <line num="1204" count="12" type="stmt"/>
        <line num="1205" count="12" type="stmt"/>
        <line num="1206" count="12" type="stmt"/>
        <line num="1207" count="12" type="stmt"/>
        <line num="1208" count="12" type="stmt"/>
        <line num="1209" count="12" type="stmt"/>
        <line num="1210" count="12" type="stmt"/>
        <line num="1211" count="12" type="stmt"/>
        <line num="1212" count="12" type="stmt"/>
        <line num="1213" count="12" type="stmt"/>
        <line num="1214" count="12" type="stmt"/>
        <line num="1215" count="12" type="stmt"/>
        <line num="1216" count="12" type="stmt"/>
        <line num="1217" count="12" type="stmt"/>
        <line num="1218" count="12" type="stmt"/>
        <line num="1220" count="12" type="stmt"/>
        <line num="1221" count="12" type="stmt"/>
        <line num="1222" count="12" type="stmt"/>
        <line num="1223" count="12" type="stmt"/>
        <line num="1224" count="12" type="stmt"/>
        <line num="1225" count="12" type="stmt"/>
        <line num="1226" count="12" type="stmt"/>
        <line num="1227" count="12" type="stmt"/>
        <line num="1228" count="12" type="stmt"/>
        <line num="1229" count="12" type="stmt"/>
        <line num="1230" count="12" type="stmt"/>
        <line num="1231" count="12" type="stmt"/>
        <line num="1232" count="12" type="stmt"/>
        <line num="1233" count="12" type="stmt"/>
        <line num="1234" count="12" type="stmt"/>
        <line num="1235" count="12" type="stmt"/>
        <line num="1236" count="12" type="stmt"/>
        <line num="1237" count="12" type="stmt"/>
        <line num="1238" count="12" type="stmt"/>
        <line num="1239" count="12" type="stmt"/>
        <line num="1240" count="12" type="stmt"/>
        <line num="1241" count="12" type="stmt"/>
        <line num="1242" count="12" type="stmt"/>
        <line num="1243" count="12" type="stmt"/>
        <line num="1244" count="12" type="stmt"/>
        <line num="1245" count="12" type="stmt"/>
        <line num="1246" count="12" type="stmt"/>
        <line num="1247" count="12" type="stmt"/>
        <line num="1248" count="12" type="stmt"/>
        <line num="1249" count="12" type="stmt"/>
        <line num="1250" count="12" type="stmt"/>
        <line num="1251" count="12" type="stmt"/>
        <line num="1252" count="12" type="stmt"/>
        <line num="1253" count="12" type="stmt"/>
        <line num="1254" count="12" type="stmt"/>
        <line num="1255" count="12" type="stmt"/>
        <line num="1256" count="12" type="stmt"/>
        <line num="1257" count="12" type="stmt"/>
        <line num="1258" count="12" type="stmt"/>
        <line num="1259" count="12" type="stmt"/>
        <line num="1260" count="12" type="stmt"/>
        <line num="1261" count="12" type="stmt"/>
        <line num="1262" count="12" type="stmt"/>
        <line num="1264" count="12" type="stmt"/>
        <line num="1265" count="12" type="stmt"/>
        <line num="1266" count="12" type="stmt"/>
        <line num="1267" count="12" type="stmt"/>
        <line num="1268" count="12" type="stmt"/>
        <line num="1269" count="12" type="stmt"/>
        <line num="1270" count="12" type="stmt"/>
        <line num="1271" count="12" type="stmt"/>
        <line num="1272" count="12" type="stmt"/>
        <line num="1273" count="12" type="stmt"/>
        <line num="1274" count="12" type="stmt"/>
        <line num="1275" count="12" type="stmt"/>
        <line num="1276" count="12" type="stmt"/>
        <line num="1277" count="12" type="stmt"/>
        <line num="1278" count="12" type="stmt"/>
        <line num="1279" count="12" type="stmt"/>
        <line num="1280" count="12" type="stmt"/>
        <line num="1281" count="12" type="stmt"/>
        <line num="1282" count="12" type="stmt"/>
        <line num="1283" count="12" type="stmt"/>
        <line num="1284" count="12" type="stmt"/>
        <line num="1285" count="12" type="stmt"/>
        <line num="1286" count="12" type="stmt"/>
        <line num="1287" count="12" type="stmt"/>
        <line num="1288" count="12" type="stmt"/>
        <line num="1289" count="12" type="stmt"/>
        <line num="1290" count="12" type="stmt"/>
        <line num="1291" count="12" type="stmt"/>
        <line num="1292" count="12" type="stmt"/>
        <line num="1293" count="12" type="stmt"/>
        <line num="1294" count="12" type="stmt"/>
        <line num="1295" count="12" type="stmt"/>
        <line num="1296" count="12" type="stmt"/>
        <line num="1297" count="12" type="stmt"/>
        <line num="1298" count="12" type="stmt"/>
        <line num="1299" count="12" type="stmt"/>
        <line num="1300" count="12" type="stmt"/>
        <line num="1301" count="12" type="stmt"/>
        <line num="1302" count="12" type="stmt"/>
        <line num="1304" count="12" type="stmt"/>
        <line num="1305" count="12" type="stmt"/>
        <line num="1306" count="12" type="stmt"/>
        <line num="1307" count="12" type="stmt"/>
        <line num="1308" count="12" type="stmt"/>
        <line num="1309" count="12" type="stmt"/>
        <line num="1310" count="12" type="stmt"/>
        <line num="1311" count="12" type="stmt"/>
        <line num="1312" count="12" type="stmt"/>
        <line num="1313" count="12" type="stmt"/>
        <line num="1314" count="12" type="stmt"/>
        <line num="1315" count="12" type="stmt"/>
        <line num="1316" count="12" type="stmt"/>
        <line num="1317" count="12" type="stmt"/>
        <line num="1318" count="12" type="stmt"/>
        <line num="1319" count="12" type="stmt"/>
        <line num="1320" count="12" type="stmt"/>
        <line num="1321" count="12" type="stmt"/>
        <line num="1322" count="12" type="stmt"/>
        <line num="1323" count="12" type="stmt"/>
        <line num="1324" count="12" type="stmt"/>
        <line num="1325" count="12" type="stmt"/>
        <line num="1326" count="12" type="stmt"/>
        <line num="1327" count="12" type="stmt"/>
        <line num="1328" count="12" type="stmt"/>
        <line num="1329" count="12" type="stmt"/>
        <line num="1330" count="12" type="stmt"/>
        <line num="1331" count="12" type="stmt"/>
        <line num="1332" count="12" type="stmt"/>
        <line num="1333" count="12" type="stmt"/>
        <line num="1334" count="12" type="stmt"/>
        <line num="1335" count="12" type="stmt"/>
        <line num="1336" count="12" type="stmt"/>
        <line num="1337" count="12" type="stmt"/>
        <line num="1338" count="12" type="stmt"/>
        <line num="1340" count="12" type="stmt"/>
        <line num="1341" count="12" type="stmt"/>
        <line num="1342" count="12" type="stmt"/>
        <line num="1343" count="12" type="stmt"/>
        <line num="1344" count="12" type="stmt"/>
        <line num="1345" count="12" type="stmt"/>
        <line num="1346" count="12" type="stmt"/>
        <line num="1347" count="12" type="stmt"/>
        <line num="1348" count="12" type="stmt"/>
        <line num="1349" count="12" type="stmt"/>
        <line num="1350" count="12" type="stmt"/>
        <line num="1351" count="12" type="stmt"/>
        <line num="1352" count="12" type="stmt"/>
        <line num="1353" count="12" type="stmt"/>
        <line num="1354" count="12" type="stmt"/>
        <line num="1355" count="12" type="stmt"/>
        <line num="1356" count="12" type="stmt"/>
        <line num="1357" count="12" type="stmt"/>
        <line num="1358" count="12" type="stmt"/>
        <line num="1359" count="12" type="stmt"/>
        <line num="1360" count="12" type="stmt"/>
        <line num="1361" count="12" type="stmt"/>
        <line num="1362" count="12" type="stmt"/>
        <line num="1363" count="12" type="stmt"/>
        <line num="1364" count="12" type="stmt"/>
        <line num="1365" count="12" type="stmt"/>
        <line num="1366" count="12" type="stmt"/>
        <line num="1367" count="12" type="stmt"/>
        <line num="1368" count="12" type="stmt"/>
        <line num="1369" count="12" type="stmt"/>
        <line num="1370" count="12" type="stmt"/>
        <line num="1372" count="12" type="stmt"/>
        <line num="1373" count="12" type="stmt"/>
        <line num="1374" count="12" type="stmt"/>
        <line num="1375" count="12" type="stmt"/>
        <line num="1376" count="12" type="stmt"/>
        <line num="1377" count="12" type="stmt"/>
        <line num="1378" count="12" type="stmt"/>
        <line num="1379" count="12" type="stmt"/>
        <line num="1380" count="12" type="stmt"/>
        <line num="1381" count="12" type="stmt"/>
        <line num="1382" count="12" type="stmt"/>
        <line num="1383" count="12" type="stmt"/>
        <line num="1384" count="12" type="stmt"/>
        <line num="1385" count="12" type="stmt"/>
        <line num="1386" count="12" type="stmt"/>
        <line num="1387" count="12" type="stmt"/>
        <line num="1388" count="12" type="stmt"/>
        <line num="1389" count="12" type="stmt"/>
        <line num="1390" count="12" type="stmt"/>
        <line num="1391" count="12" type="stmt"/>
        <line num="1392" count="12" type="stmt"/>
        <line num="1393" count="12" type="stmt"/>
        <line num="1394" count="12" type="stmt"/>
        <line num="1395" count="12" type="stmt"/>
        <line num="1396" count="12" type="stmt"/>
        <line num="1397" count="12" type="stmt"/>
        <line num="1398" count="12" type="stmt"/>
        <line num="1400" count="12" type="stmt"/>
        <line num="1401" count="12" type="stmt"/>
        <line num="1402" count="12" type="stmt"/>
        <line num="1403" count="12" type="stmt"/>
        <line num="1404" count="12" type="stmt"/>
        <line num="1405" count="12" type="stmt"/>
        <line num="1406" count="12" type="stmt"/>
        <line num="1407" count="12" type="stmt"/>
        <line num="1408" count="12" type="stmt"/>
        <line num="1409" count="12" type="stmt"/>
        <line num="1410" count="12" type="stmt"/>
        <line num="1411" count="12" type="stmt"/>
        <line num="1412" count="12" type="stmt"/>
        <line num="1413" count="12" type="stmt"/>
        <line num="1414" count="12" type="stmt"/>
        <line num="1415" count="12" type="stmt"/>
        <line num="1416" count="12" type="stmt"/>
        <line num="1417" count="12" type="stmt"/>
        <line num="1418" count="12" type="stmt"/>
        <line num="1419" count="12" type="stmt"/>
        <line num="1420" count="12" type="stmt"/>
        <line num="1421" count="12" type="stmt"/>
        <line num="1422" count="12" type="stmt"/>
        <line num="1424" count="12" type="stmt"/>
        <line num="1425" count="12" type="stmt"/>
        <line num="1426" count="12" type="stmt"/>
        <line num="1427" count="12" type="stmt"/>
        <line num="1428" count="12" type="stmt"/>
        <line num="1429" count="12" type="stmt"/>
        <line num="1430" count="12" type="stmt"/>
        <line num="1431" count="12" type="stmt"/>
        <line num="1432" count="12" type="stmt"/>
        <line num="1433" count="12" type="stmt"/>
        <line num="1434" count="12" type="stmt"/>
        <line num="1435" count="12" type="stmt"/>
        <line num="1436" count="12" type="stmt"/>
        <line num="1437" count="12" type="stmt"/>
        <line num="1438" count="12" type="stmt"/>
        <line num="1439" count="12" type="stmt"/>
        <line num="1440" count="12" type="stmt"/>
        <line num="1441" count="12" type="stmt"/>
        <line num="1442" count="12" type="stmt"/>
        <line num="1444" count="12" type="stmt"/>
        <line num="1445" count="12" type="stmt"/>
        <line num="1446" count="12" type="stmt"/>
        <line num="1447" count="12" type="stmt"/>
        <line num="1448" count="12" type="stmt"/>
        <line num="1449" count="12" type="stmt"/>
        <line num="1450" count="12" type="stmt"/>
        <line num="1451" count="12" type="stmt"/>
        <line num="1452" count="12" type="stmt"/>
        <line num="1453" count="12" type="stmt"/>
        <line num="1454" count="12" type="stmt"/>
        <line num="1455" count="12" type="stmt"/>
        <line num="1456" count="12" type="stmt"/>
        <line num="1457" count="12" type="stmt"/>
        <line num="1458" count="12" type="stmt"/>
        <line num="1460" count="12" type="stmt"/>
        <line num="1461" count="12" type="stmt"/>
        <line num="1462" count="12" type="stmt"/>
        <line num="1463" count="12" type="stmt"/>
        <line num="1464" count="12" type="stmt"/>
        <line num="1465" count="12" type="stmt"/>
        <line num="1466" count="12" type="stmt"/>
        <line num="1467" count="12" type="stmt"/>
        <line num="1468" count="12" type="stmt"/>
        <line num="1469" count="12" type="stmt"/>
        <line num="1470" count="12" type="stmt"/>
        <line num="1472" count="12" type="stmt"/>
        <line num="1473" count="12" type="stmt"/>
        <line num="1474" count="12" type="stmt"/>
        <line num="1475" count="12" type="stmt"/>
        <line num="1476" count="12" type="stmt"/>
        <line num="1477" count="12" type="stmt"/>
        <line num="1478" count="12" type="stmt"/>
        <line num="1479" count="12" type="stmt"/>
        <line num="1480" count="12" type="stmt"/>
        <line num="1481" count="12" type="stmt"/>
        <line num="1482" count="12" type="stmt"/>
        <line num="1483" count="12" type="stmt"/>
        <line num="1484" count="12" type="stmt"/>
        <line num="1485" count="12" type="stmt"/>
        <line num="1486" count="12" type="stmt"/>
        <line num="1487" count="12" type="stmt"/>
        <line num="1488" count="12" type="stmt"/>
        <line num="1489" count="12" type="stmt"/>
        <line num="1490" count="12" type="stmt"/>
        <line num="1491" count="12" type="stmt"/>
        <line num="1492" count="12" type="stmt"/>
        <line num="1493" count="12" type="stmt"/>
        <line num="1494" count="12" type="stmt"/>
        <line num="1495" count="12" type="stmt"/>
        <line num="1496" count="12" type="stmt"/>
        <line num="1497" count="12" type="stmt"/>
        <line num="1498" count="12" type="cond" truecount="2" falsecount="0"/>
        <line num="1499" count="11" type="stmt"/>
        <line num="1500" count="11" type="stmt"/>
        <line num="1502" count="12" type="stmt"/>
        <line num="1505" count="13232" type="stmt"/>
        <line num="1506" count="13232" type="stmt"/>
        <line num="1507" count="13232" type="stmt"/>
        <line num="1508" count="13232" type="stmt"/>
        <line num="1509" count="13232" type="stmt"/>
        <line num="1510" count="13232" type="stmt"/>
        <line num="1513" count="4762933" type="stmt"/>
        <line num="1514" count="4762933" type="stmt"/>
        <line num="1515" count="4762933" type="stmt"/>
        <line num="1516" count="4762933" type="stmt"/>
        <line num="1517" count="4762933" type="stmt"/>
        <line num="1518" count="454053837" type="stmt"/>
        <line num="1519" count="454053837" type="stmt"/>
        <line num="1520" count="454053837" type="stmt"/>
        <line num="1521" count="454053837" type="stmt"/>
        <line num="1522" count="454053837" type="stmt"/>
        <line num="1523" count="454053837" type="stmt"/>
        <line num="1524" count="454053837" type="stmt"/>
        <line num="1525" count="454053837" type="stmt"/>
        <line num="1526" count="454053837" type="stmt"/>
        <line num="1527" count="454053837" type="stmt"/>
        <line num="1528" count="454053837" type="stmt"/>
        <line num="1530" count="4762933" type="stmt"/>
        <line num="1531" count="4762933" type="stmt"/>
        <line num="1532" count="4762933" type="stmt"/>
        <line num="1534" count="13232" type="cond" truecount="2" falsecount="0"/>
        <line num="1535" count="3292" type="stmt"/>
        <line num="1538" count="9940" type="stmt"/>
        <line num="1540" count="13232" type="stmt"/>
        <line num="1544" count="16350" type="stmt"/>
        <line num="1545" count="16350" type="cond" truecount="4" falsecount="0"/>
        <line num="1546" count="12" type="stmt"/>
        <line num="1548" count="16338" type="cond" truecount="2" falsecount="0"/>
        <line num="1549" count="3106" type="stmt"/>
        <line num="1552" count="13232" type="stmt"/>
        <line num="1554" count="16350" type="stmt"/>
        <line num="1558" count="16342" type="stmt"/>
        <line num="1559" count="16342" type="stmt"/>
        <line num="1560" count="16342" type="stmt"/>
        <line num="1564" count="8" type="stmt"/>
        <line num="1567" count="332" type="stmt"/>
        <line num="1568" count="332" type="cond" truecount="2" falsecount="0"/>
        <line num="1569" count="4" type="stmt"/>
        <line num="1570" count="332" type="stmt"/>
        <line num="1571" count="332" type="stmt"/>
        <line num="1573" count="331" type="stmt"/>
        <line num="1574" count="331" type="stmt"/>
        <line num="1575" count="331" type="stmt"/>
        <line num="1576" count="660" type="stmt"/>
        <line num="1577" count="660" type="stmt"/>
        <line num="1578" count="660" type="stmt"/>
        <line num="1579" count="660" type="stmt"/>
        <line num="1581" count="660" type="stmt"/>
        <line num="1582" count="660" type="stmt"/>
        <line num="1584" count="331" type="cond" truecount="2" falsecount="0"/>
        <line num="1585" count="141" type="stmt"/>
        <line num="1586" count="141" type="stmt"/>
        <line num="1588" count="331" type="cond" truecount="2" falsecount="0"/>
        <line num="1591" count="5" type="stmt"/>
        <line num="1595" count="42" type="stmt"/>
        <line num="1599" count="1" type="stmt"/>
        <line num="1603" count="1" type="stmt"/>
        <line num="1604" count="1" type="cond" truecount="1" falsecount="1"/>
        <line num="1605" count="0" type="stmt"/>
        <line num="1608" count="1" type="stmt"/>
        <line num="1609" count="1" type="stmt"/>
        <line num="1610" count="1" type="stmt"/>
        <line num="1611" count="1" type="cond" truecount="1" falsecount="1"/>
        <line num="1612" count="1" type="stmt"/>
        <line num="1614" count="1" type="cond" truecount="1" falsecount="1"/>
        <line num="1615" count="1" type="stmt"/>
        <line num="1616" count="3" type="cond" truecount="2" falsecount="0"/>
        <line num="1617" count="1" type="stmt"/>
        <line num="1618" count="2" type="stmt"/>
        <line num="1621" count="1" type="stmt"/>
        <line num="1625" count="25769" type="cond" truecount="2" falsecount="0"/>
        <line num="1626" count="25769" type="stmt"/>
        <line num="1627" count="25769" type="stmt"/>
        <line num="1628" count="25769" type="stmt"/>
        <line num="1630" count="25769" type="cond" truecount="2" falsecount="0"/>
        <line num="1631" count="25711" type="stmt"/>
        <line num="1632" count="25711" type="stmt"/>
        <line num="1633" count="7142974" type="stmt"/>
        <line num="1634" count="7142974" type="stmt"/>
        <line num="1635" count="7142974" type="stmt"/>
        <line num="1636" count="7142974" type="stmt"/>
        <line num="1638" count="25711" type="cond" truecount="2" falsecount="0"/>
        <line num="1639" count="10082" type="stmt"/>
        <line num="1640" count="10082" type="stmt"/>
        <line num="1643" count="25769" type="cond" truecount="2" falsecount="0"/>
        <line num="1644" count="70" type="stmt"/>
        <line num="1645" count="165" type="stmt"/>
        <line num="1647" count="70" type="stmt"/>
        <line num="1648" count="1226" type="stmt"/>
        <line num="1650" count="70" type="stmt"/>
        <line num="1652" count="25769" type="stmt"/>
        <line num="1656" count="6" type="stmt"/>
        <line num="1657" count="6" type="stmt"/>
        <line num="1663" count="19655" type="cond" truecount="2" falsecount="0"/>
        <line num="1665" count="19655" type="cond" truecount="2" falsecount="2"/>
        <line num="1666" count="0" type="stmt"/>
        <line num="1669" count="19655" type="stmt"/>
        <line num="1671" count="19655" type="stmt"/>
        <line num="1672" count="19655" type="stmt"/>
        <line num="1673" count="19655" type="stmt"/>
        <line num="1674" count="19655" type="stmt"/>
        <line num="1675" count="19655" type="stmt"/>
        <line num="1676" count="19655" type="stmt"/>
        <line num="1678" count="19655" type="stmt"/>
        <line num="1679" count="19655" type="cond" truecount="1" falsecount="1"/>
        <line num="1680" count="0" type="stmt"/>
        <line num="1681" count="0" type="stmt"/>
        <line num="1683" count="0" type="stmt"/>
        <line num="1685" count="19655" type="cond" truecount="2" falsecount="0"/>
        <line num="1688" count="1177" type="cond" truecount="2" falsecount="0"/>
        <line num="1689" count="1175" type="stmt"/>
        <line num="1690" count="1175" type="stmt"/>
        <line num="1691" count="33480" type="stmt"/>
        <line num="1695" count="2" type="stmt"/>
        <line num="1696" count="2" type="stmt"/>
        <line num="1698" count="19655" type="stmt"/>
        <line num="1699" count="19655" type="cond" truecount="3" falsecount="0"/>
        <line num="1700" count="2744183" type="stmt"/>
        <line num="1701" count="2744183" type="stmt"/>
        <line num="1702" count="2744183" type="stmt"/>
        <line num="1705" count="19655" type="cond" truecount="2" falsecount="2"/>
        <line num="1706" count="0" type="stmt"/>
        <line num="1708" count="19655" type="cond" truecount="1" falsecount="1"/>
        <line num="1709" count="0" type="stmt"/>
        <line num="1710" count="0" type="stmt"/>
        <line num="1712" count="19655" type="stmt"/>
        <line num="1716" count="4" type="stmt"/>
        <line num="1717" count="4" type="stmt"/>
        <line num="1721" count="2" type="stmt"/>
        <line num="1724" count="12884" type="stmt"/>
        <line num="1728" count="3" type="stmt"/>
        <line num="1731" count="10" type="stmt"/>
        <line num="1735" count="484" type="cond" truecount="2" falsecount="0"/>
        <line num="1736" count="484" type="stmt"/>
        <line num="1737" count="484" type="stmt"/>
        <line num="1738" count="484" type="stmt"/>
        <line num="1740" count="484" type="cond" truecount="2" falsecount="0"/>
        <line num="1741" count="3" type="stmt"/>
        <line num="1743" count="481" type="stmt"/>
        <line num="1744" count="481" type="stmt"/>
        <line num="1748" count="2119" type="cond" truecount="2" falsecount="0"/>
        <line num="1749" count="2119" type="stmt"/>
        <line num="1750" count="2119" type="stmt"/>
        <line num="1751" count="2119" type="stmt"/>
        <line num="1752" count="2119" type="cond" truecount="2" falsecount="0"/>
        <line num="1753" count="176" type="stmt"/>
        <line num="1755" count="1943" type="cond" truecount="2" falsecount="0"/>
        <line num="1756" count="5" type="stmt"/>
        <line num="1758" count="1943" type="stmt"/>
        <line num="1759" count="1943" type="cond" truecount="2" falsecount="0"/>
        <line num="1760" count="5" type="stmt"/>
        <line num="1761" count="5" type="stmt"/>
        <line num="1763" count="1943" type="stmt"/>
        <line num="1767" count="1056" type="stmt"/>
        <line num="1771" count="33" type="stmt"/>
        <line num="1772" count="33" type="stmt"/>
        <line num="1773" count="32" type="cond" truecount="2" falsecount="0"/>
        <line num="1774" count="1" type="stmt"/>
        <line num="1776" count="31" type="cond" truecount="2" falsecount="0"/>
        <line num="1777" count="4" type="cond" truecount="4" falsecount="0"/>
        <line num="1778" count="3" type="stmt"/>
        <line num="1779" count="3" type="stmt"/>
        <line num="1780" count="3" type="stmt"/>
        <line num="1782" count="1" type="stmt"/>
        <line num="1783" count="1" type="stmt"/>
        <line num="1784" count="1" type="stmt"/>
        <line num="1785" count="1" type="stmt"/>
        <line num="1788" count="27" type="stmt"/>
        <line num="1791" count="34" type="stmt"/>
        <line num="1793" count="34" type="stmt"/>
        <line num="1794" count="34" type="cond" truecount="2" falsecount="0"/>
        <line num="1795" count="49" type="stmt"/>
        <line num="1796" count="49" type="cond" truecount="2" falsecount="0"/>
        <line num="1797" count="1" type="stmt"/>
        <line num="1800" count="48" type="stmt"/>
        <line num="1803" count="34" type="stmt"/>
        <line num="1804" count="34" type="stmt"/>
        <line num="1808" count="23" type="stmt"/>
        <line num="1809" count="23" type="stmt"/>
        <line num="1810" count="22" type="cond" truecount="2" falsecount="0"/>
        <line num="1811" count="2" type="stmt"/>
        <line num="1812" count="20" type="cond" truecount="2" falsecount="0"/>
        <line num="1813" count="2" type="stmt"/>
        <line num="1814" count="2" type="stmt"/>
        <line num="1815" count="2" type="stmt"/>
        <line num="1816" count="2" type="stmt"/>
        <line num="1818" count="18" type="stmt"/>
        <line num="1819" count="18" type="cond" truecount="4" falsecount="0"/>
        <line num="1820" count="2" type="stmt"/>
        <line num="1821" count="2" type="stmt"/>
        <line num="1825" count="16" type="cond" truecount="2" falsecount="0"/>
        <line num="1826" count="141" type="stmt"/>
        <line num="1827" count="141" type="stmt"/>
        <line num="1830" count="18" type="stmt"/>
        <line num="1833" count="3" type="stmt"/>
        <line num="1836" count="7" type="stmt"/>
        <line num="1839" count="17" type="stmt"/>
        <line num="1840" count="17" type="stmt"/>
        <line num="1843" count="17" type="stmt"/>
        <line num="1846" count="3161882" type="stmt"/>
        <line num="1848" count="3161882" type="stmt"/>
        <line num="1850" count="3161882" type="stmt"/>
        <line num="1851" count="3161882" type="stmt"/>
        <line num="1852" count="671165254" type="stmt"/>
        <line num="1853" count="671165254" type="stmt"/>
        <line num="1854" count="671165254" type="stmt"/>
        <line num="1855" count="671165254" type="stmt"/>
        <line num="1856" count="671165254" type="stmt"/>
        <line num="1858" count="3161882" type="stmt"/>
        <line num="1859" count="2103738" type="stmt"/>
        <line num="1860" count="2103738" type="stmt"/>
        <line num="1861" count="2103738" type="stmt"/>
        <line num="1863" count="3161882" type="cond" truecount="2" falsecount="0"/>
        <line num="1864" count="1058526" type="stmt"/>
        <line num="1866" count="2103356" type="stmt"/>
        <line num="1867" count="2103356" type="stmt"/>
        <line num="1868" count="2103356" type="stmt"/>
        <line num="1869" count="669852743" type="stmt"/>
        <line num="1870" count="669852743" type="stmt"/>
        <line num="1871" count="669852743" type="stmt"/>
        <line num="1873" count="2103356" type="stmt"/>
        <line num="1874" count="2103356" type="stmt"/>
        <line num="1877" count="12840" type="stmt"/>
        <line num="1878" count="12840" type="stmt"/>
        <line num="1879" count="12840" type="stmt"/>
        <line num="1881" count="12840" type="stmt"/>
        <line num="1882" count="12840" type="stmt"/>
        <line num="1883" count="12840" type="stmt"/>
        <line num="1884" count="12840" type="cond" truecount="1" falsecount="1"/>
        <line num="1885" count="12840" type="stmt"/>
        <line num="1886" count="12840" type="stmt"/>
        <line num="1887" count="12840" type="stmt"/>
        <line num="1890" count="12840" type="stmt"/>
        <line num="1892" count="12840" type="cond" truecount="2" falsecount="0"/>
        <line num="1893" count="12" type="stmt"/>
        <line num="1894" count="12" type="stmt"/>
        <line num="1895" count="12" type="stmt"/>
        <line num="1896" count="12" type="stmt"/>
        <line num="1897" count="150" type="stmt"/>
        <line num="1900" count="12840" type="stmt"/>
        <line num="1901" count="12840" type="cond" truecount="2" falsecount="0"/>
        <line num="1902" count="1" type="stmt"/>
        <line num="1903" count="1" type="cond" truecount="1" falsecount="1"/>
        <line num="1904" count="0" type="stmt"/>
        <line num="1907" count="12840" type="stmt"/>
        <line num="1908" count="2103783" type="stmt"/>
        <line num="1912" count="2103783" type="stmt"/>
        <line num="1913" count="2103783" type="stmt"/>
        <line num="1914" count="2103783" type="stmt"/>
        <line num="1915" count="1045259" type="stmt"/>
        <line num="1916" count="1045259" type="stmt"/>
        <line num="1917" count="1045259" type="stmt"/>
        <line num="1918" count="1045259" type="cond" truecount="2" falsecount="0"/>
        <line num="1919" count="1045258" type="stmt"/>
        <line num="1922" count="2103783" type="cond" truecount="2" falsecount="0"/>
        <line num="1923" count="138" type="stmt"/>
        <line num="1926" count="12840" type="cond" truecount="2" falsecount="0"/>
        <line num="1927" count="12" type="stmt"/>
        <line num="1929" count="12840" type="stmt"/>
        <line num="1931" count="12840" type="cond" truecount="4" falsecount="0"/>
        <line num="1932" count="12828" type="stmt"/>
        <line num="1934" count="12840" type="stmt"/>
        <line num="1944" count="13333" type="stmt"/>
        <line num="1945" count="13333" type="cond" truecount="2" falsecount="0"/>
        <line num="1946" count="2" type="stmt"/>
        <line num="1952" count="13331" type="cond" truecount="4" falsecount="0"/>
        <line num="1953" count="16" type="stmt"/>
        <line num="1954" count="16" type="cond" truecount="2" falsecount="0"/>
        <line num="1955" count="7" type="stmt"/>
        <line num="1957" count="16" type="cond" truecount="2" falsecount="0"/>
        <line num="1958" count="10" type="stmt"/>
        <line num="1959" count="10" type="cond" truecount="4" falsecount="0"/>
        <line num="1960" count="3" type="stmt"/>
        <line num="1963" count="16" type="stmt"/>
        <line num="1968" count="13315" type="cond" truecount="4" falsecount="0"/>
        <line num="1969" count="12" type="stmt"/>
        <line num="1970" count="12" type="cond" truecount="2" falsecount="0"/>
        <line num="1971" count="6" type="stmt"/>
        <line num="1973" count="12" type="stmt"/>
        <line num="1978" count="13303" type="cond" truecount="2" falsecount="0"/>
        <line num="1979" count="14" type="stmt"/>
        <line num="1980" count="14" type="cond" truecount="2" falsecount="0"/>
        <line num="1981" count="8" type="stmt"/>
        <line num="1982" count="8" type="cond" truecount="4" falsecount="0"/>
        <line num="1983" count="2" type="stmt"/>
        <line num="1986" count="14" type="stmt"/>
        <line num="1993" count="13289" type="cond" truecount="4" falsecount="0"/>
        <line num="1994" count="286" type="stmt"/>
        <line num="2000" count="13003" type="cond" truecount="2" falsecount="0"/>
        <line num="2001" count="163" type="cond" truecount="2" falsecount="0"/>
        <line num="2002" count="17" type="stmt"/>
        <line num="2007" count="146" type="cond" truecount="2" falsecount="0"/>
        <line num="2008" count="140" type="stmt"/>
        <line num="2013" count="6" type="stmt"/>
        <line num="2018" count="12840" type="stmt"/>
        <line num="2022" count="39" type="stmt"/>
        <line num="2026" count="40" type="stmt"/>
        <line num="2029" count="13204" type="stmt"/>
        <line num="2033" count="8" type="stmt"/>
        <line num="2035" count="8" type="cond" truecount="2" falsecount="0"/>
        <line num="2036" count="1" type="stmt"/>
        <line num="2037" count="7" type="cond" truecount="2" falsecount="0"/>
        <line num="2040" count="7" type="stmt"/>
        <line num="2041" count="7" type="stmt"/>
        <line num="2042" count="7" type="stmt"/>
        <line num="2044" count="7" type="cond" truecount="5" falsecount="0"/>
        <line num="2045" count="4" type="stmt"/>
        <line num="2047" count="3" type="cond" truecount="1" falsecount="1"/>
        <line num="2050" count="371" type="stmt"/>
        <line num="2051" count="371" type="cond" truecount="2" falsecount="0"/>
        <line num="2052" count="1" type="stmt"/>
        <line num="2053" count="371" type="stmt"/>
        <line num="2054" count="371" type="stmt"/>
        <line num="2055" count="371" type="stmt"/>
        <line num="2056" count="371" type="stmt"/>
        <line num="2057" count="718" type="stmt"/>
        <line num="2059" count="371" type="cond" truecount="2" falsecount="0"/>
        <line num="2063" count="247" type="stmt"/>
        <line num="2064" count="247" type="cond" truecount="2" falsecount="0"/>
        <line num="2065" count="1" type="stmt"/>
        <line num="2066" count="247" type="stmt"/>
        <line num="2067" count="247" type="stmt"/>
        <line num="2068" count="247" type="stmt"/>
        <line num="2069" count="580" type="stmt"/>
        <line num="2070" count="580" type="stmt"/>
        <line num="2071" count="580" type="stmt"/>
        <line num="2073" count="247" type="stmt"/>
        <line num="2074" count="247" type="cond" truecount="2" falsecount="0"/>
        <line num="2077" count="23" type="stmt"/>
        <line num="2080" count="10" type="stmt"/>
        <line num="2081" count="8" type="stmt"/>
        <line num="2082" count="8" type="stmt"/>
        <line num="2083" count="8" type="stmt"/>
        <line num="2084" count="8" type="cond" truecount="2" falsecount="0"/>
        <line num="2085" count="1" type="stmt"/>
        <line num="2088" count="7" type="stmt"/>
        <line num="2091" count="8" type="stmt"/>
        <line num="2092" count="8" type="stmt"/>
        <line num="2094" count="8" type="stmt"/>
        <line num="2095" count="8" type="stmt"/>
        <line num="2096" count="8" type="stmt"/>
        <line num="2097" count="8" type="cond" truecount="2" falsecount="0"/>
        <line num="2098" count="4" type="stmt"/>
        <line num="2099" count="4" type="stmt"/>
        <line num="2100" count="4" type="stmt"/>
        <line num="2102" count="8" type="stmt"/>
        <line num="2103" count="8" type="stmt"/>
        <line num="2104" count="8" type="stmt"/>
        <line num="2105" count="196" type="stmt"/>
        <line num="2106" count="196" type="stmt"/>
        <line num="2107" count="196" type="cond" truecount="2" falsecount="0"/>
        <line num="2109" count="196" type="cond" truecount="2" falsecount="0"/>
        <line num="2110" count="25" type="stmt"/>
        <line num="2111" count="25" type="stmt"/>
        <line num="2112" count="36" type="cond" truecount="4" falsecount="0"/>
        <line num="2113" count="22" type="stmt"/>
        <line num="2114" count="22" type="stmt"/>
[...]
        <line num="2747" count="8" type="stmt"/>
        <line num="2751" count="2" type="stmt"/>
        <line num="2752" count="2" type="stmt"/>
        <line num="2756" count="9" type="stmt"/>
        <line num="2757" count="9" type="stmt"/>
        <line num="2758" count="9" type="stmt"/>
        <line num="2762" count="3" type="stmt"/>
        <line num="2763" count="3" type="stmt"/>
        <line num="2764" count="3" type="stmt"/>
        <line num="2768" count="13" type="stmt"/>
        <line num="2769" count="13" type="stmt"/>
        <line num="2770" count="13" type="stmt"/>
        <line num="2774" count="1" type="stmt"/>
        <line num="2775" count="1" type="stmt"/>
        <line num="2776" count="1" type="stmt"/>
        <line num="2781" count="10" type="stmt"/>
        <line num="2782" count="10" type="stmt"/>
        <line num="2783" count="10" type="stmt"/>
        <line num="2787" count="5" type="stmt"/>
        <line num="2788" count="5" type="stmt"/>
        <line num="2789" count="5" type="stmt"/>
        <line num="2794" count="5" type="stmt"/>
        <line num="2795" count="5" type="stmt"/>
        <line num="2796" count="5" type="stmt"/>
        <line num="2800" count="19" type="cond" truecount="2" falsecount="0"/>
        <line num="2801" count="19" type="stmt"/>
        <line num="2802" count="19" type="stmt"/>
        <line num="2806" count="83" type="stmt"/>
        <line num="2807" count="83" type="stmt"/>
        <line num="2808" count="1103" type="stmt"/>
        <line num="2810" count="83" type="stmt"/>
        <line num="2814" count="8" type="stmt"/>
        <line num="2818" count="6" type="stmt"/>
        <line num="2822" count="2" type="stmt"/>
        <line num="2826" count="2" type="stmt"/>
        <line num="2830" count="1" type="stmt"/>
        <line num="2834" count="35" type="cond" truecount="1" falsecount="0"/>
        <line num="2835" count="3" type="stmt"/>
        <line num="2837" count="35" type="stmt"/>
        <line num="2838" count="35" type="stmt"/>
        <line num="2846" count="16" type="cond" truecount="1" falsecount="0"/>
        <line num="2847" count="1" type="stmt"/>
        <line num="2850" count="15" type="stmt"/>
        <line num="2851" count="15" type="cond" truecount="1" falsecount="0"/>
        <line num="2852" count="10" type="stmt"/>
        <line num="2855" count="15" type="cond" truecount="2" falsecount="0"/>
        <line num="2856" count="7" type="stmt"/>
        <line num="2857" count="7" type="stmt"/>
        <line num="2859" count="8" type="stmt"/>
        <line num="2864" count="11" type="stmt"/>
        <line num="2867" count="11" type="cond" truecount="2" falsecount="0"/>
        <line num="2868" count="6" type="stmt"/>
        <line num="2869" count="6" type="cond" truecount="2" falsecount="0"/>
        <line num="2870" count="2" type="stmt"/>
        <line num="2872" count="4" type="stmt"/>
        <line num="2875" count="5" type="stmt"/>
        <line num="2876" count="5" type="cond" truecount="1" falsecount="0"/>
        <line num="2877" count="2" type="stmt"/>
        <line num="2881" count="11" type="cond" truecount="2" falsecount="1"/>
        <line num="2882" count="0" type="stmt"/>
        <line num="2885" count="11" type="cond" truecount="1" falsecount="0"/>
        <line num="2886" count="4" type="stmt"/>
        <line num="2889" count="11" type="stmt"/>
        <line num="2899" count="8" type="stmt"/>
        <line num="2900" count="8" type="stmt"/>
        <line num="2901" count="8" type="stmt"/>
        <line num="2902" count="8" type="cond" truecount="3" falsecount="0"/>
        <line num="2903" count="1" type="stmt"/>
        <line num="2905" count="7" type="stmt"/>
        <line num="2906" count="7" type="stmt"/>
        <line num="2907" count="7" type="stmt"/>
        <line num="2908" count="7" type="stmt"/>
        <line num="2909" count="7" type="cond" truecount="2" falsecount="0"/>
        <line num="2910" count="3" type="stmt"/>
        <line num="2912" count="4" type="stmt"/>
        <line num="2913" count="4" type="stmt"/>
        <line num="2914" count="4" type="stmt"/>
        <line num="2916" count="7" type="cond" truecount="2" falsecount="0"/>
        <line num="2917" count="2" type="stmt"/>
        <line num="2919" count="5" type="stmt"/>
        <line num="2929" count="8" type="cond" truecount="2" falsecount="0"/>
        <line num="2930" count="1" type="stmt"/>
        <line num="2932" count="7" type="stmt"/>
        <line num="2934" count="8" type="stmt"/>
        <line num="2936" count="8" type="cond" truecount="2" falsecount="0"/>
        <line num="2937" count="3" type="stmt"/>
        <line num="2938" count="5" type="cond" truecount="1" falsecount="0"/>
        <line num="2939" count="5" type="stmt"/>
        <line num="2940" count="5" type="stmt"/>
        <line num="2941" count="5" type="stmt"/>
        <line num="2943" count="8" type="cond" truecount="0" falsecount="1"/>
        <line num="2946" count="0" type="stmt"/>
        <line num="2947" count="0" type="stmt"/>
        <line num="2949" count="8" type="cond" truecount="1" falsecount="0"/>
        <line num="2950" count="1" type="stmt"/>
        <line num="2952" count="8" type="stmt"/>
        <line num="2954" count="8" type="stmt"/>
        <line num="2955" count="8" type="stmt"/>
        <line num="2956" count="8" type="stmt"/>
        <line num="2968" count="12" type="cond" truecount="1" falsecount="0"/>
        <line num="2969" count="12" type="stmt"/>
        <line num="2971" count="12" type="cond" truecount="1" falsecount="0"/>
        <line num="2972" count="1" type="stmt"/>
        <line num="2974" count="11" type="cond" truecount="3" falsecount="0"/>
        <line num="2981" count="6" type="cond" truecount="1" falsecount="0"/>
        <line num="2987" count="4" type="cond" truecount="3" falsecount="0"/>
        <line num="2988" count="3" type="stmt"/>
        <line num="2992" count="8" type="stmt"/>
        <line num="3000" count="1" type="stmt"/>
      </file>
      <file name="K256.ts" path="/Users/tyeverett/projects/sdk/src/primitives/K256.ts">
        <metrics statements="38" coveredstatements="38" conditionals="7" coveredconditionals="7" methods="3" coveredmethods="3"/>
        <line num="1" count="2" type="stmt"/>
        <line num="15" count="2" type="stmt"/>
        <line num="26" count="12" type="stmt"/>
        <line num="47" count="14" type="stmt"/>
        <line num="49" count="14" type="stmt"/>
        <line num="50" count="14" type="stmt"/>
        <line num="51" count="14" type="stmt"/>
        <line num="52" count="89" type="stmt"/>
        <line num="54" count="14" type="stmt"/>
        <line num="56" count="14" type="cond" truecount="1" falsecount="0"/>
        <line num="57" count="5" type="stmt"/>
        <line num="58" count="5" type="stmt"/>
        <line num="59" count="5" type="stmt"/>
        <line num="63" count="9" type="stmt"/>
        <line num="64" count="9" type="stmt"/>
        <line num="66" count="9" type="stmt"/>
        <line num="67" count="46" type="stmt"/>
        <line num="68" count="46" type="stmt"/>
        <line num="69" count="46" type="stmt"/>
        <line num="71" count="9" type="stmt"/>
        <line num="72" count="9" type="stmt"/>
        <line num="73" count="9" type="cond" truecount="4" falsecount="0"/>
        <line num="74" count="8" type="stmt"/>
        <line num="76" count="1" type="stmt"/>
        <line num="94" count="13" type="stmt"/>
        <line num="95" count="13" type="stmt"/>
        <line num="96" count="13" type="stmt"/>
        <line num="99" count="13" type="stmt"/>
        <line num="100" count="13" type="stmt"/>
        <line num="101" count="68" type="stmt"/>
        <line num="102" count="68" type="stmt"/>
        <line num="103" count="68" type="stmt"/>
        <line num="104" count="68" type="stmt"/>
        <line num="108" count="13" type="cond" truecount="1" falsecount="0"/>
        <line num="109" count="11" type="stmt"/>
        <line num="110" count="11" type="cond" truecount="1" falsecount="0"/>
        <line num="111" count="6" type="stmt"/>
        <line num="114" count="13" type="stmt"/>
      </file>
      <file name="Mersenne.ts" path="/Users/tyeverett/projects/sdk/src/primitives/Mersenne.ts">
        <metrics statements="28" coveredstatements="23" conditionals="8" coveredconditionals="6" methods="5" coveredmethods="3"/>
        <line num="1" count="2" type="stmt"/>
        <line num="14" count="2" type="stmt"/>
        <line num="31" count="12" type="stmt"/>
        <line num="32" count="12" type="stmt"/>
        <line num="33" count="12" type="stmt"/>
        <line num="34" count="12" type="stmt"/>
        <line num="36" count="12" type="stmt"/>
        <line num="47" count="12" type="stmt"/>
        <line num="48" count="12" type="stmt"/>
        <line num="49" count="12" type="stmt"/>
        <line num="66" count="10" type="stmt"/>
        <line num="69" count="10" type="stmt"/>
        <line num="70" count="13" type="stmt"/>
        <line num="71" count="13" type="stmt"/>
        <line num="72" count="13" type="stmt"/>
        <line num="73" count="13" type="stmt"/>
        <line num="76" count="10" type="cond" truecount="2" falsecount="0"/>
        <line num="77" count="10" type="cond" truecount="1" falsecount="1"/>
        <line num="78" count="0" type="stmt"/>
        <line num="79" count="0" type="stmt"/>
        <line num="80" count="10" type="cond" truecount="2" falsecount="0"/>
        <line num="81" count="1" type="stmt"/>
        <line num="83" count="9" type="cond" truecount="1" falsecount="1"/>
        <line num="85" count="9" type="stmt"/>
        <line num="88" count="0" type="stmt"/>
        <line num="92" count="10" type="stmt"/>
        <line num="107" count="0" type="stmt"/>
        <line num="121" count="0" type="stmt"/>
      </file>
      <file name="MontgomoryMethod.ts" path="/Users/tyeverett/projects/sdk/src/primitives/MontgomoryMethod.ts">
        <metrics statements="42" coveredstatements="37" conditionals="13" coveredconditionals="9" methods="6" coveredmethods="6"/>
        <line num="1" count="1" type="stmt"/>
        <line num="2" count="1" type="stmt"/>
        <line num="23" count="1" type="stmt"/>
        <line num="35" count="10" type="stmt"/>
        <line num="37" count="10" type="stmt"/>
        <line num="38" count="10" type="cond" truecount="1" falsecount="0"/>
        <line num="39" count="10" type="stmt"/>
        <line num="42" count="10" type="stmt"/>
        <line num="43" count="10" type="stmt"/>
        <line num="44" count="10" type="stmt"/>
        <line num="46" count="10" type="stmt"/>
        <line num="47" count="10" type="stmt"/>
        <line num="48" count="10" type="stmt"/>
        <line num="63" count="40" type="stmt"/>
        <line num="78" count="19" type="stmt"/>
        <line num="79" count="19" type="stmt"/>
        <line num="80" count="19" type="stmt"/>
        <line num="96" count="1" type="cond" truecount="2" falsecount="1"/>
        <line num="97" count="0" type="stmt"/>
        <line num="98" count="0" type="stmt"/>
        <line num="99" count="0" type="stmt"/>
        <line num="102" count="1" type="stmt"/>
        <line num="103" count="1" type="stmt"/>
        <line num="104" count="1" type="stmt"/>
        <line num="105" count="1" type="stmt"/>
        <line num="107" count="1" type="cond" truecount="1" falsecount="1"/>
        <line num="108" count="0" type="stmt"/>
        <line num="109" count="1" type="cond" truecount="1" falsecount="0"/>
        <line num="110" count="1" type="stmt"/>
        <line num="113" count="1" type="stmt"/>
        <line num="129" count="1055" type="cond" truecount="2" falsecount="1"/>
        <line num="131" count="1055" type="stmt"/>
        <line num="132" count="1055" type="stmt"/>
        <line num="133" count="1055" type="stmt"/>
        <line num="134" count="1055" type="stmt"/>
        <line num="135" count="1055" type="cond" truecount="1" falsecount="1"/>
        <line num="136" count="0" type="stmt"/>
        <line num="137" count="1055" type="cond" truecount="1" falsecount="0"/>
        <line num="138" count="1053" type="stmt"/>
        <line num="141" count="1055" type="stmt"/>
        <line num="157" count="2" type="stmt"/>
        <line num="158" count="2" type="stmt"/>
      </file>
      <file name="ReductionContext.ts" path="/Users/tyeverett/projects/sdk/src/primitives/ReductionContext.ts">
        <metrics statements="127" coveredstatements="125" conditionals="31" coveredconditionals="29" methods="20" coveredmethods="20"/>
        <line num="1" count="2" type="stmt"/>
        <line num="2" count="2" type="stmt"/>
        <line num="15" count="2" type="stmt"/>
        <line num="30" count="38" type="cond" truecount="2" falsecount="0"/>
        <line num="31" count="10" type="stmt"/>
        <line num="32" count="10" type="stmt"/>
        <line num="33" count="10" type="stmt"/>
        <line num="35" count="28" type="stmt"/>
        <line num="36" count="24" type="stmt"/>
        <line num="37" count="24" type="stmt"/>
        <line num="54" count="26326" type="cond" truecount="1" falsecount="0"/>
        <line num="69" count="55" type="stmt"/>
        <line num="70" count="55" type="stmt"/>
        <line num="87" count="13087" type="stmt"/>
        <line num="91" count="13087" type="stmt"/>
        <line num="111" count="13135" type="cond" truecount="1" falsecount="0"/>
        <line num="113" count="13129" type="stmt"/>
        <line num="114" count="13129" type="stmt"/>
        <line num="131" count="5" type="cond" truecount="1" falsecount="0"/>
        <line num="132" count="2" type="stmt"/>
        <line num="135" count="3" type="stmt"/>
        <line num="153" count="2" type="stmt"/>
        <line num="155" count="2" type="stmt"/>
        <line num="156" count="2" type="cond" truecount="1" falsecount="0"/>
        <line num="157" count="1" type="stmt"/>
        <line num="159" count="2" type="stmt"/>
        <line num="179" count="2" type="stmt"/>
        <line num="181" count="2" type="stmt"/>
        <line num="182" count="2" type="cond" truecount="1" falsecount="0"/>
        <line num="183" count="1" type="stmt"/>
        <line num="185" count="2" type="stmt"/>
        <line num="203" count="4" type="stmt"/>
        <line num="205" count="4" type="stmt"/>
        <line num="206" count="4" type="cond" truecount="1" falsecount="0"/>
        <line num="207" count="2" type="stmt"/>
        <line num="209" count="4" type="stmt"/>
        <line num="229" count="8" type="stmt"/>
        <line num="231" count="8" type="stmt"/>
        <line num="232" count="8" type="cond" truecount="1" falsecount="0"/>
        <line num="233" count="4" type="stmt"/>
        <line num="235" count="8" type="stmt"/>
        <line num="253" count="2" type="stmt"/>
        <line num="254" count="2" type="stmt"/>
        <line num="274" count="3" type="stmt"/>
        <line num="275" count="3" type="stmt"/>
        <line num="293" count="13056" type="stmt"/>
        <line num="294" count="13056" type="stmt"/>
        <line num="313" count="1" type="stmt"/>
        <line num="330" count="11373" type="stmt"/>
        <line num="347" count="10" type="cond" truecount="0" falsecount="1"/>
        <line num="349" count="10" type="stmt"/>
        <line num="350" count="10" type="stmt"/>
        <line num="353" count="10" type="cond" truecount="1" falsecount="0"/>
        <line num="354" count="8" type="stmt"/>
        <line num="355" count="8" type="stmt"/>
        <line num="361" count="2" type="stmt"/>
        <line num="362" count="2" type="stmt"/>
        <line num="363" count="2" type="cond" truecount="2" falsecount="0"/>
        <line num="364" count="4" type="stmt"/>
        <line num="365" count="4" type="stmt"/>
        <line num="367" count="2" type="stmt"/>
        <line num="369" count="2" type="stmt"/>
        <line num="370" count="2" type="stmt"/>
        <line num="374" count="2" type="stmt"/>
        <line num="375" count="2" type="stmt"/>
        <line num="376" count="2" type="stmt"/>
        <line num="378" count="2" type="stmt"/>
        <line num="379" count="0" type="stmt"/>
        <line num="382" count="2" type="stmt"/>
        <line num="383" count="2" type="stmt"/>
        <line num="384" count="2" type="stmt"/>
        <line num="385" count="2" type="stmt"/>
        <line num="386" count="2" type="stmt"/>
        <line num="387" count="2" type="stmt"/>
        <line num="388" count="2" type="stmt"/>
        <line num="389" count="2" type="stmt"/>
        <line num="390" count="2" type="stmt"/>
        <line num="392" count="2" type="stmt"/>
        <line num="393" count="2" type="stmt"/>
        <line num="395" count="2" type="stmt"/>
        <line num="396" count="2" type="stmt"/>
        <line num="397" count="2" type="stmt"/>
        <line num="398" count="2" type="stmt"/>
        <line num="401" count="2" type="stmt"/>
        <line num="418" count="3" type="stmt"/>
        <line num="419" count="3" type="cond" truecount="2" falsecount="0"/>
        <line num="420" count="1" type="stmt"/>
        <line num="421" count="1" type="stmt"/>
        <line num="423" count="2" type="stmt"/>
        <line num="442" count="37" type="cond" truecount="1" falsecount="0"/>
        <line num="443" count="33" type="cond" truecount="1" falsecount="0"/>
        <line num="445" count="31" type="stmt"/>
        <line num="446" count="31" type="stmt"/>
        <line num="447" count="31" type="stmt"/>
        <line num="448" count="31" type="stmt"/>
        <line num="449" count="31" type="stmt"/>
        <line num="450" count="31" type="stmt"/>
        <line num="451" count="434" type="stmt"/>
        <line num="454" count="31" type="stmt"/>
        <line num="455" count="31" type="stmt"/>
        <line num="456" count="31" type="stmt"/>
        <line num="457" count="31" type="stmt"/>
        <line num="458" count="31" type="cond" truecount="0" falsecount="1"/>
        <line num="459" count="0" type="stmt"/>
        <line num="462" count="31" type="stmt"/>
        <line num="463" count="465" type="stmt"/>
        <line num="464" count="465" type="stmt"/>
        <line num="465" count="11464" type="stmt"/>
        <line num="466" count="11464" type="cond" truecount="1" falsecount="0"/>
        <line num="467" count="11360" type="stmt"/>
        <line num="470" count="11464" type="cond" truecount="3" falsecount="0"/>
        <line num="471" count="2321" type="stmt"/>
        <line num="472" count="2321" type="stmt"/>
        <line num="475" count="9143" type="stmt"/>
        <line num="476" count="9143" type="stmt"/>
        <line num="477" count="9143" type="stmt"/>
        <line num="478" count="9143" type="cond" truecount="4" falsecount="0"/>
        <line num="480" count="2295" type="stmt"/>
        <line num="481" count="2295" type="stmt"/>
        <line num="482" count="2295" type="stmt"/>
        <line num="484" count="465" type="stmt"/>
        <line num="487" count="31" type="stmt"/>
        <line num="504" count="55" type="stmt"/>
        <line num="506" count="55" type="cond" truecount="2" falsecount="0"/>
        <line num="524" count="23" type="stmt"/>
        <line num="525" count="23" type="stmt"/>
        <line num="526" count="23" type="stmt"/>
      </file>
    </package>
    <package name="src.primitives.__tests">
      <metrics statements="1" coveredstatements="1" conditionals="0" coveredconditionals="0" methods="0" coveredmethods="0"/>
      <file name="BigNumber.fixtures.ts" path="/Users/tyeverett/projects/sdk/src/primitives/__tests/BigNumber.fixtures.ts">
        <metrics statements="1" coveredstatements="1" conditionals="0" coveredconditionals="0" methods="0" coveredmethods="0"/>
        <line num="1" count="2" type="stmt"/>
      </file>
    </package>
  </project>
</coverage>
