{"/Users/tyeverett/projects/sdk/dist/primitives/BigNumber.js": {"path":"/Users/tyeverett/projects/sdk/dist/primitives/BigNumber.js","statementMap":{"0":{"start":{"line":2,"column":0},"end":{"line":2,"column":62}},"1":{"start":{"line":10,"column":8},"end":{"line":12,"column":9}},"2":{"start":{"line":11,"column":12},"end":{"line":11,"column":24}},"3":{"start":{"line":13,"column":8},"end":{"line":15,"column":37}},"4":{"start":{"line":18,"column":8},"end":{"line":19,"column":24}},"5":{"start":{"line":19,"column":12},"end":{"line":19,"column":24}},"6":{"start":{"line":20,"column":8},"end":{"line":20,"column":21}},"7":{"start":{"line":23,"column":8},"end":{"line":24,"column":24}},"8":{"start":{"line":24,"column":12},"end":{"line":24,"column":24}},"9":{"start":{"line":25,"column":8},"end":{"line":25,"column":21}},"10":{"start":{"line":28,"column":8},"end":{"line":30,"column":9}},"11":{"start":{"line":29,"column":12},"end":{"line":29,"column":26}},"12":{"start":{"line":31,"column":8},"end":{"line":31,"column":26}},"13":{"start":{"line":32,"column":8},"end":{"line":32,"column":24}},"14":{"start":{"line":33,"column":8},"end":{"line":33,"column":24}},"15":{"start":{"line":35,"column":8},"end":{"line":35,"column":24}},"16":{"start":{"line":36,"column":8},"end":{"line":68,"column":9}},"17":{"start":{"line":37,"column":12},"end":{"line":40,"column":13}},"18":{"start":{"line":38,"column":16},"end":{"line":38,"column":30}},"19":{"start":{"line":39,"column":16},"end":{"line":39,"column":26}},"20":{"start":{"line":41,"column":12},"end":{"line":43,"column":13}},"21":{"start":{"line":42,"column":16},"end":{"line":42,"column":61}},"22":{"start":{"line":44,"column":12},"end":{"line":46,"column":13}},"23":{"start":{"line":45,"column":16},"end":{"line":45,"column":60}},"24":{"start":{"line":47,"column":12},"end":{"line":49,"column":13}},"25":{"start":{"line":48,"column":16},"end":{"line":48,"column":26}},"26":{"start":{"line":50,"column":12},"end":{"line":50,"column":72}},"27":{"start":{"line":51,"column":12},"end":{"line":51,"column":59}},"28":{"start":{"line":52,"column":24},"end":{"line":52,"column":25}},"29":{"start":{"line":53,"column":12},"end":{"line":56,"column":13}},"30":{"start":{"line":54,"column":16},"end":{"line":54,"column":24}},"31":{"start":{"line":55,"column":16},"end":{"line":55,"column":34}},"32":{"start":{"line":57,"column":12},"end":{"line":67,"column":13}},"33":{"start":{"line":58,"column":16},"end":{"line":66,"column":17}},"34":{"start":{"line":59,"column":20},"end":{"line":59,"column":57}},"35":{"start":{"line":62,"column":20},"end":{"line":62,"column":56}},"36":{"start":{"line":63,"column":20},"end":{"line":65,"column":21}},"37":{"start":{"line":64,"column":24},"end":{"line":64,"column":69}},"38":{"start":{"line":71,"column":8},"end":{"line":72,"column":33}},"39":{"start":{"line":72,"column":12},"end":{"line":72,"column":33}},"40":{"start":{"line":75,"column":8},"end":{"line":78,"column":9}},"41":{"start":{"line":76,"column":12},"end":{"line":76,"column":30}},"42":{"start":{"line":77,"column":12},"end":{"line":77,"column":29}},"43":{"start":{"line":79,"column":8},"end":{"line":98,"column":9}},"44":{"start":{"line":80,"column":12},"end":{"line":80,"column":46}},"45":{"start":{"line":81,"column":12},"end":{"line":81,"column":28}},"46":{"start":{"line":83,"column":13},"end":{"line":98,"column":9}},"47":{"start":{"line":84,"column":12},"end":{"line":87,"column":14}},"48":{"start":{"line":88,"column":12},"end":{"line":88,"column":28}},"49":{"start":{"line":91,"column":12},"end":{"line":91,"column":96}},"50":{"start":{"line":92,"column":12},"end":{"line":96,"column":14}},"51":{"start":{"line":97,"column":12},"end":{"line":97,"column":28}},"52":{"start":{"line":99,"column":8},"end":{"line":100,"column":24}},"53":{"start":{"line":100,"column":12},"end":{"line":100,"column":24}},"54":{"start":{"line":102,"column":8},"end":{"line":102,"column":53}},"55":{"start":{"line":103,"column":8},"end":{"line":103,"column":20}},"56":{"start":{"line":107,"column":8},"end":{"line":107,"column":88}},"57":{"start":{"line":108,"column":8},"end":{"line":112,"column":9}},"58":{"start":{"line":109,"column":12},"end":{"line":109,"column":29}},"59":{"start":{"line":110,"column":12},"end":{"line":110,"column":28}},"60":{"start":{"line":111,"column":12},"end":{"line":111,"column":24}},"61":{"start":{"line":113,"column":8},"end":{"line":113,"column":51}},"62":{"start":{"line":114,"column":8},"end":{"line":114,"column":44}},"63":{"start":{"line":115,"column":16},"end":{"line":115,"column":17}},"64":{"start":{"line":116,"column":8},"end":{"line":118,"column":9}},"65":{"start":{"line":117,"column":12},"end":{"line":117,"column":30}},"66":{"start":{"line":120,"column":18},"end":{"line":120,"column":19}},"67":{"start":{"line":121,"column":8},"end":{"line":144,"column":9}},"68":{"start":{"line":122,"column":12},"end":{"line":131,"column":13}},"69":{"start":{"line":123,"column":16},"end":{"line":123,"column":77}},"70":{"start":{"line":124,"column":16},"end":{"line":124,"column":56}},"71":{"start":{"line":125,"column":16},"end":{"line":125,"column":67}},"72":{"start":{"line":126,"column":16},"end":{"line":126,"column":26}},"73":{"start":{"line":127,"column":16},"end":{"line":130,"column":17}},"74":{"start":{"line":128,"column":20},"end":{"line":128,"column":30}},"75":{"start":{"line":129,"column":20},"end":{"line":129,"column":24}},"76":{"start":{"line":133,"column":13},"end":{"line":144,"column":9}},"77":{"start":{"line":134,"column":12},"end":{"line":143,"column":13}},"78":{"start":{"line":135,"column":16},"end":{"line":135,"column":77}},"79":{"start":{"line":136,"column":16},"end":{"line":136,"column":56}},"80":{"start":{"line":137,"column":16},"end":{"line":137,"column":67}},"81":{"start":{"line":138,"column":16},"end":{"line":138,"column":26}},"82":{"start":{"line":139,"column":16},"end":{"line":142,"column":17}},"83":{"start":{"line":140,"column":20},"end":{"line":140,"column":30}},"84":{"start":{"line":141,"column":20},"end":{"line":141,"column":24}},"85":{"start":{"line":145,"column":8},"end":{"line":145,"column":28}},"86":{"start":{"line":148,"column":18},"end":{"line":148,"column":42}},"87":{"start":{"line":150,"column":8},"end":{"line":163,"column":9}},"88":{"start":{"line":151,"column":12},"end":{"line":151,"column":26}},"89":{"start":{"line":154,"column":13},"end":{"line":163,"column":9}},"90":{"start":{"line":155,"column":12},"end":{"line":155,"column":26}},"91":{"start":{"line":158,"column":13},"end":{"line":163,"column":9}},"92":{"start":{"line":159,"column":12},"end":{"line":159,"column":26}},"93":{"start":{"line":162,"column":12},"end":{"line":162,"column":62}},"94":{"start":{"line":166,"column":16},"end":{"line":166,"column":49}},"95":{"start":{"line":167,"column":8},"end":{"line":169,"column":9}},"96":{"start":{"line":168,"column":12},"end":{"line":168,"column":60}},"97":{"start":{"line":170,"column":8},"end":{"line":170,"column":17}},"98":{"start":{"line":174,"column":8},"end":{"line":174,"column":61}},"99":{"start":{"line":175,"column":8},"end":{"line":175,"column":44}},"100":{"start":{"line":176,"column":16},"end":{"line":176,"column":17}},"101":{"start":{"line":177,"column":8},"end":{"line":179,"column":9}},"102":{"start":{"line":178,"column":12},"end":{"line":178,"column":30}},"103":{"start":{"line":181,"column":18},"end":{"line":181,"column":19}},"104":{"start":{"line":182,"column":16},"end":{"line":182,"column":17}},"105":{"start":{"line":184,"column":8},"end":{"line":212,"column":9}},"106":{"start":{"line":185,"column":12},"end":{"line":196,"column":13}},"107":{"start":{"line":186,"column":16},"end":{"line":186,"column":63}},"108":{"start":{"line":187,"column":16},"end":{"line":187,"column":47}},"109":{"start":{"line":188,"column":16},"end":{"line":195,"column":17}},"110":{"start":{"line":189,"column":20},"end":{"line":189,"column":30}},"111":{"start":{"line":190,"column":20},"end":{"line":190,"column":27}},"112":{"start":{"line":191,"column":20},"end":{"line":191,"column":46}},"113":{"start":{"line":194,"column":20},"end":{"line":194,"column":29}},"114":{"start":{"line":199,"column":32},"end":{"line":199,"column":53}},"115":{"start":{"line":200,"column":12},"end":{"line":211,"column":13}},"116":{"start":{"line":201,"column":16},"end":{"line":201,"column":63}},"117":{"start":{"line":202,"column":16},"end":{"line":202,"column":47}},"118":{"start":{"line":203,"column":16},"end":{"line":210,"column":17}},"119":{"start":{"line":204,"column":20},"end":{"line":204,"column":30}},"120":{"start":{"line":205,"column":20},"end":{"line":205,"column":27}},"121":{"start":{"line":206,"column":20},"end":{"line":206,"column":46}},"122":{"start":{"line":209,"column":20},"end":{"line":209,"column":29}},"123":{"start":{"line":213,"column":8},"end":{"line":213,"column":28}},"124":{"start":{"line":216,"column":16},"end":{"line":216,"column":17}},"125":{"start":{"line":217,"column":16},"end":{"line":217,"column":17}},"126":{"start":{"line":218,"column":20},"end":{"line":218,"column":45}},"127":{"start":{"line":219,"column":8},"end":{"line":236,"column":9}},"128":{"start":{"line":219,"column":21},"end":{"line":219,"column":26}},"129":{"start":{"line":220,"column":22},"end":{"line":220,"column":44}},"130":{"start":{"line":221,"column":12},"end":{"line":221,"column":21}},"131":{"start":{"line":223,"column":12},"end":{"line":233,"column":13}},"132":{"start":{"line":224,"column":16},"end":{"line":224,"column":33}},"133":{"start":{"line":227,"column":17},"end":{"line":233,"column":13}},"134":{"start":{"line":228,"column":16},"end":{"line":228,"column":33}},"135":{"start":{"line":232,"column":16},"end":{"line":232,"column":22}},"136":{"start":{"line":234,"column":12},"end":{"line":234,"column":64}},"137":{"start":{"line":235,"column":12},"end":{"line":235,"column":19}},"138":{"start":{"line":237,"column":8},"end":{"line":237,"column":17}},"139":{"start":{"line":241,"column":8},"end":{"line":241,"column":25}},"140":{"start":{"line":242,"column":8},"end":{"line":242,"column":24}},"141":{"start":{"line":244,"column":22},"end":{"line":244,"column":23}},"142":{"start":{"line":245,"column":22},"end":{"line":245,"column":23}},"143":{"start":{"line":246,"column":8},"end":{"line":248,"column":9}},"144":{"start":{"line":247,"column":12},"end":{"line":247,"column":22}},"145":{"start":{"line":249,"column":8},"end":{"line":249,"column":18}},"146":{"start":{"line":250,"column":8},"end":{"line":250,"column":39}},"147":{"start":{"line":251,"column":22},"end":{"line":251,"column":43}},"148":{"start":{"line":252,"column":20},"end":{"line":252,"column":35}},"149":{"start":{"line":253,"column":20},"end":{"line":253,"column":56}},"150":{"start":{"line":254,"column":19},"end":{"line":254,"column":20}},"151":{"start":{"line":255,"column":16},"end":{"line":255,"column":21}},"152":{"start":{"line":256,"column":8},"end":{"line":265,"column":9}},"153":{"start":{"line":257,"column":12},"end":{"line":257,"column":68}},"154":{"start":{"line":258,"column":12},"end":{"line":258,"column":32}},"155":{"start":{"line":259,"column":12},"end":{"line":264,"column":13}},"156":{"start":{"line":260,"column":16},"end":{"line":260,"column":38}},"157":{"start":{"line":263,"column":16},"end":{"line":263,"column":34}},"158":{"start":{"line":266,"column":8},"end":{"line":279,"column":9}},"159":{"start":{"line":267,"column":22},"end":{"line":267,"column":23}},"160":{"start":{"line":268,"column":12},"end":{"line":268,"column":70}},"161":{"start":{"line":269,"column":12},"end":{"line":271,"column":13}},"162":{"start":{"line":270,"column":16},"end":{"line":270,"column":28}},"163":{"start":{"line":272,"column":12},"end":{"line":272,"column":28}},"164":{"start":{"line":273,"column":12},"end":{"line":278,"column":13}},"165":{"start":{"line":274,"column":16},"end":{"line":274,"column":38}},"166":{"start":{"line":277,"column":16},"end":{"line":277,"column":34}},"167":{"start":{"line":280,"column":8},"end":{"line":280,"column":28}},"168":{"start":{"line":283,"column":8},"end":{"line":283,"column":44}},"169":{"start":{"line":284,"column":8},"end":{"line":286,"column":9}},"170":{"start":{"line":284,"column":21},"end":{"line":284,"column":22}},"171":{"start":{"line":285,"column":12},"end":{"line":285,"column":42}},"172":{"start":{"line":287,"column":8},"end":{"line":287,"column":34}},"173":{"start":{"line":288,"column":8},"end":{"line":288,"column":38}},"174":{"start":{"line":289,"column":8},"end":{"line":289,"column":28}},"175":{"start":{"line":292,"column":8},"end":{"line":292,"column":31}},"176":{"start":{"line":293,"column":8},"end":{"line":293,"column":33}},"177":{"start":{"line":294,"column":8},"end":{"line":294,"column":37}},"178":{"start":{"line":295,"column":8},"end":{"line":295,"column":27}},"179":{"start":{"line":298,"column":18},"end":{"line":298,"column":33}},"180":{"start":{"line":299,"column":8},"end":{"line":299,"column":21}},"181":{"start":{"line":300,"column":8},"end":{"line":300,"column":17}},"182":{"start":{"line":303,"column":8},"end":{"line":305,"column":9}},"183":{"start":{"line":304,"column":12},"end":{"line":304,"column":42}},"184":{"start":{"line":306,"column":8},"end":{"line":306,"column":20}},"185":{"start":{"line":310,"column":8},"end":{"line":312,"column":9}},"186":{"start":{"line":311,"column":12},"end":{"line":311,"column":26}},"187":{"start":{"line":313,"column":8},"end":{"line":313,"column":31}},"188":{"start":{"line":317,"column":8},"end":{"line":319,"column":9}},"189":{"start":{"line":318,"column":12},"end":{"line":318,"column":30}},"190":{"start":{"line":320,"column":8},"end":{"line":320,"column":20}},"191":{"start":{"line":323,"column":8},"end":{"line":323,"column":83}},"192":{"start":{"line":327,"column":8},"end":{"line":357,"column":9}},"193":{"start":{"line":328,"column":12},"end":{"line":328,"column":21}},"194":{"start":{"line":329,"column":22},"end":{"line":329,"column":23}},"195":{"start":{"line":330,"column":24},"end":{"line":330,"column":25}},"196":{"start":{"line":331,"column":12},"end":{"line":346,"column":13}},"197":{"start":{"line":331,"column":25},"end":{"line":331,"column":26}},"198":{"start":{"line":332,"column":26},"end":{"line":332,"column":39}},"199":{"start":{"line":333,"column":29},"end":{"line":333,"column":75}},"200":{"start":{"line":334,"column":16},"end":{"line":334,"column":54}},"201":{"start":{"line":335,"column":16},"end":{"line":335,"column":25}},"202":{"start":{"line":336,"column":16},"end":{"line":339,"column":17}},"203":{"start":{"line":337,"column":20},"end":{"line":337,"column":30}},"204":{"start":{"line":338,"column":20},"end":{"line":338,"column":24}},"205":{"start":{"line":340,"column":16},"end":{"line":345,"column":17}},"206":{"start":{"line":341,"column":20},"end":{"line":341,"column":72}},"207":{"start":{"line":344,"column":20},"end":{"line":344,"column":37}},"208":{"start":{"line":347,"column":12},"end":{"line":349,"column":13}},"209":{"start":{"line":348,"column":16},"end":{"line":348,"column":47}},"210":{"start":{"line":350,"column":12},"end":{"line":352,"column":13}},"211":{"start":{"line":351,"column":16},"end":{"line":351,"column":32}},"212":{"start":{"line":353,"column":12},"end":{"line":355,"column":13}},"213":{"start":{"line":354,"column":16},"end":{"line":354,"column":32}},"214":{"start":{"line":356,"column":12},"end":{"line":356,"column":23}},"215":{"start":{"line":358,"column":8},"end":{"line":386,"column":9}},"216":{"start":{"line":360,"column":30},"end":{"line":360,"column":56}},"217":{"start":{"line":362,"column":30},"end":{"line":362,"column":56}},"218":{"start":{"line":363,"column":12},"end":{"line":363,"column":21}},"219":{"start":{"line":364,"column":20},"end":{"line":364,"column":32}},"220":{"start":{"line":365,"column":12},"end":{"line":365,"column":27}},"221":{"start":{"line":366,"column":12},"end":{"line":375,"column":13}},"222":{"start":{"line":367,"column":26},"end":{"line":367,"column":59}},"223":{"start":{"line":368,"column":16},"end":{"line":368,"column":39}},"224":{"start":{"line":369,"column":16},"end":{"line":374,"column":17}},"225":{"start":{"line":370,"column":20},"end":{"line":370,"column":74}},"226":{"start":{"line":373,"column":20},"end":{"line":373,"column":34}},"227":{"start":{"line":376,"column":12},"end":{"line":378,"column":13}},"228":{"start":{"line":377,"column":16},"end":{"line":377,"column":32}},"229":{"start":{"line":379,"column":12},"end":{"line":381,"column":13}},"230":{"start":{"line":380,"column":16},"end":{"line":380,"column":32}},"231":{"start":{"line":382,"column":12},"end":{"line":384,"column":13}},"232":{"start":{"line":383,"column":16},"end":{"line":383,"column":32}},"233":{"start":{"line":385,"column":12},"end":{"line":385,"column":23}},"234":{"start":{"line":387,"column":8},"end":{"line":387,"column":59}},"235":{"start":{"line":390,"column":18},"end":{"line":390,"column":31}},"236":{"start":{"line":391,"column":8},"end":{"line":400,"column":9}},"237":{"start":{"line":392,"column":12},"end":{"line":392,"column":45}},"238":{"start":{"line":394,"column":13},"end":{"line":400,"column":9}},"239":{"start":{"line":396,"column":12},"end":{"line":396,"column":66}},"240":{"start":{"line":398,"column":13},"end":{"line":400,"column":9}},"241":{"start":{"line":399,"column":12},"end":{"line":399,"column":74}},"242":{"start":{"line":401,"column":8},"end":{"line":401,"column":50}},"243":{"start":{"line":404,"column":8},"end":{"line":404,"column":33}},"244":{"start":{"line":408,"column":8},"end":{"line":432,"column":9}},"245":{"start":{"line":409,"column":24},"end":{"line":409,"column":44}},"246":{"start":{"line":410,"column":27},"end":{"line":410,"column":41}},"247":{"start":{"line":411,"column":12},"end":{"line":411,"column":42}},"248":{"start":{"line":412,"column":12},"end":{"line":427,"column":13}},"249":{"start":{"line":415,"column":17},"end":{"line":427,"column":13}},"250":{"start":{"line":416,"column":16},"end":{"line":416,"column":65}},"251":{"start":{"line":418,"column":17},"end":{"line":427,"column":13}},"252":{"start":{"line":419,"column":29},"end":{"line":419,"column":52}},"253":{"start":{"line":420,"column":16},"end":{"line":422,"column":17}},"254":{"start":{"line":420,"column":29},"end":{"line":420,"column":30}},"255":{"start":{"line":421,"column":20},"end":{"line":421,"column":72}},"256":{"start":{"line":423,"column":16},"end":{"line":425,"column":17}},"257":{"start":{"line":423,"column":29},"end":{"line":423,"column":30}},"258":{"start":{"line":424,"column":20},"end":{"line":424,"column":32}},"259":{"start":{"line":426,"column":16},"end":{"line":426,"column":27}},"260":{"start":{"line":430,"column":24},"end":{"line":430,"column":44}},"261":{"start":{"line":431,"column":12},"end":{"line":431,"column":42}},"262":{"start":{"line":433,"column":8},"end":{"line":435,"column":9}},"263":{"start":{"line":434,"column":12},"end":{"line":434,"column":44}},"264":{"start":{"line":436,"column":25},"end":{"line":436,"column":41}},"265":{"start":{"line":437,"column":8},"end":{"line":439,"column":9}},"266":{"start":{"line":438,"column":12},"end":{"line":438,"column":35}},"267":{"start":{"line":440,"column":8},"end":{"line":440,"column":19}},"268":{"start":{"line":443,"column":8},"end":{"line":443,"column":55}},"269":{"start":{"line":446,"column":8},"end":{"line":448,"column":9}},"270":{"start":{"line":447,"column":12},"end":{"line":447,"column":41}},"271":{"start":{"line":449,"column":8},"end":{"line":449,"column":35}},"272":{"start":{"line":452,"column":8},"end":{"line":452,"column":21}},"273":{"start":{"line":453,"column":27},"end":{"line":453,"column":44}},"274":{"start":{"line":454,"column":26},"end":{"line":454,"column":97}},"275":{"start":{"line":455,"column":8},"end":{"line":455,"column":86}},"276":{"start":{"line":456,"column":8},"end":{"line":456,"column":66}},"277":{"start":{"line":457,"column":20},"end":{"line":457,"column":55}},"278":{"start":{"line":458,"column":24},"end":{"line":458,"column":53}},"279":{"start":{"line":459,"column":8},"end":{"line":459,"column":55}},"280":{"start":{"line":460,"column":8},"end":{"line":460,"column":19}},"281":{"start":{"line":463,"column":23},"end":{"line":463,"column":24}},"282":{"start":{"line":464,"column":20},"end":{"line":464,"column":21}},"283":{"start":{"line":465,"column":8},"end":{"line":485,"column":9}},"284":{"start":{"line":465,"column":21},"end":{"line":465,"column":22}},"285":{"start":{"line":465,"column":32},"end":{"line":465,"column":33}},"286":{"start":{"line":466,"column":25},"end":{"line":466,"column":57}},"287":{"start":{"line":467,"column":12},"end":{"line":467,"column":42}},"288":{"start":{"line":468,"column":12},"end":{"line":470,"column":13}},"289":{"start":{"line":469,"column":16},"end":{"line":469,"column":53}},"290":{"start":{"line":471,"column":12},"end":{"line":473,"column":13}},"291":{"start":{"line":472,"column":16},"end":{"line":472,"column":54}},"292":{"start":{"line":474,"column":12},"end":{"line":484,"column":13}},"293":{"start":{"line":475,"column":16},"end":{"line":477,"column":17}},"294":{"start":{"line":476,"column":20},"end":{"line":476,"column":58}},"295":{"start":{"line":478,"column":16},"end":{"line":478,"column":26}},"296":{"start":{"line":479,"column":16},"end":{"line":479,"column":26}},"297":{"start":{"line":482,"column":16},"end":{"line":482,"column":36}},"298":{"start":{"line":483,"column":16},"end":{"line":483,"column":27}},"299":{"start":{"line":486,"column":8},"end":{"line":491,"column":9}},"300":{"start":{"line":487,"column":12},"end":{"line":487,"column":36}},"301":{"start":{"line":488,"column":12},"end":{"line":490,"column":13}},"302":{"start":{"line":489,"column":16},"end":{"line":489,"column":36}},"303":{"start":{"line":494,"column":23},"end":{"line":494,"column":37}},"304":{"start":{"line":495,"column":20},"end":{"line":495,"column":21}},"305":{"start":{"line":496,"column":8},"end":{"line":516,"column":9}},"306":{"start":{"line":496,"column":21},"end":{"line":496,"column":22}},"307":{"start":{"line":496,"column":32},"end":{"line":496,"column":33}},"308":{"start":{"line":497,"column":25},"end":{"line":497,"column":57}},"309":{"start":{"line":498,"column":12},"end":{"line":498,"column":42}},"310":{"start":{"line":499,"column":12},"end":{"line":501,"column":13}},"311":{"start":{"line":500,"column":16},"end":{"line":500,"column":53}},"312":{"start":{"line":502,"column":12},"end":{"line":504,"column":13}},"313":{"start":{"line":503,"column":16},"end":{"line":503,"column":54}},"314":{"start":{"line":505,"column":12},"end":{"line":515,"column":13}},"315":{"start":{"line":506,"column":16},"end":{"line":508,"column":17}},"316":{"start":{"line":507,"column":20},"end":{"line":507,"column":58}},"317":{"start":{"line":509,"column":16},"end":{"line":509,"column":26}},"318":{"start":{"line":510,"column":16},"end":{"line":510,"column":26}},"319":{"start":{"line":513,"column":16},"end":{"line":513,"column":36}},"320":{"start":{"line":514,"column":16},"end":{"line":514,"column":27}},"321":{"start":{"line":517,"column":8},"end":{"line":522,"column":9}},"322":{"start":{"line":518,"column":12},"end":{"line":518,"column":36}},"323":{"start":{"line":519,"column":12},"end":{"line":521,"column":13}},"324":{"start":{"line":520,"column":16},"end":{"line":520,"column":36}},"325":{"start":{"line":525,"column":8},"end":{"line":527,"column":9}},"326":{"start":{"line":526,"column":12},"end":{"line":526,"column":38}},"327":{"start":{"line":528,"column":16},"end":{"line":528,"column":17}},"328":{"start":{"line":529,"column":16},"end":{"line":529,"column":17}},"329":{"start":{"line":530,"column":8},"end":{"line":533,"column":9}},"330":{"start":{"line":531,"column":12},"end":{"line":531,"column":20}},"331":{"start":{"line":532,"column":12},"end":{"line":532,"column":22}},"332":{"start":{"line":534,"column":8},"end":{"line":537,"column":9}},"333":{"start":{"line":535,"column":12},"end":{"line":535,"column":19}},"334":{"start":{"line":536,"column":12},"end":{"line":536,"column":21}},"335":{"start":{"line":538,"column":8},"end":{"line":541,"column":9}},"336":{"start":{"line":539,"column":12},"end":{"line":539,"column":19}},"337":{"start":{"line":540,"column":12},"end":{"line":540,"column":21}},"338":{"start":{"line":542,"column":8},"end":{"line":545,"column":9}},"339":{"start":{"line":543,"column":12},"end":{"line":543,"column":19}},"340":{"start":{"line":544,"column":12},"end":{"line":544,"column":21}},"341":{"start":{"line":546,"column":8},"end":{"line":546,"column":21}},"342":{"start":{"line":551,"column":8},"end":{"line":552,"column":22}},"343":{"start":{"line":552,"column":12},"end":{"line":552,"column":22}},"344":{"start":{"line":553,"column":16},"end":{"line":553,"column":17}},"345":{"start":{"line":554,"column":16},"end":{"line":554,"column":17}},"346":{"start":{"line":555,"column":8},"end":{"line":558,"column":9}},"347":{"start":{"line":556,"column":12},"end":{"line":556,"column":20}},"348":{"start":{"line":557,"column":12},"end":{"line":557,"column":22}},"349":{"start":{"line":559,"column":8},"end":{"line":562,"column":9}},"350":{"start":{"line":560,"column":12},"end":{"line":560,"column":19}},"351":{"start":{"line":561,"column":12},"end":{"line":561,"column":21}},"352":{"start":{"line":563,"column":8},"end":{"line":566,"column":9}},"353":{"start":{"line":564,"column":12},"end":{"line":564,"column":19}},"354":{"start":{"line":565,"column":12},"end":{"line":565,"column":21}},"355":{"start":{"line":567,"column":8},"end":{"line":570,"column":9}},"356":{"start":{"line":568,"column":12},"end":{"line":568,"column":19}},"357":{"start":{"line":569,"column":12},"end":{"line":569,"column":21}},"358":{"start":{"line":571,"column":8},"end":{"line":573,"column":9}},"359":{"start":{"line":572,"column":12},"end":{"line":572,"column":16}},"360":{"start":{"line":574,"column":8},"end":{"line":574,"column":17}},"361":{"start":{"line":578,"column":18},"end":{"line":578,"column":45}},"362":{"start":{"line":579,"column":19},"end":{"line":579,"column":40}},"363":{"start":{"line":580,"column":8},"end":{"line":580,"column":43}},"364":{"start":{"line":583,"column":18},"end":{"line":583,"column":44}},"365":{"start":{"line":584,"column":8},"end":{"line":588,"column":9}},"366":{"start":{"line":584,"column":23},"end":{"line":584,"column":24}},"367":{"start":{"line":585,"column":24},"end":{"line":585,"column":38}},"368":{"start":{"line":586,"column":25},"end":{"line":586,"column":33}},"369":{"start":{"line":587,"column":12},"end":{"line":587,"column":54}},"370":{"start":{"line":589,"column":8},"end":{"line":589,"column":17}},"371":{"start":{"line":592,"column":8},"end":{"line":592,"column":42}},"372":{"start":{"line":596,"column":8},"end":{"line":597,"column":21}},"373":{"start":{"line":597,"column":12},"end":{"line":597,"column":21}},"374":{"start":{"line":598,"column":16},"end":{"line":598,"column":17}},"375":{"start":{"line":599,"column":8},"end":{"line":604,"column":9}},"376":{"start":{"line":599,"column":21},"end":{"line":599,"column":22}},"377":{"start":{"line":600,"column":22},"end":{"line":600,"column":54}},"378":{"start":{"line":601,"column":12},"end":{"line":601,"column":19}},"379":{"start":{"line":602,"column":12},"end":{"line":603,"column":22}},"380":{"start":{"line":603,"column":16},"end":{"line":603,"column":22}},"381":{"start":{"line":605,"column":8},"end":{"line":605,"column":17}},"382":{"start":{"line":608,"column":8},"end":{"line":608,"column":47}},"383":{"start":{"line":611,"column":8},"end":{"line":613,"column":9}},"384":{"start":{"line":612,"column":12},"end":{"line":612,"column":52}},"385":{"start":{"line":614,"column":8},"end":{"line":614,"column":28}},"386":{"start":{"line":617,"column":8},"end":{"line":619,"column":9}},"387":{"start":{"line":618,"column":12},"end":{"line":618,"column":52}},"388":{"start":{"line":620,"column":8},"end":{"line":620,"column":28}},"389":{"start":{"line":623,"column":8},"end":{"line":623,"column":35}},"390":{"start":{"line":627,"column":8},"end":{"line":627,"column":35}},"391":{"start":{"line":630,"column":8},"end":{"line":632,"column":9}},"392":{"start":{"line":631,"column":12},"end":{"line":631,"column":31}},"393":{"start":{"line":633,"column":8},"end":{"line":633,"column":20}},"394":{"start":{"line":637,"column":8},"end":{"line":639,"column":9}},"395":{"start":{"line":638,"column":12},"end":{"line":638,"column":42}},"396":{"start":{"line":640,"column":8},"end":{"line":642,"column":9}},"397":{"start":{"line":640,"column":21},"end":{"line":640,"column":22}},"398":{"start":{"line":641,"column":12},"end":{"line":641,"column":57}},"399":{"start":{"line":643,"column":8},"end":{"line":643,"column":28}},"400":{"start":{"line":646,"column":8},"end":{"line":646,"column":58}},"401":{"start":{"line":647,"column":8},"end":{"line":647,"column":30}},"402":{"start":{"line":651,"column":8},"end":{"line":652,"column":41}},"403":{"start":{"line":652,"column":12},"end":{"line":652,"column":41}},"404":{"start":{"line":653,"column":8},"end":{"line":653,"column":37}},"405":{"start":{"line":656,"column":8},"end":{"line":657,"column":42}},"406":{"start":{"line":657,"column":12},"end":{"line":657,"column":42}},"407":{"start":{"line":658,"column":8},"end":{"line":658,"column":38}},"408":{"start":{"line":662,"column":26},"end":{"line":662,"column":59}},"409":{"start":{"line":663,"column":8},"end":{"line":665,"column":9}},"410":{"start":{"line":663,"column":21},"end":{"line":663,"column":22}},"411":{"start":{"line":664,"column":12},"end":{"line":664,"column":57}},"412":{"start":{"line":666,"column":8},"end":{"line":666,"column":32}},"413":{"start":{"line":667,"column":8},"end":{"line":667,"column":28}},"414":{"start":{"line":670,"column":8},"end":{"line":670,"column":58}},"415":{"start":{"line":671,"column":8},"end":{"line":671,"column":31}},"416":{"start":{"line":675,"column":8},"end":{"line":676,"column":42}},"417":{"start":{"line":676,"column":12},"end":{"line":676,"column":42}},"418":{"start":{"line":677,"column":8},"end":{"line":677,"column":38}},"419":{"start":{"line":680,"column":8},"end":{"line":681,"column":43}},"420":{"start":{"line":681,"column":12},"end":{"line":681,"column":43}},"421":{"start":{"line":682,"column":8},"end":{"line":682,"column":39}},"422":{"start":{"line":686,"column":8},"end":{"line":699,"column":9}},"423":{"start":{"line":687,"column":12},"end":{"line":689,"column":13}},"424":{"start":{"line":687,"column":25},"end":{"line":687,"column":26}},"425":{"start":{"line":688,"column":16},"end":{"line":688,"column":61}},"426":{"start":{"line":692,"column":12},"end":{"line":694,"column":13}},"427":{"start":{"line":692,"column":25},"end":{"line":692,"column":26}},"428":{"start":{"line":693,"column":16},"end":{"line":693,"column":61}},"429":{"start":{"line":695,"column":12},"end":{"line":697,"column":13}},"430":{"start":{"line":695,"column":25},"end":{"line":695,"column":36}},"431":{"start":{"line":696,"column":16},"end":{"line":696,"column":45}},"432":{"start":{"line":698,"column":12},"end":{"line":698,"column":37}},"433":{"start":{"line":700,"column":8},"end":{"line":700,"column":28}},"434":{"start":{"line":703,"column":8},"end":{"line":703,"column":92}},"435":{"start":{"line":704,"column":8},"end":{"line":704,"column":31}},"436":{"start":{"line":708,"column":8},"end":{"line":709,"column":42}},"437":{"start":{"line":709,"column":12},"end":{"line":709,"column":42}},"438":{"start":{"line":710,"column":8},"end":{"line":710,"column":38}},"439":{"start":{"line":713,"column":8},"end":{"line":714,"column":43}},"440":{"start":{"line":714,"column":12},"end":{"line":714,"column":43}},"441":{"start":{"line":715,"column":8},"end":{"line":715,"column":39}},"442":{"start":{"line":719,"column":8},"end":{"line":719,"column":113}},"443":{"start":{"line":720,"column":26},"end":{"line":720,"column":51}},"444":{"start":{"line":721,"column":25},"end":{"line":721,"column":35}},"445":{"start":{"line":723,"column":8},"end":{"line":723,"column":33}},"446":{"start":{"line":724,"column":8},"end":{"line":726,"column":9}},"447":{"start":{"line":725,"column":12},"end":{"line":725,"column":26}},"448":{"start":{"line":728,"column":16},"end":{"line":728,"column":17}},"449":{"start":{"line":729,"column":8},"end":{"line":731,"column":9}},"450":{"start":{"line":730,"column":12},"end":{"line":730,"column":55}},"451":{"start":{"line":733,"column":8},"end":{"line":735,"column":9}},"452":{"start":{"line":734,"column":12},"end":{"line":734,"column":76}},"453":{"start":{"line":737,"column":8},"end":{"line":737,"column":28}},"454":{"start":{"line":740,"column":8},"end":{"line":740,"column":41}},"455":{"start":{"line":744,"column":8},"end":{"line":744,"column":57}},"456":{"start":{"line":745,"column":20},"end":{"line":745,"column":34}},"457":{"start":{"line":746,"column":21},"end":{"line":746,"column":29}},"458":{"start":{"line":747,"column":8},"end":{"line":747,"column":29}},"459":{"start":{"line":748,"column":8},"end":{"line":753,"column":9}},"460":{"start":{"line":749,"column":12},"end":{"line":749,"column":60}},"461":{"start":{"line":752,"column":12},"end":{"line":752,"column":61}},"462":{"start":{"line":754,"column":8},"end":{"line":754,"column":28}},"463":{"start":{"line":760,"column":8},"end":{"line":772,"column":9}},"464":{"start":{"line":761,"column":12},"end":{"line":761,"column":30}},"465":{"start":{"line":762,"column":12},"end":{"line":762,"column":31}},"466":{"start":{"line":763,"column":12},"end":{"line":763,"column":31}},"467":{"start":{"line":764,"column":12},"end":{"line":764,"column":35}},"468":{"start":{"line":767,"column":13},"end":{"line":772,"column":9}},"469":{"start":{"line":768,"column":12},"end":{"line":768,"column":29}},"470":{"start":{"line":769,"column":12},"end":{"line":769,"column":31}},"471":{"start":{"line":770,"column":12},"end":{"line":770,"column":29}},"472":{"start":{"line":771,"column":12},"end":{"line":771,"column":32}},"473":{"start":{"line":775,"column":8},"end":{"line":784,"column":9}},"474":{"start":{"line":777,"column":12},"end":{"line":777,"column":21}},"475":{"start":{"line":778,"column":12},"end":{"line":778,"column":20}},"476":{"start":{"line":781,"column":12},"end":{"line":781,"column":20}},"477":{"start":{"line":783,"column":12},"end":{"line":783,"column":21}},"478":{"start":{"line":785,"column":20},"end":{"line":785,"column":21}},"479":{"start":{"line":786,"column":16},"end":{"line":786,"column":17}},"480":{"start":{"line":787,"column":8},"end":{"line":791,"column":9}},"481":{"start":{"line":788,"column":12},"end":{"line":788,"column":60}},"482":{"start":{"line":789,"column":12},"end":{"line":789,"column":42}},"483":{"start":{"line":790,"column":12},"end":{"line":790,"column":29}},"484":{"start":{"line":792,"column":8},"end":{"line":796,"column":9}},"485":{"start":{"line":793,"column":12},"end":{"line":793,"column":41}},"486":{"start":{"line":794,"column":12},"end":{"line":794,"column":42}},"487":{"start":{"line":795,"column":12},"end":{"line":795,"column":29}},"488":{"start":{"line":797,"column":8},"end":{"line":797,"column":31}},"489":{"start":{"line":798,"column":8},"end":{"line":807,"column":9}},"490":{"start":{"line":799,"column":12},"end":{"line":799,"column":44}},"491":{"start":{"line":800,"column":12},"end":{"line":800,"column":26}},"492":{"start":{"line":803,"column":13},"end":{"line":807,"column":9}},"493":{"start":{"line":804,"column":12},"end":{"line":806,"column":13}},"494":{"start":{"line":805,"column":16},"end":{"line":805,"column":43}},"495":{"start":{"line":808,"column":8},"end":{"line":808,"column":20}},"496":{"start":{"line":813,"column":8},"end":{"line":824,"column":9}},"497":{"start":{"line":814,"column":12},"end":{"line":814,"column":29}},"498":{"start":{"line":815,"column":12},"end":{"line":815,"column":32}},"499":{"start":{"line":816,"column":12},"end":{"line":816,"column":30}},"500":{"start":{"line":817,"column":12},"end":{"line":817,"column":23}},"501":{"start":{"line":819,"column":13},"end":{"line":824,"column":9}},"502":{"start":{"line":820,"column":12},"end":{"line":820,"column":30}},"503":{"start":{"line":821,"column":12},"end":{"line":821,"column":32}},"504":{"start":{"line":822,"column":12},"end":{"line":822,"column":30}},"505":{"start":{"line":823,"column":12},"end":{"line":823,"column":23}},"506":{"start":{"line":825,"column":8},"end":{"line":826,"column":42}},"507":{"start":{"line":826,"column":12},"end":{"line":826,"column":42}},"508":{"start":{"line":827,"column":8},"end":{"line":827,"column":38}},"509":{"start":{"line":833,"column":8},"end":{"line":845,"column":9}},"510":{"start":{"line":834,"column":12},"end":{"line":834,"column":29}},"511":{"start":{"line":835,"column":12},"end":{"line":835,"column":31}},"512":{"start":{"line":836,"column":12},"end":{"line":836,"column":29}},"513":{"start":{"line":837,"column":12},"end":{"line":837,"column":32}},"514":{"start":{"line":840,"column":13},"end":{"line":845,"column":9}},"515":{"start":{"line":841,"column":12},"end":{"line":841,"column":30}},"516":{"start":{"line":842,"column":12},"end":{"line":842,"column":27}},"517":{"start":{"line":843,"column":12},"end":{"line":843,"column":30}},"518":{"start":{"line":844,"column":12},"end":{"line":844,"column":35}},"519":{"start":{"line":847,"column":20},"end":{"line":847,"column":33}},"520":{"start":{"line":849,"column":8},"end":{"line":854,"column":9}},"521":{"start":{"line":850,"column":12},"end":{"line":850,"column":30}},"522":{"start":{"line":851,"column":12},"end":{"line":851,"column":28}},"523":{"start":{"line":852,"column":12},"end":{"line":852,"column":30}},"524":{"start":{"line":853,"column":12},"end":{"line":853,"column":24}},"525":{"start":{"line":857,"column":8},"end":{"line":866,"column":9}},"526":{"start":{"line":859,"column":12},"end":{"line":859,"column":21}},"527":{"start":{"line":860,"column":12},"end":{"line":860,"column":20}},"528":{"start":{"line":863,"column":12},"end":{"line":863,"column":20}},"529":{"start":{"line":865,"column":12},"end":{"line":865,"column":21}},"530":{"start":{"line":867,"column":20},"end":{"line":867,"column":21}},"531":{"start":{"line":868,"column":16},"end":{"line":868,"column":17}},"532":{"start":{"line":869,"column":8},"end":{"line":873,"column":9}},"533":{"start":{"line":870,"column":12},"end":{"line":870,"column":60}},"534":{"start":{"line":871,"column":12},"end":{"line":871,"column":28}},"535":{"start":{"line":872,"column":12},"end":{"line":872,"column":42}},"536":{"start":{"line":874,"column":8},"end":{"line":878,"column":9}},"537":{"start":{"line":875,"column":12},"end":{"line":875,"column":41}},"538":{"start":{"line":876,"column":12},"end":{"line":876,"column":28}},"539":{"start":{"line":877,"column":12},"end":{"line":877,"column":42}},"540":{"start":{"line":880,"column":8},"end":{"line":884,"column":9}},"541":{"start":{"line":881,"column":12},"end":{"line":883,"column":13}},"542":{"start":{"line":882,"column":16},"end":{"line":882,"column":43}},"543":{"start":{"line":885,"column":8},"end":{"line":885,"column":47}},"544":{"start":{"line":886,"column":8},"end":{"line":888,"column":9}},"545":{"start":{"line":887,"column":12},"end":{"line":887,"column":30}},"546":{"start":{"line":889,"column":8},"end":{"line":889,"column":28}},"547":{"start":{"line":893,"column":8},"end":{"line":893,"column":38}},"548":{"start":{"line":896,"column":8},"end":{"line":896,"column":52}},"549":{"start":{"line":897,"column":18},"end":{"line":897,"column":48}},"550":{"start":{"line":898,"column":8},"end":{"line":898,"column":25}},"551":{"start":{"line":899,"column":8},"end":{"line":899,"column":28}},"552":{"start":{"line":901,"column":16},"end":{"line":901,"column":33}},"553":{"start":{"line":902,"column":16},"end":{"line":902,"column":32}},"554":{"start":{"line":903,"column":16},"end":{"line":903,"column":21}},"555":{"start":{"line":904,"column":19},"end":{"line":904,"column":32}},"556":{"start":{"line":905,"column":20},"end":{"line":905,"column":39}},"557":{"start":{"line":906,"column":8},"end":{"line":906,"column":26}},"558":{"start":{"line":907,"column":16},"end":{"line":907,"column":17}},"559":{"start":{"line":908,"column":8},"end":{"line":924,"column":9}},"560":{"start":{"line":911,"column":25},"end":{"line":911,"column":37}},"561":{"start":{"line":912,"column":24},"end":{"line":912,"column":41}},"562":{"start":{"line":913,"column":25},"end":{"line":913,"column":52}},"563":{"start":{"line":914,"column":12},"end":{"line":921,"column":13}},"564":{"start":{"line":914,"column":25},"end":{"line":914,"column":57}},"565":{"start":{"line":915,"column":26},"end":{"line":915,"column":37}},"566":{"start":{"line":916,"column":16},"end":{"line":916,"column":38}},"567":{"start":{"line":917,"column":16},"end":{"line":917,"column":37}},"568":{"start":{"line":918,"column":16},"end":{"line":918,"column":34}},"569":{"start":{"line":919,"column":16},"end":{"line":919,"column":46}},"570":{"start":{"line":920,"column":16},"end":{"line":920,"column":38}},"571":{"start":{"line":922,"column":12},"end":{"line":922,"column":37}},"572":{"start":{"line":923,"column":12},"end":{"line":923,"column":31}},"573":{"start":{"line":925,"column":8},"end":{"line":930,"column":9}},"574":{"start":{"line":926,"column":12},"end":{"line":926,"column":37}},"575":{"start":{"line":929,"column":12},"end":{"line":929,"column":25}},"576":{"start":{"line":931,"column":8},"end":{"line":931,"column":27}},"577":{"start":{"line":934,"column":18},"end":{"line":934,"column":28}},"578":{"start":{"line":935,"column":18},"end":{"line":935,"column":27}},"579":{"start":{"line":936,"column":18},"end":{"line":936,"column":27}},"580":{"start":{"line":937,"column":16},"end":{"line":937,"column":17}},"581":{"start":{"line":941,"column":19},"end":{"line":941,"column":27}},"582":{"start":{"line":942,"column":20},"end":{"line":942,"column":31}},"583":{"start":{"line":943,"column":20},"end":{"line":943,"column":29}},"584":{"start":{"line":944,"column":19},"end":{"line":944,"column":27}},"585":{"start":{"line":945,"column":20},"end":{"line":945,"column":31}},"586":{"start":{"line":946,"column":20},"end":{"line":946,"column":29}},"587":{"start":{"line":947,"column":19},"end":{"line":947,"column":27}},"588":{"start":{"line":948,"column":20},"end":{"line":948,"column":31}},"589":{"start":{"line":949,"column":20},"end":{"line":949,"column":29}},"590":{"start":{"line":950,"column":19},"end":{"line":950,"column":27}},"591":{"start":{"line":951,"column":20},"end":{"line":951,"column":31}},"592":{"start":{"line":952,"column":20},"end":{"line":952,"column":29}},"593":{"start":{"line":953,"column":19},"end":{"line":953,"column":27}},"594":{"start":{"line":954,"column":20},"end":{"line":954,"column":31}},"595":{"start":{"line":955,"column":20},"end":{"line":955,"column":29}},"596":{"start":{"line":956,"column":19},"end":{"line":956,"column":27}},"597":{"start":{"line":957,"column":20},"end":{"line":957,"column":31}},"598":{"start":{"line":958,"column":20},"end":{"line":958,"column":29}},"599":{"start":{"line":959,"column":19},"end":{"line":959,"column":27}},"600":{"start":{"line":960,"column":20},"end":{"line":960,"column":31}},"601":{"start":{"line":961,"column":20},"end":{"line":961,"column":29}},"602":{"start":{"line":962,"column":19},"end":{"line":962,"column":27}},"603":{"start":{"line":963,"column":20},"end":{"line":963,"column":31}},"604":{"start":{"line":964,"column":20},"end":{"line":964,"column":29}},"605":{"start":{"line":965,"column":19},"end":{"line":965,"column":27}},"606":{"start":{"line":966,"column":20},"end":{"line":966,"column":31}},"607":{"start":{"line":967,"column":20},"end":{"line":967,"column":29}},"608":{"start":{"line":968,"column":19},"end":{"line":968,"column":27}},"609":{"start":{"line":969,"column":20},"end":{"line":969,"column":31}},"610":{"start":{"line":970,"column":20},"end":{"line":970,"column":29}},"611":{"start":{"line":971,"column":19},"end":{"line":971,"column":27}},"612":{"start":{"line":972,"column":20},"end":{"line":972,"column":31}},"613":{"start":{"line":973,"column":20},"end":{"line":973,"column":29}},"614":{"start":{"line":974,"column":19},"end":{"line":974,"column":27}},"615":{"start":{"line":975,"column":20},"end":{"line":975,"column":31}},"616":{"start":{"line":976,"column":20},"end":{"line":976,"column":29}},"617":{"start":{"line":977,"column":19},"end":{"line":977,"column":27}},"618":{"start":{"line":978,"column":20},"end":{"line":978,"column":31}},"619":{"start":{"line":979,"column":20},"end":{"line":979,"column":29}},"620":{"start":{"line":980,"column":19},"end":{"line":980,"column":27}},"621":{"start":{"line":981,"column":20},"end":{"line":981,"column":31}},"622":{"start":{"line":982,"column":20},"end":{"line":982,"column":29}},"623":{"start":{"line":983,"column":19},"end":{"line":983,"column":27}},"624":{"start":{"line":984,"column":20},"end":{"line":984,"column":31}},"625":{"start":{"line":985,"column":20},"end":{"line":985,"column":29}},"626":{"start":{"line":986,"column":19},"end":{"line":986,"column":27}},"627":{"start":{"line":987,"column":20},"end":{"line":987,"column":31}},"628":{"start":{"line":988,"column":20},"end":{"line":988,"column":29}},"629":{"start":{"line":989,"column":19},"end":{"line":989,"column":27}},"630":{"start":{"line":990,"column":20},"end":{"line":990,"column":31}},"631":{"start":{"line":991,"column":20},"end":{"line":991,"column":29}},"632":{"start":{"line":992,"column":19},"end":{"line":992,"column":27}},"633":{"start":{"line":993,"column":20},"end":{"line":993,"column":31}},"634":{"start":{"line":994,"column":20},"end":{"line":994,"column":29}},"635":{"start":{"line":995,"column":19},"end":{"line":995,"column":27}},"636":{"start":{"line":996,"column":20},"end":{"line":996,"column":31}},"637":{"start":{"line":997,"column":20},"end":{"line":997,"column":29}},"638":{"start":{"line":998,"column":19},"end":{"line":998,"column":27}},"639":{"start":{"line":999,"column":20},"end":{"line":999,"column":31}},"640":{"start":{"line":1000,"column":20},"end":{"line":1000,"column":29}},"641":{"start":{"line":1001,"column":8},"end":{"line":1001,"column":52}},"642":{"start":{"line":1002,"column":8},"end":{"line":1002,"column":24}},"643":{"start":{"line":1004,"column":8},"end":{"line":1004,"column":33}},"644":{"start":{"line":1005,"column":8},"end":{"line":1005,"column":34}},"645":{"start":{"line":1006,"column":8},"end":{"line":1006,"column":46}},"646":{"start":{"line":1007,"column":8},"end":{"line":1007,"column":33}},"647":{"start":{"line":1008,"column":17},"end":{"line":1008,"column":62}},"648":{"start":{"line":1009,"column":8},"end":{"line":1009,"column":58}},"649":{"start":{"line":1010,"column":8},"end":{"line":1010,"column":24}},"650":{"start":{"line":1012,"column":8},"end":{"line":1012,"column":33}},"651":{"start":{"line":1013,"column":8},"end":{"line":1013,"column":34}},"652":{"start":{"line":1014,"column":8},"end":{"line":1014,"column":46}},"653":{"start":{"line":1015,"column":8},"end":{"line":1015,"column":33}},"654":{"start":{"line":1016,"column":8},"end":{"line":1016,"column":44}},"655":{"start":{"line":1017,"column":8},"end":{"line":1017,"column":46}},"656":{"start":{"line":1018,"column":8},"end":{"line":1018,"column":46}},"657":{"start":{"line":1019,"column":8},"end":{"line":1019,"column":44}},"658":{"start":{"line":1020,"column":17},"end":{"line":1020,"column":62}},"659":{"start":{"line":1021,"column":8},"end":{"line":1021,"column":58}},"660":{"start":{"line":1022,"column":8},"end":{"line":1022,"column":24}},"661":{"start":{"line":1024,"column":8},"end":{"line":1024,"column":33}},"662":{"start":{"line":1025,"column":8},"end":{"line":1025,"column":34}},"663":{"start":{"line":1026,"column":8},"end":{"line":1026,"column":46}},"664":{"start":{"line":1027,"column":8},"end":{"line":1027,"column":33}},"665":{"start":{"line":1028,"column":8},"end":{"line":1028,"column":44}},"666":{"start":{"line":1029,"column":8},"end":{"line":1029,"column":46}},"667":{"start":{"line":1030,"column":8},"end":{"line":1030,"column":46}},"668":{"start":{"line":1031,"column":8},"end":{"line":1031,"column":44}},"669":{"start":{"line":1032,"column":8},"end":{"line":1032,"column":44}},"670":{"start":{"line":1033,"column":8},"end":{"line":1033,"column":46}},"671":{"start":{"line":1034,"column":8},"end":{"line":1034,"column":46}},"672":{"start":{"line":1035,"column":8},"end":{"line":1035,"column":44}},"673":{"start":{"line":1036,"column":17},"end":{"line":1036,"column":62}},"674":{"start":{"line":1037,"column":8},"end":{"line":1037,"column":58}},"675":{"start":{"line":1038,"column":8},"end":{"line":1038,"column":24}},"676":{"start":{"line":1040,"column":8},"end":{"line":1040,"column":33}},"677":{"start":{"line":1041,"column":8},"end":{"line":1041,"column":34}},"678":{"start":{"line":1042,"column":8},"end":{"line":1042,"column":46}},"679":{"start":{"line":1043,"column":8},"end":{"line":1043,"column":33}},"680":{"start":{"line":1044,"column":8},"end":{"line":1044,"column":44}},"681":{"start":{"line":1045,"column":8},"end":{"line":1045,"column":46}},"682":{"start":{"line":1046,"column":8},"end":{"line":1046,"column":46}},"683":{"start":{"line":1047,"column":8},"end":{"line":1047,"column":44}},"684":{"start":{"line":1048,"column":8},"end":{"line":1048,"column":44}},"685":{"start":{"line":1049,"column":8},"end":{"line":1049,"column":46}},"686":{"start":{"line":1050,"column":8},"end":{"line":1050,"column":46}},"687":{"start":{"line":1051,"column":8},"end":{"line":1051,"column":44}},"688":{"start":{"line":1052,"column":8},"end":{"line":1052,"column":44}},"689":{"start":{"line":1053,"column":8},"end":{"line":1053,"column":46}},"690":{"start":{"line":1054,"column":8},"end":{"line":1054,"column":46}},"691":{"start":{"line":1055,"column":8},"end":{"line":1055,"column":44}},"692":{"start":{"line":1056,"column":17},"end":{"line":1056,"column":62}},"693":{"start":{"line":1057,"column":8},"end":{"line":1057,"column":58}},"694":{"start":{"line":1058,"column":8},"end":{"line":1058,"column":24}},"695":{"start":{"line":1060,"column":8},"end":{"line":1060,"column":33}},"696":{"start":{"line":1061,"column":8},"end":{"line":1061,"column":34}},"697":{"start":{"line":1062,"column":8},"end":{"line":1062,"column":46}},"698":{"start":{"line":1063,"column":8},"end":{"line":1063,"column":33}},"699":{"start":{"line":1064,"column":8},"end":{"line":1064,"column":44}},"700":{"start":{"line":1065,"column":8},"end":{"line":1065,"column":46}},"701":{"start":{"line":1066,"column":8},"end":{"line":1066,"column":46}},"702":{"start":{"line":1067,"column":8},"end":{"line":1067,"column":44}},"703":{"start":{"line":1068,"column":8},"end":{"line":1068,"column":44}},"704":{"start":{"line":1069,"column":8},"end":{"line":1069,"column":46}},"705":{"start":{"line":1070,"column":8},"end":{"line":1070,"column":46}},"706":{"start":{"line":1071,"column":8},"end":{"line":1071,"column":44}},"707":{"start":{"line":1072,"column":8},"end":{"line":1072,"column":44}},"708":{"start":{"line":1073,"column":8},"end":{"line":1073,"column":46}},"709":{"start":{"line":1074,"column":8},"end":{"line":1074,"column":46}},"710":{"start":{"line":1075,"column":8},"end":{"line":1075,"column":44}},"711":{"start":{"line":1076,"column":8},"end":{"line":1076,"column":44}},"712":{"start":{"line":1077,"column":8},"end":{"line":1077,"column":46}},"713":{"start":{"line":1078,"column":8},"end":{"line":1078,"column":46}},"714":{"start":{"line":1079,"column":8},"end":{"line":1079,"column":44}},"715":{"start":{"line":1080,"column":17},"end":{"line":1080,"column":62}},"716":{"start":{"line":1081,"column":8},"end":{"line":1081,"column":58}},"717":{"start":{"line":1082,"column":8},"end":{"line":1082,"column":24}},"718":{"start":{"line":1084,"column":8},"end":{"line":1084,"column":33}},"719":{"start":{"line":1085,"column":8},"end":{"line":1085,"column":34}},"720":{"start":{"line":1086,"column":8},"end":{"line":1086,"column":46}},"721":{"start":{"line":1087,"column":8},"end":{"line":1087,"column":33}},"722":{"start":{"line":1088,"column":8},"end":{"line":1088,"column":44}},"723":{"start":{"line":1089,"column":8},"end":{"line":1089,"column":46}},"724":{"start":{"line":1090,"column":8},"end":{"line":1090,"column":46}},"725":{"start":{"line":1091,"column":8},"end":{"line":1091,"column":44}},"726":{"start":{"line":1092,"column":8},"end":{"line":1092,"column":44}},"727":{"start":{"line":1093,"column":8},"end":{"line":1093,"column":46}},"728":{"start":{"line":1094,"column":8},"end":{"line":1094,"column":46}},"729":{"start":{"line":1095,"column":8},"end":{"line":1095,"column":44}},"730":{"start":{"line":1096,"column":8},"end":{"line":1096,"column":44}},"731":{"start":{"line":1097,"column":8},"end":{"line":1097,"column":46}},"732":{"start":{"line":1098,"column":8},"end":{"line":1098,"column":46}},"733":{"start":{"line":1099,"column":8},"end":{"line":1099,"column":44}},"734":{"start":{"line":1100,"column":8},"end":{"line":1100,"column":44}},"735":{"start":{"line":1101,"column":8},"end":{"line":1101,"column":46}},"736":{"start":{"line":1102,"column":8},"end":{"line":1102,"column":46}},"737":{"start":{"line":1103,"column":8},"end":{"line":1103,"column":44}},"738":{"start":{"line":1104,"column":8},"end":{"line":1104,"column":44}},"739":{"start":{"line":1105,"column":8},"end":{"line":1105,"column":46}},"740":{"start":{"line":1106,"column":8},"end":{"line":1106,"column":46}},"741":{"start":{"line":1107,"column":8},"end":{"line":1107,"column":44}},"742":{"start":{"line":1108,"column":17},"end":{"line":1108,"column":62}},"743":{"start":{"line":1109,"column":8},"end":{"line":1109,"column":58}},"744":{"start":{"line":1110,"column":8},"end":{"line":1110,"column":24}},"745":{"start":{"line":1112,"column":8},"end":{"line":1112,"column":33}},"746":{"start":{"line":1113,"column":8},"end":{"line":1113,"column":34}},"747":{"start":{"line":1114,"column":8},"end":{"line":1114,"column":46}},"748":{"start":{"line":1115,"column":8},"end":{"line":1115,"column":33}},"749":{"start":{"line":1116,"column":8},"end":{"line":1116,"column":44}},"750":{"start":{"line":1117,"column":8},"end":{"line":1117,"column":46}},"751":{"start":{"line":1118,"column":8},"end":{"line":1118,"column":46}},"752":{"start":{"line":1119,"column":8},"end":{"line":1119,"column":44}},"753":{"start":{"line":1120,"column":8},"end":{"line":1120,"column":44}},"754":{"start":{"line":1121,"column":8},"end":{"line":1121,"column":46}},"755":{"start":{"line":1122,"column":8},"end":{"line":1122,"column":46}},"756":{"start":{"line":1123,"column":8},"end":{"line":1123,"column":44}},"757":{"start":{"line":1124,"column":8},"end":{"line":1124,"column":44}},"758":{"start":{"line":1125,"column":8},"end":{"line":1125,"column":46}},"759":{"start":{"line":1126,"column":8},"end":{"line":1126,"column":46}},"760":{"start":{"line":1127,"column":8},"end":{"line":1127,"column":44}},"761":{"start":{"line":1128,"column":8},"end":{"line":1128,"column":44}},"762":{"start":{"line":1129,"column":8},"end":{"line":1129,"column":46}},"763":{"start":{"line":1130,"column":8},"end":{"line":1130,"column":46}},"764":{"start":{"line":1131,"column":8},"end":{"line":1131,"column":44}},"765":{"start":{"line":1132,"column":8},"end":{"line":1132,"column":44}},"766":{"start":{"line":1133,"column":8},"end":{"line":1133,"column":46}},"767":{"start":{"line":1134,"column":8},"end":{"line":1134,"column":46}},"768":{"start":{"line":1135,"column":8},"end":{"line":1135,"column":44}},"769":{"start":{"line":1136,"column":8},"end":{"line":1136,"column":44}},"770":{"start":{"line":1137,"column":8},"end":{"line":1137,"column":46}},"771":{"start":{"line":1138,"column":8},"end":{"line":1138,"column":46}},"772":{"start":{"line":1139,"column":8},"end":{"line":1139,"column":44}},"773":{"start":{"line":1140,"column":17},"end":{"line":1140,"column":62}},"774":{"start":{"line":1141,"column":8},"end":{"line":1141,"column":58}},"775":{"start":{"line":1142,"column":8},"end":{"line":1142,"column":24}},"776":{"start":{"line":1144,"column":8},"end":{"line":1144,"column":33}},"777":{"start":{"line":1145,"column":8},"end":{"line":1145,"column":34}},"778":{"start":{"line":1146,"column":8},"end":{"line":1146,"column":46}},"779":{"start":{"line":1147,"column":8},"end":{"line":1147,"column":33}},"780":{"start":{"line":1148,"column":8},"end":{"line":1148,"column":44}},"781":{"start":{"line":1149,"column":8},"end":{"line":1149,"column":46}},"782":{"start":{"line":1150,"column":8},"end":{"line":1150,"column":46}},"783":{"start":{"line":1151,"column":8},"end":{"line":1151,"column":44}},"784":{"start":{"line":1152,"column":8},"end":{"line":1152,"column":44}},"785":{"start":{"line":1153,"column":8},"end":{"line":1153,"column":46}},"786":{"start":{"line":1154,"column":8},"end":{"line":1154,"column":46}},"787":{"start":{"line":1155,"column":8},"end":{"line":1155,"column":44}},"788":{"start":{"line":1156,"column":8},"end":{"line":1156,"column":44}},"789":{"start":{"line":1157,"column":8},"end":{"line":1157,"column":46}},"790":{"start":{"line":1158,"column":8},"end":{"line":1158,"column":46}},"791":{"start":{"line":1159,"column":8},"end":{"line":1159,"column":44}},"792":{"start":{"line":1160,"column":8},"end":{"line":1160,"column":44}},"793":{"start":{"line":1161,"column":8},"end":{"line":1161,"column":46}},"794":{"start":{"line":1162,"column":8},"end":{"line":1162,"column":46}},"795":{"start":{"line":1163,"column":8},"end":{"line":1163,"column":44}},"796":{"start":{"line":1164,"column":8},"end":{"line":1164,"column":44}},"797":{"start":{"line":1165,"column":8},"end":{"line":1165,"column":46}},"798":{"start":{"line":1166,"column":8},"end":{"line":1166,"column":46}},"799":{"start":{"line":1167,"column":8},"end":{"line":1167,"column":44}},"800":{"start":{"line":1168,"column":8},"end":{"line":1168,"column":44}},"801":{"start":{"line":1169,"column":8},"end":{"line":1169,"column":46}},"802":{"start":{"line":1170,"column":8},"end":{"line":1170,"column":46}},"803":{"start":{"line":1171,"column":8},"end":{"line":1171,"column":44}},"804":{"start":{"line":1172,"column":8},"end":{"line":1172,"column":44}},"805":{"start":{"line":1173,"column":8},"end":{"line":1173,"column":46}},"806":{"start":{"line":1174,"column":8},"end":{"line":1174,"column":46}},"807":{"start":{"line":1175,"column":8},"end":{"line":1175,"column":44}},"808":{"start":{"line":1176,"column":17},"end":{"line":1176,"column":62}},"809":{"start":{"line":1177,"column":8},"end":{"line":1177,"column":58}},"810":{"start":{"line":1178,"column":8},"end":{"line":1178,"column":24}},"811":{"start":{"line":1180,"column":8},"end":{"line":1180,"column":33}},"812":{"start":{"line":1181,"column":8},"end":{"line":1181,"column":34}},"813":{"start":{"line":1182,"column":8},"end":{"line":1182,"column":46}},"814":{"start":{"line":1183,"column":8},"end":{"line":1183,"column":33}},"815":{"start":{"line":1184,"column":8},"end":{"line":1184,"column":44}},"816":{"start":{"line":1185,"column":8},"end":{"line":1185,"column":46}},"817":{"start":{"line":1186,"column":8},"end":{"line":1186,"column":46}},"818":{"start":{"line":1187,"column":8},"end":{"line":1187,"column":44}},"819":{"start":{"line":1188,"column":8},"end":{"line":1188,"column":44}},"820":{"start":{"line":1189,"column":8},"end":{"line":1189,"column":46}},"821":{"start":{"line":1190,"column":8},"end":{"line":1190,"column":46}},"822":{"start":{"line":1191,"column":8},"end":{"line":1191,"column":44}},"823":{"start":{"line":1192,"column":8},"end":{"line":1192,"column":44}},"824":{"start":{"line":1193,"column":8},"end":{"line":1193,"column":46}},"825":{"start":{"line":1194,"column":8},"end":{"line":1194,"column":46}},"826":{"start":{"line":1195,"column":8},"end":{"line":1195,"column":44}},"827":{"start":{"line":1196,"column":8},"end":{"line":1196,"column":44}},"828":{"start":{"line":1197,"column":8},"end":{"line":1197,"column":46}},"829":{"start":{"line":1198,"column":8},"end":{"line":1198,"column":46}},"830":{"start":{"line":1199,"column":8},"end":{"line":1199,"column":44}},"831":{"start":{"line":1200,"column":8},"end":{"line":1200,"column":44}},"832":{"start":{"line":1201,"column":8},"end":{"line":1201,"column":46}},"833":{"start":{"line":1202,"column":8},"end":{"line":1202,"column":46}},"834":{"start":{"line":1203,"column":8},"end":{"line":1203,"column":44}},"835":{"start":{"line":1204,"column":8},"end":{"line":1204,"column":44}},"836":{"start":{"line":1205,"column":8},"end":{"line":1205,"column":46}},"837":{"start":{"line":1206,"column":8},"end":{"line":1206,"column":46}},"838":{"start":{"line":1207,"column":8},"end":{"line":1207,"column":44}},"839":{"start":{"line":1208,"column":8},"end":{"line":1208,"column":44}},"840":{"start":{"line":1209,"column":8},"end":{"line":1209,"column":46}},"841":{"start":{"line":1210,"column":8},"end":{"line":1210,"column":46}},"842":{"start":{"line":1211,"column":8},"end":{"line":1211,"column":44}},"843":{"start":{"line":1212,"column":8},"end":{"line":1212,"column":44}},"844":{"start":{"line":1213,"column":8},"end":{"line":1213,"column":46}},"845":{"start":{"line":1214,"column":8},"end":{"line":1214,"column":46}},"846":{"start":{"line":1215,"column":8},"end":{"line":1215,"column":44}},"847":{"start":{"line":1216,"column":17},"end":{"line":1216,"column":62}},"848":{"start":{"line":1217,"column":8},"end":{"line":1217,"column":58}},"849":{"start":{"line":1218,"column":8},"end":{"line":1218,"column":24}},"850":{"start":{"line":1220,"column":8},"end":{"line":1220,"column":33}},"851":{"start":{"line":1221,"column":8},"end":{"line":1221,"column":34}},"852":{"start":{"line":1222,"column":8},"end":{"line":1222,"column":46}},"853":{"start":{"line":1223,"column":8},"end":{"line":1223,"column":33}},"854":{"start":{"line":1224,"column":8},"end":{"line":1224,"column":44}},"855":{"start":{"line":1225,"column":8},"end":{"line":1225,"column":46}},"856":{"start":{"line":1226,"column":8},"end":{"line":1226,"column":46}},"857":{"start":{"line":1227,"column":8},"end":{"line":1227,"column":44}},"858":{"start":{"line":1228,"column":8},"end":{"line":1228,"column":44}},"859":{"start":{"line":1229,"column":8},"end":{"line":1229,"column":46}},"860":{"start":{"line":1230,"column":8},"end":{"line":1230,"column":46}},"861":{"start":{"line":1231,"column":8},"end":{"line":1231,"column":44}},"862":{"start":{"line":1232,"column":8},"end":{"line":1232,"column":44}},"863":{"start":{"line":1233,"column":8},"end":{"line":1233,"column":46}},"864":{"start":{"line":1234,"column":8},"end":{"line":1234,"column":46}},"865":{"start":{"line":1235,"column":8},"end":{"line":1235,"column":44}},"866":{"start":{"line":1236,"column":8},"end":{"line":1236,"column":44}},"867":{"start":{"line":1237,"column":8},"end":{"line":1237,"column":46}},"868":{"start":{"line":1238,"column":8},"end":{"line":1238,"column":46}},"869":{"start":{"line":1239,"column":8},"end":{"line":1239,"column":44}},"870":{"start":{"line":1240,"column":8},"end":{"line":1240,"column":44}},"871":{"start":{"line":1241,"column":8},"end":{"line":1241,"column":46}},"872":{"start":{"line":1242,"column":8},"end":{"line":1242,"column":46}},"873":{"start":{"line":1243,"column":8},"end":{"line":1243,"column":44}},"874":{"start":{"line":1244,"column":8},"end":{"line":1244,"column":44}},"875":{"start":{"line":1245,"column":8},"end":{"line":1245,"column":46}},"876":{"start":{"line":1246,"column":8},"end":{"line":1246,"column":46}},"877":{"start":{"line":1247,"column":8},"end":{"line":1247,"column":44}},"878":{"start":{"line":1248,"column":8},"end":{"line":1248,"column":44}},"879":{"start":{"line":1249,"column":8},"end":{"line":1249,"column":46}},"880":{"start":{"line":1250,"column":8},"end":{"line":1250,"column":46}},"881":{"start":{"line":1251,"column":8},"end":{"line":1251,"column":44}},"882":{"start":{"line":1252,"column":8},"end":{"line":1252,"column":44}},"883":{"start":{"line":1253,"column":8},"end":{"line":1253,"column":46}},"884":{"start":{"line":1254,"column":8},"end":{"line":1254,"column":46}},"885":{"start":{"line":1255,"column":8},"end":{"line":1255,"column":44}},"886":{"start":{"line":1256,"column":8},"end":{"line":1256,"column":44}},"887":{"start":{"line":1257,"column":8},"end":{"line":1257,"column":46}},"888":{"start":{"line":1258,"column":8},"end":{"line":1258,"column":46}},"889":{"start":{"line":1259,"column":8},"end":{"line":1259,"column":44}},"890":{"start":{"line":1260,"column":17},"end":{"line":1260,"column":62}},"891":{"start":{"line":1261,"column":8},"end":{"line":1261,"column":58}},"892":{"start":{"line":1262,"column":8},"end":{"line":1262,"column":24}},"893":{"start":{"line":1264,"column":8},"end":{"line":1264,"column":33}},"894":{"start":{"line":1265,"column":8},"end":{"line":1265,"column":34}},"895":{"start":{"line":1266,"column":8},"end":{"line":1266,"column":46}},"896":{"start":{"line":1267,"column":8},"end":{"line":1267,"column":33}},"897":{"start":{"line":1268,"column":8},"end":{"line":1268,"column":44}},"898":{"start":{"line":1269,"column":8},"end":{"line":1269,"column":46}},"899":{"start":{"line":1270,"column":8},"end":{"line":1270,"column":46}},"900":{"start":{"line":1271,"column":8},"end":{"line":1271,"column":44}},"901":{"start":{"line":1272,"column":8},"end":{"line":1272,"column":44}},"902":{"start":{"line":1273,"column":8},"end":{"line":1273,"column":46}},"903":{"start":{"line":1274,"column":8},"end":{"line":1274,"column":46}},"904":{"start":{"line":1275,"column":8},"end":{"line":1275,"column":44}},"905":{"start":{"line":1276,"column":8},"end":{"line":1276,"column":44}},"906":{"start":{"line":1277,"column":8},"end":{"line":1277,"column":46}},"907":{"start":{"line":1278,"column":8},"end":{"line":1278,"column":46}},"908":{"start":{"line":1279,"column":8},"end":{"line":1279,"column":44}},"909":{"start":{"line":1280,"column":8},"end":{"line":1280,"column":44}},"910":{"start":{"line":1281,"column":8},"end":{"line":1281,"column":46}},"911":{"start":{"line":1282,"column":8},"end":{"line":1282,"column":46}},"912":{"start":{"line":1283,"column":8},"end":{"line":1283,"column":44}},"913":{"start":{"line":1284,"column":8},"end":{"line":1284,"column":44}},"914":{"start":{"line":1285,"column":8},"end":{"line":1285,"column":46}},"915":{"start":{"line":1286,"column":8},"end":{"line":1286,"column":46}},"916":{"start":{"line":1287,"column":8},"end":{"line":1287,"column":44}},"917":{"start":{"line":1288,"column":8},"end":{"line":1288,"column":44}},"918":{"start":{"line":1289,"column":8},"end":{"line":1289,"column":46}},"919":{"start":{"line":1290,"column":8},"end":{"line":1290,"column":46}},"920":{"start":{"line":1291,"column":8},"end":{"line":1291,"column":44}},"921":{"start":{"line":1292,"column":8},"end":{"line":1292,"column":44}},"922":{"start":{"line":1293,"column":8},"end":{"line":1293,"column":46}},"923":{"start":{"line":1294,"column":8},"end":{"line":1294,"column":46}},"924":{"start":{"line":1295,"column":8},"end":{"line":1295,"column":44}},"925":{"start":{"line":1296,"column":8},"end":{"line":1296,"column":44}},"926":{"start":{"line":1297,"column":8},"end":{"line":1297,"column":46}},"927":{"start":{"line":1298,"column":8},"end":{"line":1298,"column":46}},"928":{"start":{"line":1299,"column":8},"end":{"line":1299,"column":44}},"929":{"start":{"line":1300,"column":18},"end":{"line":1300,"column":63}},"930":{"start":{"line":1301,"column":8},"end":{"line":1301,"column":59}},"931":{"start":{"line":1302,"column":8},"end":{"line":1302,"column":25}},"932":{"start":{"line":1304,"column":8},"end":{"line":1304,"column":33}},"933":{"start":{"line":1305,"column":8},"end":{"line":1305,"column":34}},"934":{"start":{"line":1306,"column":8},"end":{"line":1306,"column":46}},"935":{"start":{"line":1307,"column":8},"end":{"line":1307,"column":33}},"936":{"start":{"line":1308,"column":8},"end":{"line":1308,"column":44}},"937":{"start":{"line":1309,"column":8},"end":{"line":1309,"column":46}},"938":{"start":{"line":1310,"column":8},"end":{"line":1310,"column":46}},"939":{"start":{"line":1311,"column":8},"end":{"line":1311,"column":44}},"940":{"start":{"line":1312,"column":8},"end":{"line":1312,"column":44}},"941":{"start":{"line":1313,"column":8},"end":{"line":1313,"column":46}},"942":{"start":{"line":1314,"column":8},"end":{"line":1314,"column":46}},"943":{"start":{"line":1315,"column":8},"end":{"line":1315,"column":44}},"944":{"start":{"line":1316,"column":8},"end":{"line":1316,"column":44}},"945":{"start":{"line":1317,"column":8},"end":{"line":1317,"column":46}},"946":{"start":{"line":1318,"column":8},"end":{"line":1318,"column":46}},"947":{"start":{"line":1319,"column":8},"end":{"line":1319,"column":44}},"948":{"start":{"line":1320,"column":8},"end":{"line":1320,"column":44}},"949":{"start":{"line":1321,"column":8},"end":{"line":1321,"column":46}},"950":{"start":{"line":1322,"column":8},"end":{"line":1322,"column":46}},"951":{"start":{"line":1323,"column":8},"end":{"line":1323,"column":44}},"952":{"start":{"line":1324,"column":8},"end":{"line":1324,"column":44}},"953":{"start":{"line":1325,"column":8},"end":{"line":1325,"column":46}},"954":{"start":{"line":1326,"column":8},"end":{"line":1326,"column":46}},"955":{"start":{"line":1327,"column":8},"end":{"line":1327,"column":44}},"956":{"start":{"line":1328,"column":8},"end":{"line":1328,"column":44}},"957":{"start":{"line":1329,"column":8},"end":{"line":1329,"column":46}},"958":{"start":{"line":1330,"column":8},"end":{"line":1330,"column":46}},"959":{"start":{"line":1331,"column":8},"end":{"line":1331,"column":44}},"960":{"start":{"line":1332,"column":8},"end":{"line":1332,"column":44}},"961":{"start":{"line":1333,"column":8},"end":{"line":1333,"column":46}},"962":{"start":{"line":1334,"column":8},"end":{"line":1334,"column":46}},"963":{"start":{"line":1335,"column":8},"end":{"line":1335,"column":44}},"964":{"start":{"line":1336,"column":18},"end":{"line":1336,"column":63}},"965":{"start":{"line":1337,"column":8},"end":{"line":1337,"column":59}},"966":{"start":{"line":1338,"column":8},"end":{"line":1338,"column":25}},"967":{"start":{"line":1340,"column":8},"end":{"line":1340,"column":33}},"968":{"start":{"line":1341,"column":8},"end":{"line":1341,"column":34}},"969":{"start":{"line":1342,"column":8},"end":{"line":1342,"column":46}},"970":{"start":{"line":1343,"column":8},"end":{"line":1343,"column":33}},"971":{"start":{"line":1344,"column":8},"end":{"line":1344,"column":44}},"972":{"start":{"line":1345,"column":8},"end":{"line":1345,"column":46}},"973":{"start":{"line":1346,"column":8},"end":{"line":1346,"column":46}},"974":{"start":{"line":1347,"column":8},"end":{"line":1347,"column":44}},"975":{"start":{"line":1348,"column":8},"end":{"line":1348,"column":44}},"976":{"start":{"line":1349,"column":8},"end":{"line":1349,"column":46}},"977":{"start":{"line":1350,"column":8},"end":{"line":1350,"column":46}},"978":{"start":{"line":1351,"column":8},"end":{"line":1351,"column":44}},"979":{"start":{"line":1352,"column":8},"end":{"line":1352,"column":44}},"980":{"start":{"line":1353,"column":8},"end":{"line":1353,"column":46}},"981":{"start":{"line":1354,"column":8},"end":{"line":1354,"column":46}},"982":{"start":{"line":1355,"column":8},"end":{"line":1355,"column":44}},"983":{"start":{"line":1356,"column":8},"end":{"line":1356,"column":44}},"984":{"start":{"line":1357,"column":8},"end":{"line":1357,"column":46}},"985":{"start":{"line":1358,"column":8},"end":{"line":1358,"column":46}},"986":{"start":{"line":1359,"column":8},"end":{"line":1359,"column":44}},"987":{"start":{"line":1360,"column":8},"end":{"line":1360,"column":44}},"988":{"start":{"line":1361,"column":8},"end":{"line":1361,"column":46}},"989":{"start":{"line":1362,"column":8},"end":{"line":1362,"column":46}},"990":{"start":{"line":1363,"column":8},"end":{"line":1363,"column":44}},"991":{"start":{"line":1364,"column":8},"end":{"line":1364,"column":44}},"992":{"start":{"line":1365,"column":8},"end":{"line":1365,"column":46}},"993":{"start":{"line":1366,"column":8},"end":{"line":1366,"column":46}},"994":{"start":{"line":1367,"column":8},"end":{"line":1367,"column":44}},"995":{"start":{"line":1368,"column":18},"end":{"line":1368,"column":63}},"996":{"start":{"line":1369,"column":8},"end":{"line":1369,"column":59}},"997":{"start":{"line":1370,"column":8},"end":{"line":1370,"column":25}},"998":{"start":{"line":1372,"column":8},"end":{"line":1372,"column":33}},"999":{"start":{"line":1373,"column":8},"end":{"line":1373,"column":34}},"1000":{"start":{"line":1374,"column":8},"end":{"line":1374,"column":46}},"1001":{"start":{"line":1375,"column":8},"end":{"line":1375,"column":33}},"1002":{"start":{"line":1376,"column":8},"end":{"line":1376,"column":44}},"1003":{"start":{"line":1377,"column":8},"end":{"line":1377,"column":46}},"1004":{"start":{"line":1378,"column":8},"end":{"line":1378,"column":46}},"1005":{"start":{"line":1379,"column":8},"end":{"line":1379,"column":44}},"1006":{"start":{"line":1380,"column":8},"end":{"line":1380,"column":44}},"1007":{"start":{"line":1381,"column":8},"end":{"line":1381,"column":46}},"1008":{"start":{"line":1382,"column":8},"end":{"line":1382,"column":46}},"1009":{"start":{"line":1383,"column":8},"end":{"line":1383,"column":44}},"1010":{"start":{"line":1384,"column":8},"end":{"line":1384,"column":44}},"1011":{"start":{"line":1385,"column":8},"end":{"line":1385,"column":46}},"1012":{"start":{"line":1386,"column":8},"end":{"line":1386,"column":46}},"1013":{"start":{"line":1387,"column":8},"end":{"line":1387,"column":44}},"1014":{"start":{"line":1388,"column":8},"end":{"line":1388,"column":44}},"1015":{"start":{"line":1389,"column":8},"end":{"line":1389,"column":46}},"1016":{"start":{"line":1390,"column":8},"end":{"line":1390,"column":46}},"1017":{"start":{"line":1391,"column":8},"end":{"line":1391,"column":44}},"1018":{"start":{"line":1392,"column":8},"end":{"line":1392,"column":44}},"1019":{"start":{"line":1393,"column":8},"end":{"line":1393,"column":46}},"1020":{"start":{"line":1394,"column":8},"end":{"line":1394,"column":46}},"1021":{"start":{"line":1395,"column":8},"end":{"line":1395,"column":44}},"1022":{"start":{"line":1396,"column":18},"end":{"line":1396,"column":63}},"1023":{"start":{"line":1397,"column":8},"end":{"line":1397,"column":59}},"1024":{"start":{"line":1398,"column":8},"end":{"line":1398,"column":25}},"1025":{"start":{"line":1400,"column":8},"end":{"line":1400,"column":33}},"1026":{"start":{"line":1401,"column":8},"end":{"line":1401,"column":34}},"1027":{"start":{"line":1402,"column":8},"end":{"line":1402,"column":46}},"1028":{"start":{"line":1403,"column":8},"end":{"line":1403,"column":33}},"1029":{"start":{"line":1404,"column":8},"end":{"line":1404,"column":44}},"1030":{"start":{"line":1405,"column":8},"end":{"line":1405,"column":46}},"1031":{"start":{"line":1406,"column":8},"end":{"line":1406,"column":46}},"1032":{"start":{"line":1407,"column":8},"end":{"line":1407,"column":44}},"1033":{"start":{"line":1408,"column":8},"end":{"line":1408,"column":44}},"1034":{"start":{"line":1409,"column":8},"end":{"line":1409,"column":46}},"1035":{"start":{"line":1410,"column":8},"end":{"line":1410,"column":46}},"1036":{"start":{"line":1411,"column":8},"end":{"line":1411,"column":44}},"1037":{"start":{"line":1412,"column":8},"end":{"line":1412,"column":44}},"1038":{"start":{"line":1413,"column":8},"end":{"line":1413,"column":46}},"1039":{"start":{"line":1414,"column":8},"end":{"line":1414,"column":46}},"1040":{"start":{"line":1415,"column":8},"end":{"line":1415,"column":44}},"1041":{"start":{"line":1416,"column":8},"end":{"line":1416,"column":44}},"1042":{"start":{"line":1417,"column":8},"end":{"line":1417,"column":46}},"1043":{"start":{"line":1418,"column":8},"end":{"line":1418,"column":46}},"1044":{"start":{"line":1419,"column":8},"end":{"line":1419,"column":44}},"1045":{"start":{"line":1420,"column":18},"end":{"line":1420,"column":63}},"1046":{"start":{"line":1421,"column":8},"end":{"line":1421,"column":59}},"1047":{"start":{"line":1422,"column":8},"end":{"line":1422,"column":25}},"1048":{"start":{"line":1424,"column":8},"end":{"line":1424,"column":33}},"1049":{"start":{"line":1425,"column":8},"end":{"line":1425,"column":34}},"1050":{"start":{"line":1426,"column":8},"end":{"line":1426,"column":46}},"1051":{"start":{"line":1427,"column":8},"end":{"line":1427,"column":33}},"1052":{"start":{"line":1428,"column":8},"end":{"line":1428,"column":44}},"1053":{"start":{"line":1429,"column":8},"end":{"line":1429,"column":46}},"1054":{"start":{"line":1430,"column":8},"end":{"line":1430,"column":46}},"1055":{"start":{"line":1431,"column":8},"end":{"line":1431,"column":44}},"1056":{"start":{"line":1432,"column":8},"end":{"line":1432,"column":44}},"1057":{"start":{"line":1433,"column":8},"end":{"line":1433,"column":46}},"1058":{"start":{"line":1434,"column":8},"end":{"line":1434,"column":46}},"1059":{"start":{"line":1435,"column":8},"end":{"line":1435,"column":44}},"1060":{"start":{"line":1436,"column":8},"end":{"line":1436,"column":44}},"1061":{"start":{"line":1437,"column":8},"end":{"line":1437,"column":46}},"1062":{"start":{"line":1438,"column":8},"end":{"line":1438,"column":46}},"1063":{"start":{"line":1439,"column":8},"end":{"line":1439,"column":44}},"1064":{"start":{"line":1440,"column":18},"end":{"line":1440,"column":63}},"1065":{"start":{"line":1441,"column":8},"end":{"line":1441,"column":59}},"1066":{"start":{"line":1442,"column":8},"end":{"line":1442,"column":25}},"1067":{"start":{"line":1444,"column":8},"end":{"line":1444,"column":33}},"1068":{"start":{"line":1445,"column":8},"end":{"line":1445,"column":34}},"1069":{"start":{"line":1446,"column":8},"end":{"line":1446,"column":46}},"1070":{"start":{"line":1447,"column":8},"end":{"line":1447,"column":33}},"1071":{"start":{"line":1448,"column":8},"end":{"line":1448,"column":44}},"1072":{"start":{"line":1449,"column":8},"end":{"line":1449,"column":46}},"1073":{"start":{"line":1450,"column":8},"end":{"line":1450,"column":46}},"1074":{"start":{"line":1451,"column":8},"end":{"line":1451,"column":44}},"1075":{"start":{"line":1452,"column":8},"end":{"line":1452,"column":44}},"1076":{"start":{"line":1453,"column":8},"end":{"line":1453,"column":46}},"1077":{"start":{"line":1454,"column":8},"end":{"line":1454,"column":46}},"1078":{"start":{"line":1455,"column":8},"end":{"line":1455,"column":44}},"1079":{"start":{"line":1456,"column":18},"end":{"line":1456,"column":63}},"1080":{"start":{"line":1457,"column":8},"end":{"line":1457,"column":59}},"1081":{"start":{"line":1458,"column":8},"end":{"line":1458,"column":25}},"1082":{"start":{"line":1460,"column":8},"end":{"line":1460,"column":33}},"1083":{"start":{"line":1461,"column":8},"end":{"line":1461,"column":34}},"1084":{"start":{"line":1462,"column":8},"end":{"line":1462,"column":46}},"1085":{"start":{"line":1463,"column":8},"end":{"line":1463,"column":33}},"1086":{"start":{"line":1464,"column":8},"end":{"line":1464,"column":44}},"1087":{"start":{"line":1465,"column":8},"end":{"line":1465,"column":46}},"1088":{"start":{"line":1466,"column":8},"end":{"line":1466,"column":46}},"1089":{"start":{"line":1467,"column":8},"end":{"line":1467,"column":44}},"1090":{"start":{"line":1468,"column":18},"end":{"line":1468,"column":63}},"1091":{"start":{"line":1469,"column":8},"end":{"line":1469,"column":59}},"1092":{"start":{"line":1470,"column":8},"end":{"line":1470,"column":25}},"1093":{"start":{"line":1472,"column":8},"end":{"line":1472,"column":33}},"1094":{"start":{"line":1473,"column":8},"end":{"line":1473,"column":34}},"1095":{"start":{"line":1474,"column":8},"end":{"line":1474,"column":46}},"1096":{"start":{"line":1475,"column":8},"end":{"line":1475,"column":33}},"1097":{"start":{"line":1476,"column":18},"end":{"line":1476,"column":63}},"1098":{"start":{"line":1477,"column":8},"end":{"line":1477,"column":59}},"1099":{"start":{"line":1478,"column":8},"end":{"line":1478,"column":25}},"1100":{"start":{"line":1479,"column":8},"end":{"line":1479,"column":18}},"1101":{"start":{"line":1480,"column":8},"end":{"line":1480,"column":18}},"1102":{"start":{"line":1481,"column":8},"end":{"line":1481,"column":18}},"1103":{"start":{"line":1482,"column":8},"end":{"line":1482,"column":18}},"1104":{"start":{"line":1483,"column":8},"end":{"line":1483,"column":18}},"1105":{"start":{"line":1484,"column":8},"end":{"line":1484,"column":18}},"1106":{"start":{"line":1485,"column":8},"end":{"line":1485,"column":18}},"1107":{"start":{"line":14
[...]
,"/Users/tyeverett/projects/sdk/src/primitives/ReductionContext.ts": {"path":"/Users/tyeverett/projects/sdk/src/primitives/ReductionContext.ts","statementMap":{"0":{"start":{"line":1,"column":0},"end":{"line":1,"column":35}},"1":{"start":{"line":2,"column":0},"end":{"line":2,"column":25}},"2":{"start":{"line":30,"column":4},"end":{"line":38,"column":null}},"3":{"start":{"line":31,"column":20},"end":{"line":31,"column":30}},"4":{"start":{"line":32,"column":6},"end":{"line":32,"column":null}},"5":{"start":{"line":33,"column":6},"end":{"line":33,"column":null}},"6":{"start":{"line":35,"column":6},"end":{"line":35,"column":null}},"7":{"start":{"line":36,"column":6},"end":{"line":36,"column":null}},"8":{"start":{"line":37,"column":6},"end":{"line":37,"column":null}},"9":{"start":{"line":54,"column":4},"end":{"line":54,"column":null}},"10":{"start":{"line":54,"column":27},"end":{"line":54,"column":null}},"11":{"start":{"line":69,"column":4},"end":{"line":69,"column":null}},"12":{"start":{"line":70,"column":4},"end":{"line":70,"column":null}},"13":{"start":{"line":87,"column":4},"end":{"line":90,"column":null}},"14":{"start":{"line":91,"column":4},"end":{"line":94,"column":null}},"15":{"start":{"line":111,"column":4},"end":{"line":111,"column":null}},"16":{"start":{"line":111,"column":28},"end":{"line":111,"column":null}},"17":{"start":{"line":113,"column":4},"end":{"line":113,"column":null}},"18":{"start":{"line":114,"column":4},"end":{"line":114,"column":null}},"19":{"start":{"line":131,"column":4},"end":{"line":133,"column":null}},"20":{"start":{"line":132,"column":6},"end":{"line":132,"column":null}},"21":{"start":{"line":135,"column":4},"end":{"line":135,"column":null}},"22":{"start":{"line":153,"column":4},"end":{"line":153,"column":null}},"23":{"start":{"line":155,"column":16},"end":{"line":155,"column":24}},"24":{"start":{"line":156,"column":4},"end":{"line":158,"column":null}},"25":{"start":{"line":157,"column":6},"end":{"line":157,"column":null}},"26":{"start":{"line":159,"column":4},"end":{"line":159,"column":null}},"27":{"start":{"line":179,"column":4},"end":{"line":179,"column":null}},"28":{"start":{"line":181,"column":16},"end":{"line":181,"column":25}},"29":{"start":{"line":182,"column":4},"end":{"line":184,"column":null}},"30":{"start":{"line":183,"column":6},"end":{"line":183,"column":null}},"31":{"start":{"line":185,"column":4},"end":{"line":185,"column":null}},"32":{"start":{"line":203,"column":4},"end":{"line":203,"column":null}},"33":{"start":{"line":205,"column":16},"end":{"line":205,"column":24}},"34":{"start":{"line":206,"column":4},"end":{"line":208,"column":null}},"35":{"start":{"line":207,"column":6},"end":{"line":207,"column":null}},"36":{"start":{"line":209,"column":4},"end":{"line":209,"column":null}},"37":{"start":{"line":229,"column":4},"end":{"line":229,"column":null}},"38":{"start":{"line":231,"column":16},"end":{"line":231,"column":25}},"39":{"start":{"line":232,"column":4},"end":{"line":234,"column":null}},"40":{"start":{"line":233,"column":6},"end":{"line":233,"column":null}},"41":{"start":{"line":235,"column":4},"end":{"line":235,"column":null}},"42":{"start":{"line":253,"column":4},"end":{"line":253,"column":null}},"43":{"start":{"line":254,"column":4},"end":{"line":254,"column":null}},"44":{"start":{"line":274,"column":4},"end":{"line":274,"column":null}},"45":{"start":{"line":275,"column":4},"end":{"line":275,"column":null}},"46":{"start":{"line":293,"column":4},"end":{"line":293,"column":null}},"47":{"start":{"line":294,"column":4},"end":{"line":294,"column":null}},"48":{"start":{"line":313,"column":4},"end":{"line":313,"column":null}},"49":{"start":{"line":330,"column":4},"end":{"line":330,"column":null}},"50":{"start":{"line":347,"column":4},"end":{"line":347,"column":null}},"51":{"start":{"line":347,"column":20},"end":{"line":347,"column":null}},"52":{"start":{"line":349,"column":17},"end":{"line":349,"column":32}},"53":{"start":{"line":350,"column":4},"end":{"line":350,"column":null}},"54":{"start":{"line":353,"column":4},"end":{"line":356,"column":null}},"55":{"start":{"line":354,"column":18},"end":{"line":354,"column":56}},"56":{"start":{"line":355,"column":6},"end":{"line":355,"column":null}},"57":{"start":{"line":361,"column":14},"end":{"line":361,"column":28}},"58":{"start":{"line":362,"column":12},"end":{"line":362,"column":13}},"59":{"start":{"line":363,"column":4},"end":{"line":366,"column":null}},"60":{"start":{"line":364,"column":6},"end":{"line":364,"column":null}},"61":{"start":{"line":365,"column":6},"end":{"line":365,"column":null}},"62":{"start":{"line":367,"column":4},"end":{"line":367,"column":null}},"63":{"start":{"line":369,"column":16},"end":{"line":369,"column":44}},"64":{"start":{"line":370,"column":17},"end":{"line":370,"column":29}},"65":{"start":{"line":374,"column":17},"end":{"line":374,"column":41}},"66":{"start":{"line":375,"column":15},"end":{"line":375,"column":33}},"67":{"start":{"line":376,"column":14},"end":{"line":376,"column":52}},"68":{"start":{"line":378,"column":4},"end":{"line":380,"column":null}},"69":{"start":{"line":379,"column":6},"end":{"line":379,"column":null}},"70":{"start":{"line":382,"column":12},"end":{"line":382,"column":26}},"71":{"start":{"line":383,"column":12},"end":{"line":383,"column":44}},"72":{"start":{"line":384,"column":12},"end":{"line":384,"column":26}},"73":{"start":{"line":385,"column":12},"end":{"line":385,"column":13}},"74":{"start":{"line":386,"column":4},"end":{"line":399,"column":null}},"75":{"start":{"line":387,"column":16},"end":{"line":387,"column":17}},"76":{"start":{"line":388,"column":14},"end":{"line":388,"column":15}},"77":{"start":{"line":389,"column":6},"end":{"line":391,"column":null}},"78":{"start":{"line":390,"column":8},"end":{"line":390,"column":null}},"79":{"start":{"line":392,"column":6},"end":{"line":392,"column":null}},"80":{"start":{"line":393,"column":16},"end":{"line":393,"column":63}},"81":{"start":{"line":395,"column":6},"end":{"line":395,"column":null}},"82":{"start":{"line":396,"column":6},"end":{"line":396,"column":null}},"83":{"start":{"line":397,"column":6},"end":{"line":397,"column":null}},"84":{"start":{"line":398,"column":6},"end":{"line":398,"column":null}},"85":{"start":{"line":401,"column":4},"end":{"line":401,"column":null}},"86":{"start":{"line":418,"column":16},"end":{"line":418,"column":32}},"87":{"start":{"line":419,"column":4},"end":{"line":424,"column":null}},"88":{"start":{"line":420,"column":6},"end":{"line":420,"column":null}},"89":{"start":{"line":421,"column":6},"end":{"line":421,"column":null}},"90":{"start":{"line":423,"column":6},"end":{"line":423,"column":null}},"91":{"start":{"line":442,"column":4},"end":{"line":442,"column":null}},"92":{"start":{"line":442,"column":22},"end":{"line":442,"column":null}},"93":{"start":{"line":443,"column":4},"end":{"line":443,"column":null}},"94":{"start":{"line":443,"column":27},"end":{"line":443,"column":null}},"95":{"start":{"line":445,"column":23},"end":{"line":445,"column":24}},"96":{"start":{"line":446,"column":16},"end":{"line":446,"column":42}},"97":{"start":{"line":447,"column":4},"end":{"line":447,"column":null}},"98":{"start":{"line":448,"column":4},"end":{"line":448,"column":null}},"99":{"start":{"line":449,"column":12},"end":{"line":449,"column":13}},"100":{"start":{"line":450,"column":4},"end":{"line":452,"column":null}},"101":{"start":{"line":451,"column":6},"end":{"line":451,"column":null}},"102":{"start":{"line":454,"column":14},"end":{"line":454,"column":20}},"103":{"start":{"line":455,"column":18},"end":{"line":455,"column":19}},"104":{"start":{"line":456,"column":21},"end":{"line":456,"column":22}},"105":{"start":{"line":457,"column":16},"end":{"line":457,"column":36}},"106":{"start":{"line":458,"column":4},"end":{"line":460,"column":null}},"107":{"start":{"line":459,"column":6},"end":{"line":459,"column":null}},"108":{"start":{"line":462,"column":4},"end":{"line":485,"column":null}},"109":{"start":{"line":463,"column":19},"end":{"line":463,"column":31}},"110":{"start":{"line":464,"column":6},"end":{"line":483,"column":null}},"111":{"start":{"line":464,"column":19},"end":{"line":464,"column":28}},"112":{"start":{"line":465,"column":20},"end":{"line":465,"column":35}},"113":{"start":{"line":466,"column":8},"end":{"line":468,"column":null}},"114":{"start":{"line":467,"column":10},"end":{"line":467,"column":null}},"115":{"start":{"line":470,"column":8},"end":{"line":473,"column":null}},"116":{"start":{"line":471,"column":10},"end":{"line":471,"column":null}},"117":{"start":{"line":472,"column":10},"end":{"line":472,"column":18}},"118":{"start":{"line":475,"column":8},"end":{"line":475,"column":null}},"119":{"start":{"line":476,"column":8},"end":{"line":476,"column":null}},"120":{"start":{"line":477,"column":8},"end":{"line":477,"column":null}},"121":{"start":{"line":478,"column":8},"end":{"line":478,"column":71}},"122":{"start":{"line":478,"column":63},"end":{"line":478,"column":71}},"123":{"start":{"line":480,"column":8},"end":{"line":480,"column":null}},"124":{"start":{"line":481,"column":8},"end":{"line":481,"column":null}},"125":{"start":{"line":482,"column":8},"end":{"line":482,"column":null}},"126":{"start":{"line":484,"column":6},"end":{"line":484,"column":null}},"127":{"start":{"line":487,"column":4},"end":{"line":487,"column":null}},"128":{"start":{"line":504,"column":14},"end":{"line":504,"column":30}},"129":{"start":{"line":506,"column":4},"end":{"line":506,"column":null}},"130":{"start":{"line":524,"column":16},"end":{"line":524,"column":27}},"131":{"start":{"line":525,"column":4},"end":{"line":525,"column":null}},"132":{"start":{"line":526,"column":4},"end":{"line":526,"column":null}},"133":{"start":{"line":15,"column":0},"end":{"line":15,"column":21}}},"fnMap":{"0":{"name":"(anonymous_0)","decl":{"start":{"line":29,"column":2},"end":{"line":29,"column":15}},"loc":{"start":{"line":29,"column":36},"end":{"line":39,"column":3}}},"1":{"name":"(anonymous_1)","decl":{"start":{"line":53,"column":10},"end":{"line":53,"column":16}},"loc":{"start":{"line":53,"column":64},"end":{"line":55,"column":3}}},"2":{"name":"(anonymous_2)","decl":{"start":{"line":68,"column":2},"end":{"line":68,"column":9}},"loc":{"start":{"line":68,"column":23},"end":{"line":71,"column":3}}},"3":{"name":"(anonymous_3)","decl":{"start":{"line":86,"column":2},"end":{"line":86,"column":9}},"loc":{"start":{"line":86,"column":37},"end":{"line":95,"column":3}}},"4":{"name":"(anonymous_4)","decl":{"start":{"line":110,"column":2},"end":{"line":110,"column":6}},"loc":{"start":{"line":110,"column":20},"end":{"line":115,"column":3}}},"5":{"name":"(anonymous_5)","decl":{"start":{"line":130,"column":2},"end":{"line":130,"column":5}},"loc":{"start":{"line":130,"column":19},"end":{"line":136,"column":3}}},"6":{"name":"(anonymous_6)","decl":{"start":{"line":152,"column":2},"end":{"line":152,"column":5}},"loc":{"start":{"line":152,"column":33},"end":{"line":160,"column":3}}},"7":{"name":"(anonymous_7)","decl":{"start":{"line":178,"column":2},"end":{"line":178,"column":6}},"loc":{"start":{"line":178,"column":34},"end":{"line":186,"column":3}}},"8":{"name":"(anonymous_8)","decl":{"start":{"line":202,"column":2},"end":{"line":202,"column":5}},"loc":{"start":{"line":202,"column":33},"end":{"line":210,"column":3}}},"9":{"name":"(anonymous_9)","decl":{"start":{"line":228,"column":2},"end":{"line":228,"column":6}},"loc":{"start":{"line":228,"column":34},"end":{"line":236,"column":3}}},"10":{"name":"(anonymous_10)","decl":{"start":{"line":252,"column":2},"end":{"line":252,"column":5}},"loc":{"start":{"line":252,"column":32},"end":{"line":255,"column":3}}},"11":{"name":"(anonymous_11)","decl":{"start":{"line":273,"column":2},"end":{"line":273,"column":6}},"loc":{"start":{"line":273,"column":34},"end":{"line":276,"column":3}}},"12":{"name":"(anonymous_12)","decl":{"start":{"line":292,"column":2},"end":{"line":292,"column":5}},"loc":{"start":{"line":292,"column":33},"end":{"line":295,"column":3}}},"13":{"name":"(anonymous_13)","decl":{"start":{"line":312,"column":2},"end":{"line":312,"column":6}},"loc":{"start":{"line":312,"column":20},"end":{"line":314,"column":3}}},"14":{"name":"(anonymous_14)","decl":{"start":{"line":329,"column":2},"end":{"line":329,"column":5}},"loc":{"start":{"line":329,"column":19},"end":{"line":331,"column":3}}},"15":{"name":"(anonymous_15)","decl":{"start":{"line":346,"column":2},"end":{"line":346,"column":6}},"loc":{"start":{"line":346,"column":20},"end":{"line":402,"column":3}}},"16":{"name":"(anonymous_16)","decl":{"start":{"line":417,"column":2},"end":{"line":417,"column":6}},"loc":{"start":{"line":417,"column":20},"end":{"line":425,"column":3}}},"17":{"name":"(anonymous_17)","decl":{"start":{"line":441,"column":2},"end":{"line":441,"column":5}},"loc":{"start":{"line":441,"column":35},"end":{"line":488,"column":3}}},"18":{"name":"(anonymous_18)","decl":{"start":{"line":503,"column":2},"end":{"line":503,"column":11}},"loc":{"start":{"line":503,"column":27},"end":{"line":507,"column":3}}},"19":{"name":"(anonymous_19)","decl":{"start":{"line":523,"column":2},"end":{"line":523,"column":13}},"loc":{"start":{"line":523,"column":29},"end":{"line":527,"column":3}}}},"branchMap":{"0":{"loc":{"start":{"line":30,"column":4},"end":{"line":38,"column":null}},"type":"if","locations":[{"start":{"line":30,"column":4},"end":{"line":38,"column":null}},{"start":{"line":34,"column":11},"end":{"line":38,"column":null}}]},"1":{"loc":{"start":{"line":53,"column":32},"end":{"line":53,"column":64}},"type":"default-arg","locations":[{"start":{"line":53,"column":46},"end":{"line":53,"column":64}}]},"2":{"loc":{"start":{"line":54,"column":4},"end":{"line":54,"column":null}},"type":"if","locations":[{"start":{"line":54,"column":4},"end":{"line":54,"column":null}}]},"3":{"loc":{"start":{"line":92,"column":6},"end":{"line":92,"column":40}},"type":"binary-expr","locations":[{"start":{"line":92,"column":7},"end":{"line":92,"column":20}},{"start":{"line":92,"column":25},"end":{"line":92,"column":40}}]},"4":{"loc":{"start":{"line":111,"column":4},"end":{"line":111,"column":null}},"type":"if","locations":[{"start":{"line":111,"column":4},"end":{"line":111,"column":null}}]},"5":{"loc":{"start":{"line":131,"column":4},"end":{"line":133,"column":null}},"type":"if","locations":[{"start":{"line":131,"column":4},"end":{"line":133,"column":null}}]},"6":{"loc":{"start":{"line":156,"column":4},"end":{"line":158,"column":null}},"type":"if","locations":[{"start":{"line":156,"column":4},"end":{"line":158,"column":null}}]},"7":{"loc":{"start":{"line":182,"column":4},"end":{"line":184,"column":null}},"type":"if","locations":[{"start":{"line":182,"column":4},"end":{"line":184,"column":null}}]},"8":{"loc":{"start":{"line":206,"column":4},"end":{"line":208,"column":null}},"type":"if","locations":[{"start":{"line":206,"column":4},"end":{"line":208,"column":null}}]},"9":{"loc":{"start":{"line":232,"column":4},"end":{"line":234,"column":null}},"type":"if","locations":[{"start":{"line":232,"column":4},"end":{"line":234,"column":null}}]},"10":{"loc":{"start":{"line":347,"column":4},"end":{"line":347,"column":null}},"type":"if","locations":[{"start":{"line":347,"column":4},"end":{"line":347,"column":null}}]},"11":{"loc":{"start":{"line":353,"column":4},"end":{"line":356,"column":null}},"type":"if","locations":[{"start":{"line":353,"column":4},"end":{"line":356,"column":null}}]},"12":{"loc":{"start":{"line":363,"column":11},"end":{"line":363,"column":42}},"type":"binary-expr","locations":[{"start":{"line":363,"column":11},"end":{"line":363,"column":22}},{"start":{"line":363,"column":26},"end":{"line":363,"column":42}}]},"13":{"loc":{"start":{"line":419,"column":4},"end":{"line":424,"column":null}},"type":"if","locations":[{"start":{"line":419,"column":4},"end":{"line":424,"column":null}},{"start":{"line":422,"column":11},"end":{"line":424,"column":null}}]},"14":{"loc":{"start":{"line":442,"column":4},"end":{"line":442,"column":null}},"type":"if","locations":[{"start":{"line":442,"column":4},"end":{"line":442,"column":null}}]},"15":{"loc":{"start":{"line":443,"column":4},"end":{"line":443,"column":null}},"type":"if","locations":[{"start":{"line":443,"column":4},"end":{"line":443,"column":null}}]},"16":{"loc":{"start":{"line":458,"column":4},"end":{"line":460,"column":null}},"type":"if","locations":[{"start":{"line":458,"column":4},"end":{"line":460,"column":null}}]},"17":{"loc":{"start":{"line":466,"column":8},"end":{"line":468,"column":null}},"type":"if","locations":[{"start":{"line":466,"column":8},"end":{"line":468,"column":null}}]},"18":{"loc":{"start":{"line":470,"column":8},"end":{"line":473,"column":null}},"type":"if","locations":[{"start":{"line":470,"column":8},"end":{"line":473,"column":null}}]},"19":{"loc":{"start":{"line":470,"column":12},"end":{"line":470,"column":38}},"type":"binary-expr","locations":[{"start":{"line":470,"column":12},"end":{"line":470,"column":21}},{"start":{"line":470,"column":25},"end":{"line":470,"column":38}}]},"20":{"loc":{"start":{"line":478,"column":8},"end":{"line":478,"column":71}},"type":"if","locations":[{"start":{"line":478,"column":8},"end":{"line":478,"column":71}}]},"21":{"loc":{"start":{"line":478,"column":12},"end":{"line":478,"column":61}},"type":"binary-expr","locations":[{"start":{"line":478,"column":12},"end":{"line":478,"column":37}},{"start":{"line":478,"column":42},"end":{"line":478,"column":49}},{"start":{"line":478,"column":53},"end":{"line":478,"column":60}}]},"22":{"loc":{"start":{"line":506,"column":11},"end":{"line":506,"column":36}},"type":"cond-expr","locations":[{"start":{"line":506,"column":23},"end":{"line":506,"column":32}},{"start":{"line":506,"column":35},"end":{"line":506,"column":36}}]}},"s":{"0":2,"1":2,"2":38,"3":10,"4":10,"5":10,"6":28,"7":24,"8":24,"9":26326,"10":4,"11":55,"12":55,"13":13087,"14":13087,"15":13135,"16":6,"17":13129,"18":13129,"19":5,"20":2,"21":3,"22":2,"23":2,"24":2,"25":1,"26":2,"27":2,"28":2,"29":2,"30":1,"31":2,"32":4,"33":4,"34":4,"35":2,"36":4,"37":8,"38":8,"39":8,"40":4,"41":8,"42":2,"43":2,"44":3,"45":3,"46":13056,"47":13056,"48":1,"49":11373,"50":10,"51":0,"52":10,"53":10,"54":10,"55":8,"56":8,"57":2,"58":2,"59":2,"60":4,"61":4,"62":2,"63":2,"64":2,"65":2,"66":2,"67":2,"68":2,"69":0,"70":2,"71":2,"72":2,"73":2,"74":2,"75":2,"76":2,"77":2,"78":2,"79":2,"80":2,"81":2,"82":2,"83":2,"84":2,"85":2,"86":3,"87":3,"88":1,"89":1,"90":2,"91":37,"92":4,"93":33,"94":2,"95":31,"96":31,"97":31,"98":31,"99":31,"100":31,"101":434,"102":31,"103":31,"104":31,"105":31,"106":31,"107":0,"108":31,"109":465,"110":465,"111":465,"112":11464,"113":11464,"114":11360,"115":11464,"116":2321,"117":2321,"118":9143,"119":9143,"120":9143,"121":9143,"122":6848,"123":2295,"124":2295,"125":2295,"126":465,"127":31,"128":55,"129":55,"130":23,"131":23,"132":23,"133":2},"f":{"0":38,"1":26326,"2":55,"3":13087,"4":13135,"5":5,"6":2,"7":2,"8":4,"9":8,"10":2,"11":3,"12":13056,"13":1,"14":11373,"15":10,"16":3,"17":37,"18":55,"19":23},"b":{"0":[10,28],"1":[14],"2":[4],"3":[13087,13087],"4":[6],"5":[2],"6":[1],"7":[1],"8":[2],"9":[4],"10":[0],"11":[8],"12":[6,6],"13":[1,2],"14":[4],"15":[2],"16":[0],"17":[11360],"18":[2321],"19":[11464,5506],"20":[6848],"21":[9143,6868,151],"22":[50,5]}}
,"/Users/tyeverett/projects/sdk/src/primitives/__tests/BigNumber.fixtures.ts": {"path":"/Users/tyeverett/projects/sdk/src/primitives/__tests/BigNumber.fixtures.ts","statementMap":{"0":{"start":{"line":1,"column":13},"end":{"line":264,"column":null}}},"fnMap":{},"branchMap":{},"s":{"0":2},"f":{},"b":{}}
}
