{"/Users/tyeverett/projects/sdk/src/primitives/BasePoint.ts": {"path":"/Users/tyeverett/projects/sdk/src/primitives/BasePoint.ts","statementMap":{"0":{"start":{"line":2,"column":0},"end":{"line":2,"column":27}},"1":{"start":{"line":16,"column":4},"end":{"line":16,"column":null}},"2":{"start":{"line":17,"column":4},"end":{"line":17,"column":null}},"3":{"start":{"line":18,"column":4},"end":{"line":18,"column":null}},"4":{"start":{"line":22,"column":4},"end":{"line":22,"column":null}},"5":{"start":{"line":26,"column":4},"end":{"line":26,"column":null}},"6":{"start":{"line":30,"column":4},"end":{"line":30,"column":null}},"7":{"start":{"line":30,"column":36},"end":{"line":30,"column":49}},"8":{"start":{"line":32,"column":24},"end":{"line":36,"column":null}},"9":{"start":{"line":37,"column":4},"end":{"line":37,"column":null}},"10":{"start":{"line":38,"column":4},"end":{"line":38,"column":null}},"11":{"start":{"line":39,"column":4},"end":{"line":39,"column":null}},"12":{"start":{"line":40,"column":4},"end":{"line":40,"column":null}},"13":{"start":{"line":42,"column":4},"end":{"line":42,"column":null}},"14":{"start":{"line":46,"column":4},"end":{"line":46,"column":null}},"15":{"start":{"line":46,"column":36},"end":{"line":46,"column":50}},"16":{"start":{"line":48,"column":20},"end":{"line":48,"column":44}},"17":{"start":{"line":49,"column":4},"end":{"line":49,"column":null}},"18":{"start":{"line":49,"column":39},"end":{"line":49,"column":53}},"19":{"start":{"line":51,"column":4},"end":{"line":51,"column":null}},"20":{"start":{"line":58,"column":4},"end":{"line":64,"column":null}},"21":{"start":{"line":63,"column":6},"end":{"line":63,"column":null}},"22":{"start":{"line":66,"column":20},"end":{"line":66,"column":26}},"23":{"start":{"line":68,"column":25},"end":{"line":68,"column":29}},"24":{"start":{"line":69,"column":4},"end":{"line":72,"column":null}},"25":{"start":{"line":69,"column":17},"end":{"line":69,"column":18}},"26":{"start":{"line":70,"column":6},"end":{"line":70,"column":null}},"27":{"start":{"line":70,"column":19},"end":{"line":70,"column":20}},"28":{"start":{"line":70,"column":39},"end":{"line":70,"column":56}},"29":{"start":{"line":71,"column":6},"end":{"line":71,"column":null}},"30":{"start":{"line":73,"column":4},"end":{"line":76,"column":null}},"31":{"start":{"line":80,"column":4},"end":{"line":85,"column":null}},"32":{"start":{"line":84,"column":6},"end":{"line":84,"column":null}},"33":{"start":{"line":87,"column":16},"end":{"line":87,"column":22}},"34":{"start":{"line":88,"column":16},"end":{"line":88,"column":30}},"35":{"start":{"line":89,"column":16},"end":{"line":89,"column":45}},"36":{"start":{"line":90,"column":4},"end":{"line":90,"column":null}},"37":{"start":{"line":90,"column":17},"end":{"line":90,"column":18}},"38":{"start":{"line":90,"column":36},"end":{"line":90,"column":66}},"39":{"start":{"line":91,"column":4},"end":{"line":94,"column":null}},"40":{"start":{"line":98,"column":4},"end":{"line":98,"column":null}},"41":{"start":{"line":102,"column":23},"end":{"line":102,"column":27}},"42":{"start":{"line":103,"column":4},"end":{"line":103,"column":null}},"43":{"start":{"line":103,"column":17},"end":{"line":103,"column":18}},"44":{"start":{"line":103,"column":34},"end":{"line":103,"column":47}},"45":{"start":{"line":104,"column":4},"end":{"line":104,"column":null}},"46":{"start":{"line":6,"column":0},"end":{"line":6,"column":30}}},"fnMap":{"0":{"name":"(anonymous_0)","decl":{"start":{"line":15,"column":2},"end":{"line":15,"column":15}},"loc":{"start":{"line":15,"column":42},"end":{"line":19,"column":3}}},"1":{"name":"(anonymous_1)","decl":{"start":{"line":21,"column":2},"end":{"line":21,"column":5}},"loc":{"start":{"line":21,"column":13},"end":{"line":23,"column":3}}},"2":{"name":"(anonymous_2)","decl":{"start":{"line":25,"column":2},"end":{"line":25,"column":5}},"loc":{"start":{"line":25,"column":5},"end":{"line":27,"column":3}}},"3":{"name":"(anonymous_3)","decl":{"start":{"line":29,"column":2},"end":{"line":29,"column":12}},"loc":{"start":{"line":29,"column":28},"end":{"line":43,"column":3}}},"4":{"name":"(anonymous_4)","decl":{"start":{"line":45,"column":2},"end":{"line":45,"column":13}},"loc":{"start":{"line":45,"column":27},"end":{"line":52,"column":3}}},"5":{"name":"(anonymous_5)","decl":{"start":{"line":54,"column":2},"end":{"line":54,"column":13}},"loc":{"start":{"line":56,"column":18},"end":{"line":77,"column":3}}},"6":{"name":"(anonymous_6)","decl":{"start":{"line":79,"column":2},"end":{"line":79,"column":15}},"loc":{"start":{"line":79,"column":28},"end":{"line":95,"column":3}}},"7":{"name":"(anonymous_7)","decl":{"start":{"line":97,"column":2},"end":{"line":97,"column":10}},"loc":{"start":{"line":97,"column":10},"end":{"line":99,"column":3}}},"8":{"name":"(anonymous_8)","decl":{"start":{"line":101,"column":2},"end":{"line":101,"column":6}},"loc":{"start":{"line":101,"column":17},"end":{"line":105,"column":3}}}},"branchMap":{"0":{"loc":{"start":{"line":30,"column":4},"end":{"line":30,"column":null}},"type":"if","locations":[{"start":{"line":30,"column":4},"end":{"line":30,"column":null}}]},"1":{"loc":{"start":{"line":46,"column":4},"end":{"line":46,"column":null}},"type":"if","locations":[{"start":{"line":46,"column":4},"end":{"line":46,"column":null}}]},"2":{"loc":{"start":{"line":49,"column":4},"end":{"line":49,"column":null}},"type":"if","locations":[{"start":{"line":49,"column":4},"end":{"line":49,"column":null}}]},"3":{"loc":{"start":{"line":58,"column":4},"end":{"line":64,"column":null}},"type":"if","locations":[{"start":{"line":58,"column":4},"end":{"line":64,"column":null}}]},"4":{"loc":{"start":{"line":59,"column":6},"end":{"line":61,"column":39}},"type":"binary-expr","locations":[{"start":{"line":59,"column":6},"end":{"line":59,"column":42}},{"start":{"line":59,"column":46},"end":{"line":59,"column":71}},{"start":{"line":60,"column":6},"end":{"line":60,"column":50}},{"start":{"line":61,"column":6},"end":{"line":61,"column":39}}]},"5":{"loc":{"start":{"line":80,"column":4},"end":{"line":85,"column":null}},"type":"if","locations":[{"start":{"line":80,"column":4},"end":{"line":85,"column":null}}]},"6":{"loc":{"start":{"line":81,"column":6},"end":{"line":82,"column":79}},"type":"binary-expr","locations":[{"start":{"line":81,"column":6},"end":{"line":81,"column":42}},{"start":{"line":81,"column":46},"end":{"line":81,"column":71}},{"start":{"line":82,"column":6},"end":{"line":82,"column":46}},{"start":{"line":82,"column":50},"end":{"line":82,"column":79}}]},"7":{"loc":{"start":{"line":89,"column":16},"end":{"line":89,"column":45}},"type":"cond-expr","locations":[{"start":{"line":89,"column":28},"end":{"line":89,"column":32}},{"start":{"line":89,"column":35},"end":{"line":89,"column":45}}]}},"s":{"0":2,"1":3054,"2":3054,"3":3054,"4":0,"5":0,"6":1,"7":0,"8":1,"9":1,"10":1,"11":1,"12":1,"13":1,"14":11,"15":5,"16":6,"17":6,"18":0,"19":6,"20":6,"21":5,"22":1,"23":1,"24":1,"25":1,"26":0,"27":0,"28":0,"29":0,"30":1,"31":13,"32":2,"33":11,"34":11,"35":11,"36":11,"37":11,"38":254,"39":11,"40":0,"41":0,"42":0,"43":0,"44":0,"45":0,"46":2},"f":{"0":3054,"1":0,"2":0,"3":1,"4":11,"5":6,"6":13,"7":0,"8":0},"b":{"0":[0],"1":[5],"2":[0],"3":[5],"4":[6,6,5,5],"5":[2],"6":[13,13,2,2],"7":[10,1]}}
,"/Users/tyeverett/projects/sdk/src/primitives/BigNumber.ts": {"path":"/Users/tyeverett/projects/sdk/src/primitives/BigNumber.ts","statementMap":{"0":{"start":{"line":134,"column":4},"end":{"line":136,"column":null}},"1":{"start":{"line":135,"column":6},"end":{"line":135,"column":null}},"2":{"start":{"line":138,"column":4},"end":{"line":140,"column":null}},"3":{"start":{"line":157,"column":4},"end":{"line":157,"column":null}},"4":{"start":{"line":157,"column":29},"end":{"line":157,"column":null}},"5":{"start":{"line":158,"column":4},"end":{"line":158,"column":null}},"6":{"start":{"line":175,"column":4},"end":{"line":175,"column":null}},"7":{"start":{"line":175,"column":29},"end":{"line":175,"column":null}},"8":{"start":{"line":176,"column":4},"end":{"line":176,"column":null}},"9":{"start":{"line":197,"column":4},"end":{"line":199,"column":null}},"10":{"start":{"line":198,"column":6},"end":{"line":198,"column":null}},"11":{"start":{"line":201,"column":4},"end":{"line":201,"column":null}},"12":{"start":{"line":202,"column":4},"end":{"line":202,"column":null}},"13":{"start":{"line":203,"column":4},"end":{"line":203,"column":null}},"14":{"start":{"line":206,"column":4},"end":{"line":206,"column":null}},"15":{"start":{"line":208,"column":4},"end":{"line":244,"column":null}},"16":{"start":{"line":209,"column":6},"end":{"line":212,"column":null}},"17":{"start":{"line":210,"column":8},"end":{"line":210,"column":null}},"18":{"start":{"line":211,"column":8},"end":{"line":211,"column":null}},"19":{"start":{"line":214,"column":6},"end":{"line":216,"column":null}},"20":{"start":{"line":215,"column":8},"end":{"line":215,"column":null}},"21":{"start":{"line":218,"column":6},"end":{"line":220,"column":null}},"22":{"start":{"line":219,"column":8},"end":{"line":219,"column":null}},"23":{"start":{"line":222,"column":6},"end":{"line":224,"column":null}},"24":{"start":{"line":223,"column":8},"end":{"line":223,"column":null}},"25":{"start":{"line":225,"column":6},"end":{"line":225,"column":null}},"26":{"start":{"line":227,"column":6},"end":{"line":227,"column":null}},"27":{"start":{"line":228,"column":18},"end":{"line":228,"column":19}},"28":{"start":{"line":229,"column":6},"end":{"line":232,"column":null}},"29":{"start":{"line":230,"column":8},"end":{"line":230,"column":null}},"30":{"start":{"line":231,"column":8},"end":{"line":231,"column":null}},"31":{"start":{"line":234,"column":6},"end":{"line":243,"column":null}},"32":{"start":{"line":235,"column":8},"end":{"line":242,"column":null}},"33":{"start":{"line":236,"column":10},"end":{"line":236,"column":null}},"34":{"start":{"line":238,"column":10},"end":{"line":238,"column":null}},"35":{"start":{"line":239,"column":10},"end":{"line":241,"column":null}},"36":{"start":{"line":240,"column":12},"end":{"line":240,"column":null}},"37":{"start":{"line":256,"column":4},"end":{"line":256,"column":null}},"38":{"start":{"line":256,"column":27},"end":{"line":256,"column":null}},"39":{"start":{"line":271,"column":4},"end":{"line":274,"column":null}},"40":{"start":{"line":272,"column":6},"end":{"line":272,"column":null}},"41":{"start":{"line":273,"column":6},"end":{"line":273,"column":null}},"42":{"start":{"line":275,"column":4},"end":{"line":295,"column":null}},"43":{"start":{"line":276,"column":6},"end":{"line":276,"column":null}},"44":{"start":{"line":277,"column":6},"end":{"line":277,"column":null}},"45":{"start":{"line":278,"column":11},"end":{"line":295,"column":null}},"46":{"start":{"line":279,"column":6},"end":{"line":282,"column":null}},"47":{"start":{"line":283,"column":6},"end":{"line":283,"column":null}},"48":{"start":{"line":285,"column":6},"end":{"line":288,"column":null}},"49":{"start":{"line":289,"column":6},"end":{"line":293,"column":null}},"50":{"start":{"line":294,"column":6},"end":{"line":294,"column":null}},"51":{"start":{"line":297,"column":4},"end":{"line":297,"column":null}},"52":{"start":{"line":297,"column":25},"end":{"line":297,"column":null}},"53":{"start":{"line":300,"column":4},"end":{"line":300,"column":null}},"54":{"start":{"line":301,"column":4},"end":{"line":301,"column":null}},"55":{"start":{"line":316,"column":4},"end":{"line":319,"column":null}},"56":{"start":{"line":320,"column":4},"end":{"line":324,"column":null}},"57":{"start":{"line":321,"column":6},"end":{"line":321,"column":null}},"58":{"start":{"line":322,"column":6},"end":{"line":322,"column":null}},"59":{"start":{"line":323,"column":6},"end":{"line":323,"column":null}},"60":{"start":{"line":326,"column":4},"end":{"line":326,"column":null}},"61":{"start":{"line":327,"column":4},"end":{"line":327,"column":null}},"62":{"start":{"line":328,"column":12},"end":{"line":328,"column":13}},"63":{"start":{"line":329,"column":4},"end":{"line":331,"column":null}},"64":{"start":{"line":330,"column":6},"end":{"line":330,"column":null}},"65":{"start":{"line":334,"column":14},"end":{"line":334,"column":15}},"66":{"start":{"line":335,"column":4},"end":{"line":357,"column":null}},"67":{"start":{"line":336,"column":6},"end":{"line":345,"column":null}},"68":{"start":{"line":337,"column":8},"end":{"line":337,"column":null}},"69":{"start":{"line":338,"column":8},"end":{"line":338,"column":null}},"70":{"start":{"line":339,"column":8},"end":{"line":339,"column":null}},"71":{"start":{"line":340,"column":8},"end":{"line":340,"column":null}},"72":{"start":{"line":341,"column":8},"end":{"line":344,"column":null}},"73":{"start":{"line":342,"column":10},"end":{"line":342,"column":null}},"74":{"start":{"line":343,"column":10},"end":{"line":343,"column":null}},"75":{"start":{"line":346,"column":11},"end":{"line":357,"column":null}},"76":{"start":{"line":347,"column":6},"end":{"line":356,"column":null}},"77":{"start":{"line":348,"column":8},"end":{"line":348,"column":null}},"78":{"start":{"line":349,"column":8},"end":{"line":349,"column":null}},"79":{"start":{"line":350,"column":8},"end":{"line":350,"column":null}},"80":{"start":{"line":351,"column":8},"end":{"line":351,"column":null}},"81":{"start":{"line":352,"column":8},"end":{"line":355,"column":null}},"82":{"start":{"line":353,"column":10},"end":{"line":353,"column":null}},"83":{"start":{"line":354,"column":10},"end":{"line":354,"column":null}},"84":{"start":{"line":358,"column":4},"end":{"line":358,"column":null}},"85":{"start":{"line":371,"column":14},"end":{"line":371,"column":38}},"86":{"start":{"line":373,"column":4},"end":{"line":383,"column":null}},"87":{"start":{"line":374,"column":6},"end":{"line":374,"column":null}},"88":{"start":{"line":376,"column":11},"end":{"line":383,"column":null}},"89":{"start":{"line":377,"column":6},"end":{"line":377,"column":null}},"90":{"start":{"line":379,"column":11},"end":{"line":383,"column":null}},"91":{"start":{"line":380,"column":6},"end":{"line":380,"column":null}},"92":{"start":{"line":382,"column":6},"end":{"line":382,"column":null}},"93":{"start":{"line":399,"column":12},"end":{"line":399,"column":45}},"94":{"start":{"line":400,"column":4},"end":{"line":402,"column":null}},"95":{"start":{"line":401,"column":6},"end":{"line":401,"column":null}},"96":{"start":{"line":403,"column":4},"end":{"line":403,"column":null}},"97":{"start":{"line":418,"column":4},"end":{"line":418,"column":null}},"98":{"start":{"line":419,"column":4},"end":{"line":419,"column":null}},"99":{"start":{"line":420,"column":12},"end":{"line":420,"column":13}},"100":{"start":{"line":421,"column":4},"end":{"line":423,"column":null}},"101":{"start":{"line":422,"column":6},"end":{"line":422,"column":null}},"102":{"start":{"line":426,"column":14},"end":{"line":426,"column":15}},"103":{"start":{"line":427,"column":12},"end":{"line":427,"column":13}},"104":{"start":{"line":430,"column":4},"end":{"line":455,"column":null}},"105":{"start":{"line":431,"column":6},"end":{"line":441,"column":null}},"106":{"start":{"line":432,"column":8},"end":{"line":432,"column":null}},"107":{"start":{"line":433,"column":8},"end":{"line":433,"column":null}},"108":{"start":{"line":434,"column":8},"end":{"line":440,"column":null}},"109":{"start":{"line":435,"column":10},"end":{"line":435,"column":null}},"110":{"start":{"line":436,"column":10},"end":{"line":436,"column":null}},"111":{"start":{"line":437,"column":10},"end":{"line":437,"column":null}},"112":{"start":{"line":439,"column":10},"end":{"line":439,"column":null}},"113":{"start":{"line":443,"column":26},"end":{"line":443,"column":47}},"114":{"start":{"line":444,"column":6},"end":{"line":454,"column":null}},"115":{"start":{"line":445,"column":8},"end":{"line":445,"column":null}},"116":{"start":{"line":446,"column":8},"end":{"line":446,"column":null}},"117":{"start":{"line":447,"column":8},"end":{"line":453,"column":null}},"118":{"start":{"line":448,"column":10},"end":{"line":448,"column":null}},"119":{"start":{"line":449,"column":10},"end":{"line":449,"column":null}},"120":{"start":{"line":450,"column":10},"end":{"line":450,"column":null}},"121":{"start":{"line":452,"column":10},"end":{"line":452,"column":null}},"122":{"start":{"line":457,"column":4},"end":{"line":457,"column":null}},"123":{"start":{"line":472,"column":12},"end":{"line":472,"column":13}},"124":{"start":{"line":473,"column":12},"end":{"line":473,"column":13}},"125":{"start":{"line":474,"column":16},"end":{"line":474,"column":41}},"126":{"start":{"line":475,"column":4},"end":{"line":494,"column":null}},"127":{"start":{"line":475,"column":17},"end":{"line":475,"column":22}},"128":{"start":{"line":476,"column":16},"end":{"line":476,"column":38}},"129":{"start":{"line":478,"column":6},"end":{"line":478,"column":null}},"130":{"start":{"line":481,"column":6},"end":{"line":491,"column":null}},"131":{"start":{"line":482,"column":8},"end":{"line":482,"column":null}},"132":{"start":{"line":485,"column":13},"end":{"line":491,"column":null}},"133":{"start":{"line":486,"column":8},"end":{"line":486,"column":null}},"134":{"start":{"line":490,"column":8},"end":{"line":490,"column":null}},"135":{"start":{"line":492,"column":6},"end":{"line":492,"column":null}},"136":{"start":{"line":493,"column":6},"end":{"line":493,"column":null}},"137":{"start":{"line":495,"column":4},"end":{"line":495,"column":null}},"138":{"start":{"line":510,"column":4},"end":{"line":510,"column":null}},"139":{"start":{"line":511,"column":4},"end":{"line":511,"column":null}},"140":{"start":{"line":514,"column":18},"end":{"line":514,"column":19}},"141":{"start":{"line":515,"column":18},"end":{"line":515,"column":19}},"142":{"start":{"line":516,"column":4},"end":{"line":518,"column":null}},"143":{"start":{"line":517,"column":6},"end":{"line":517,"column":null}},"144":{"start":{"line":519,"column":4},"end":{"line":519,"column":null}},"145":{"start":{"line":520,"column":4},"end":{"line":520,"column":null}},"146":{"start":{"line":522,"column":18},"end":{"line":522,"column":39}},"147":{"start":{"line":523,"column":16},"end":{"line":523,"column":31}},"148":{"start":{"line":524,"column":16},"end":{"line":524,"column":52}},"149":{"start":{"line":526,"column":15},"end":{"line":526,"column":16}},"150":{"start":{"line":527,"column":12},"end":{"line":527,"column":17}},"151":{"start":{"line":528,"column":4},"end":{"line":537,"column":null}},"152":{"start":{"line":529,"column":6},"end":{"line":529,"column":null}},"153":{"start":{"line":531,"column":6},"end":{"line":531,"column":null}},"154":{"start":{"line":532,"column":6},"end":{"line":536,"column":null}},"155":{"start":{"line":533,"column":8},"end":{"line":533,"column":null}},"156":{"start":{"line":535,"column":8},"end":{"line":535,"column":null}},"157":{"start":{"line":539,"column":4},"end":{"line":553,"column":null}},"158":{"start":{"line":540,"column":16},"end":{"line":540,"column":17}},"159":{"start":{"line":541,"column":6},"end":{"line":541,"column":null}},"160":{"start":{"line":543,"column":6},"end":{"line":545,"column":null}},"161":{"start":{"line":544,"column":8},"end":{"line":544,"column":null}},"162":{"start":{"line":547,"column":6},"end":{"line":547,"column":null}},"163":{"start":{"line":548,"column":6},"end":{"line":552,"column":null}},"164":{"start":{"line":549,"column":8},"end":{"line":549,"column":null}},"165":{"start":{"line":551,"column":8},"end":{"line":551,"column":null}},"166":{"start":{"line":555,"column":4},"end":{"line":555,"column":null}},"167":{"start":{"line":571,"column":4},"end":{"line":571,"column":null}},"168":{"start":{"line":572,"column":4},"end":{"line":574,"column":null}},"169":{"start":{"line":572,"column":17},"end":{"line":572,"column":18}},"170":{"start":{"line":573,"column":6},"end":{"line":573,"column":null}},"171":{"start":{"line":575,"column":4},"end":{"line":575,"column":null}},"172":{"start":{"line":576,"column":4},"end":{"line":576,"column":null}},"173":{"start":{"line":577,"column":4},"end":{"line":577,"column":null}},"174":{"start":{"line":595,"column":4},"end":{"line":595,"column":null}},"175":{"start":{"line":596,"column":4},"end":{"line":596,"column":null}},"176":{"start":{"line":597,"column":4},"end":{"line":597,"column":null}},"177":{"start":{"line":598,"column":4},"end":{"line":598,"column":null}},"178":{"start":{"line":612,"column":14},"end":{"line":612,"column":29}},"179":{"start":{"line":613,"column":4},"end":{"line":613,"column":null}},"180":{"start":{"line":614,"column":4},"end":{"line":614,"column":null}},"181":{"start":{"line":629,"column":4},"end":{"line":631,"column":null}},"182":{"start":{"line":630,"column":6},"end":{"line":630,"column":null}},"183":{"start":{"line":632,"column":4},"end":{"line":632,"column":null}},"184":{"start":{"line":647,"column":4},"end":{"line":649,"column":null}},"185":{"start":{"line":648,"column":6},"end":{"line":648,"column":null}},"186":{"start":{"line":650,"column":4},"end":{"line":650,"column":null}},"187":{"start":{"line":665,"column":4},"end":{"line":667,"column":null}},"188":{"start":{"line":666,"column":6},"end":{"line":666,"column":null}},"189":{"start":{"line":668,"column":4},"end":{"line":668,"column":null}},"190":{"start":{"line":682,"column":4},"end":{"line":682,"column":null}},"191":{"start":{"line":700,"column":4},"end":{"line":729,"column":null}},"192":{"start":{"line":701,"column":6},"end":{"line":701,"column":null}},"193":{"start":{"line":702,"column":16},"end":{"line":702,"column":17}},"194":{"start":{"line":703,"column":18},"end":{"line":703,"column":19}},"195":{"start":{"line":704,"column":6},"end":{"line":718,"column":null}},"196":{"start":{"line":704,"column":19},"end":{"line":704,"column":20}},"197":{"start":{"line":705,"column":18},"end":{"line":705,"column":31}},"198":{"start":{"line":706,"column":21},"end":{"line":706,"column":67}},"199":{"start":{"line":707,"column":8},"end":{"line":707,"column":null}},"200":{"start":{"line":708,"column":8},"end":{"line":708,"column":null}},"201":{"start":{"line":709,"column":8},"end":{"line":712,"column":null}},"202":{"start":{"line":710,"column":10},"end":{"line":710,"column":null}},"203":{"start":{"line":711,"column":10},"end":{"line":711,"column":null}},"204":{"start":{"line":713,"column":8},"end":{"line":717,"column":null}},"205":{"start":{"line":714,"column":10},"end":{"line":714,"column":null}},"206":{"start":{"line":716,"column":10},"end":{"line":716,"column":null}},"207":{"start":{"line":719,"column":6},"end":{"line":721,"column":null}},"208":{"start":{"line":720,"column":8},"end":{"line":720,"column":null}},"209":{"start":{"line":722,"column":6},"end":{"line":724,"column":null}},"210":{"start":{"line":723,"column":8},"end":{"line":723,"column":null}},"211":{"start":{"line":725,"column":6},"end":{"line":727,"column":null}},"212":{"start":{"line":726,"column":8},"end":{"line":726,"column":null}},"213":{"start":{"line":728,"column":6},"end":{"line":728,"column":null}},"214":{"start":{"line":731,"column":4},"end":{"line":759,"column":null}},"215":{"start":{"line":733,"column":24},"end":{"line":733,"column":50}},"216":{"start":{"line":735,"column":24},"end":{"line":735,"column":50}},"217":{"start":{"line":736,"column":6},"end":{"line":736,"column":null}},"218":{"start":{"line":737,"column":14},"end":{"line":737,"column":26}},"219":{"start":{"line":738,"column":6},"end":{"line":738,"column":null}},"220":{"start":{"line":739,"column":6},"end":{"line":748,"column":null}},"221":{"start":{"line":740,"column":18},"end":{"line":740,"column":51}},"222":{"start":{"line":741,"column":8},"end":{"line":741,"column":null}},"223":{"start":{"line":743,"column":8},"end":{"line":747,"column":null}},"224":{"start":{"line":744,"column":10},"end":{"line":744,"column":null}},"225":{"start":{"line":746,"column":10},"end":{"line":746,"column":null}},"226":{"start":{"line":749,"column":6},"end":{"line":751,"column":null}},"227":{"start":{"line":750,"column":8},"end":{"line":750,"column":null}},"228":{"start":{"line":752,"column":6},"end":{"line":754,"column":null}},"229":{"start":{"line":753,"column":8},"end":{"line":753,"column":null}},"230":{"start":{"line":755,"column":6},"end":{"line":757,"column":null}},"231":{"start":{"line":756,"column":8},"end":{"line":756,"column":null}},"232":{"start":{"line":758,"column":6},"end":{"line":758,"column":null}},"233":{"start":{"line":761,"column":4},"end":{"line":761,"column":null}},"234":{"start":{"line":777,"column":14},"end":{"line":777,"column":27}},"235":{"start":{"line":778,"column":4},"end":{"line":785,"column":null}},"236":{"start":{"line":779,"column":6},"end":{"line":779,"column":null}},"237":{"start":{"line":780,"column":11},"end":{"line":785,"column":null}},"238":{"start":{"line":782,"column":6},"end":{"line":782,"column":null}},"239":{"start":{"line":783,"column":11},"end":{"line":785,"column":null}},"240":{"start":{"line":784,"column":6},"end":{"line":784,"column":null}},"241":{"start":{"line":786,"column":4},"end":{"line":786,"column":null}},"242":{"start":{"line":800,"column":4},"end":{"line":800,"column":null}},"243":{"start":{"line":816,"column":4},"end":{"line":838,"column":null}},"244":{"start":{"line":817,"column":18},"end":{"line":817,"column":38}},"245":{"start":{"line":818,"column":21},"end":{"line":818,"column":35}},"246":{"start":{"line":819,"column":6},"end":{"line":819,"column":null}},"247":{"start":{"line":821,"column":6},"end":{"line":834,"column":null}},"248":{"start":{"line":823,"column":13},"end":{"line":834,"column":null}},"249":{"start":{"line":824,"column":8},"end":{"line":824,"column":null}},"250":{"start":{"line":825,"column":13},"end":{"line":834,"column":null}},"251":{"start":{"line":826,"column":21},"end":{"line":826,"column":44}},"252":{"start":{"line":827,"column":8},"end":{"line":829,"column":null}},"253":{"start":{"line":827,"column":21},"end":{"line":827,"column":22}},"254":{"start":{"line":828,"column":10},"end":{"line":828,"column":null}},"255":{"start":{"line":830,"column":8},"end":{"line":832,"column":null}},"256":{"start":{"line":830,"column":21},"end":{"line":830,"column":22}},"257":{"start":{"line":831,"column":10},"end":{"line":831,"column":null}},"258":{"start":{"line":833,"column":8},"end":{"line":833,"column":null}},"259":{"start":{"line":836,"column":18},"end":{"line":836,"column":38}},"260":{"start":{"line":837,"column":6},"end":{"line":837,"column":null}},"261":{"start":{"line":840,"column":4},"end":{"line":842,"column":null}},"262":{"start":{"line":841,"column":6},"end":{"line":841,"column":null}},"263":{"start":{"line":843,"column":21},"end":{"line":843,"column":37}},"264":{"start":{"line":844,"column":4},"end":{"line":846,"column":null}},"265":{"start":{"line":845,"column":6},"end":{"line":845,"column":null}},"266":{"start":{"line":847,"column":4},"end":{"line":847,"column":null}},"267":{"start":{"line":863,"column":4},"end":{"line":863,"column":null}},"268":{"start":{"line":877,"column":4},"end":{"line":879,"column":null}},"269":{"start":{"line":878,"column":6},"end":{"line":878,"column":null}},"270":{"start":{"line":880,"column":4},"end":{"line":880,"column":null}},"271":{"start":{"line":893,"column":4},"end":{"line":893,"column":null}},"272":{"start":{"line":895,"column":23},"end":{"line":895,"column":40}},"273":{"start":{"line":896,"column":22},"end":{"line":896,"column":55}},"274":{"start":{"line":897,"column":4},"end":{"line":897,"column":null}},"275":{"start":{"line":898,"column":4},"end":{"line":898,"column":null}},"276":{"start":{"line":900,"column":16},"end":{"line":900,"column":51}},"277":{"start":{"line":901,"column":20},"end":{"line":901,"column":49}},"278":{"start":{"line":902,"column":4},"end":{"line":902,"column":null}},"279":{"start":{"line":903,"column":4},"end":{"line":903,"column":null}},"280":{"start":{"line":916,"column":19},"end":{"line":916,"column":20}},"281":{"start":{"line":917,"column":16},"end":{"line":917,"column":17}},"282":{"start":{"line":919,"column":4},"end":{"line":940,"column":null}},"283":{"start":{"line":919,"column":17},"end":{"line":919,"column":18}},"284":{"start":{"line":919,"column":28},"end":{"line":919,"column":29}},"285":{"start":{"line":920,"column":19},"end":{"line":920,"column":51}},"286":{"start":{"line":922,"column":6},"end":{"line":922,"column":null}},"287":{"start":{"line":923,"column":6},"end":{"line":925,"column":null}},"288":{"start":{"line":924,"column":8},"end":{"line":924,"column":null}},"289":{"start":{"line":926,"column":6},"end":{"line":928,"column":null}},"290":{"start":{"line":927,"column":8},"end":{"line":927,"column":null}},"291":{"start":{"line":930,"column":6},"end":{"line":939,"column":null}},"292":{"start":{"line":931,"column":8},"end":{"line":933,"column":null}},"293":{"start":{"line":932,"column":10},"end":{"line":932,"column":null}},"294":{"start":{"line":934,"column":8},"end":{"line":934,"column":null}},"295":{"start":{"line":935,"column":8},"end":{"line":935,"column":null}},"296":{"start":{"line":937,"column":8},"end":{"line":937,"column":null}},"297":{"start":{"line":938,"column":8},"end":{"line":938,"column":null}},"298":{"start":{"line":942,"column":4},"end":{"line":948,"column":null}},"299":{"start":{"line":943,"column":6},"end":{"line":943,"column":null}},"300":{"start":{"line":945,"column":6},"end":{"line":947,"column":null}},"301":{"start":{"line":946,"column":8},"end":{"line":946,"column":null}},"302":{"start":{"line":961,"column":19},"end":{"line":961,"column":33}},"303":{"start":{"line":962,"column":16},"end":{"line":962,"column":17}},"304":{"start":{"line":964,"column":4},"end":{"line":985,"column":null}},"305":{"start":{"line":964,"column":17},"end":{"line":964,"column":18}},"306":{"start":{"line":964,"column":28},"end":{"line":964,"column":29}},"307":{"start":{"line":965,"column":19},"end":{"line":965,"column":51}},"308":{"start":{"line":967,"column":6},"end":{"line":967,"column":null}},"309":{"start":{"line":968,"column":6},"end":{"line":970,"column":null}},"310":{"start":{"line":969,"column":8},"end":{"line":969,"column":null}},"311":{"start":{"line":971,"column":6},"end":{"line":973,"column":null}},"312":{"start":{"line":972,"column":8},"end":{"line":972,"column":null}},"313":{"start":{"line":975,"column":6},"end":{"line":984,"column":null}},"314":{"start":{"line":976,"column":8},"end":{"line":978,"column":null}},"315":{"start":{"line":977,"column":10},"end":{"line":977,"column":null}},"316":{"start":{"line":979,"column":8},"end":{"line":979,"column":null}},"317":{"start":{"line":980,"column":8},"end":{"line":980,"column":null}},"318":{"start":{"line":982,"column":8},"end":{"line":982,"column":null}},"319":{"start":{"line":983,"column":8},"end":{"line":983,"column":null}},"320":{"start":{"line":987,"column":4},"end":{"line":993,"column":null}},"321":{"start":{"line":988,"column":6},"end":{"line":988,"column":null}},"322":{"start":{"line":990,"column":6},"end":{"line":992,"column":null}},"323":{"start":{"line":991,"column":8},"end":{"line":991,"column":null}},"324":{"start":{"line":1006,"column":4},"end":{"line":1008,"column":null}},"325":{"start":{"line":1007,"column":6},"end":{"line":1007,"column":null}},"326":{"start":{"line":1009,"column":12},"end":{"line":1009,"column":13}},"327":{"start":{"line":1010,"column":12},"end":{"line":1010,"column":13}},"328":{"start":{"line":1011,"column":4},"end":{"line":1014,"column":null}},"329":{"start":{"line":1012,"column":6},"end":{"line":1012,"column":null}},"330":{"start":{"line":1013,"column":6},"end":{"line":1013,"column":null}},"331":{"start":{"line":1015,"column":4},"end":{"line":1018,"column":null}},"332":{"start":{"line":1016,"column":6},"end":{"line":1016,"column":null}},"333":{"start":{"line":1017,"column":6},"end":{"line":1017,"column":null}},"334":{"start":{"line":1019,"column":4},"end":{"line":1022,"column":null}},"335":{"start":{"line":1020,"column":6},"end":{"line":1020,"column":null}},"336":{"start":{"line":1021,"column":6},"end":{"line":1021,"column":null}},"337":{"start":{"line":1023,"column":4},"end":{"line":1026,"column":null}},"338":{"start":{"line":1024,"column":6},"end":{"line":1024,"column":null}},"339":{"start":{"line":1025,"column":6},"end":{"line":1025,"column":null}},"340":{"start":{"line":1027,"column":4},"end":{"line":1027,"column":null}},"341":{"start":{"line":1041,"column":4},"end":{"line":1041,"column":null}},"342":{"start":{"line":1041,"column":17},"end":{"line":1041,"column":null}},"343":{"start":{"line":1043,"column":12},"end":{"line":1043,"column":13}},"344":{"start":{"line":1044,"column":12},"end":{"line":1044,"column":13}},"345":{"start":{"line":1045,"column":4},"end":{"line":1048,"column":null}},"346":{"start":{"line":1046,"column":6},"end":{"line":1046,"column":null}},"347":{"start":{"line":1047,"column":6},"end":{"line":1047,"column":null}},"348":{"start":{"line":1049,"column":4},"end":{"line":1052,"column":null}},"349":{"start":{"line":1050,"column":6},"end":{"line":1050,"column":null}},"350":{"start":{"line":1051,"column":6},"end":{"line":1051,"column":null}},"351":{"start":{"line":1053,"column":4},"end":{"line":1056,"column":null}},"352":{"start":{"line":1054,"column":6},"end":{"line":1054,"column":null}},"353":{"start":{"line":1055,"column":6},"end":{"line":1055,"column":null}},"354":{"start":{"line":1057,"column":4},"end":{"line":1060,"column":null}},"355":{"start":{"line":1058,"column":6},"end":{"line":1058,"column":null}},"356":{"start":{"line":1059,"column":6},"end":{"line":1059,"column":null}},"357":{"start":{"line":1061,"column":4},"end":{"line":1063,"column":null}},"358":{"start":{"line":1062,"column":6},"end":{"line":1062,"column":null}},"359":{"start":{"line":1064,"column":4},"end":{"line":1064,"column":null}},"360":{"start":{"line":1074,"column":14},"end":{"line":1074,"column":41}},"361":{"start":{"line":1075,"column":15},"end":{"line":1075,"column":36}},"362":{"start":{"line":1076,"column":4},"end":{"line":1076,"column":null}},"363":{"start":{"line":1093,"column":14},"end":{"line":1093,"column":40}},"364":{"start":{"line":1095,"column":4},"end":{"line":1100,"column":null}},"365":{"start":{"line":1095,"column":19},"end":{"line":1095,"column":20}},"366":{"start":{"line":1096,"column":18},"end":{"line":1096,"column":32}},"367":{"start":{"line":1097,"column":19},"end":{"line":1097,"column":27}},"368":{"start":{"line":1099,"column":6},"end":{"line":1099,"column":null}},"369":{"start":{"line":1102,"column":4},"end":{"line":1102,"column":null}},"370":{"start":{"line":1117,"column":4},"end":{"line":1117,"column":null}},"371":{"start":{"line":1131,"column":4},"end":{"line":1131,"column":null}},"372":{"start":{"line":1131,"column":23},"end":{"line":1131,"column":null}},"373":{"start":{"line":1133,"column":12},"end":{"line":1133,"column":13}},"374":{"start":{"line":1134,"column":4},"end":{"line":1138,"column":null}},"375":{"start":{"line":1134,"column":17},"end":{"line":1134,"column":18}},"376":{"start":{"line":1135,"column":16},"end":{"line":1135,"column":48}},"377":{"start":{"line":1136,"column":6},"end":{"line":1136,"column":null}},"378":{"start":{"line":1137,"column":6},"end":{"line":1137,"column":25}},"379":{"start":{"line":1137,"column":20},"end":{"line":1137,"column":25}},"380":{"start":{"line":1139,"column":4},"end":{"line":1139,"column":null}},"381":{"start":{"line":1153,"column":4},"end":{"line":1153,"column":null}},"382":{"start":{"line":1168,"column":4},"end":{"line":1170,"column":null}},"383":{"start":{"line":1169,"column":6},"end":{"line":1169,"column":null}},"384":{"start":{"line":1171,"column":4},"end":{"line":1171,"column":null}},"385":{"start":{"line":1186,"column":4},"end":{"line":1188,"column":null}},"386":{"start":{"line":1187,"column":6},"end":{"line":1187,"column":null}},"387":{"start":{"line":1189,"column":4},"end":{"line":1189,"column":null}},"388":{"start":{"line":1203,"column":4},"end":{"line":1203,"column":null}},"389":{"start":{"line":1217,"column":4},"end":{"line":1217,"column":null}},"390":{"start":{"line":1231,"column":4},"end":{"line":1233,"column":null}},"391":{"start":{"line":1232,"column":6},"end":{"line":1232,"column":null}},"392":{"start":{"line":1235,"column":4},"end":{"line":1235,"column":null}},"393":{"start":{"line":1252,"column":4},"end":{"line":1254,"column":null}},"394":{"start":{"line":1253,"column":6},"end":{"line":1253,"column":null}},"395":{"start":{"line":1256,"column":4},"end":{"line":1258,"column":null}},"396":{"start":{"line":1256,"column":17},"end":{"line":1256,"column":18}},"397":{"start":{"line":1257,"column":6},"end":{"line":1257,"column":null}},"398":{"start":{"line":1260,"column":4},"end":{"line":1260,"column":null}},"399":{"start":{"line":1277,"column":4},"end":{"line":1277,"column":null}},"400":{"start":{"line":1278,"column":4},"end":{"line":1278,"column":null}},"401":{"start":{"line":1297,"column":4},"end":{"line":1297,"column":null}},"402":{"start":{"line":1297,"column":34},"end":{"line":1297,"column":null}},"403":{"start":{"line":1298,"column":4},"end":{"line":1298,"column":null}},"404":{"start":{"line":1316,"column":4},"end":{"line":1316,"column":null}},"405":{"start":{"line":1316,"column":34},"end":{"line":1316,"column":null}},"406":{"start":{"line":1317,"column":4},"end":{"line":1317,"column":null}},"407":{"start":{"line":1336,"column":22},"end":{"line":1336,"column":55}},"408":{"start":{"line":1338,"column":4},"end":{"line":1340,"column":null}},"409":{"start":{"line":1338,"column":17},"end":{"line":1338,"column":18}},"410":{"start":{"line":1339,"column":6},"end":{"line":1339,"column":null}},"411":{"start":{"line":1342,"column":4},"end":{"line":1342,"column":null}},"412":{"start":{"line":1344,"column":4},"end":{"line":1344,"column":null}},"413":{"start":{"line":1363,"column":4},"end":{"line":1363,"column":null}},"414":{"start":{"line":1364,"column":4},"end":{"line":1364,"column":null}},"415":{"start":{"line":1381,"column":4},"end":{"line":1381,"column":null}},"416":{"start":{"line":1381,"column":34},"end":{"line":1381,"column":null}},"417":{"start":{"line":1382,"column":4},"end":{"line":1382,"column":null}},"418":{"start":{"line":1399,"column":4},"end":{"line":1399,"column":null}},"419":{"start":{"line":1399,"column":34},"end":{"line":1399,"column":null}},"420":{"start":{"line":1400,"column":4},"end":{"line":1400,"column":null}},"421":{"start":{"line":1418,"column":4},"end":{"line":1430,"column":null}},"422":{"start":{"line":1419,"column":6},"end":{"line":1421,"column":null}},"423":{"start":{"line":1419,"column":19},"end":{"line":1419,"column":20}},"424":{"start":{"line":1420,"column":8},"end":{"line":1420,"column":null}},"425":{"start":{"line":1423,"column":6},"end":{"line":1425,"column":null}},"426":{"start":{"line":1423,"column":19},"end":{"line":1423,"column":20}},"427":{"start":{"line":1424,"column":8},"end":{"line":1424,"column":null}},"428":{"start":{"line":1426,"column":6},"end":{"line":1428,"column":null}},"429":{"start":{"line":1426,"column":19},"end":{"line":1426,"column":30}},"430":{"start":{"line":1427,"column":8},"end":{"line":1427,"column":null}},"431":{"start":{"line":1429,"column":6},"end":{"line":1429,"column":null}},"432":{"start":{"line":1431,"column":4},"end":{"line":1431,"column":null}},"433":{"start":{"line":1450,"column":4},"end":{"line":1453,"column":null}},"434":{"start":{"line":1454,"column":4},"end":{"line":1454,"column":null}},"435":{"start":{"line":1471,"column":4},"end":{"line":1471,"column":null}},"436":{"start":{"line":1471,"column":34},"end":{"line":1471,"column":null}},"437":{"start":{"line":1472,"column":4},"end":{"line":1472,"column":null}},"438":{"start":{"line":1488,"column":4},"end":{"line":1488,"column":null}},"439":{"start":{"line":1488,"column":34},"end":{"line":1488,"column":null}},"440":{"start":{"line":1489,"column":4},"end":{"line":1489,"column":null}},"441":{"start":{"line":1505,"column":4},"end":{"line":1508,"column":null}},"442":{"start":{"line":1510,"column":22},"end":{"line":1510,"column":47}},"443":{"start":{"line":1511,"column":21},"end":{"line":1511,"column":31}},"444":{"start":{"line":1514,"column":4},"end":{"line":1514,"column":null}},"445":{"start":{"line":1516,"column":4},"end":{"line":1518,"column":null}},"446":{"start":{"line":1517,"column":6},"end":{"line":1517,"column":null}},"447":{"start":{"line":1521,"column":12},"end":{"line":1521,"column":13}},"448":{"start":{"line":1522,"column":4},"end":{"line":1524,"column":null}},"449":{"start":{"line":1523,"column":6},"end":{"line":1523,"column":null}},"450":{"start":{"line":1527,"column":4},"end":{"line":1529,"column":null}},"451":{"start":{"line":1528,"column":6},"end":{"line":1528,"column":null}},"452":{"start":{"line":1532,"column":4},"end":{"line":1532,"column":null}},"453":{"start":{"line":1548,"column":4},"end":{"line":1548,"column":null}},"454":{"start":{"line":1566,"column":4},"end":{"line":1566,"column":null}},"455":{"start":{"line":1568,"column":16},"end":{"line":1568,"column":30}},"456":{"start":{"line":1569,"column":17},"end":{"line":1569,"column":25}},"457":{"start":{"line":1571,"column":4},"end":{"line":1571,"column":null}},"458":{"start":{"line":1573,"column":4},"end":{"line":1577,"column":null}},"459":{"start":{"line":1574,"column":6},"end":{"line":1574,"column":null}},"460":{"start":{"line":1576,"column":6},"end":{"line":1576,"column":null}},"461":{"start":{"line":1579,"column":4},"end":{"line":1579,"column":null}},"462":{"start":{"line":1598,"column":4},"end":{"line":1610,"column":null}},"463":{"start":{"line":1599,"column":6},"end":{"line":1599,"column":null}},"464":{"start":{"line":1600,"column":6},"end":{"line":1600,"column":null}},"465":{"start":{"line":1601,"column":6},"end":{"line":1601,"column":null}},"466":{"start":{"line":1602,"column":6},"end":{"line":1602,"column":null}},"467":{"start":{"line":1605,"column":11},"end":{"line":1610,"column":null}},"468":{"start":{"line":1606,"column":6},"end":{"line":1606,"column":null}},"469":{"start":{"line":1607,"column":6},"end":{"line":1607,"column":null}},"470":{"start":{"line":1608,"column":6},"end":{"line":1608,"column":null}},"471":{"start":{"line":1609,"column":6},"end":{"line":1609,"column":null}},"472":{"start":{"line":1614,"column":4},"end":{"line":1622,"column":null}},"473":{"start":{"line":1616,"column":6},"end":{"line":1616,"column":null}},"474":{"start":{"line":1617,"column":6},"end":{"line":1617,"column":null}},"475":{"start":{"line":1619,"column":6},"end":{"line":1619,"column":null}},"476":{"start":{"line":1621,"column":6},"end":{"line":1621,"column":null}},"477":{"start":{"line":1624,"column":16},"end":{"line":1624,"column":17}},"478":{"start":{"line":1625,"column":12},"end":{"line":1625,"column":13}},"479":{"start":{"line":1626,"column":4},"end":{"line":1630,"column":null}},"480":{"start":{"line":1627,"column":6},"end":{"line":1627,"column":null}},"481":{"start":{"line":1628,"column":6},"end":{"line":1628,"column":null}},"482":{"start":{"line":1629,"column":6},"end":{"line":1629,"column":null}},"483":{"start":{"line":1631,"column":4},"end":{"line":1635,"column":null}},"484":{"start":{"line":1632,"column":6},"end":{"line":1632,"column":null}},"485":{"start":{"line":1633,"column":6},"end":{"line":1633,"column":null}},"486":{"start":{"line":1634,"column":6},"end":{"line":1634,"column":null}},"487":{"start":{"line":1637,"column":4},"end":{"line":1637,"column":null}},"488":{"start":{"line":1638,"column":4},"end":{"line":1646,"column":null}},"489":{"start":{"line":1639,"column":6},"end":{"line":1639,"column":null}},"490":{"start":{"line":1640,"column":6},"end":{"line":1640,"column":null}},"491":{"start":{"line":1642,"column":11},"end":{"line":1646,"column":null}},"492":{"start":{"line":1643,"column":6},"end":{"line":1645,"column":null}},"493":{"start":{"line":1644,"column":8},"end":{"line":1644,"column":null}},"494":{"start":{"line":1648,"column":4},"end":{"line":1648,"column":null}},"495":{"start":{"line":1665,"column":4},"end":{"line":1675,"column":null}},"496":{"start":{"line":1666,"column":6},"end":{"line":1666,"column":null}},"497":{"start":{"line":1667,"column":6},"end":{"line":1667,"column":null}},"498":{"start":{"line":1668,"column":6},"end":{"line":1668,"column":null}},"499":{"start":{"line":1669,"column":6},"end":{"line":1669,"column":null}},"500":{"start":{"line":1670,"column":11},"end":{"line":1675,"column":null}},"501":{"start":{"line":1671,"column":6},"end":{"line":1671,"column":null}},"502":{"start":{"line":1672,"column":6},"end":{"line":1672,"column":null}},"503":{"start":{"line":1673,"column":6},"end":{"line":1673,"column":null}},"504":{"start":{"line":1674,"column":6},"end":{"line":1674,"column":null}},"505":{"start":{"line":1677,"column":4},"end":{"line":1677,"column":null}},"506":{"start":{"line":1677,"column":34},"end":{"line":1677,"column":null}},"507":{"start":{"line":1679,"column":4},"end":{"line":1679,"column":null}},"508":{"start":{"line":1697,"column":4},"end":{"line":1709,"column":null}},"509":{"start":{"line":1698,"column":6},"end":{"line":1698,"column":null}},"510":{"start":{"line":1699,"column":6},"end":{"line":1699,"column":null}},"511":{"start":{"line":1700,"column":6},"end":{"line":1700,"column":null}},"512":{"start":{"line":1701,"column":6},"end":{"line":1701,"column":null}},"513":{"start":{"line":1704,"column":11},"end":{"line":1709,"column":null}},"514":{"start":{"line":1705,"column":6},"end":{"line":1705,"column":null}},"515":{"start":{"line":1706,"column":6},"end":{"line":1706,"column":null}},"516":{"start":{"line":1707,"column":6},"end":{"line":1707,"column":null}},"517":{"start":{"line":1708,"column":6},"end":{"line":1708,"column":null}},"518":{"start":{"line":1712,"column":16},"end":{"line":1712,"column":29}},"519":{"start":{"line":1715,"column":4},"end":{"line":1720,"column":null}},"520":{"start":{"line":1716,"column":6},"end":{"line":1716,"column":null}},"521":{"start":{"line":1717,"column":6},"end":{"line":1717,"column":null}},"522":{"start":{"line":1718,"column":6},"end":{"line":1718,"column":null}},"523":{"start":{"line":1719,"column":6},"end":{"line":1719,"column":null}},"524":{"start":{"line":1724,"column":4},"end":{"line":1732,"column":null}},"525":{"start":{"line":1726,"column":6},"end":{"line":1726,"column":null}},"526":{"start":{"line":1727,"column":6},"end":{"line":1727,"column":null}},"527":{"start":{"line":1729,"column":6},"end":{"line":1729,"column":null}},"528":{"start":{"line":1731,"column":6},"end":{"line":1731,"column":null}},"529":{"start":{"line":1734,"column":16},"end":{"line":1734,"column":17}},"530":{"start":{"line":1735,"column":12},"end":{"line":1735,"column":13}},"531":{"start":{"line":1736,"column":4},"end":{"line":1740,"column":null}},"532":{"start":{"line":1737,"column":6},"end":{"line":1737,"column":null}},"533":{"start":{"line":1738,"column":6},"end":{"line":1738,"column":null}},"534":{"start":{"line":1739,"column":6},"end":{"line":1739,"column":null}},"535":{"start":{"line":1741,"column":4},"end":{"line":1745,"column":null}},"536":{"start":{"line":1742,"column":6},"end":{"line":1742,"column":null}},"537":{"start":{"line":1743,"column":6},"end":{"line":1743,"column":null}},"538":{"start":{"line":1744,"column":6},"end":{"line":1744,"column":null}},"539":{"start":{"line":1748,"column":4},"end":{"line":1752,"column":null}},"540":{"start":{"line":1749,"column":6},"end":{"line":1751,"column":null}},"541":{"start":{"line":1750,"column":8},"end":{"line":1750,"column":null}},"542":{"start":{"line":1754,"column":4},"end":{"line":1754,"column":null}},"543":{"start":{"line":1756,"column":4},"end":{"line":1758,"column":null}},"544":{"start":{"line":1757,"column":6},"end":{"line":1757,"column":null}},"545":{"start":{"line":1760,"column":4},"end":{"line":1760,"column":null}},"546":{"start":{"line":1776,"column":4},"end":{"line":1776,"column":null}},"547":{"start":{"line":1782,"column":4},"end":{"line":1782,"column":null}},"548":{"start":{"line":1783,"column":14},"end":{"line":1783,"column":44}},"549":{"start":{"line":1784,"column":4},"end":{"line":1784,"column":null}},"550":{"start":{"line":1785,"column":4},"end":{"line":1785,"column":null}},"551":{"start":{"line":1788,"column":12},"end":{"line":1788,"column":29}},"552":{"start":{"line":1789,"column":12},"end":{"line":1789,"column":28}},"553":{"start":{"line":1790,"column":12},"end":{"line":1790,"column":17}},"554":{"start":{"line":1792,"column":15},"end":{"line":1792,"column":28}},"555":{"start":{"line":1793,"column":16},"end":{"line":1793,"column":35}},"556":{"start":{"line":1794,"column":4},"end":{"line":1794,"column":null}},"557":{"start":{"line":1796,"column":12},"end":{"line":1796,"column":13}},"558":{"start":{"line":1797,"column":4},"end":{"line":1813,"column":null}},"559":{"start":{"line":1800,"column":19},"end":{"line":1800,"column":31}},"560":{"start":{"line":1801,"column":18},"end":{"line":1801,"column":35}},"561":{"start":{"line":1802,"column":19},"end":{"line":1802,"column":46}},"562":{"start":{"line":1803,"column":6},"end":{"line":1810,"column":null}},"563":{"start":{"line":1803,"column":19},"end":{"line":1803,"column":51}},"564":{"start":{"line":1804,"column":18},"end":{"line":1804,"column":29}},"565":{"start":{"line":1805,"column":8},"end":{"line":1805,"column":null}},"566":{"start":{"line":1806,"column":8},"end":{"line":1806,"column":null}},"567":{"start":{"line":1807,"column":8},"end":{"line":1807,"column":null}},"568":{"start":{"line":1808,"column":8},"end":{"line":1808,"column":null}},"569":{"start":{"line":1809,"column":8},"end":{"line":1809,"column":null}},"570":{"start":{"line":1811,"column":6},"end":{"line":1811,"column":null}},"571":{"start":{"line":1812,"column":6},"end":{"line":1812,"column":null}},"572":{"start":{"line":1814,"column":4},"end":{"line":1818,"column":null}},"573":{"start":{"line":1815,"column":6},"end":{"line":1815,"column":null}},"574":{"start":{"line":1817,"column":6},"end":{"line":1817,"column":null}},"575":{"start":{"line":1820,"column":4},"end":{"line":1820,"column":null}},"576":{"start":{"line":1824,"column":14},"end":{"line":1824,"column":24}},"577":{"start":{"line":1825,"column":14},"end":{"line":1825,"column":23}},"578":{"start":{"line":1826,"column":14},"end":{"line":1826,"column":23}},"579":{"start":{"line":1827,"column":20},"end":{"line":1827,"column":21}},"580":{"start":{"line":1831,"column":15},"end":{"line":1831,"column":23}},"581":{"start":{"line":1832,"column":16},"end":{"line":1832,"column":27}},"582":{"start":{"line":1833,"column":16},"end":{"line":1833,"column":25}},"583":{"start":{"line":1834,"column":15},"end":{"line":1834,"column":23}},"584":{"start":{"line":1835,"column":16},"end":{"line":1835,"column":27}},"585":{"start":{"line":1836,"column":16},"end":{"line":1836,"column":25}},"586":{"start":{"line":1837,"column":15},"end":{"line":1837,"column":23}},"587":{"start":{"line":1838,"column":16},"end":{"line":1838,"column":27}},"588":{"start":{"line":1839,"column":16},"end":{"line":1839,"column":25}},"589":{"start":{"line":1840,"column":15},"end":{"line":1840,"column":23}},"590":{"start":{"line":1841,"column":16},"end":{"line":1841,"column":27}},"591":{"start":{"line":1842,"column":16},"end":{"line":1842,"column":25}},"592":{"start":{"line":1843,"column":15},"end":{"line":1843,"column":23}},"593":{"start":{"line":1844,"column":16},"end":{"line":1844,"column":27}},"594":{"start":{"line":1845,"column":16},"end":{"line":1845,"column":25}},"595":{"start":{"line":1846,"column":15},"end":{"line":1846,"column":23}},"596":{"start":{"line":1847,"column":16},"end":{"line":1847,"column":27}},"597":{"start":{"line":1848,"column":16},"end":{"line":1848,"column":25}},"598":{"start":{"line":1849,"column":15},"end":{"line":1849,"column":23}},"599":{"start":{"line":1850,"column":16},"end":{"line":1850,"column":27}},"600":{"start":{"line":1851,"column":16},"end":{"line":1851,"column":25}},"601":{"start":{"line":1852,"column":15},"end":{"line":1852,"column":23}},"602":{"start":{"line":1853,"column":16},"end":{"line":1853,"column":27}},"603":{"start":{"line":1854,"column":16},"end":{"line":1854,"column":25}},"604":{"start":{"line":1855,"column":15},"end":{"line":1855,"column":23}},"605":{"start":{"line":1856,"column":16},"end":{"line":1856,"column":27}},"606":{"start":{"line":1857,"column":16},"end":{"line":1857,"column":25}},"607":{"start":{"line":1858,"column":15},"end":{"line":1858,"column":23}},"608":{"start":{"line":1859,"column":16},"end":{"line":1859,"column":27}},"609":{"start":{"line":1860,"column":16},"end":{"line":1860,"column":25}},"610":{"start":{"line":1861,"column":15},"end":{"line":1861,"column":23}},"611":{"start":{"line":1862,"column":16},"end":{"line":1862,"column":27}},"612":{"start":{"line":1863,"column":16},"end":{"line":1863,"column":25}},"613":{"start":{"line":1864,"column":15},"end":{"line":1864,"column":23}},"614":{"start":{"line":1865,"column":16},"end":{"line":1865,"column":27}},"615":{"start":{"line":1866,"column":16},"end":{"line":1866,"column":25}},"616":{"start":{"line":1867,"column":15},"end":{"line":1867,"column":23}},"617":{"start":{"line":1868,"column":16},"end":{"line":1868,"column":27}},"618":{"start":{"line":1869,"column":16},"end":{"line":1869,"column":25}},"619":{"start":{"line":1870,"column":15},"end":{"line":1870,"column":23}},"620":{"start":{"line":1871,"column":16},"end":{"line":1871,"column":27}},"621":{"start":{"line":1872,"column":16},"end":{"line":1872,"column":25}},"622":{"start":{"line":1873,"column":15},"end":{"line":1873,"column":23}},"623":{"start":{"line":1874,"column":16},"end":{"line":1874,"column":27}},"624":{"start":{"line":1875,"column":16},"end":{"line":1875,"column":25}},"625":{"start":{"line":1876,"column":15},"end":{"line":1876,"column":23}},"626":{"start":{"line":1877,"column":16},"end":{"line":1877,"column":27}},"627":{"start":{"line":1878,"column":16},"end":{"line":1878,"column":25}},"628":{"start":{"line":1879,"column":15},"end":{"line":1879,"column":23}},"629":{"start":{"line":1880,"column":16},"end":{"line":1880,"column":27}},"630":{"start":{"line":1881,"column":16},"end":{"line":1881,"column":25}},"631":{"start":{"line":1882,"column":15},"end":{"line":1882,"column":23}},"632":{"start":{"line":1883,"column":16},"end":{"line":1883,"column":27}},"633":{"start":{"line":1884,"column":16},"end":{"line":1884,"column":25}},"634":{"start":{"line":1885,"column":15},"end":{"line":1885,"column":23}},"635":{"start":{"line":1886,"column":16},"end":{"line":1886,"column":27}},"636":{"start":{"line":1887,"column":16},"end":{"line":1887,"column":25}},"637":{"start":{"line":1888,"column":15},"end":{"line":1888,"column":23}},"638":{"start":{"line":1889,"column":16},"end":{"line":1889,"column":27}},"639":{"start":{"line":1890,"column":16},"end":{"line":1890,"column":25}},"640":{"start":{"line":1892,"column":4},"end":{"line":1892,"column":null}},"641":{"start":{"line":1893,"column":4},"end":{"line":1893,"column":null}},"642":{"start":{"line":1895,"column":4},"end":{"line":1895,"column":null}},"643":{"start":{"line":1896,"column":4},"end":{"line":1896,"column":null}},"644":{"start":{"line":1897,"column":4},"end":{"line":1897,"column":null}},"645":{"start":{"line":1898,"column":4},"end":{"line":1898,"column":null}},"646":{"start":{"line":1899,"column":13},"end":{"line":1899,"column":58}},"647":{"start":{"line":1900,"column":4},"end":{"line":1900,"column":null}},"648":{"start":{"line":1901,"column":4},"end":{"line":1901,"column":null}},"649":{"start":{"line":1903,"column":4},"end":{"line":1903,"column":null}},"650":{"start":{"line":1904,"column":4},"end":{"line":1904,"column":null}},"651":{"start":{"line":1905,"column":4},"end":{"line":1905,"column":null}},"652":{"start":{"line":1906,"column":4},"end":{"line":1906,"column":null}},"653":{"start":{"line":1907,"column":4},"end":{"line":1907,"column":null}},"654":{"start":{"line":1908,"column":4},"end":{"line":1908,"column":null}},"655":{"start":{"line":1909,"column":4},"end":{"line":1909,"column":null}},"656":{"start":{"line":1910,"column":4},"end":{"line":1910,"column":null}},"657":{"start":{"line":1911,"column":13},"end":{"line":1911,"column":58}},"658":{"start":{"line":1912,"column":4},"end":{"line":1912,"column":null}},"659":{"start":{"line":1913,"column":4},"end":{"line":1913,"column":null}},"660":{"start":{"line":1915,"column":4},"end":{"line":1915,"column":null}},"661":{"start":{"line":1916,"column":4},"end":{"line":1916,"column":null}},"662":{"start":{"line":1917,"column":4},"end":{"line":1917,"column":null}},"663":{"start":{"line":1918,"column":4},"end":{"line":1918,"column":null}},"664":{"start":{"line":1919,"column":4},"end":{"line":1919,"column":null}},"665":{"start":{"line":1920,"column":4},"end":{"line":1920,"column":null}},"666":{"start":{"line":1921,"column":4},"end":{"line":1921,"column":null}},"667":{"start":{"line":1922,"column":4},"end":{"line":1922,"column":null}},"668":{"start":{"line":1923,"column":4},"end":{"line":1923,"column":null}},"669":{"start":{"line":1924,"column":4},"end":{"line":1924,"column":null}},"670":{"start":{"line":1925,"column":4},"end":{"line":1925,"column":null}},"671":{"start":{"line":1926,"column":4},"end":{"line":1926,"column":null}},"672":{"start":{"line":1927,"column":13},"end":{"line":1927,"column":58}},"673":{"start":{"line":1928,"column":4},"end":{"line":1928,"column":null}},"674":{"start":{"line":1929,"column":4},"end":{"line":1929,"column":null}},"675":{"start":{"line":1931,"column":4},"end":{"line":1931,"column":null}},"676":{"start":{"line":1932,"column":4},"end":{"line":1932,"column":null}},"677":{"start":{"line":1933,"column":4},"end":{"line":1933,"column":null}},"678":{"start":{"line":1934,"column":4},"end":{"line":1934,"column":null}},"679":{"start":{"line":1935,"column":4},"end":{"line":1935,"column":null}},"680":{"start":{"line":1936,"column":4},"end":{"line":1936,"column":null}},"681":{"start":{"line":1937,"column":4},"end":{"line":1937,"column":null}},"682":{"start":{"line":1938,"column":4},"end":{"line":1938,"column":null}},"683":{"start":{"line":1939,"column":4},"end":{"line":1939,"column":null}},"684":{"start":{"line":1940,"column":4},"end":{"line":1940,"column":null}},"685":{"start":{"line":1941,"column":4},"end":{"line":1941,"column":null}},"686":{"start":{"line":1942,"column":4},"end":{"line":1942,"column":null}},"687":{"start":{"line":1943,"column":4},"end":{"line":1943,"column":null}},"688":{"start":{"line":1944,"column":4},"end":{"line":1944,"column":null}},"689":{"start":{"line":1945,"column":4},"end":{"line":1945,"column":null}},"690":{"start":{"line":1946,"column":4},"end":{"line":1946,"column":null}},"691":{"start":{"line":1947,"column":13},"end":{"line":1947,"column":58}},"692":{"start":{"line":1948,"column":4},"end":{"line":1948,"column":null}},"693":{"start":{"line":1949,"column":4},"end":{"line":1949,"column":null}},"694":{"start":{"line":1951,"column":4},"end":{"line":1951,"column":null}},"695":{"start":{"line":1952,"column":4},"end":{"line":1952,"column":null}},"696":{"start":{"line":1953,"column":4},"end":{"line":1953,"column":null}},"697":{"start":{"line":1954,"column":4},"end":{"line":1954,"column":null}},"698":{"start":{"line":1955,"column":4},"end":{"line":1955,"column":null}},"699":{"start":{"line":1956,"column":4},"end":{"line":1956,"column":null}},"700":{"start":{"line":1957,"column":4},"end":{"line":1957,"column":null}},"701":{"start":{"line":1958,"column":4},"end":{"line":1958,"column":null}},"702":{"start":{"line":1959,"column":4},"end":{"line":1959,"column":null}},"703":{"start":{"line":1960,"column":4},"end":{"line":1960,"column":null}},"704":{"start":{"line":1961,"column":4},"end":{"line":1961,"column":null}},"705":{"start":{"line":1962,"column":4},"end":{"line":1962,"column":null}},"706":{"start":{"line":1963,"column":4},"end":{"line":1963,"column":null}},"707":{"start":{"line":1964,"column":4},"end":{"line":1964,"column":null}},"708":{"start":{"line":1965,"column":4},"end":{"line":1965,"column":null}},"709":{"start":{"line":1966,"column":4},"end":{"line":1966,"column":null}},"710":{"start":{"line":1967,"column":4},"end":{"line":1967,"column":null}},"711":{"start":{"line":1968,"column":4},"end":{"line":1968,"column":null}},"712":{"start":{"line":1969,"column":4},"end":{"line":1969,"column":null}},"713":{"start":{"line":1970,"column":4},"end":{"line":1970,"column":null}},"714":{"start":{"line":1971,"column":13},"end":{"line":1971,"column":58}},"715":{"start":{"line":1972,"column":4},"end":{"line":1972,"column":null}},"716":{"start":{"line":1973,"column":4},"end":{"line":1973,"column":null}},"717":{"start":{"line":1975,"column":4},"end":{"line":1975,"column":null}},"718":{"start":{"line":1976,"column":4},"end":{"line":1976,"column":null}},"719":{"start":{"line":1977,"column":4},"end":{"line":1977,"column":null}},"720":{"start":{"line":1978,"column":4},"end":{"line":1978,"column":null}},"721":{"start":{"line":1979,"column":4},"end":{"line":1979,"column":null}},"722":{"start":{"line":1980,"column":4},"end":{"line":1980,"column":null}},"723":{"start":{"line":1981,"column":4},"end":{"line":1981,"column":null}},"724":{"start":{"line":1982,"column":4},"end":{"line":1982,"column":null}},"725":{"start":{"line":1983,"column":4},"end":{"line":1983,"column":null}},"726":{"start":{"line":1984,"column":4},"end":{"line":1984,"column":null}},"727":{"start":{"line":1985,"column":4},"end":{"line":1985,"column":null}},"728":{"start":{"line":1986,"column":4},"end":{"line":1986,"column":null}},"729":{"start":{"line":1987,"column":4},"end":{"line":1987,"column":null}},"730":{"start":{"line":1988,"column":4},"end":{"line":1988,"column":null}},"731":{"start":{"line":1989,"column":4},"end":{"line":1989,"column":null}},"732":{"start":{"line":1990,"column":4},"end":{"line":1990,"column":null}},"733":{"start":{"line":1991,"column":4},"end":{"line":1991,"column":null}},"734":{"start":{"line":1992,"column":4},"end":{"line":1992,"column":null}},"735":{"start":{"line":1993,"column":4},"end":{"line":1993,"column":null}},"736":{"start":{"line":1994,"column":4},"end":{"line":1994,"column":null}},"737":{"start":{"line":1995,"column":4},"end":{"line":1995,"column":null}},"738":{"start":{"line":1996,"column":4},"end":{"line":1996,"column":null}},"739":{"start":{"line":1997,"column":4},"end":{"line":1997,"column":null}},"740":{"start":{"line":1998,"column":4},"end":{"line":1998,"column":null}},"741":{"start":{"line":1999,"column":13},"end":{"line":1999,"column":58}},"742":{"start":{"line":2000,"column":4},"end":{"line":2000,"column":null}},"743":{"start":{"line":2001,"column":4},"end":{"line":2001,"column":null}},"744":{"start":{"line":2003,"column":4},"end":{"line":2003,"column":null}},"745":{"start":{"line":2004,"column":4},"end":{"line":2004,"column":null}},"746":{"start":{"line":2005,"column":4},"end":{"line":2005,"column":null}},"747":{"start":{"line":2006,"column":4},"end":{"line":2006,"column":null}},"748":{"start":{"line":2007,"column":4},"end":{"line":2007,"column":null}},"749":{"start":{"line":2008,"column":4},"end":{"line":2008,"column":null}},"750":{"start":{"line":2009,"column":4},"end":{"line":2009,"column":null}},"751":{"start":{"line":2010,"column":4},"end":{"line":2010,"column":null}},"752":{"start":{"line":2011,"column":4},"end":{"line":2011,"column":null}},"753":{"start":{"line":2012,"column":4},"end":{"line":2012,"column":null}},"754":{"start":{"line":2013,"column":4},"end":{"line":2013,"column":null}},"755":{"start":{"line":2014,"column":4},"end":{"line":2014,"column":null}},"756":{"start":{"line":2015,"column":4},"end":{"line":2015,"column":null}},"757":{"start":{"line":2016,"column":4},"end":{"line":2016,"column":null}},"758":{"start":{"line":2017,"column":4},"end":{"line":2017,"column":null}},"759":{"start":{"line":2018,"column":4},"end":{"line":2018,"column":null}},"760":{"start":{"line":2019,"column":4},"end":{"line":2019,"column":null}},"761":{"start":{"line":2020,"column":4},"end":{"line":2020,"column":null}},"762":{"start":{"line":2021,"column":4},"end":{"line":2021,"column":null}},"763":{"start":{"line":2022,"column":4},"end":{"line":2022,"column":null}},"764":{"start":{"line":2023,"column":4},"end":{"line":2023,"column":null}},"765":{"start":{"line":2024,"column":4},"end":{"line":2024,"column":null}},"766":{"start":{"line":2025,"column":4},"end":{"line":2025,"column":null}},"767":{"start":{"line":2026,"column":4},"end":{"line":2026,"column":null}},"768":{"start":{"line":2027,"column":4},"end":{"line":2027,"column":null}},"769":{"start":{"line":2028,"column":4},"end":{"line":2028,"column":null}},"770":{"start":{"line":2029,"column":4},"end":{"line":2029,"column":null}},"771":{"start":{"line":2030,"column":4},"end":{"line":2030,"column":null}},"772":{"start":{"line":2031,"column":13},"end":{"line":2031,"column":58}},"773":{"start":{"line":2032,"column":4},"end":{"line":2032,"column":null}},"774":{"start":{"line":2033,"column":4},"end":{"line":2033,"column":null}},"775":{"start":{"line":2035,"column":4},"end":{"line":2035,"column":null}},"776":{"start":{"line":2036,"column":4},"end":{"line":2036,"column":null}},"777":{"start":{"line":2037,"column":4},"end":{"line":2037,"column":null}},"778":{"start":{"line":2038,"column":4},"end":{"line":2038,"column":null}},"779":{"start":{"line":2039,"column":4},"end":{"line":2039,"column":null}},"780":{"start":{"line":2040,"column":4},"end":{"line":2040,"column":null}},"781":{"start":{"line":2041,"column":4},"end":{"line":2041,"column":null}},"782":{"start":{"line":2042,"column":4},"end":{"line":2042,"column":null}},"783":{"start":{"line":2043,"column":4},"end":{"line":2043,"column":null}},"784":{"start":{"line":2044,"column":4},"end":{"line":2044,"column":null}},"785":{"start":{"line":2045,"column":4},"end":{"line":2045,"column":null}},"786":{"start":{"line":2046,"column":4},"end":{"line":2046,"column":null}},"787":{"start":{"line":2047,"column":4},"end":{"line":2047,"column":null}},"788":{"start":{"line":2048,"column":4},"end":{"line":2048,"column":null}},"789":{"start":{"line":2049,"column":4},"end":{"line":2049,"column":null}},"790":{"start":{"line":2050,"column":4},"end":{"line":2050,"column":null}},"791":{"start":{"line":2051,"column":4},"end":{"line":2051,"column":null}},"792":{"start":{"line":2052,"column":4},"end":{"line":2052,"column":null}},"793":{"start":{"line":2053,"column":4},"end":{"line":2053,"column":null}},"794":{"start":{"line":2054,"column":4},"end":{"line":2054,"column":null}},"795":{"start":{"line":2055,"column":4},"end":{"line":2055,"column":null}},"796":{"start":{"line":2056,"column":4},"end":{"line":2056,"column":null}},"797":{"start":{"line":2057,"column":4},"end":{"line":2057,"column":null}},"798":{"start":{"line":2058,"column":4},"end":{"line":2058,"column":null}},"799":{"start":{"line":2059,"column":4},"end":{"line":2059,"column":null}},"800":{"start":{"line":2060,"column":4},"end":{"line":2060,"column":null}},"801":{"start":{"line":2061,"column":4},"end":{"line":2061,"column":null}},"802":{"start":{"line":2062,"column":4},"end":{"line":2062,"column":null}},"803":{"start":{"line":2063,"column":4},"end":{"line":2063,"column":null}},"804":{"start":{"line":2064,"column":4},"end":{"line":2064,"column":null}},"805":{"start":{"line":2065,"column":4},"end":{"line":2065,"column":null}},"806":{"start":{"line":2066,"column":4},"end":{"line":2066,"column":null}},"807":{"start":{"line":2067,"column":13},"end":{"line":2067,"column":58}},"808":{"start":{"line":2068,"column":4},"end":{"line":2068,"column":null}},"809":{"start":{"line":2069,"column":4},"end":{"line":2069,"column":null}},"810":{"start":{"line":2071,"column":4},"end":{"line":2071,"column":null}},"811":{"start":{"line":2072,"column":4},"end":{"line":2072,"column":null}},"812":{"start":{"line":2073,"column":4},"end":{"line":2073,"column":null}},"813":{"start":{"line":2074,"column":4},"end":{"line":2074,"column":null}},"814":{"start":{"line":2075,"column":4},"end":{"line":2075,"column":null}},"815":{"start":{"line":2076,"column":4},"end":{"line":2076,"column":null}},"816":{"start":{"line":2077,"column":4},"end":{"line":2077,"column":null}},"817":{"start":{"line":2078,"column":4},"end":{"line":2078,"column":null}},"818":{"start":{"line":2079,"column":4},"end":{"line":2079,"column":null}},"819":{"start":{"line":2080,"column":4},"end":{"line":2080,"column":null}},"820":{"start":{"line":2081,"column":4},"end":{"line":2081,"column":null}},"821":{"start":{"line":2082,"column":4},"end":{"line":2082,"column":null}},"822":{"start":{"line":2083,"column":4},"end":{"line":2083,"column":null}},"823":{"start":{"line":2084,"column":4},"end":{"line":2084,"column":null}},"824":{"start":{"line":2085,"column":4},"end":{"line":2085,"column":null}},"825":{"start":{"line":2086,"column":4},"end":{"line":2086,"column":null}},"826":{"start":{"line":2087,"column":4},"end":{"line":2087,"column":null}},"827":{"start":{"line":2088,"column":4},"end":{"line":2088,"column":null}},"828":{"start":{"line":2089,"column":4},"end":{"line":2089,"column":null}},"829":{"start":{"line":2090,"column":4},"end":{"line":2090,"column":null}},"830":{"start":{"line":2091,"column":4},"end":{"line":2091,"column":null}},"831":{"start":{"line":2092,"column":4},"end":{"line":2092,"column":null}},"832":{"start":{"line":2093,"column":4},"end":{"line":2093,"column":null}},"833":{"start":{"line":2094,"column":4},"end":{"line":2094,"column":null}},"834":{"start":{"line":2095,"column":4},"end":{"line":2095,"column":null}},"835":{"start":{"line":2096,"column":4},"end":{"line":2096,"column":null}},"836":{"start":{"line":2097,"column":4},"end":{"line":2097,"column":null}},"837":{"start":{"line":2098,"column":4},"end":{"line":2098,"column":null}},"838":{"start":{"line":2099,"column":4},"end":{"line":2099,"column":null}},"839":{"start":{"line":2100,"column":4},"end":{"line":2100,"column":null}},"840":{"start":{"line":2101,"column":4},"end":{"line":2101,"column":null}},"841":{"start":{"line":2102,"column":4},"end":{"line":2102,"column":null}},"842":{"start":{"line":2103,"column":4},"end":{"line":2103,"column":null}},"843":{"start":{"line":2104,"column":4},"end":{"line":2104,"column":null}},"844":{"start":{"line":2105,"column":4},"end":{"line":2105,"column":null}},"845":{"start":{"line":2106,"column":4},"end":{"line":2106,"column":null}},"846":{"start":{"line":2107,"column":13},"end":{"line":2107,"column":58}},"847":{"start":{"line":2108,"column":4},"end":{"line":2108,"column":null}},"848":{"start":{"line":2109,"column":4},"end":{"line":2109,"column":null}},"849":{"start":{"line":2111,"column":4},"end":{"line":2111,"column":null}},"850":{"start":{"line":2112,"column":4},"end":{"line":2112,"column":null}},"851":{"start":{"line":2113,"column":4},"end":{"line":2113,"column":null}},"852":{"start":{"line":2114,"column":4},"end":{"line":2114,"column":null}},"853":{"start":{"line":2115,"column":4},"end":{"line":2115,"column":null}},"854":{"start":{"line":2116,"column":4},"end":{"line":2116,"column":null}},"855":{"start":{"line":2117,"column":4},"end":{"line":2117,"column":null}},"856":{"start":{"line":2118,"column":4},"end":{"line":2118,"column":null}},"857":{"start":{"line":2119,"column":4},"end":{"line":2119,"column":null}},"858":{"start":{"line":2120,"column":4},"end":{"line":2120,"column":null}},"859":{"start":{"line":2121,"column":4},"end":{"line":2121,"column":null}},"860":{"start":{"line":2122,"column":4},"end":{"line":2122,"column":null}},"861":{"start":{"line":2123,"column":4},"end":{"line":2123,"column":null}},"862":{"start":{"line":2124,"column":4},"end":{"line":2124,"column":null}},"863":{"start":{"line":2125,"column":4},"end":{"line":2125,"column":null}},"864":{"start":{"line":2126,"column":4},"end":{"line":2126,"column":null}},"865":{"start":{"line":2127,"column":4},"end":{"line":2127,"column":null}},"866":{"start":{"line":2128,"column":4},"end":{"line":2128,"column":null}},"867":{"start":{"line":2129,"column":4},"end":{"line":2129,"column":null}},"868":{"start":{"line":2130,"column":4},"end":{"line":2130,"column":null}},"869":{"start":{"line":2131,"column":4},"end":{"line":2131,"column":null}},"870":{"start":{"line":2132,"column":4},"end":{"line":2132,"column":null}},"871":{"start":{"line":2133,"column":4},"end":{"line":2133,"column":null}},"872":{"start":{"line":2134,"column":4},"end":{"line":2134,"column":null}},"873":{"start":{"line":2135,"column":4},"end":{"line":2135,"column":null}},"874":{"start":{"line":2136,"column":4},"end":{"line":2136,"column":null}},"875":{"start":{"line":2137,"column":4},"end":{"line":2137,"column":null}},"876":{"start":{"line":2138,"column":4},"end":{"line":2138,"column":null}},"877":{"start":{"line":2139,"column":4},"end":{"line":2139,"column":null}},"878":{"start":{"line":2140,"column":4},"end":{"line":2140,"column":null}},"879":{"start":{"line":2141,"column":4},"end":{"line":2141,"column":null}},"880":{"start":{"line":2142,"column":4},"end":{"line":2142,"column":null}},"881":{"start":{"line":2143,"column":4},"end":{"line":2143,"column":null}},"882":{"start":{"line":2144,"column":4},"end":{"line":2144,"column":null}},"883":{"start":{"line":2145,"column":4},"end":{"line":2145,"column":null}},"884":{"start":{"line":2146,"column":4},"end":{"line":2146,"column":null}},"885":{"start":{"line":2147,"column":4},"end":{"line":2147,"column":null}},"886":{"start":{"line":2148,"column":4},"end":{"line":2148,"column":null}},"887":{"start":{"line":2149,"column":4},"end":{"line":2149,"column":null}},"888":{"start":{"line":2150,"column":4},"end":{"line":2150,"column":null}},"889":{"start":{"line":2151,"column":13},"end":{"line":2151,"column":58}},"890":{"start":{"line":2152,"column":4},"end":{"line":2152,"column":null}},"891":{"start":{"line":2153,"column":4},"end":{"line":2153,"column":null}},"892":{"start":{"line":2155,"column":4},"end":{"line":2155,"column":null}},"893":{"start":{"line":2156,"column":4},"end":{"line":2156,"column":null}},"894":{"start":{"line":2157,"column":4},"end":{"line":2157,"column":null}},"895":{"start":{"line":2158,"column":4},"end":{"line":2158,"column":null}},"896":{"start":{"line":2159,"column":4},"end":{"line":2159,"column":null}},"897":{"start":{"line":2160,"column":4},"end":{"line":2160,"column":null}},"898":{"start":{"line":2161,"column":4},"end":{"line":2161,"column":null}},"899":{"start":{"line":2162,"column":4},"end":{"line":2162,"column":null}},"900":{"start":{"line":2163,"column":4},"end":{"line":2163,"column":null}},"901":{"start":{"line":2164,"column":4},"end":{"line":2164,"column":null}},"902":{"start":{"line":2165,"column":4},"end":{"line":2165,"column":null}},"903":{"start":{"line":2166,"column":4},"end":{"line":2166,"column":null}},"904":{"start":{"line":2167,"column":4},"end":{"line":2167,"column":null}},"905":{"start":{"line":2168,"column":4},"end":{"line":2168,"column":null}},"906":{"start":{"line":2169,"column":4},"end":{"line":2169,"column":null}},"907":{"start":{"line":2170,"column":4},"end":{"line":2170,"column":null}},"908":{"start":{"line":2171,"column":4},"end":{"line":2171,"column":null}},"909":{"start":{"line":2172,"column":4},"end":{"line":2172,"column":null}},"910":{"start":{"line":2173,"column":4},"end":{"line":2173,"column":null}},"911":{"start":{"line":2174,"column":4},"end":{"line":2174,"column":null}},"912":{"start":{"line":2175,"column":4},"end":{"line":2175,"column":null}},"913":{"start":{"line":2176,"column":4},"end":{"line":2176,"column":null}},"914":{"start":{"line":2177,"column":4},"end":{"line":2177,"column":null}},"915":{"start":{"line":2178,"column":4},"end":{"line":2178,"column":null}},"916":{"start":{"line":2179,"column":4},"end":{"line":2179,"column":null}},"917":{"start":{"line":2180,"column":4},"end":{"line":2180,"column":null}},"918":{"start":{"line":2181,"column":4},"end":{"line":2181,"column":null}},"919":{"start":{"line":2182,"column":4},"end":{"line":2182,"column":null}},"920":{"start":{"line":2183,"column":4},"end":{"line":2183,"column":null}},"921":{"start":{"line":2184,"column":4},"end":{"line":2184,"column":null}},"922":{"start":{"line":2185,"column":4},"end":{"line":2185,"column":null}},"923":{"start":{"line":2186,"column":4},"end":{"line":2186,"column":null}},"924":{"start":{"line":2187,"column":4},"end":{"line":2187,"column":null}},"925":{"start":{"line":2188,"column":4},"end":{"line":2188,"column":null}},"926":{"start":{"line":2189,"column":4},"end":{"line":2189,"column":null}},"927":{"start":{"line":2190,"column":4},"end":{"line":2190,"column":null}},"928":{"start":{"line":2191,"column":14},"end":{"line":2191,"column":59}},"929":{"start":{"line":2192,"column":4},"end":{"line":2192,"column":null}},"930":{"start":{"line":2193,"column":4},"end":{"line":2193,"column":null}},"931":{"start":{"line":2195,"column":4},"end":{"line":2195,"column":null}},"932":{"start":{"line":2196,"column":4},"end":{"line":2196,"column":null}},"933":{"start":{"line":2197,"column":4},"end":{"line":2197,"column":null}},"934":{"start":{"line":2198,"column":4},"end":{"line":2198,"column":null}},"935":{"start":{"line":2199,"column":4},"end":{"line":2199,"column":null}},"936":{"start":{"line":2200,"column":4},"end":{"line":2200,"column":null}},"937":{"start":{"line":2201,"column":4},"end":{"line":2201,"column":null}},"938":{"start":{"line":2202,"column":4},"end":{"line":2202,"column":null}},"939":{"start":{"line":2203,"column":4},"end":{"line":2203,"column":null}},"940":{"start":{"line":2204,"column":4},"end":{"line":2204,"column":null}},"941":{"start":{"line":2205,"column":4},"end":{"line":2205,"column":null}},"942":{"start":{"line":2206,"column":4},"end":{"line":2206,"column":null}},"943":{"start":{"line":2207,"column":4},"end":{"line":2207,"column":null}},"944":{"start":{"line":2208,"column":4},"end":{"line":2208,"column":null}},"945":{"start":{"line":2209,"column":4},"end":{"line":2209,"column":null}},"946":{"start":{"line":2210,"column":4},"end":{"line":2210,"column":null}},"947":{"start":{"line":2211,"column":4},"end":{"line":2211,"column":null}},"948":{"start":{"line":2212,"column":4},"end":{"line":2212,"column":null}},"949":{"start":{"line":2213,"column":4},"end":{"line":2213,"column":null}},"950":{"start":{"line":2214,"column":4},"end":{"line":2214,"column":null}},"951":{"start":{"line":2215,"column":4},"end":{"line":2215,"column":null}},"952":{"start":{"line":2216,"column":4},"end":{"line":2216,"column":null}},"953":{"start":{"line":2217,"column":4},"end":{"line":2217,"column":null}},"954":{"start":{"line":2218,"column":4},"end":{"line":2218,"column":null}},"955":{"start":{"line":2219,"column":4},"end":{"line":2219,"column":null}},"956":{"start":{"line":2220,"column":4},"end":{"line":2220,"column":null}},"957":{"start":{"line":2221,"column":4},"end":{"line":2221,"column":null}},"958":{"start":{"line":2222,"column":4},"end":{"line":2222,"column":null}},"959":{"start":{"line":2223,"column":4},"end":{"line":2223,"column":null}},"960":{"start":{"line":2224,"column":4},"end":{"line":2224,"column":null}},"961":{"start":{"line":2225,"column":4},"end":{"line":2225,"column":null}},"962":{"start":{"line":2226,"column":4},"end":{"line":2226,"column":null}},"963":{"start":{"line":2227,"column":14},"end":{"line":2227,"column":59}},"964":{"start":{"line":2228,"column":4},"end":{"line":2228,"column":null}},"965":{"start":{"line":2229,"column":4},"end":{"line":2229,"column":null}},"966":{"start":{"line":2231,"column":4},"end":{"line":2231,"column":null}},"967":{"start":{"line":2232,"column":4},"end":{"line":2232,"column":null}},"968":{"start":{"line":2233,"column":4},"end":{"line":2233,"column":null}},"969":{"start":{"line":2234,"column":4},"end":{"line":2234,"column":null}},"970":{"start":{"line":2235,"column":4},"end":{"line":2235,"column":null}},"971":{"start":{"line":2236,"column":4},"end":{"line":2236,"column":null}},"972":{"start":{"line":2237,"column":4},"end":{"line":2237,"column":null}},"973":{"start":{"line":2238,"column":4},"end":{"line":2238,"column":null}},"974":{"start":{"line":2239,"column":4},"end":{"line":2239,"column":null}},"975":{"start":{"line":2240,"column":4},"end":{"line":2240,"column":null}},"976":{"start":{"line":2241,"column":4},"end":{"line":2241,"column":null}},"977":{"start":{"line":2242,"column":4},"end":{"line":2242,"column":null}},"978":{"start":{"line":2243,"column":4},"end":{"line":2243,"column":null}},"979":{"start":{"line":2244,"column":4},"end":{"line":2244,"
[...]
,"/Users/tyeverett/projects/sdk/src/primitives/ReductionContext.ts": {"path":"/Users/tyeverett/projects/sdk/src/primitives/ReductionContext.ts","statementMap":{"0":{"start":{"line":1,"column":0},"end":{"line":1,"column":35}},"1":{"start":{"line":2,"column":0},"end":{"line":2,"column":25}},"2":{"start":{"line":30,"column":4},"end":{"line":38,"column":null}},"3":{"start":{"line":31,"column":20},"end":{"line":31,"column":30}},"4":{"start":{"line":32,"column":6},"end":{"line":32,"column":null}},"5":{"start":{"line":33,"column":6},"end":{"line":33,"column":null}},"6":{"start":{"line":35,"column":6},"end":{"line":35,"column":null}},"7":{"start":{"line":36,"column":6},"end":{"line":36,"column":null}},"8":{"start":{"line":37,"column":6},"end":{"line":37,"column":null}},"9":{"start":{"line":54,"column":4},"end":{"line":54,"column":null}},"10":{"start":{"line":54,"column":27},"end":{"line":54,"column":null}},"11":{"start":{"line":69,"column":4},"end":{"line":69,"column":null}},"12":{"start":{"line":70,"column":4},"end":{"line":70,"column":null}},"13":{"start":{"line":87,"column":4},"end":{"line":90,"column":null}},"14":{"start":{"line":91,"column":4},"end":{"line":94,"column":null}},"15":{"start":{"line":111,"column":4},"end":{"line":111,"column":null}},"16":{"start":{"line":111,"column":28},"end":{"line":111,"column":null}},"17":{"start":{"line":113,"column":4},"end":{"line":113,"column":null}},"18":{"start":{"line":114,"column":4},"end":{"line":114,"column":null}},"19":{"start":{"line":131,"column":4},"end":{"line":133,"column":null}},"20":{"start":{"line":132,"column":6},"end":{"line":132,"column":null}},"21":{"start":{"line":135,"column":4},"end":{"line":135,"column":null}},"22":{"start":{"line":153,"column":4},"end":{"line":153,"column":null}},"23":{"start":{"line":155,"column":16},"end":{"line":155,"column":24}},"24":{"start":{"line":156,"column":4},"end":{"line":158,"column":null}},"25":{"start":{"line":157,"column":6},"end":{"line":157,"column":null}},"26":{"start":{"line":159,"column":4},"end":{"line":159,"column":null}},"27":{"start":{"line":179,"column":4},"end":{"line":179,"column":null}},"28":{"start":{"line":181,"column":16},"end":{"line":181,"column":25}},"29":{"start":{"line":182,"column":4},"end":{"line":184,"column":null}},"30":{"start":{"line":183,"column":6},"end":{"line":183,"column":null}},"31":{"start":{"line":185,"column":4},"end":{"line":185,"column":null}},"32":{"start":{"line":203,"column":4},"end":{"line":203,"column":null}},"33":{"start":{"line":205,"column":16},"end":{"line":205,"column":24}},"34":{"start":{"line":206,"column":4},"end":{"line":208,"column":null}},"35":{"start":{"line":207,"column":6},"end":{"line":207,"column":null}},"36":{"start":{"line":209,"column":4},"end":{"line":209,"column":null}},"37":{"start":{"line":229,"column":4},"end":{"line":229,"column":null}},"38":{"start":{"line":231,"column":16},"end":{"line":231,"column":25}},"39":{"start":{"line":232,"column":4},"end":{"line":234,"column":null}},"40":{"start":{"line":233,"column":6},"end":{"line":233,"column":null}},"41":{"start":{"line":235,"column":4},"end":{"line":235,"column":null}},"42":{"start":{"line":253,"column":4},"end":{"line":253,"column":null}},"43":{"start":{"line":254,"column":4},"end":{"line":254,"column":null}},"44":{"start":{"line":274,"column":4},"end":{"line":274,"column":null}},"45":{"start":{"line":275,"column":4},"end":{"line":275,"column":null}},"46":{"start":{"line":293,"column":4},"end":{"line":293,"column":null}},"47":{"start":{"line":294,"column":4},"end":{"line":294,"column":null}},"48":{"start":{"line":313,"column":4},"end":{"line":313,"column":null}},"49":{"start":{"line":330,"column":4},"end":{"line":330,"column":null}},"50":{"start":{"line":347,"column":4},"end":{"line":347,"column":null}},"51":{"start":{"line":347,"column":20},"end":{"line":347,"column":null}},"52":{"start":{"line":349,"column":17},"end":{"line":349,"column":32}},"53":{"start":{"line":350,"column":4},"end":{"line":350,"column":null}},"54":{"start":{"line":353,"column":4},"end":{"line":356,"column":null}},"55":{"start":{"line":354,"column":18},"end":{"line":354,"column":56}},"56":{"start":{"line":355,"column":6},"end":{"line":355,"column":null}},"57":{"start":{"line":361,"column":14},"end":{"line":361,"column":28}},"58":{"start":{"line":362,"column":12},"end":{"line":362,"column":13}},"59":{"start":{"line":363,"column":4},"end":{"line":366,"column":null}},"60":{"start":{"line":364,"column":6},"end":{"line":364,"column":null}},"61":{"start":{"line":365,"column":6},"end":{"line":365,"column":null}},"62":{"start":{"line":367,"column":4},"end":{"line":367,"column":null}},"63":{"start":{"line":369,"column":16},"end":{"line":369,"column":44}},"64":{"start":{"line":370,"column":17},"end":{"line":370,"column":29}},"65":{"start":{"line":374,"column":17},"end":{"line":374,"column":41}},"66":{"start":{"line":375,"column":15},"end":{"line":375,"column":33}},"67":{"start":{"line":376,"column":14},"end":{"line":376,"column":52}},"68":{"start":{"line":378,"column":4},"end":{"line":380,"column":null}},"69":{"start":{"line":379,"column":6},"end":{"line":379,"column":null}},"70":{"start":{"line":382,"column":12},"end":{"line":382,"column":26}},"71":{"start":{"line":383,"column":12},"end":{"line":383,"column":44}},"72":{"start":{"line":384,"column":12},"end":{"line":384,"column":26}},"73":{"start":{"line":385,"column":12},"end":{"line":385,"column":13}},"74":{"start":{"line":386,"column":4},"end":{"line":399,"column":null}},"75":{"start":{"line":387,"column":16},"end":{"line":387,"column":17}},"76":{"start":{"line":388,"column":14},"end":{"line":388,"column":15}},"77":{"start":{"line":389,"column":6},"end":{"line":391,"column":null}},"78":{"start":{"line":390,"column":8},"end":{"line":390,"column":null}},"79":{"start":{"line":392,"column":6},"end":{"line":392,"column":null}},"80":{"start":{"line":393,"column":16},"end":{"line":393,"column":63}},"81":{"start":{"line":395,"column":6},"end":{"line":395,"column":null}},"82":{"start":{"line":396,"column":6},"end":{"line":396,"column":null}},"83":{"start":{"line":397,"column":6},"end":{"line":397,"column":null}},"84":{"start":{"line":398,"column":6},"end":{"line":398,"column":null}},"85":{"start":{"line":401,"column":4},"end":{"line":401,"column":null}},"86":{"start":{"line":418,"column":16},"end":{"line":418,"column":32}},"87":{"start":{"line":419,"column":4},"end":{"line":424,"column":null}},"88":{"start":{"line":420,"column":6},"end":{"line":420,"column":null}},"89":{"start":{"line":421,"column":6},"end":{"line":421,"column":null}},"90":{"start":{"line":423,"column":6},"end":{"line":423,"column":null}},"91":{"start":{"line":442,"column":4},"end":{"line":442,"column":null}},"92":{"start":{"line":442,"column":22},"end":{"line":442,"column":null}},"93":{"start":{"line":443,"column":4},"end":{"line":443,"column":null}},"94":{"start":{"line":443,"column":27},"end":{"line":443,"column":null}},"95":{"start":{"line":445,"column":23},"end":{"line":445,"column":24}},"96":{"start":{"line":446,"column":16},"end":{"line":446,"column":42}},"97":{"start":{"line":447,"column":4},"end":{"line":447,"column":null}},"98":{"start":{"line":448,"column":4},"end":{"line":448,"column":null}},"99":{"start":{"line":449,"column":12},"end":{"line":449,"column":13}},"100":{"start":{"line":450,"column":4},"end":{"line":452,"column":null}},"101":{"start":{"line":451,"column":6},"end":{"line":451,"column":null}},"102":{"start":{"line":454,"column":14},"end":{"line":454,"column":20}},"103":{"start":{"line":455,"column":18},"end":{"line":455,"column":19}},"104":{"start":{"line":456,"column":21},"end":{"line":456,"column":22}},"105":{"start":{"line":457,"column":16},"end":{"line":457,"column":36}},"106":{"start":{"line":458,"column":4},"end":{"line":460,"column":null}},"107":{"start":{"line":459,"column":6},"end":{"line":459,"column":null}},"108":{"start":{"line":462,"column":4},"end":{"line":485,"column":null}},"109":{"start":{"line":463,"column":19},"end":{"line":463,"column":31}},"110":{"start":{"line":464,"column":6},"end":{"line":483,"column":null}},"111":{"start":{"line":464,"column":19},"end":{"line":464,"column":28}},"112":{"start":{"line":465,"column":20},"end":{"line":465,"column":35}},"113":{"start":{"line":466,"column":8},"end":{"line":468,"column":null}},"114":{"start":{"line":467,"column":10},"end":{"line":467,"column":null}},"115":{"start":{"line":470,"column":8},"end":{"line":473,"column":null}},"116":{"start":{"line":471,"column":10},"end":{"line":471,"column":null}},"117":{"start":{"line":472,"column":10},"end":{"line":472,"column":18}},"118":{"start":{"line":475,"column":8},"end":{"line":475,"column":null}},"119":{"start":{"line":476,"column":8},"end":{"line":476,"column":null}},"120":{"start":{"line":477,"column":8},"end":{"line":477,"column":null}},"121":{"start":{"line":478,"column":8},"end":{"line":478,"column":71}},"122":{"start":{"line":478,"column":63},"end":{"line":478,"column":71}},"123":{"start":{"line":480,"column":8},"end":{"line":480,"column":null}},"124":{"start":{"line":481,"column":8},"end":{"line":481,"column":null}},"125":{"start":{"line":482,"column":8},"end":{"line":482,"column":null}},"126":{"start":{"line":484,"column":6},"end":{"line":484,"column":null}},"127":{"start":{"line":487,"column":4},"end":{"line":487,"column":null}},"128":{"start":{"line":504,"column":14},"end":{"line":504,"column":30}},"129":{"start":{"line":506,"column":4},"end":{"line":506,"column":null}},"130":{"start":{"line":524,"column":16},"end":{"line":524,"column":27}},"131":{"start":{"line":525,"column":4},"end":{"line":525,"column":null}},"132":{"start":{"line":526,"column":4},"end":{"line":526,"column":null}},"133":{"start":{"line":15,"column":0},"end":{"line":15,"column":21}}},"fnMap":{"0":{"name":"(anonymous_0)","decl":{"start":{"line":29,"column":2},"end":{"line":29,"column":15}},"loc":{"start":{"line":29,"column":36},"end":{"line":39,"column":3}}},"1":{"name":"(anonymous_1)","decl":{"start":{"line":53,"column":10},"end":{"line":53,"column":16}},"loc":{"start":{"line":53,"column":64},"end":{"line":55,"column":3}}},"2":{"name":"(anonymous_2)","decl":{"start":{"line":68,"column":2},"end":{"line":68,"column":9}},"loc":{"start":{"line":68,"column":23},"end":{"line":71,"column":3}}},"3":{"name":"(anonymous_3)","decl":{"start":{"line":86,"column":2},"end":{"line":86,"column":9}},"loc":{"start":{"line":86,"column":37},"end":{"line":95,"column":3}}},"4":{"name":"(anonymous_4)","decl":{"start":{"line":110,"column":2},"end":{"line":110,"column":6}},"loc":{"start":{"line":110,"column":20},"end":{"line":115,"column":3}}},"5":{"name":"(anonymous_5)","decl":{"start":{"line":130,"column":2},"end":{"line":130,"column":5}},"loc":{"start":{"line":130,"column":19},"end":{"line":136,"column":3}}},"6":{"name":"(anonymous_6)","decl":{"start":{"line":152,"column":2},"end":{"line":152,"column":5}},"loc":{"start":{"line":152,"column":33},"end":{"line":160,"column":3}}},"7":{"name":"(anonymous_7)","decl":{"start":{"line":178,"column":2},"end":{"line":178,"column":6}},"loc":{"start":{"line":178,"column":34},"end":{"line":186,"column":3}}},"8":{"name":"(anonymous_8)","decl":{"start":{"line":202,"column":2},"end":{"line":202,"column":5}},"loc":{"start":{"line":202,"column":33},"end":{"line":210,"column":3}}},"9":{"name":"(anonymous_9)","decl":{"start":{"line":228,"column":2},"end":{"line":228,"column":6}},"loc":{"start":{"line":228,"column":34},"end":{"line":236,"column":3}}},"10":{"name":"(anonymous_10)","decl":{"start":{"line":252,"column":2},"end":{"line":252,"column":5}},"loc":{"start":{"line":252,"column":32},"end":{"line":255,"column":3}}},"11":{"name":"(anonymous_11)","decl":{"start":{"line":273,"column":2},"end":{"line":273,"column":6}},"loc":{"start":{"line":273,"column":34},"end":{"line":276,"column":3}}},"12":{"name":"(anonymous_12)","decl":{"start":{"line":292,"column":2},"end":{"line":292,"column":5}},"loc":{"start":{"line":292,"column":33},"end":{"line":295,"column":3}}},"13":{"name":"(anonymous_13)","decl":{"start":{"line":312,"column":2},"end":{"line":312,"column":6}},"loc":{"start":{"line":312,"column":20},"end":{"line":314,"column":3}}},"14":{"name":"(anonymous_14)","decl":{"start":{"line":329,"column":2},"end":{"line":329,"column":5}},"loc":{"start":{"line":329,"column":19},"end":{"line":331,"column":3}}},"15":{"name":"(anonymous_15)","decl":{"start":{"line":346,"column":2},"end":{"line":346,"column":6}},"loc":{"start":{"line":346,"column":20},"end":{"line":402,"column":3}}},"16":{"name":"(anonymous_16)","decl":{"start":{"line":417,"column":2},"end":{"line":417,"column":6}},"loc":{"start":{"line":417,"column":20},"end":{"line":425,"column":3}}},"17":{"name":"(anonymous_17)","decl":{"start":{"line":441,"column":2},"end":{"line":441,"column":5}},"loc":{"start":{"line":441,"column":35},"end":{"line":488,"column":3}}},"18":{"name":"(anonymous_18)","decl":{"start":{"line":503,"column":2},"end":{"line":503,"column":11}},"loc":{"start":{"line":503,"column":27},"end":{"line":507,"column":3}}},"19":{"name":"(anonymous_19)","decl":{"start":{"line":523,"column":2},"end":{"line":523,"column":13}},"loc":{"start":{"line":523,"column":29},"end":{"line":527,"column":3}}}},"branchMap":{"0":{"loc":{"start":{"line":30,"column":4},"end":{"line":38,"column":null}},"type":"if","locations":[{"start":{"line":30,"column":4},"end":{"line":38,"column":null}},{"start":{"line":34,"column":11},"end":{"line":38,"column":null}}]},"1":{"loc":{"start":{"line":53,"column":32},"end":{"line":53,"column":64}},"type":"default-arg","locations":[{"start":{"line":53,"column":46},"end":{"line":53,"column":64}}]},"2":{"loc":{"start":{"line":54,"column":4},"end":{"line":54,"column":null}},"type":"if","locations":[{"start":{"line":54,"column":4},"end":{"line":54,"column":null}}]},"3":{"loc":{"start":{"line":92,"column":6},"end":{"line":92,"column":40}},"type":"binary-expr","locations":[{"start":{"line":92,"column":7},"end":{"line":92,"column":20}},{"start":{"line":92,"column":25},"end":{"line":92,"column":40}}]},"4":{"loc":{"start":{"line":111,"column":4},"end":{"line":111,"column":null}},"type":"if","locations":[{"start":{"line":111,"column":4},"end":{"line":111,"column":null}}]},"5":{"loc":{"start":{"line":131,"column":4},"end":{"line":133,"column":null}},"type":"if","locations":[{"start":{"line":131,"column":4},"end":{"line":133,"column":null}}]},"6":{"loc":{"start":{"line":156,"column":4},"end":{"line":158,"column":null}},"type":"if","locations":[{"start":{"line":156,"column":4},"end":{"line":158,"column":null}}]},"7":{"loc":{"start":{"line":182,"column":4},"end":{"line":184,"column":null}},"type":"if","locations":[{"start":{"line":182,"column":4},"end":{"line":184,"column":null}}]},"8":{"loc":{"start":{"line":206,"column":4},"end":{"line":208,"column":null}},"type":"if","locations":[{"start":{"line":206,"column":4},"end":{"line":208,"column":null}}]},"9":{"loc":{"start":{"line":232,"column":4},"end":{"line":234,"column":null}},"type":"if","locations":[{"start":{"line":232,"column":4},"end":{"line":234,"column":null}}]},"10":{"loc":{"start":{"line":347,"column":4},"end":{"line":347,"column":null}},"type":"if","locations":[{"start":{"line":347,"column":4},"end":{"line":347,"column":null}}]},"11":{"loc":{"start":{"line":353,"column":4},"end":{"line":356,"column":null}},"type":"if","locations":[{"start":{"line":353,"column":4},"end":{"line":356,"column":null}}]},"12":{"loc":{"start":{"line":363,"column":11},"end":{"line":363,"column":42}},"type":"binary-expr","locations":[{"start":{"line":363,"column":11},"end":{"line":363,"column":22}},{"start":{"line":363,"column":26},"end":{"line":363,"column":42}}]},"13":{"loc":{"start":{"line":419,"column":4},"end":{"line":424,"column":null}},"type":"if","locations":[{"start":{"line":419,"column":4},"end":{"line":424,"column":null}},{"start":{"line":422,"column":11},"end":{"line":424,"column":null}}]},"14":{"loc":{"start":{"line":442,"column":4},"end":{"line":442,"column":null}},"type":"if","locations":[{"start":{"line":442,"column":4},"end":{"line":442,"column":null}}]},"15":{"loc":{"start":{"line":443,"column":4},"end":{"line":443,"column":null}},"type":"if","locations":[{"start":{"line":443,"column":4},"end":{"line":443,"column":null}}]},"16":{"loc":{"start":{"line":458,"column":4},"end":{"line":460,"column":null}},"type":"if","locations":[{"start":{"line":458,"column":4},"end":{"line":460,"column":null}}]},"17":{"loc":{"start":{"line":466,"column":8},"end":{"line":468,"column":null}},"type":"if","locations":[{"start":{"line":466,"column":8},"end":{"line":468,"column":null}}]},"18":{"loc":{"start":{"line":470,"column":8},"end":{"line":473,"column":null}},"type":"if","locations":[{"start":{"line":470,"column":8},"end":{"line":473,"column":null}}]},"19":{"loc":{"start":{"line":470,"column":12},"end":{"line":470,"column":38}},"type":"binary-expr","locations":[{"start":{"line":470,"column":12},"end":{"line":470,"column":21}},{"start":{"line":470,"column":25},"end":{"line":470,"column":38}}]},"20":{"loc":{"start":{"line":478,"column":8},"end":{"line":478,"column":71}},"type":"if","locations":[{"start":{"line":478,"column":8},"end":{"line":478,"column":71}}]},"21":{"loc":{"start":{"line":478,"column":12},"end":{"line":478,"column":61}},"type":"binary-expr","locations":[{"start":{"line":478,"column":12},"end":{"line":478,"column":37}},{"start":{"line":478,"column":42},"end":{"line":478,"column":49}},{"start":{"line":478,"column":53},"end":{"line":478,"column":60}}]},"22":{"loc":{"start":{"line":506,"column":11},"end":{"line":506,"column":36}},"type":"cond-expr","locations":[{"start":{"line":506,"column":23},"end":{"line":506,"column":32}},{"start":{"line":506,"column":35},"end":{"line":506,"column":36}}]}},"s":{"0":4,"1":4,"2":39,"3":11,"4":11,"5":11,"6":28,"7":24,"8":24,"9":113624,"10":4,"11":7176,"12":7176,"13":49614,"14":49614,"15":26869,"16":13740,"17":13129,"18":13129,"19":1038,"20":2,"21":1036,"22":1537,"23":1537,"24":1537,"25":799,"26":1537,"27":5114,"28":5114,"29":5114,"30":2588,"31":5114,"32":1893,"33":1893,"34":1893,"35":1003,"36":1893,"37":7544,"38":7544,"39":7544,"40":3830,"41":7544,"42":2,"43":2,"44":3,"45":3,"46":26517,"47":26517,"48":1,"49":17686,"50":12,"51":0,"52":12,"53":12,"54":12,"55":10,"56":10,"57":2,"58":2,"59":2,"60":4,"61":4,"62":2,"63":2,"64":2,"65":2,"66":2,"67":2,"68":2,"69":0,"70":2,"71":2,"72":2,"73":2,"74":2,"75":2,"76":2,"77":2,"78":2,"79":2,"80":2,"81":2,"82":2,"83":2,"84":2,"85":2,"86":276,"87":276,"88":2,"89":2,"90":274,"91":39,"92":4,"93":35,"94":2,"95":33,"96":33,"97":33,"98":33,"99":33,"100":33,"101":462,"102":33,"103":33,"104":33,"105":33,"106":33,"107":0,"108":33,"109":485,"110":485,"111":485,"112":11972,"113":11972,"114":11860,"115":11972,"116":2325,"117":2325,"118":9647,"119":9647,"120":9647,"121":9647,"122":7226,"123":2421,"124":2421,"125":2421,"126":485,"127":33,"128":494,"129":494,"130":40,"131":40,"132":40,"133":4},"f":{"0":39,"1":113624,"2":7176,"3":49614,"4":26869,"5":1038,"6":1537,"7":5114,"8":1893,"9":7544,"10":2,"11":3,"12":26517,"13":1,"14":17686,"15":12,"16":276,"17":39,"18":494,"19":40},"b":{"0":[11,28],"1":[16],"2":[4],"3":[49614,49614],"4":[13740],"5":[2],"6":[799],"7":[2588],"8":[1003],"9":[3830],"10":[0],"11":[10],"12":[6,6],"13":[2,274],"14":[4],"15":[2],"16":[0],"17":[11860],"18":[2325],"19":[11972,5520],"20":[7226],"21":[9647,7246,187],"22":[469,25]}}
,"/Users/tyeverett/projects/sdk/src/primitives/__tests/BigNumber.fixtures.ts": {"path":"/Users/tyeverett/projects/sdk/src/primitives/__tests/BigNumber.fixtures.ts","statementMap":{"0":{"start":{"line":1,"column":13},"end":{"line":264,"column":null}}},"fnMap":{},"branchMap":{},"s":{"0":2},"f":{},"b":{}}
,"/Users/tyeverett/projects/sdk/src/primitives/__tests/DRBG.vectors.ts": {"path":"/Users/tyeverett/projects/sdk/src/primitives/__tests/DRBG.vectors.ts","statementMap":{"0":{"start":{"line":1,"column":0},"end":{"line":167,"column":null}}},"fnMap":{},"branchMap":{},"s":{"0":1},"f":{},"b":{}}
}
