TN:
SF:src/primitives/BasePoint.ts
FN:15,(anonymous_0)
FN:21,(anonymous_1)
FN:25,(anonymous_2)
FN:29,(anonymous_3)
FN:45,(anonymous_4)
FN:54,(anonymous_5)
FN:79,(anonymous_6)
FN:97,(anonymous_7)
FN:101,(anonymous_8)
FNF:9
FNH:5
FNDA:3054,(anonymous_0)
FNDA:0,(anonymous_1)
FNDA:0,(anonymous_2)
FNDA:1,(anonymous_3)
FNDA:11,(anonymous_4)
FNDA:6,(anonymous_5)
FNDA:13,(anonymous_6)
FNDA:0,(anonymous_7)
FNDA:0,(anonymous_8)
DA:2,2
DA:6,2
DA:16,3054
DA:17,3054
DA:18,3054
DA:22,0
DA:26,0
DA:30,1
DA:32,1
DA:37,1
DA:38,1
DA:39,1
DA:40,1
DA:42,1
DA:46,11
DA:48,6
DA:49,6
DA:51,6
DA:58,6
DA:63,5
DA:66,1
DA:68,1
DA:69,1
DA:70,0
DA:71,0
DA:73,1
DA:80,13
DA:84,2
DA:87,11
DA:88,11
DA:89,11
DA:90,254
DA:91,11
DA:98,0
DA:102,0
DA:103,0
DA:104,0
LF:37
LH:29
BRDA:30,0,0,0
BRDA:46,1,0,5
BRDA:49,2,0,0
BRDA:58,3,0,5
BRDA:59,4,0,6
BRDA:59,4,1,6
BRDA:59,4,2,5
BRDA:59,4,3,5
BRDA:80,5,0,2
BRDA:81,6,0,13
BRDA:81,6,1,13
BRDA:81,6,2,2
BRDA:81,6,3,2
BRDA:89,7,0,10
BRDA:89,7,1,1
BRF:15
BRH:13
end_of_record
TN:
SF:src/primitives/BigNumber.ts
FN:133,(anonymous_0)
FN:156,(anonymous_1)
FN:174,(anonymous_2)
FN:192,(anonymous_3)
FN:255,(anonymous_4)
FN:270,(anonymous_5)
FN:314,(anonymous_6)
FN:370,(anonymous_7)
FN:396,(anonymous_8)
FN:416,(anonymous_9)
FN:471,(anonymous_10)
FN:508,(anonymous_11)
FN:570,(anonymous_12)
FN:594,(anonymous_13)
FN:611,(anonymous_14)
FN:628,(anonymous_15)
FN:646,(anonymous_16)
FN:663,(anonymous_17)
FN:681,(anonymous_18)
FN:698,(anonymous_19)
FN:776,(anonymous_20)
FN:799,(anonymous_21)
FN:814,(anonymous_22)
FN:862,(anonymous_23)
FN:876,(anonymous_24)
FN:892,(anonymous_25)
FN:915,(anonymous_26)
FN:960,(anonymous_27)
FN:1005,(anonymous_28)
FN:1039,(anonymous_29)
FN:1073,(anonymous_30)
FN:1092,(anonymous_31)
FN:1116,(anonymous_32)
FN:1130,(anonymous_33)
FN:1152,(anonymous_34)
FN:1167,(anonymous_35)
FN:1185,(anonymous_36)
FN:1202,(anonymous_37)
FN:1216,(anonymous_38)
FN:1230,(anonymous_39)
FN:1251,(anonymous_40)
FN:1276,(anonymous_41)
FN:1296,(anonymous_42)
FN:1315,(anonymous_43)
FN:1335,(anonymous_44)
FN:1362,(anonymous_45)
FN:1380,(anonymous_46)
FN:1398,(anonymous_47)
FN:1417,(anonymous_48)
FN:1449,(anonymous_49)
FN:1470,(anonymous_50)
FN:1487,(anonymous_51)
FN:1504,(anonymous_52)
FN:1547,(anonymous_53)
FN:1565,(anonymous_54)
FN:1594,(anonymous_55)
FN:1663,(anonymous_56)
FN:1694,(anonymous_57)
FN:1775,(anonymous_58)
FN:1779,(anonymous_59)
FN:1823,(anonymous_60)
FN:2396,(anonymous_61)
FN:2453,(anonymous_62)
FN:2480,(anonymous_63)
FN:2498,(anonymous_64)
FN:2515,(anonymous_65)
FN:2555,(anonymous_66)
FN:2569,(anonymous_67)
FN:2583,(anonymous_68)
FN:2599,(anonymous_69)
FN:2632,(anonymous_70)
FN:2681,(anonymous_71)
FN:2699,(anonymous_72)
FN:2770,(anonymous_73)
FN:2787,(anonymous_74)
FN:2803,(anonymous_75)
FN:2819,(anonymous_76)
FN:2835,(anonymous_77)
FN:2850,(anonymous_78)
FN:2876,(anonymous_79)
FN:2909,(anonymous_80)
FN:2923,(anonymous_81)
FN:2953,(anonymous_82)
FN:2981,(anonymous_83)
FN:3018,(anonymous_84)
FN:3031,(anonymous_85)
FN:3043,(anonymous_86)
FN:3060,(anonymous_87)
FN:3079,(anonymous_88)
FN:3126,(anonymous_89)
FN:3216,(anonymous_90)
FN:3323,(anonymous_91)
FN:3339,(anonymous_92)
FN:3356,(anonymous_93)
FN:3372,(anonymous_94)
FN:3407,(anonymous_95)
FN:3435,(anonymous_96)
FN:3464,(anonymous_97)
FN:3481,(anonymous_98)
FN:3577,(anonymous_99)
FN:3659,(anonymous_100)
FN:3711,(anonymous_101)
FN:3726,(anonymous_102)
FN:3741,(anonymous_103)
FN:3758,(anonymous_104)
FN:3773,(anonymous_105)
FN:3814,(anonymous_106)
FN:3830,(anonymous_107)
FN:3870,(anonymous_108)
FN:3891,(anonymous_109)
FN:3923,(anonymous_110)
FN:3939,(anonymous_111)
FN:3954,(anonymous_112)
FN:3970,(anonymous_113)
FN:3985,(anonymous_114)
FN:4001,(anonymous_115)
FN:4016,(anonymous_116)
FN:4032,(anonymous_117)
FN:4047,(anonymous_118)
FN:4062,(anonymous_119)
FN:4079,(anonymous_120)
FN:4098,(anonymous_121)
FN:4118,(anonymous_122)
FN:4138,(anonymous_123)
FN:4157,(anonymous_124)
FN:4176,(anonymous_125)
FN:4195,(anonymous_126)
FN:4214,(anonymous_127)
FN:4233,(anonymous_128)
FN:4252,(anonymous_129)
FN:4273,(anonymous_130)
FN:4294,(anonymous_131)
FN:4316,(anonymous_132)
FN:4335,(anonymous_133)
FN:4354,(anonymous_134)
FN:4375,(anonymous_135)
FN:4393,(anonymous_136)
FN:4414,(anonymous_137)
FN:4429,(anonymous_138)
FN:4445,(anonymous_139)
FN:4461,(anonymous_140)
FN:4478,(anonymous_141)
FN:4495,(anonymous_142)
FN:4516,(anonymous_143)
FN:4545,(anonymous_144)
FN:4588,(anonymous_145)
FN:4625,(anonymous_146)
FN:4672,(anonymous_147)
FN:4712,(anonymous_148)
FNF:149
FNH:144
FNDA:86155,(anonymous_0)
FNDA:4,(anonymous_1)
FNDA:4,(anonymous_2)
FNDA:86151,(anonymous_3)
FNDA:2364656,(anonymous_4)
FNDA:78159,(anonymous_5)
FNDA:31,(anonymous_6)
FNDA:50276,(anonymous_7)
FNDA:25204,(anonymous_8)
FNDA:796,(anonymous_9)
FNDA:326,(anonymous_10)
FNDA:142,(anonymous_11)
FNDA:46282,(anonymous_12)
FNDA:13129,(anonymous_13)
FNDA:46282,(anonymous_14)
FNDA:3162011,(anonymous_15)
FNDA:3632381,(anonymous_16)
FNDA:3673914,(anonymous_17)
FNDA:0,(anonymous_18)
FNDA:585,(anonymous_19)
FNDA:48,(anonymous_20)
FNDA:3,(anonymous_21)
FNDA:160,(anonymous_22)
FNDA:18,(anonymous_23)
FNDA:17,(anonymous_24)
FNDA:18,(anonymous_25)
FNDA:4,(anonymous_26)
FNDA:13,(anonymous_27)
FNDA:40325,(anonymous_28)
FNDA:9,(anonymous_29)
FNDA:27472,(anonymous_30)
FNDA:1,(anonymous_31)
FNDA:0,(anonymous_32)
FNDA:10,(anonymous_33)
FNDA:39,(anonymous_34)
FNDA:13,(anonymous_35)
FNDA:13,(anonymous_36)
FNDA:20,(anonymous_37)
FNDA:140,(anonymous_38)
FNDA:156,(anonymous_39)
FNDA:5,(anonymous_40)
FNDA:5,(anonymous_41)
FNDA:2,(anonymous_42)
FNDA:0,(anonymous_43)
FNDA:5,(anonymous_44)
FNDA:5,(anonymous_45)
FNDA:2,(anonymous_46)
FNDA:0,(anonymous_47)
FNDA:5,(anonymous_48)
FNDA:5,(anonymous_49)
FNDA:1,(anonymous_50)
FNDA:0,(anonymous_51)
FNDA:26,(anonymous_52)
FNDA:17,(anonymous_53)
FNDA:5,(anonymous_54)
FNDA:108129,(anonymous_55)
FNDA:1815,(anonymous_56)
FNDA:138942,(anonymous_57)
FNDA:2968,(anonymous_58)
FNDA:3217,(anonymous_59)
FNDA:13405,(anonymous_60)
FNDA:13232,(anonymous_61)
FNDA:29854,(anonymous_62)
FNDA:29846,(anonymous_63)
FNDA:8,(anonymous_64)
FNDA:332,(anonymous_65)
FNDA:5,(anonymous_66)
FNDA:42,(anonymous_67)
FNDA:1,(anonymous_68)
FNDA:1,(anonymous_69)
FNDA:25796,(anonymous_70)
FNDA:6,(anonymous_71)
FNDA:168968,(anonymous_72)
FNDA:4,(anonymous_73)
FNDA:2,(anonymous_74)
FNDA:12897,(anonymous_75)
FNDA:3,(anonymous_76)
FNDA:24,(anonymous_77)
FNDA:484,(anonymous_78)
FNDA:2119,(anonymous_79)
FNDA:1056,(anonymous_80)
FNDA:177,(anonymous_81)
FNDA:178,(anonymous_82)
FNDA:328,(anonymous_83)
FNDA:3,(anonymous_84)
FNDA:7,(anonymous_85)
FNDA:17,(anonymous_86)
FNDA:17,(anonymous_87)
FNDA:3161979,(anonymous_88)
FNDA:12853,(anonymous_89)
FNDA:13788,(anonymous_90)
FNDA:39,(anonymous_91)
FNDA:40,(anonymous_92)
FNDA:13644,(anonymous_93)
FNDA:22,(anonymous_94)
FNDA:372,(anonymous_95)
FNDA:247,(anonymous_96)
FNDA:23,(anonymous_97)
FNDA:10,(anonymous_98)
FNDA:288,(anonymous_99)
FNDA:9,(anonymous_100)
FNDA:4,(anonymous_101)
FNDA:56,(anonymous_102)
FNDA:104023,(anonymous_103)
FNDA:3515,(anonymous_104)
FNDA:7,(anonymous_105)
FNDA:1077481,(anonymous_106)
FNDA:114009,(anonymous_107)
FNDA:193363,(anonymous_108)
FNDA:199198,(anonymous_109)
FNDA:31,(anonymous_110)
FNDA:3,(anonymous_111)
FNDA:3,(anonymous_112)
FNDA:3,(anonymous_113)
FNDA:21,(anonymous_114)
FNDA:3,(anonymous_115)
FNDA:3,(anonymous_116)
FNDA:3,(anonymous_117)
FNDA:3,(anonymous_118)
FNDA:3,(anonymous_119)
FNDA:534,(anonymous_120)
FNDA:59,(anonymous_121)
FNDA:32927,(anonymous_122)
FNDA:1537,(anonymous_123)
FNDA:5114,(anonymous_124)
FNDA:1893,(anonymous_125)
FNDA:7544,(anonymous_126)
FNDA:2,(anonymous_127)
FNDA:7003,(anonymous_128)
FNDA:3,(anonymous_129)
FNDA:5826,(anonymous_130)
FNDA:1,(anonymous_131)
FNDA:12,(anonymous_132)
FNDA:278,(anonymous_133)
FNDA:1038,(anonymous_134)
FNDA:19,(anonymous_135)
FNDA:83,(anonymous_136)
FNDA:8,(anonymous_137)
FNDA:6,(anonymous_138)
FNDA:2,(anonymous_139)
FNDA:2,(anonymous_140)
FNDA:1,(anonymous_141)
FNDA:35,(anonymous_142)
FNDA:16,(anonymous_143)
FNDA:11,(anonymous_144)
FNDA:8,(anonymous_145)
FNDA:8,(anonymous_146)
FNDA:12,(anonymous_147)
FNDA:1,(anonymous_148)
DA:10,9
DA:14,9
DA:46,9
DA:58,9
DA:75,9
DA:134,86155
DA:135,7025
DA:138,79130
DA:157,4
DA:158,2
DA:175,4
DA:176,3
DA:197,86151
DA:198,7024
DA:201,79127
DA:202,79127
DA:203,79127
DA:206,79127
DA:208,79127
DA:209,79127
DA:210,3
DA:211,3
DA:214,79127
DA:215,78159
DA:218,968
DA:219,30
DA:222,938
DA:223,3
DA:225,938
DA:227,938
DA:228,938
DA:229,938
DA:230,50
DA:231,50
DA:234,938
DA:235,938
DA:236,796
DA:238,142
DA:239,140
DA:240,0
DA:256,2364656
DA:271,78159
DA:272,64
DA:273,64
DA:275,78159
DA:276,78145
DA:277,78145
DA:278,14
DA:279,7
DA:283,7
DA:285,7
DA:289,6
DA:294,6
DA:297,78158
DA:300,1
DA:301,1
DA:316,31
DA:320,31
DA:321,2
DA:322,2
DA:323,2
DA:326,29
DA:327,29
DA:328,29
DA:329,29
DA:330,166
DA:334,29
DA:335,29
DA:336,21
DA:337,152
DA:338,152
DA:339,152
DA:340,152
DA:341,152
DA:342,130
DA:343,130
DA:346,8
DA:347,8
DA:348,14
DA:349,14
DA:350,14
DA:351,14
DA:352,14
DA:353,6
DA:354,6
DA:358,29
DA:371,50276
DA:373,50276
DA:374,33609
DA:376,16667
DA:377,20
DA:379,16647
DA:380,16638
DA:382,9
DA:399,25204
DA:400,25198
DA:401,25072
DA:403,25195
DA:418,796
DA:419,796
DA:420,796
DA:421,796
DA:422,8685
DA:426,796
DA:427,796
DA:430,796
DA:431,792
DA:432,25192
DA:433,25183
DA:434,25183
DA:435,7208
DA:436,7208
DA:437,7208
DA:439,17975
DA:443,4
DA:444,4
DA:445,12
DA:446,12
DA:447,12
DA:448,1
DA:449,1
DA:450,1
DA:452,11
DA:457,787
DA:472,326
DA:473,326
DA:474,326
DA:475,326
DA:476,2199
DA:478,2199
DA:481,2199
DA:482,51
DA:485,2148
DA:486,3
DA:490,2145
DA:492,2199
DA:493,2197
DA:495,324
DA:510,142
DA:511,142
DA:514,142
DA:515,142
DA:516,142
DA:517,1764
DA:519,142
DA:520,142
DA:522,142
DA:523,142
DA:524,142
DA:526,142
DA:527,142
DA:528,142
DA:529,190
DA:531,190
DA:532,190
DA:533,186
DA:535,4
DA:539,142
DA:540,136
DA:541,136
DA:543,134
DA:544,505
DA:547,134
DA:548,134
DA:549,131
DA:551,3
DA:555,140
DA:571,46282
DA:572,46282
DA:573,11893359
DA:575,46282
DA:576,46282
DA:577,46282
DA:595,13129
DA:596,13129
DA:597,13129
DA:598,13129
DA:612,46282
DA:613,46282
DA:614,46282
DA:629,3162011
DA:630,95
DA:632,3162011
DA:647,3632381
DA:648,2110819
DA:650,3632381
DA:665,3673914
DA:666,1260
DA:668,3673914
DA:682,0
DA:700,585
DA:701,448
DA:702,448
DA:703,448
DA:704,448
DA:705,3666
DA:706,3666
DA:707,3666
DA:708,3666
DA:709,3666
DA:710,133
DA:711,133
DA:713,3666
DA:714,3376
DA:716,290
DA:719,448
DA:720,158
DA:722,448
DA:723,95
DA:725,448
DA:726,18
DA:728,448
DA:731,137
DA:733,137
DA:735,137
DA:736,137
DA:737,137
DA:738,137
DA:739,137
DA:740,218
DA:741,218
DA:743,218
DA:744,99
DA:746,119
DA:749,137
DA:750,18
DA:752,137
DA:753,255
DA:755,137
DA:756,21
DA:758,137
DA:761,0
DA:777,48
DA:778,48
DA:779,6
DA:780,42
DA:782,4
DA:783,38
DA:784,1
DA:786,47
DA:800,3
DA:816,160
DA:817,7
DA:818,7
DA:819,7
DA:821,7
DA:823,6
DA:824,1
DA:825,5
DA:826,5
DA:827,5
DA:828,9
DA:830,5
DA:831,13
DA:833,5
DA:836,153
DA:837,153
DA:840,160
DA:841,66
DA:843,160
DA:844,160
DA:845,4
DA:847,156
DA:863,18
DA:877,17
DA:878,0
DA:880,17
DA:893,18
DA:895,18
DA:896,18
DA:897,18
DA:898,17
DA:900,17
DA:901,17
DA:902,17
DA:903,17
DA:916,4
DA:917,4
DA:919,4
DA:920,6
DA:922,6
DA:923,6
DA:924,5
DA:926,6
DA:927,4
DA:930,6
DA:931,0
DA:932,0
DA:934,0
DA:935,0
DA:937,6
DA:938,6
DA:942,4
DA:943,2
DA:945,2
DA:946,1
DA:961,13
DA:962,13
DA:964,13
DA:965,463
DA:967,463
DA:968,463
DA:969,460
DA:971,463
DA:972,458
DA:975,463
DA:976,110
DA:977,110
DA:979,110
DA:980,110
DA:982,353
DA:983,353
DA:987,13
DA:988,2
DA:990,2
DA:991,1
DA:1006,40325
DA:1007,40325
DA:1009,0
DA:1010,0
DA:1011,0
DA:1012,0
DA:1013,0
DA:1015,0
DA:1016,0
DA:1017,0
DA:1019,0
DA:1020,0
DA:1021,0
DA:1023,0
DA:1024,0
DA:1025,0
DA:1027,0
DA:1041,9
DA:1043,9
DA:1044,9
DA:1045,9
DA:1046,1
DA:1047,1
DA:1049,9
DA:1050,2
DA:1051,2
DA:1053,9
DA:1054,2
DA:1055,2
DA:1057,9
DA:1058,2
DA:1059,2
DA:1061,9
DA:1062,4
DA:1064,9
DA:1074,27472
DA:1075,27472
DA:1076,27472
DA:1093,1
DA:1095,1
DA:1096,4
DA:1097,4
DA:1099,4
DA:1102,1
DA:1117,0
DA:1131,10
DA:1133,9
DA:1134,9
DA:1135,9
DA:1136,9
DA:1137,9
DA:1139,9
DA:1153,39
DA:1168,13
DA:1169,9
DA:1171,4
DA:1186,13
DA:1187,9
DA:1189,4
DA:1203,20
DA:1217,140
DA:1231,156
DA:1232,147
DA:1235,156
DA:1252,5
DA:1253,1
DA:1256,5
DA:1257,8
DA:1260,5
DA:1277,5
DA:1278,5
DA:1297,2
DA:1298,1
DA:1316,0
DA:1317,0
DA:1336,5
DA:1338,5
DA:1339,7
DA:1342,5
DA:1344,5
DA:1363,5
DA:1364,5
DA:1381,2
DA:1382,1
DA:1399,0
DA:1400,0
DA:1418,5
DA:1419,2
DA:1420,2
DA:1423,3
DA:1424,5
DA:1426,3
DA:1427,1
DA:1429,3
DA:1431,5
DA:1450,5
DA:1454,5
DA:1471,1
DA:1472,1
DA:1488,0
DA:1489,0
DA:1505,26
DA:1510,26
DA:1511,26
DA:1514,26
DA:1516,26
DA:1517,26
DA:1521,26
DA:1522,26
DA:1523,78
DA:1527,26
DA:1528,26
DA:1532,26
DA:1548,17
DA:1566,5
DA:1568,5
DA:1569,5
DA:1571,5
DA:1573,5
DA:1574,3
DA:1576,2
DA:1579,5
DA:1598,108129
DA:1599,24079
DA:1600,24079
DA:1601,24079
DA:1602,24079
DA:1605,84050
DA:1606,1
DA:1607,1
DA:1608,1
DA:1609,1
DA:1614,84049
DA:1616,13684
DA:1617,13684
DA:1619,70365
DA:1621,70365
DA:1624,84049
DA:1625,84049
DA:1626,84049
DA:1627,809064
DA:1628,809064
DA:1629,809064
DA:1631,84049
DA:1632,463
DA:1633,463
DA:1634,463
DA:1637,84049
DA:1638,84049
DA:1639,4
DA:1640,4
DA:1642,84045
DA:1643,66578
DA:1644,97988
DA:1648,84049
DA:1665,1815
DA:1666,2
DA:1667,2
DA:1668,2
DA:1669,2
DA:1670,1813
DA:1671,7
DA:1672,7
DA:1673,7
DA:1674,7
DA:1677,1806
DA:1679,1800
DA:1697,138942
DA:1698,7054
DA:1699,7054
DA:1700,7054
DA:1701,7054
DA:1704,131888
DA:1705,10399
DA:1706,10399
DA:1707,10399
DA:1708,10399
DA:1712,121489
DA:1715,121489
DA:1716,34
DA:1717,34
DA:1718,34
DA:1719,34
DA:1724,121455
DA:1726,76253
DA:1727,76253
DA:1729,45202
DA:1731,45202
DA:1734,121455
DA:1735,121455
DA:1736,121455
DA:1737,1046489
DA:1738,1046489
DA:1739,1046489
DA:1741,121455
DA:1742,1992
DA:1743,1992
DA:1744,1992
DA:1748,121455
DA:1749,1181
DA:1750,5644
DA:1754,121455
DA:1756,121455
DA:1757,45202
DA:1760,121455
DA:1776,2968
DA:1782,3217
DA:1783,3217
DA:1784,3217
DA:1785,3217
DA:1788,3217
DA:1789,3217
DA:1790,3217
DA:1792,3217
DA:1793,3217
DA:1794,3217
DA:1796,3217
DA:1797,3217
DA:1800,33985
DA:1801,33985
DA:1802,33985
DA:1803,33985
DA:1804,147235
DA:1805,147235
DA:1806,147235
DA:1807,147235
DA:1808,147235
DA:1809,147235
DA:1811,33985
DA:1812,33985
DA:1814,3217
DA:1815,1595
DA:1817,1622
DA:1820,3217
DA:1824,13405
DA:1825,13405
DA:1826,13405
DA:1827,13405
DA:1831,13405
DA:1832,13405
DA:1833,13405
DA:1834,13405
DA:1835,13405
DA:1836,13405
DA:1837,13405
DA:1838,13405
DA:1839,13405
DA:1840,13405
DA:1841,13405
DA:1842,13405
DA:1843,13405
DA:1844,13405
DA:1845,13405
DA:1846,13405
DA:1847,13405
DA:1848,13405
DA:1849,13405
DA:1850,13405
DA:1851,13405
DA:1852,13405
DA:1853,13405
DA:1854,13405
DA:1855,13405
DA:1856,13405
DA:1857,13405
DA:1858,13405
DA:1859,13405
DA:1860,13405
DA:1861,13405
DA:1862,13405
DA:1863,13405
DA:1864,13405
DA:1865,13405
DA:1866,13405
DA:1867,13405
DA:1868,13405
DA:1869,13405
DA:1870,13405
DA:1871,13405
DA:1872,13405
DA:1873,13405
DA:1874,13405
DA:1875,13405
DA:1876,13405
DA:1877,13405
DA:1878,13405
DA:1879,13405
DA:1880,13405
DA:1881,13405
DA:1882,13405
DA:1883,13405
DA:1884,13405
DA:1885,13405
DA:1886,13405
DA:1887,13405
DA:1888,13405
DA:1889,13405
DA:1890,13405
DA:1892,13405
DA:1893,13405
DA:1895,13405
DA:1896,13405
DA:1897,13405
DA:1898,13405
DA:1899,13405
DA:1900,13405
DA:1901,13405
DA:1903,13405
DA:1904,13405
DA:1905,13405
DA:1906,13405
DA:1907,13405
DA:1908,13405
DA:1909,13405
DA:1910,13405
DA:1911,13405
DA:1912,13405
DA:1913,13405
DA:1915,13405
DA:1916,13405
DA:1917,13405
DA:1918,13405
DA:1919,13405
DA:1920,13405
DA:1921,13405
DA:1922,13405
DA:1923,13405
DA:1924,13405
DA:1925,13405
DA:1926,13405
DA:1927,13405
DA:1928,13405
DA:1929,13405
DA:1931,13405
DA:1932,13405
DA:1933,13405
DA:1934,13405
DA:1935,13405
DA:1936,13405
DA:1937,13405
DA:1938,13405
DA:1939,13405
DA:1940,13405
DA:1941,13405
DA:1942,13405
DA:1943,13405
DA:1944,13405
DA:1945,13405
DA:1946,13405
DA:1947,13405
DA:1948,13405
DA:1949,13405
DA:1951,13405
DA:1952,13405
DA:1953,13405
DA:1954,13405
DA:1955,13405
DA:1956,13405
DA:1957,13405
DA:1958,13405
DA:1959,13405
DA:1960,13405
DA:1961,13405
DA:1962,13405
DA:1963,13405
DA:1964,13405
DA:1965,13405
DA:1966,13405
DA:1967,13405
DA:1968,13405
DA:1969,13405
DA:1970,13405
DA:1971,13405
DA:1972,13405
DA:1973,13405
DA:1975,13405
DA:1976,13405
DA:1977,13405
DA:1978,13405
DA:1979,13405
DA:1980,13405
DA:1981,13405
DA:1982,13405
DA:1983,13405
DA:1984,13405
DA:1985,13405
DA:1986,13405
DA:1987,13405
DA:1988,13405
DA:1989,13405
DA:1990,13405
DA:1991,13405
DA:1992,13405
DA:1993,13405
DA:1994,13405
DA:1995,13405
DA:1996,13405
DA:1997,13405
DA:1998,13405
DA:1999,13405
DA:2000,13405
DA:2001,13405
DA:2003,13405
DA:2004,13405
DA:2005,13405
DA:2006,13405
DA:2007,13405
DA:2008,13405
DA:2009,13405
DA:2010,13405
DA:2011,13405
DA:2012,13405
DA:2013,13405
DA:2014,13405
DA:2015,13405
DA:2016,13405
DA:2017,13405
DA:2018,13405
DA:2019,13405
DA:2020,13405
DA:2021,13405
DA:2022,13405
DA:2023,13405
DA:2024,13405
DA:2025,13405
DA:2026,13405
DA:2027,13405
DA:2028,13405
DA:2029,13405
DA:2030,13405
DA:2031,13405
DA:2032,13405
DA:2033,13405
DA:2035,13405
DA:2036,13405
DA:2037,13405
DA:2038,13405
DA:2039,13405
DA:2040,13405
DA:2041,13405
DA:2042,13405
DA:2043,13405
DA:2044,13405
DA:2045,13405
DA:2046,13405
DA:2047,13405
DA:2048,13405
DA:2049,13405
DA:2050,13405
DA:2051,13405
DA:2052,13405
DA:2053,13405
DA:2054,13405
DA:2055,13405
DA:2056,13405
DA:2057,13405
DA:2058,13405
DA:2059,13405
DA:2060,13405
DA:2061,13405
DA:2062,13405
DA:2063,13405
DA:2064,13405
DA:2065,13405
DA:2066,13405
DA:2067,13405
DA:2068,13405
DA:2069,13405
DA:2071,13405
DA:2072,13405
DA:2073,13405
DA:2074,13405
DA:2075,13405
DA:2076,13405
DA:2077,13405
DA:2078,13405
DA:2079,13405
DA:2080,13405
DA:2081,13405
DA:2082,13405
DA:2083,13405
DA:2084,13405
DA:2085,13405
DA:2086,13405
DA:2087,13405
DA:2088,13405
DA:2089,13405
DA:2090,13405
DA:2091,13405
DA:2092,13405
DA:2093,13405
DA:2094,13405
DA:2095,13405
DA:2096,13405
DA:2097,13405
DA:2098,13405
DA:2099,13405
DA:2100,13405
DA:2101,13405
DA:2102,13405
DA:2103,13405
DA:2104,13405
DA:2105,13405
DA:2106,13405
DA:2107,13405
DA:2108,13405
DA:2109,13405
DA:2111,13405
DA:2112,13405
DA:2113,13405
DA:2114,13405
DA:2115,13405
DA:2116,13405
DA:2117,13405
DA:2118,13405
DA:2119,13405
DA:2120,13405
DA:2121,13405
DA:2122,13405
DA:2123,13405
DA:2124,13405
DA:2125,13405
DA:2126,13405
DA:2127,13405
DA:2128,13405
DA:2129,13405
DA:2130,13405
DA:2131,13405
DA:2132,13405
DA:2133,13405
DA:2134,13405
DA:2135,13405
DA:2136,13405
DA:2137,13405
DA:2138,13405
DA:2139,13405
DA:2140,13405
DA:2141,13405
DA:2142,13405
DA:2143,13405
DA:2144,13405
DA:2145,13405
DA:2146,13405
DA:2147,13405
DA:2148,13405
DA:2149,13405
DA:2150,13405
DA:2151,13405
DA:2152,13405
DA:2153,13405
DA:2155,13405
DA:2156,13405
DA:2157,13405
DA:2158,13405
DA:2159,13405
DA:2160,13405
DA:2161,13405
DA:2162,13405
DA:2163,13405
DA:2164,13405
DA:2165,13405
DA:2166,13405
DA:2167,13405
DA:2168,13405
DA:2169,13405
DA:2170,13405
DA:2171,13405
DA:2172,13405
DA:2173,13405
DA:2174,13405
DA:2175,13405
DA:2176,13405
DA:2177,13405
DA:2178,13405
DA:2179,13405
DA:2180,13405
DA:2181,13405
DA:2182,13405
DA:2183,13405
DA:2184,13405
DA:2185,13405
DA:2186,13405
DA:2187,13405
DA:2188,13405
DA:2189,13405
DA:2190,13405
DA:2191,13405
DA:2192,13405
DA:2193,13405
DA:2195,13405
DA:2196,13405
DA:2197,13405
DA:2198,13405
DA:2199,13405
DA:2200,13405
DA:2201,13405
DA:2202,13405
DA:2203,13405
DA:2204,13405
DA:2205,13405
DA:2206,13405
DA:2207,13405
DA:2208,13405
DA:2209,13405
DA:2210,13405
DA:2211,13405
DA:2212,13405
DA:2213,13405
DA:2214,13405
DA:2215,13405
DA:2216,13405
DA:2217,13405
DA:2218,13405
DA:2219,13405
DA:2220,13405
DA:2221,13405
DA:2222,13405
DA:2223,13405
DA:2224,13405
DA:2225,13405
DA:2226,13405
DA:2227,13405
DA:2228,13405
DA:2229,13405
DA:2231,13405
DA:2232,13405
DA:2233,13405
DA:2234,13405
DA:2235,13405
DA:2236,13405
DA:2237,13405
DA:2238,13405
DA:2239,13405
DA:2240,13405
DA:2241,13405
DA:2242,13405
DA:2243,13405
DA:2244,13405
DA:2245,13405
DA:2246,13405
DA:2247,13405
DA:2248,13405
DA:2249,13405
DA:2250,13405
DA:2251,13405
DA:2252,13405
DA:2253,13405
DA:2254,13405
DA:2255,13405
DA:2256,13405
DA:2257,13405
DA:2258,13405
DA:2259,13405
DA:2260,13405
DA:2261,13405
DA:2263,13405
DA:2264,13405
DA:2265,13405
DA:2266,13405
DA:2267,13405
DA:2268,13405
DA:2269,13405
DA:2270,13405
DA:2271,13405
DA:2272,13405
DA:2273,13405
DA:2274,13405
DA:2275,13405
DA:2276,13405
DA:2277,13405
DA:2278,13405
DA:2279,13405
DA:2280,13405
DA:2281,13405
DA:2282,13405
DA:2283,13405
DA:2284,13405
DA:2285,13405
DA:2286,13405
DA:2287,13405
DA:2288,13405
DA:2289,13405
DA:2291,13405
DA:2292,13405
DA:2293,13405
DA:2294,13405
DA:2295,13405
DA:2296,13405
DA:2297,13405
DA:2298,13405
DA:2299,13405
DA:2300,13405
DA:2301,13405
DA:2302,13405
DA:2303,13405
DA:2304,13405
DA:2305,13405
DA:2306,13405
DA:2307,13405
DA:2308,13405
DA:2309,13405
DA:2310,13405
DA:2311,13405
DA:2312,13405
DA:2313,13405
DA:2315,13405
DA:2316,13405
DA:2317,13405
DA:2318,13405
DA:2319,13405
DA:2320,13405
DA:2321,13405
DA:2322,13405
DA:2323,13405
DA:2324,13405
DA:2325,13405
DA:2326,13405
DA:2327,13405
DA:2328,13405
DA:2329,13405
DA:2330,13405
DA:2331,13405
DA:2332,13405
DA:2333,13405
DA:2335,13405
DA:2336,13405
DA:2337,13405
DA:2338,13405
DA:2339,13405
DA:2340,13405
DA:2341,13405
DA:2342,13405
DA:2343,13405
DA:2344,13405
DA:2345,13405
DA:2346,13405
DA:2347,13405
DA:2348,13405
DA:2349,13405
DA:2351,13405
DA:2352,13405
DA:2353,13405
DA:2354,13405
DA:2355,13405
DA:2356,13405
DA:2357,13405
DA:2358,13405
DA:2359,13405
DA:2360,13405
DA:2361,13405
DA:2363,13405
DA:2364,13405
DA:2365,13405
DA:2366,13405
DA:2367,13405
DA:2368,13405
DA:2369,13405
DA:2370,13405
DA:2371,13405
DA:2372,13405
DA:2373,13405
DA:2374,13405
DA:2375,13405
DA:2376,13405
DA:2377,13405
DA:2378,13405
DA:2379,13405
DA:2380,13405
DA:2381,13405
DA:2382,13405
DA:2383,13405
DA:2384,13405
DA:2385,13405
DA:2386,13405
DA:2387,13405
DA:2388,13405
DA:2389,13405
DA:2390,13393
DA:2391,13393
DA:2393,13405
DA:2397,13232
DA:2398,13232
DA:2400,13232
DA:2401,13232
DA:2402,13232
DA:2403,13232
DA:2406,4762933
DA:2407,4762933
DA:2408,4762933
DA:2409,4762933
DA:2410,4762933
DA:2411,454053837
DA:2412,454053837
DA:2413,454053837
DA:2414,454053837
DA:2416,454053837
DA:2417,454053837
DA:2418,454053837
DA:2419,454053837
DA:2420,454053837
DA:2422,454053837
DA:2423,454053837
DA:2425,4762933
DA:2426,4762933
DA:2427,4762933
DA:2429,13232
DA:2430,3292
DA:2432,9940
DA:2435,13232
DA:2455,29854
DA:2456,29854
DA:2457,13405
DA:2458,16449
DA:2459,3217
DA:2461,13232
DA:2464,29854
DA:2481,29846
DA:2482,29846
DA:2483,29846
DA:2499,8
DA:2516,332
DA:2517,332
DA:2519,332
DA:2520,332
DA:2523,331
DA:2524,331
DA:2525,331
DA:2526,660
DA:2527,660
DA:2528,660
DA:2529,660
DA:2531,660
DA:2532,660
DA:2535,331
DA:2536,141
DA:2537,141
DA:2540,331
DA:2556,5
DA:2570,42
DA:2584,1
DA:2600,1
DA:2601,1
DA:2605,1
DA:2606,1
DA:2607,1
DA:2608,1
DA:2611,1
DA:2612,1
DA:2613,3
DA:2614,2
DA:2618,1
DA:2633,25796
DA:2634,25796
DA:2635,25796
DA:2636,25796
DA:2639,25796
DA:2640,25738
DA:2642,25738
DA:2643,7143295
DA:2644,7143295
DA:2645,7143295
DA:2646,7143295
DA:2649,25738
DA:2650,10087
DA:2651,10087
DA:2655,25796
DA:2656,71
DA:2657,166
DA:2660,71
DA:2661,1235
DA:2664,71
DA:2667,25796
DA:2682,6
DA:2683,6
DA:2700,168968
DA:2702,168968
DA:2703,0
DA:2705,168968
DA:2708,168968
DA:2709,168968
DA:2710,168968
DA:2711,168968
DA:2713,168968
DA:2714,168968
DA:2717,168968
DA:2718,168968
DA:2719,0
DA:2720,0
DA:2722,0
DA:2725,168968
DA:2727,1177
DA:2728,1175
DA:2729,1175
DA:2730,33480
DA:2733,2
DA:2734,2
DA:2737,168968
DA:2738,168968
DA:2739,3995205
DA:2740,3995205
DA:2741,3995205
DA:2745,168968
DA:2746,0
DA:2749,168968
DA:2750,0
DA:2751,0
DA:2754,168968
DA:2771,4
DA:2772,4
DA:2788,2
DA:2804,12897
DA:2820,3
DA:2836,24
DA:2851,484
DA:2852,484
DA:2853,484
DA:2854,484
DA:2857,484
DA:2860,481
DA:2862,481
DA:2877,2119
DA:2878,2119
DA:2879,2119
DA:2881,2119
DA:2883,2119
DA:2884,176
DA:2887,1943
DA:2888,5
DA:2890,1943
DA:2892,1943
DA:2893,5
DA:2894,5
DA:2897,1943
DA:2910,1056
DA:2924,177
DA:2925,177
DA:2926,176
DA:2929,175
DA:2930,4
DA:2931,3
DA:2932,3
DA:2933,3
DA:2936,1
DA:2937,1
DA:2938,1
DA:2939,1
DA:2943,171
DA:2954,178
DA:2957,178
DA:2958,178
DA:2959,49
DA:2960,49
DA:2961,1
DA:2963,48
DA:2966,178
DA:2968,178
DA:2982,328
DA:2983,328
DA:2984,327
DA:2986,185
DA:2987,2
DA:2988,2
DA:2989,2
DA:2990,2
DA:2993,183
DA:2995,183
DA:2996,2
DA:2997,2
DA:3000,181
DA:3001,141
DA:3002,141
DA:3006,183
DA:3019,3
DA:3032,7
DA:3044,17
DA:3045,17
DA:3061,17
DA:3080,3161979
DA:3083,3161979
DA:3086,3161979
DA:3087,3161979
DA:3088,671166224
DA:3089,671166224
DA:3090,671166224
DA:3091,671166224
DA:3092,671166224
DA:3094,3161979
DA:3095,2103803
DA:3096,2103803
DA:3097,2103803
DA:3100,3161979
DA:3103,2103407
DA:3104,2103407
DA:3105,2103407
DA:3106,669853419
DA:3107,669853419
DA:3108,669853419
DA:3110,2103407
DA:3112,2103407
DA:3127,12853
DA:3129,12853
DA:3130,12853
DA:3133,12853
DA:3134,12853
DA:3135,12853
DA:3136,12853
DA:3137,12853
DA:3138,12853
DA:3139,12853
DA:3143,12853
DA:3146,12853
DA:3147,24
DA:3148,24
DA:3149,24
DA:3150,24
DA:3151,222
DA:3155,12853
DA:3156,12853
DA:3157,1
DA:3158,1
DA:3159,0
DA:3163,12853
DA:3164,2103848
DA:3169,2103848
DA:3171,2103848
DA:3172,2103848
DA:3173,1045278
DA:3174,1045278
DA:3175,1045278
DA:3176,1045278
DA:3177,1045277
DA:3180,2103848
DA:3181,198
DA:3184,12853
DA:3185,24
DA:3187,12853
DA:3190,12853
DA:3191,12841
DA:3194,12853
DA:3217,13788
DA:3219,13788
DA:3220,22
DA:3227,13766
DA:3228,17
DA:3230,17
DA:3231,7
DA:3234,17
DA:3235,11
DA:3236,11
DA:3237,4
DA:3241,17
DA:3247,13749
DA:3248,12
DA:3250,12
DA:3251,6
DA:3254,12
DA:3260,13737
DA:3261,14
DA:3263,14
DA:3264,8
DA:3265,8
DA:3266,2
DA:3270,14
DA:3279,13723
DA:3280,707
DA:3287,13016
DA:3288,163
DA:3289,17
DA:3295,146
DA:3296,140
DA:3302,6
DA:3308,12853
DA:3324,39
DA:3340,40
DA:3357,13644
DA:3374,22
DA:3378,22
DA:3380,21
DA:3384,21
DA:3385,21
DA:3386,21
DA:3389,21
DA:3392,7
DA:3408,372
DA:3409,372
DA:3411,372
DA:3412,372
DA:3414,372
DA:3415,372
DA:3416,728
DA:3419,372
DA:3436,247
DA:3437,247
DA:3439,247
DA:3441,247
DA:3442,247
DA:3443,580
DA:3444,580
DA:3445,580
DA:3448,247
DA:3449,247
DA:3465,23
DA:3482,10
DA:3483,8
DA:3485,8
DA:3486,8
DA:3488,8
DA:3489,1
DA:3491,7
DA:3495,8
DA:3496,8
DA:3499,8
DA:3500,8
DA:3502,8
DA:3504,8
DA:3505,4
DA:3506,4
DA:3507,4
DA:3510,8
DA:3511,8
DA:3513,8
DA:3514,196
DA:3515,196
DA:3516,196
DA:3517,196
DA:3518,25
DA:3519,25
DA:3520,36
DA:3521,22
DA:3522,22
DA:3525,36
DA:3526,36
DA:3530,196
DA:3531,196
DA:3532,196
DA:3533,196
DA:3534,169
DA:3535,169
DA:3536,318
DA:3537,152
DA:3538,152
DA:3541,318
DA:3542,318
DA:3546,196
DA:3547,32
DA:3548,32
DA:3549,32
DA:3551,164
DA:3552,164
DA:3553,164
DA:3557,8
DA:3578,288
DA:3579,288
DA:3581,288
DA:3582,288
DA:3584,288
DA:3585,0
DA:3587,288
DA:3590,288
DA:3591,288
DA:3593,288
DA:3595,288
DA:3596,49561
DA:3597,49561
DA:3598,49561
DA:3599,49561
DA:3600,24499
DA:3601,24499
DA:3602,51963
DA:3603,25596
DA:3606,51963
DA:3610,49561
DA:3611,49561
DA:3612,49561
DA:3613,49561
DA:3614,24920
DA:3615,24920
DA:3616,49647
DA:3617,24656
DA:3620,49647
DA:3624,49561
DA:3625,24382
DA:3626,24382
DA:3628,25179
DA:3629,25179
DA:3634,288
DA:3635,151
DA:3637,137
DA:3640,288
DA:3641,41
DA:3644,288
DA:3660,9
DA:3661,6
DA:3663,4
DA:3664,4
DA:3665,4
DA:3666,4
DA:3669,4
DA:3670,4
DA:3671,3
DA:3672,3
DA:3675,4
DA:3676,7
DA:3677,3
DA:3679,7
DA:3680,4
DA:3683,7
DA:3684,7
DA:3686,0
DA:3687,0
DA:3688,0
DA:3689,7
DA:3690,4
DA:3693,3
DA:3696,4
DA:3712,4
DA:3727,56
DA:3742,104023
DA:3759,3515
DA:3774,7
DA:3775,7
DA:3776,7
DA:3777,7
DA:3780,7
DA:3781,1
DA:3782,1
DA:3783,1
DA:3787,6
DA:3788,6
DA:3789,6
DA:3790,6
DA:3791,6
DA:3792,6
DA:3793,6
DA:3794,6
DA:3796,6
DA:3797,0
DA:3798,0
DA:3800,6
DA:3815,1077481
DA:3831,114009
DA:3833,114009
DA:3834,108070
DA:3836,107721
DA:3839,107721
DA:3840,97303
DA:3842,10418
DA:3843,5
DA:3846,10418
DA:3848,10417
DA:3849,10417
DA:3851,107720
DA:3852,107714
DA:3871,193363
DA:3872,192307
DA:3874,192304
DA:3875,192304
DA:3876,192302
DA:3893,199198
DA:3894,181142
DA:3896,177397
DA:3897,177397
DA:3898,179190
DA:3899,179190
DA:3901,179190
DA:3902,177278
DA:3903,78177
DA:3904,99101
DA:3905,99101
DA:3907,177278
DA:3909,177397
DA:3924,31
DA:3940,3
DA:3955,3
DA:3971,3
DA:3986,21
DA:4002,3
DA:4017,3
DA:4033,3
DA:4048,3
DA:4063,3
DA:4080,534
DA:4081,534
DA:4082,534
DA:4099,59
DA:4103,59
DA:4120,32927
DA:4121,32927
DA:4139,1537
DA:4140,1537
DA:4158,5114
DA:4159,5114
DA:4177,1893
DA:4178,1893
DA:4196,7544
DA:4197,7544
DA:4215,2
DA:4216,2
DA:4234,7003
DA:4235,7003
DA:4236,7003
DA:4253,3
DA:4254,3
DA:4255,3
DA:4274,5826
DA:4275,5826
DA:4276,5826
DA:4295,1
DA:4296,1
DA:4297,1
DA:4317,12
DA:4318,12
DA:4319,12
DA:4336,278
DA:4337,278
DA:4338,278
DA:4355,1038
DA:4356,1038
DA:4357,1038
DA:4376,19
DA:4377,19
DA:4378,19
DA:4394,83
DA:4395,83
DA:4396,1103
DA:4398,83
DA:4415,8
DA:4430,6
DA:4446,2
DA:4462,2
DA:4479,1
DA:4496,35
DA:4497,3
DA:4499,35
DA:4500,35
DA:4517,16
DA:4518,1
DA:4521,15
DA:4522,15
DA:4523,10
DA:4526,15
DA:4527,7
DA:4528,7
DA:4530,8
DA:4546,11
DA:4549,11
DA:4550,6
DA:4551,6
DA:4552,2
DA:4554,4
DA:4557,5
DA:4558,5
DA:4559,2
DA:4563,11
DA:4564,0
DA:4567,11
DA:4568,4
DA:4571,11
DA:4591,8
DA:4592,8
DA:4593,8
DA:4594,8
DA:4595,1
DA:4597,7
DA:4598,7
DA:4599,7
DA:4600,7
DA:4601,7
DA:4602,3
DA:4604,4
DA:4605,4
DA:4606,4
DA:4608,7
DA:4609,2
DA:4611,5
DA:4627,8
DA:4628,1
DA:4630,7
DA:4632,8
DA:4634,8
DA:4635,3
DA:4636,5
DA:4637,5
DA:4638,5
DA:4639,5
DA:4641,8
DA:4644,0
DA:4645,0
DA:4647,8
DA:4648,1
DA:4650,8
DA:4652,8
DA:4653,8
DA:4654,8
DA:4675,12
DA:4676,12
DA:4678,12
DA:4679,1
DA:4681,11
DA:4688,6
DA:4694,4
DA:4695,3
DA:4699,8
DA:4713,1
LF:1720
LH:1673
BRDA:134,0,0,7025
BRDA:138,1,0,79130
BRDA:138,1,1,79130
BRDA:138,1,2,32
BRDA:138,1,3,0
BRDA:157,2,0,2
BRDA:175,3,0,1
BRDA:193,4,0,76167
BRDA:194,5,0,78253
BRDA:195,6,0,86142
BRDA:197,7,0,7024
BRDA:208,8,0,79127
BRDA:209,9,0,3
BRDA:209,10,0,79127
BRDA:209,10,1,79124
BRDA:214,11,0,78159
BRDA:218,12,0,30
BRDA:222,13,0,3
BRDA:225,14,0,938
BRDA:225,14,1,938
BRDA:225,14,2,938
BRDA:229,15,0,50
BRDA:234,16,0,938
BRDA:235,17,0,796
BRDA:235,17,1,142
BRDA:239,18,0,0
BRDA:255,19,0,214241
BRDA:256,20,0,10
BRDA:271,21,0,64
BRDA:275,22,0,78145
BRDA:275,22,1,14
BRDA:278,23,0,7
BRDA:278,23,1,7
BRDA:297,24,0,78157
BRDA:320,25,0,2
BRDA:335,26,0,21
BRDA:335,26,1,8
BRDA:341,27,0,130
BRDA:346,28,0,8
BRDA:352,29,0,6
BRDA:373,30,0,33609
BRDA:373,30,1,16667
BRDA:373,31,0,50276
BRDA:373,31,1,50272
BRDA:376,32,0,20
BRDA:376,32,1,16647
BRDA:376,33,0,16667
BRDA:376,33,1,16663
BRDA:379,34,0,16638
BRDA:379,34,1,9
BRDA:379,35,0,16647
BRDA:379,35,1,16643
BRDA:400,36,0,25072
BRDA:430,37,0,792
BRDA:430,37,1,4
BRDA:434,38,0,7208
BRDA:434,38,1,17975
BRDA:444,39,0,2
BRDA:444,39,1,2
BRDA:447,40,0,1
BRDA:447,40,1,11
BRDA:481,41,0,51
BRDA:481,41,1,2148
BRDA:485,42,0,3
BRDA:485,42,1,2145
BRDA:492,43,0,2199
BRDA:492,43,1,2198
BRDA:532,44,0,186
BRDA:532,44,1,4
BRDA:539,45,0,136
BRDA:548,46,0,131
BRDA:548,46,1,3
BRDA:647,47,0,5743200
BRDA:647,47,1,5719910
BRDA:665,48,0,1260
BRDA:665,49,0,3673914
BRDA:665,49,1,23579
BRDA:682,50,0,0
BRDA:682,50,1,0
BRDA:698,51,0,31
BRDA:698,52,0,419
BRDA:700,53,0,448
BRDA:700,54,0,585
BRDA:700,54,1,142
BRDA:709,55,0,133
BRDA:713,56,0,3376
BRDA:713,56,1,290
BRDA:713,57,0,3666
BRDA:713,57,1,1659
BRDA:719,58,0,158
BRDA:725,59,0,18
BRDA:731,60,0,137
BRDA:731,61,0,137
BRDA:731,61,1,137
BRDA:731,61,2,137
BRDA:743,62,0,99
BRDA:743,62,1,119
BRDA:749,63,0,18
BRDA:755,64,0,21
BRDA:778,65,0,6
BRDA:778,65,1,42
BRDA:780,66,0,4
BRDA:780,66,1,38
BRDA:780,67,0,42
BRDA:780,67,1,5
BRDA:783,68,0,1
BRDA:786,69,0,21
BRDA:786,69,1,26
BRDA:814,70,0,25
BRDA:816,71,0,7
BRDA:816,71,1,153
BRDA:821,72,0,1
BRDA:821,72,1,6
BRDA:823,73,0,1
BRDA:823,73,1,5
BRDA:825,74,0,5
BRDA:840,75,0,66
BRDA:844,76,0,4
BRDA:877,77,0,0
BRDA:896,78,0,9
BRDA:896,78,1,9
BRDA:896,79,0,18
BRDA:896,79,1,18
BRDA:901,80,0,4
BRDA:901,80,1,13
BRDA:923,81,0,5
BRDA:926,82,0,4
BRDA:930,83,0,0
BRDA:930,83,1,6
BRDA:931,84,0,0
BRDA:942,85,0,2
BRDA:968,86,0,460
BRDA:971,87,0,458
BRDA:975,88,0,110
BRDA:975,88,1,353
BRDA:976,89,0,110
BRDA:987,90,0,2
BRDA:1006,91,0,40325
BRDA:1011,92,0,0
BRDA:1015,93,0,0
BRDA:1019,94,0,0
BRDA:1023,95,0,0
BRDA:1041,96,0,0
BRDA:1045,97,0,1
BRDA:1049,98,0,2
BRDA:1053,99,0,2
BRDA:1057,100,0,2
BRDA:1061,101,0,4
BRDA:1131,102,0,1
BRDA:1137,103,0,9
BRDA:1168,104,0,9
BRDA:1186,105,0,9
BRDA:1231,106,0,147
BRDA:1297,107,0,1
BRDA:1316,108,0,0
BRDA:1381,109,0,1
BRDA:1399,110,0,0
BRDA:1418,111,0,2
BRDA:1418,111,1,3
BRDA:1471,112,0,0
BRDA:1488,113,0,0
BRDA:1506,114,0,26
BRDA:1506,114,1,26
BRDA:1516,115,0,26
BRDA:1527,116,0,26
BRDA:1566,117,0,5
BRDA:1566,117,1,5
BRDA:1573,118,0,3
BRDA:1573,118,1,2
BRDA:1573,119,0,5
BRDA:1573,119,1,5
BRDA:1598,120,0,24079
BRDA:1598,120,1,84050
BRDA:1598,121,0,108129
BRDA:1598,121,1,24079
BRDA:1605,122,0,1
BRDA:1605,123,0,84050
BRDA:1605,123,1,84050
BRDA:1614,124,0,13684
BRDA:1614,124,1,70365
BRDA:1631,125,0,84512
BRDA:1631,125,1,467
BRDA:1638,126,0,4
BRDA:1638,126,1,84045
BRDA:1642,127,0,66578
BRDA:1665,128,0,2
BRDA:1665,128,1,1813
BRDA:1665,129,0,1815
BRDA:1665,129,1,2
BRDA:1670,130,0,7
BRDA:1670,131,0,1813
BRDA:1670,131,1,1813
BRDA:1677,132,0,6
BRDA:1697,133,0,7054
BRDA:1697,133,1,131888
BRDA:1704,134,0,10399
BRDA:1715,135,0,34
BRDA:1724,136,0,76253
BRDA:1724,136,1,45202
BRDA:1741,137,0,123447
BRDA:1741,137,1,1992
BRDA:1748,138,0,1181
BRDA:1748,139,0,121455
BRDA:1748,139,1,121455
BRDA:1748,139,2,4082
BRDA:1756,140,0,45202
BRDA:1814,141,0,1595
BRDA:1814,141,1,1622
BRDA:2389,142,0,13393
BRDA:2429,143,0,3292
BRDA:2429,143,1,9940
BRDA:2456,144,0,13405
BRDA:2456,144,1,16449
BRDA:2456,145,0,29854
BRDA:2456,145,1,13436
BRDA:2458,146,0,3217
BRDA:2458,146,1,13232
BRDA:2517,147,0,4
BRDA:2535,148,0,141
BRDA:2540,149,0,4
BRDA:2540,149,1,327
BRDA:2601,150,0,0
BRDA:2608,151,0,1
BRDA:2611,152,0,1
BRDA:2613,153,0,1
BRDA:2633,154,0,25796
BRDA:2633,154,1,25796
BRDA:2639,155,0,25738
BRDA:2649,156,0,10087
BRDA:2655,157,0,71
BRDA:2700,158,0,168968
BRDA:2700,158,1,168968
BRDA:2702,159,0,0
BRDA:2702,159,1,168968
BRDA:2702,160,0,168968
BRDA:2702,160,1,0
BRDA:2718,161,0,0
BRDA:2725,162,0,167791
BRDA:2725,162,1,1177
BRDA:2727,163,0,1175
BRDA:2727,163,1,2
BRDA:2738,164,0,4164173
BRDA:2738,164,1,3995205
BRDA:2738,164,2,682174
BRDA:2745,165,0,0
BRDA:2745,166,0,168968
BRDA:2745,166,1,0
BRDA:2749,167,0,0
BRDA:2851,168,0,484
BRDA:2851,168,1,484
BRDA:2857,169,0,3
BRDA:2877,170,0,2119
BRDA:2877,170,1,2119
BRDA:2883,171,0,176
BRDA:2887,172,0,5
BRDA:2892,173,0,5
BRDA:2926,174,0,1
BRDA:2929,175,0,4
BRDA:2930,176,0,3
BRDA:2930,177,0,4
BRDA:2930,177,1,3
BRDA:2958,178,0,227
BRDA:2958,178,1,226
BRDA:2960,179,0,1
BRDA:2960,179,1,48
BRDA:2984,180,0,142
BRDA:2986,181,0,2
BRDA:2995,182,0,2
BRDA:2995,182,1,181
BRDA:2995,183,0,183
BRDA:2995,183,1,28
BRDA:3000,184,0,322
BRDA:3000,184,1,322
BRDA:3100,185,0,1058572
BRDA:3136,186,0,12853
BRDA:3146,187,0,24
BRDA:3156,188,0,1
BRDA:3158,189,0,0
BRDA:3176,190,0,1045277
BRDA:3180,191,0,198
BRDA:3184,192,0,24
BRDA:3190,193,0,12841
BRDA:3190,194,0,12853
BRDA:3190,194,1,12841
BRDA:3195,195,0,24
BRDA:3195,195,1,12829
BRDA:3195,196,0,12853
BRDA:3195,196,1,12853
BRDA:3219,197,0,22
BRDA:3227,198,0,17
BRDA:3227,199,0,13766
BRDA:3227,199,1,31
BRDA:3230,200,0,7
BRDA:3234,201,0,11
BRDA:3236,202,0,4
BRDA:3236,203,0,11
BRDA:3236,203,1,4
BRDA:3247,204,0,12
BRDA:3247,205,0,13749
BRDA:3247,205,1,13735
BRDA:3250,206,0,6
BRDA:3260,207,0,14
BRDA:3263,208,0,8
BRDA:3265,209,0,2
BRDA:3265,210,0,8
BRDA:3265,210,1,2
BRDA:3279,211,0,707
BRDA:3279,212,0,13723
BRDA:3279,212,1,13497
BRDA:3287,213,0,163
BRDA:3288,214,0,17
BRDA:3295,215,0,140
BRDA:3378,216,0,1
BRDA:3380,217,0,1
BRDA:3380,217,1,20
BRDA:3389,218,0,14
BRDA:3389,219,0,21
BRDA:3389,219,1,8
BRDA:3389,219,2,6
BRDA:3392,220,0,0
BRDA:3392,220,1,7
BRDA:3409,221,0,1
BRDA:3419,222,0,1
BRDA:3419,222,1,371
BRDA:3437,223,0,1
BRDA:3449,224,0,1
BRDA:3449,224,1,246
BRDA:3488,225,0,1
BRDA:3488,225,1,7
BRDA:3504,226,0,12
BRDA:3504,226,1,5
BRDA:3516,227,0,232
BRDA:3516,227,1,36
BRDA:3517,228,0,25
BRDA:3520,229,0,22
BRDA:3520,230,0,36
BRDA:3520,230,1,22
BRDA:3532,231,0,514
BRDA:3532,231,1,318
BRDA:3533,232,0,169
BRDA:3536,233,0,152
BRDA:3536,234,0,318
BRDA:3536,234,1,230
BRDA:3546,235,0,32
BRDA:3546,235,1,164
BRDA:3584,236,0,0
BRDA:3584,236,1,288
BRDA:3595,237,0,49849
BRDA:3595,237,1,49698
BRDA:3598,238,0,101524
BRDA:3598,238,1,52081
BRDA:3599,239,0,24499
BRDA:3602,240,0,25596
BRDA:3612,241,0,99208
BRDA:3612,241,1,49647
BRDA:3613,242,0,24920
BRDA:3616,243,0,24656
BRDA:3624,244,0,24382
BRDA:3624,244,1,25179
BRDA:3634,245,0,151
BRDA:3634,245,1,137
BRDA:3640,246,0,41
BRDA:3660,247,0,3
BRDA:3661,248,0,2
BRDA:3670,249,0,7
BRDA:3670,249,1,3
BRDA:3684,250,0,0
BRDA:3684,250,1,7
BRDA:3689,251,0,4
BRDA:3689,252,0,7
BRDA:3689,252,1,4
BRDA:3780,253,0,1
BRDA:3789,254,0,12
BRDA:3789,254,1,6
BRDA:3796,255,0,0
BRDA:3815,256,0,1077481
BRDA:3815,256,1,1625
BRDA:3833,257,0,5939
BRDA:3833,258,0,114009
BRDA:3833,258,1,5945
BRDA:3834,259,0,349
BRDA:3834,260,0,108070
BRDA:3834,260,1,108064
BRDA:3839,261,0,97303
BRDA:3839,261,1,10418
BRDA:3842,262,0,5
BRDA:3849,263,0,558
BRDA:3849,263,1,9859
BRDA:3849,264,0,9
BRDA:3849,264,1,9850
BRDA:3851,265,0,6
BRDA:3871,266,0,1056
BRDA:3871,267,0,193363
BRDA:3871,267,1,1058
BRDA:3872,268,0,3
BRDA:3872,269,0,192307
BRDA:3872,269,1,192305
BRDA:3875,270,0,2
BRDA:3893,271,0,18056
BRDA:3894,272,0,3745
BRDA:3901,273,0,1912
BRDA:3902,274,0,78177
BRDA:3902,274,1,99101
BRDA:3904,275,0,99101
BRDA:4376,276,0,19
BRDA:4376,276,1,19
BRDA:4495,277,0,30
BRDA:4496,278,0,3
BRDA:4516,279,0,5
BRDA:4517,280,0,1
BRDA:4522,281,0,10
BRDA:4526,282,0,7
BRDA:4526,282,1,8
BRDA:4545,283,0,7
BRDA:4549,284,0,6
BRDA:4549,284,1,5
BRDA:4551,285,0,2
BRDA:4551,285,1,4
BRDA:4558,286,0,2
BRDA:4563,287,0,0
BRDA:4563,288,0,11
BRDA:4563,288,1,4
BRDA:4567,289,0,4
BRDA:4588,290,0,7
BRDA:4594,291,0,1
BRDA:4594,292,0,8
BRDA:4594,292,1,1
BRDA:4601,293,0,3
BRDA:4601,293,1,4
BRDA:4608,294,0,2
BRDA:4608,294,1,5
BRDA:4627,295,0,1
BRDA:4627,295,1,7
BRDA:4634,296,0,3
BRDA:4634,296,1,5
BRDA:4636,297,0,5
BRDA:4641,298,0,0
BRDA:4647,299,0,1
BRDA:4675,300,0,12
BRDA:4678,301,0,1
BRDA:4681,302,0,6
BRDA:4681,303,0,11
BRDA:4681,303,1,7
BRDA:4688,304,0,4
BRDA:4694,305,0,3
BRDA:4694,306,0,4
BRDA:4694,306,1,3
BRF:447
BRH:417
end_of_record
TN:
SF:src/primitives/Curve.ts
FN:817,(anonymous_0)
FN:826,(anonymous_1)
FN:857,(anonymous_2)
FN:865,(anonymous_3)
FN:873,(anonymous_4)
FN:881,(anonymous_5)
FN:906,(anonymous_6)
FN:954,(anonymous_7)
FN:956,cachedProperty
FN:964,(anonymous_9)
FN:970,(anonymous_10)
FN:974,(anonymous_11)
FN:1046,(anonymous_12)
FN:1080,(anonymous_13)
FN:1122,(anonymous_14)
FN:1246,(anonymous_15)
FN:1273,(anonymous_16)
FN:1308,(anonymous_17)
FN:1325,(anonymous_18)
FN:1340,(anonymous_19)
FN:1416,(anonymous_20)
FN:1435,(anonymous_21)
FN:1457,(anonymous_22)
FN:1468,(anonymous_23)
FNF:24
FNH:17
FNDA:7,(anonymous_0)
FNDA:11,(anonymous_1)
FNDA:206,(anonymous_2)
FNDA:6,(anonymous_3)
FNDA:2,(anonymous_4)
FNDA:7,(anonymous_5)
FNDA:5,(anonymous_6)
FNDA:0,(anonymous_7)
FNDA:0,cachedProperty
FNDA:0,(anonymous_9)
FNDA:0,(anonymous_10)
FNDA:3062,(anonymous_11)
FNDA:5,(anonymous_12)
FNDA:0,(anonymous_13)
FNDA:6,(anonymous_14)
FNDA:6,(anonymous_15)
FNDA:1,(anonymous_16)
FNDA:2,(anonymous_17)
FNDA:0,(anonymous_18)
FNDA:0,(anonymous_19)
FNDA:7,(anonymous_20)
FNDA:2,(anonymous_21)
FNDA:6,(anonymous_22)
FNDA:6,(anonymous_23)
DA:1,2
DA:2,2
DA:3,2
DA:4,2
DA:5,2
DA:7,2
DA:793,2
DA:821,7
DA:822,0
DA:827,11
DA:828,10
DA:829,10
DA:830,10
DA:831,0
DA:832,0
DA:834,10
DA:835,7
DA:836,7
DA:837,7
DA:838,328
DA:843,3
DA:844,12
DA:845,12
DA:846,12
DA:847,12
DA:848,1
DA:850,11
DA:854,10
DA:858,206
DA:859,25
DA:861,181
DA:866,6
DA:867,6
DA:868,204
DA:870,6
DA:874,2
DA:875,1
DA:877,1
DA:882,7
DA:883,7
DA:885,7
DA:886,7
DA:888,7
DA:890,1799
DA:891,1799
DA:892,305
DA:893,305
DA:895,1494
DA:898,1799
DA:899,1799
DA:902,7
DA:907,5
DA:912,5
DA:913,5
DA:914,5
DA:915,5
DA:916,5
DA:918,637
DA:919,637
DA:920,637
DA:921,637
DA:923,637
DA:924,416
DA:926,221
DA:927,221
DA:928,16
DA:930,205
DA:933,637
DA:936,637
DA:937,455
DA:939,182
DA:940,182
DA:942,637
DA:945,637
DA:946,637
DA:947,637
DA:948,637
DA:951,5
DA:955,0
DA:956,0
DA:957,0
DA:960,0
DA:965,0
DA:971,0
DA:975,3062
DA:976,3061
DA:979,1
DA:981,1
DA:1011,1
DA:1014,1
DA:1017,1
DA:1018,1
DA:1019,1
DA:1022,1
DA:1023,1
DA:1026,1
DA:1027,1
DA:1028,1
DA:1029,1
DA:1031,1
DA:1032,1
DA:1033,1
DA:1034,1
DA:1035,1
DA:1037,1
DA:1038,1
DA:1041,1
DA:1042,1
DA:1043,1
DA:1047,5
DA:1048,5
DA:1050,5
DA:1051,5
DA:1052,5
DA:1055,5
DA:1056,5
DA:1057,325
DA:1058,325
DA:1059,1300
DA:1061,325
DA:1064,5
DA:1065,5
DA:1066,5
DA:1067,50
DA:1068,3250
DA:1069,3250
DA:1070,100
DA:1071,3150
DA:1072,77
DA:1075,50
DA:1077,5
DA:1081,0
DA:1084,0
DA:1085,0
DA:1086,0
DA:1089,0
DA:1092,0
DA:1093,0
DA:1096,0
DA:1097,0
DA:1098,0
DA:1100,0
DA:1101,0
DA:1102,0
DA:1103,0
DA:1105,0
DA:1106,0
DA:1108,0
DA:1112,0
DA:1113,0
DA:1115,0
DA:1119,0
DA:1129,6
DA:1130,6
DA:1131,6
DA:1134,6
DA:1135,6
DA:1136,12
DA:1137,12
DA:1138,12
DA:1139,12
DA:1143,6
DA:1144,6
DA:1145,6
DA:1146,6
DA:1147,1
DA:1148,1
DA:1149,1
DA:1150,1
DA:1151,1
DA:1154,5
DA:1162,5
DA:1163,4
DA:1164,4
DA:1165,1
DA:1166,1
DA:1167,1
DA:1169,0
DA:1170,0
DA:1173,5
DA:1185,5
DA:1186,5
DA:1187,5
DA:1188,5
DA:1189,5
DA:1190,637
DA:1191,637
DA:1193,637
DA:1194,637
DA:1195,637
DA:1199,6
DA:1200,6
DA:1201,6
DA:1202,345
DA:1204,345
DA:1205,900
DA:1206,900
DA:1207,1800
DA:1208,1800
DA:1210,900
DA:1211,557
DA:1212,557
DA:1214,345
DA:1215,345
DA:1216,345
DA:1218,343
DA:1219,686
DA:1221,686
DA:1222,337
DA:1223,349
DA:1224,179
DA:1225,170
DA:1226,170
DA:1229,349
DA:1230,297
DA:1232,52
DA:1237,12
DA:1239,6
DA:1240,0
DA:1242,6
DA:1247,6
DA:1249,6
DA:1252,6
DA:1254,4
DA:1255,1
DA:1256,3
DA:1257,1
DA:1260,4
DA:1265,4
DA:1266,2
DA:1268,2
DA:1270,0
DA:1279,1
DA:1284,1
DA:1285,1
DA:1287,0
DA:1289,0
DA:1290,0
DA:1292,1
DA:1293,1
DA:1296,0
DA:1297,0
DA:1298,0
DA:1300,0
DA:1301,0
DA:1307,1
DA:1308,1
DA:1309,2
DA:1315,0
DA:1318,1
DA:1329,0
DA:1330,0
DA:1331,0
DA:1333,0
DA:1335,0
DA:1336,0
DA:1337,0
DA:1342,0
DA:1346,0
DA:1347,0
DA:1348,0
DA:1349,0
DA:1350,0
DA:1351,0
DA:1364,0
DA:1367,0
DA:1368,0
DA:1369,0
DA:1370,0
DA:1371,0
DA:1373,0
DA:1374,0
DA:1375,0
DA:1376,0
DA:1377,0
DA:1378,0
DA:1379,0
DA:1381,0
DA:1383,0
DA:1384,0
DA:1385,0
DA:1386,0
DA:1387,0
DA:1388,0
DA:1390,0
DA:1391,0
DA:1393,0
DA:1394,0
DA:1395,0
DA:1396,0
DA:1397,0
DA:1401,0
DA:1402,0
DA:1403,0
DA:1405,0
DA:1406,0
DA:1407,0
DA:1410,0
DA:1417,7
DA:1418,7
DA:1419,7
DA:1421,7
DA:1422,7
DA:1424,7
DA:1425,7
DA:1426,7
DA:1427,7
DA:1430,7
DA:1431,7
DA:1432,7
DA:1436,2
DA:1437,2
DA:1438,2
DA:1441,2
DA:1442,2
DA:1443,2
DA:1444,0
DA:1449,2
DA:1450,2
DA:1451,0
DA:1454,2
DA:1458,6
DA:1460,6
DA:1461,6
DA:1463,6
DA:1464,6
DA:1465,6
DA:1469,6
DA:1470,6
DA:1472,6
DA:1473,6
DA:1474,6
DA:1475,6
DA:1477,6
DA:1478,0
DA:1479,0
DA:1481,6
DA:1482,1
DA:1483,1
DA:1486,6
DA:1487,6
DA:1488,6
DA:1489,6
DA:1491,6
DA:1494,6
DA:1495,12
DA:1496,12
DA:1498,6
LF:348
LH:253
BRDA:819,0,0,7
BRDA:821,1,0,0
BRDA:827,2,0,1
BRDA:828,3,0,0
BRDA:830,4,0,0
BRDA:834,5,0,7
BRDA:834,5,1,3
BRDA:836,6,0,0
BRDA:847,7,0,1
BRDA:847,7,1,11
BRDA:858,8,0,25
BRDA:858,8,1,181
BRDA:874,9,0,1
BRDA:874,9,1,1
BRDA:891,10,0,305
BRDA:891,10,1,1494
BRDA:892,11,0,140
BRDA:892,11,1,165
BRDA:916,12,0,642
BRDA:916,12,1,9
BRDA:920,13,0,117
BRDA:921,14,0,84
BRDA:923,15,0,416
BRDA:923,15,1,221
BRDA:927,16,0,16
BRDA:927,16,1,205
BRDA:927,17,0,221
BRDA:927,17,1,162
BRDA:927,17,2,117
BRDA:936,18,0,455
BRDA:936,18,1,182
BRDA:940,19,0,15
BRDA:940,19,1,167
BRDA:940,20,0,182
BRDA:940,20,1,138
BRDA:940,20,2,90
BRDA:945,21,0,100
BRDA:946,22,0,84
BRDA:957,23,0,0
BRDA:957,23,1,0
BRDA:965,24,0,0
BRDA:965,24,1,0
BRDA:975,25,0,3061
BRDA:975,25,1,1
BRDA:1051,26,0,5
BRDA:1051,26,1,0
BRDA:1069,27,0,100
BRDA:1069,27,1,3150
BRDA:1071,28,0,77
BRDA:1096,29,0,0
BRDA:1096,29,1,0
BRDA:1097,30,0,0
BRDA:1100,31,0,0
BRDA:1103,32,0,0
BRDA:1103,32,1,0
BRDA:1105,33,0,0
BRDA:1105,33,1,0
BRDA:1112,34,0,0
BRDA:1112,34,1,0
BRDA:1119,35,0,0
BRDA:1119,35,1,0
BRDA:1146,36,0,1
BRDA:1146,37,0,6
BRDA:1146,37,1,5
BRDA:1162,38,0,4
BRDA:1162,38,1,1
BRDA:1165,39,0,1
BRDA:1165,39,1,0
BRDA:1208,40,0,349
BRDA:1210,41,0,343
BRDA:1214,42,0,343
BRDA:1216,43,0,2
BRDA:1221,44,0,337
BRDA:1221,44,1,349
BRDA:1223,45,0,179
BRDA:1223,45,1,170
BRDA:1225,46,0,170
BRDA:1229,47,0,297
BRDA:1229,47,1,52
BRDA:1239,48,0,0
BRDA:1239,48,1,6
BRDA:1252,49,0,4
BRDA:1252,49,1,2
BRDA:1252,50,0,6
BRDA:1252,50,1,4
BRDA:1252,50,2,3
BRDA:1252,50,3,4
BRDA:1254,51,0,1
BRDA:1254,51,1,3
BRDA:1256,52,0,1
BRDA:1266,53,0,2
BRDA:1266,54,0,2
BRDA:1266,54,1,1
BRDA:1266,54,2,2
BRDA:1279,55,0,0
BRDA:1279,56,0,1
BRDA:1279,56,1,1
BRDA:1284,57,0,1
BRDA:1284,57,1,0
BRDA:1289,58,0,0
BRDA:1289,58,1,0
BRDA:1292,59,0,1
BRDA:1292,59,1,0
BRDA:1297,60,0,0
BRDA:1297,60,1,0
BRDA:1307,61,0,1
BRDA:1307,61,1,0
BRDA:1307,62,0,1
BRDA:1307,62,1,1
BRDA:1329,63,0,0
BRDA:1329,63,1,0
BRDA:1373,64,0,0
BRDA:1373,64,1,0
BRDA:1373,65,0,0
BRDA:1373,65,1,0
BRDA:1378,66,0,0
BRDA:1378,67,0,0
BRDA:1378,67,1,0
BRDA:1395,68,0,0
BRDA:1401,69,0,0
BRDA:1405,70,0,0
BRDA:1437,71,0,2
BRDA:1443,72,0,0
BRDA:1450,73,0,0
BRDA:1450,74,0,2
BRDA:1450,74,1,1
BRDA:1450,74,2,2
BRDA:1450,74,3,1
BRDA:1458,75,0,0
BRDA:1477,76,0,0
BRDA:1481,77,0,1
BRF:131
BRH:84
end_of_record
TN:
SF:src/primitives/JacobianPoint.ts
FN:11,(anonymous_0)
FN:33,(anonymous_1)
FN:46,(anonymous_2)
FN:50,(anonymous_3)
FN:86,(anonymous_4)
FN:121,(anonymous_5)
FN:138,(anonymous_6)
FN:213,(anonymous_7)
FN:219,(anonymous_8)
FN:238,(anonymous_9)
FN:254,(anonymous_10)
FN:261,(anonymous_11)
FNF:12
FNH:8
FNDA:1368,(anonymous_0)
FNDA:12,(anonymous_1)
FNDA:28,(anonymous_2)
FNDA:104,(anonymous_3)
FNDA:479,(anonymous_4)
FNDA:345,(anonymous_5)
FNDA:758,(anonymous_6)
FNDA:0,(anonymous_7)
FNDA:0,(anonymous_8)
FNDA:0,(anonymous_9)
FNDA:0,(anonymous_10)
FNDA:1781,(anonymous_11)
DA:1,2
DA:2,2
DA:3,2
DA:5,2
DA:16,1368
DA:17,1368
DA:18,18
DA:19,18
DA:20,18
DA:22,1350
DA:23,1350
DA:24,1350
DA:26,1368
DA:27,1368
DA:28,1368
DA:30,1368
DA:34,12
DA:35,1
DA:38,11
DA:39,11
DA:40,11
DA:41,11
DA:43,11
DA:47,28
DA:52,104
DA:55,81
DA:58,81
DA:59,81
DA:60,81
DA:61,81
DA:62,81
DA:63,81
DA:65,81
DA:66,81
DA:67,81
DA:68,4
DA:69,2
DA:71,2
DA:75,77
DA:76,77
DA:77,77
DA:79,77
DA:80,77
DA:81,77
DA:83,77
DA:88,479
DA:91,470
DA:94,470
DA:95,470
DA:96,470
DA:97,470
DA:98,470
DA:100,470
DA:101,470
DA:102,470
DA:103,0
DA:104,0
DA:106,0
DA:110,470
DA:111,470
DA:112,470
DA:114,470
DA:115,470
DA:116,470
DA:118,470
DA:122,345
DA:123,0
DA:125,345
DA:126,6
DA:128,339
DA:129,0
DA:133,339
DA:134,753
DA:135,339
DA:139,758
DA:140,0
DA:147,758
DA:153,7
DA:155,7
DA:157,7
DA:159,7
DA:160,7
DA:162,7
DA:164,7
DA:167,7
DA:168,7
DA:169,7
DA:172,7
DA:174,7
DA:176,7
DA:183,751
DA:185,751
DA:187,751
DA:189,751
DA:190,751
DA:192,751
DA:194,751
DA:197,751
DA:198,751
DA:199,751
DA:202,751
DA:204,751
DA:206,751
DA:207,751
DA:210,758
DA:214,0
DA:216,0
DA:220,0
DA:222,0
DA:225,0
DA:226,0
DA:227,0
DA:228,0
DA:229,0
DA:233,0
DA:234,0
DA:235,0
DA:239,0
DA:240,0
DA:241,0
DA:243,0
DA:244,0
DA:245,0
DA:246,0
DA:247,0
DA:249,0
DA:250,0
DA:255,0
DA:256,0
DA:262,1781
LF:130
LH:100
BRDA:17,0,0,18
BRDA:17,0,1,1350
BRDA:17,1,0,1368
BRDA:17,1,1,18
BRDA:17,1,2,18
BRDA:26,2,0,2
BRDA:27,3,0,2
BRDA:28,4,0,20
BRDA:34,5,0,1
BRDA:52,6,0,23
BRDA:55,7,0,0
BRDA:67,8,0,4
BRDA:68,9,0,2
BRDA:68,9,1,2
BRDA:88,10,0,9
BRDA:91,11,0,0
BRDA:102,12,0,0
BRDA:103,13,0,0
BRDA:103,13,1,0
BRDA:122,14,0,0
BRDA:125,15,0,6
BRDA:128,16,0,0
BRDA:139,17,0,0
BRDA:147,18,0,7
BRDA:147,18,1,751
BRDA:220,19,0,0
BRDA:222,20,0,0
BRDA:228,21,0,0
BRDA:241,22,0,0
BRDA:247,23,0,0
BRDA:250,24,0,0
BRDA:255,25,0,0
BRF:32
BRH:17
end_of_record
TN:
SF:src/primitives/K256.ts
FN:25,(anonymous_0)
FN:45,(anonymous_1)
FN:92,(anonymous_2)
FNF:3
FNH:3
FNDA:13,(anonymous_0)
FNDA:27141,(anonymous_1)
FNDA:27140,(anonymous_2)
DA:1,4
DA:15,4
DA:26,13
DA:47,27141
DA:49,27141
DA:50,27141
DA:51,27141
DA:52,243992
DA:54,27141
DA:56,27141
DA:57,35
DA:58,35
DA:59,35
DA:63,27106
DA:64,27106
DA:66,27106
DA:67,153333
DA:68,153333
DA:69,153333
DA:71,27106
DA:72,27106
DA:73,27106
DA:74,20685
DA:76,6421
DA:94,27140
DA:95,27140
DA:96,27140
DA:99,27140
DA:100,27140
DA:101,214059
DA:102,214059
DA:103,214059
DA:104,214059
DA:108,27140
DA:109,19948
DA:110,19948
DA:111,343
DA:114,27140
LF:38
LH:38
BRDA:56,0,0,35
BRDA:73,1,0,20685
BRDA:73,1,1,6421
BRDA:73,2,0,27106
BRDA:73,2,1,20993
BRDA:108,3,0,19948
BRDA:110,4,0,343
BRF:7
BRH:7
end_of_record
TN:
SF:src/primitives/Mersenne.ts
FN:29,(anonymous_0)
FN:46,(anonymous_1)
FN:63,(anonymous_2)
FN:106,(anonymous_3)
FN:120,(anonymous_4)
FNF:5
FNH:3
FNDA:13,(anonymous_0)
FNDA:13,(anonymous_1)
FNDA:13744,(anonymous_2)
FNDA:0,(anonymous_3)
FNDA:0,(anonymous_4)
DA:1,4
DA:14,4
DA:31,13
DA:32,13
DA:33,13
DA:34,13
DA:36,13
DA:47,13
DA:48,13
DA:49,13
DA:66,13744
DA:69,13744
DA:70,27140
DA:71,27140
DA:72,27140
DA:73,27140
DA:76,13744
DA:77,13744
DA:78,0
DA:79,0
DA:80,13744
DA:81,1
DA:83,13743
DA:85,13743
DA:88,0
DA:92,13744
DA:107,0
DA:121,0
LF:28
LH:23
BRDA:76,0,0,6850
BRDA:76,0,1,6894
BRDA:77,1,0,0
BRDA:77,1,1,13744
BRDA:80,2,0,1
BRDA:80,2,1,13743
BRDA:83,3,0,13743
BRDA:83,3,1,0
BRF:8
BRH:6
end_of_record
TN:
SF:src/primitives/MontgomoryMethod.ts
FN:34,(anonymous_0)
FN:62,(anonymous_1)
FN:77,(anonymous_2)
FN:95,(anonymous_3)
FN:128,(anonymous_4)
FN:155,(anonymous_5)
FNF:6
FNH:6
FNDA:10,(anonymous_0)
FNDA:40,(anonymous_1)
FNDA:19,(anonymous_2)
FNDA:1,(anonymous_3)
FNDA:1055,(anonymous_4)
FNDA:2,(anonymous_5)
DA:1,3
DA:2,3
DA:23,3
DA:35,10
DA:37,10
DA:38,10
DA:39,10
DA:42,10
DA:43,10
DA:44,10
DA:46,10
DA:47,10
DA:48,10
DA:63,40
DA:78,19
DA:79,19
DA:80,19
DA:96,1
DA:97,0
DA:98,0
DA:99,0
DA:102,1
DA:103,1
DA:104,1
DA:105,1
DA:107,1
DA:108,0
DA:109,1
DA:110,1
DA:113,1
DA:129,1055
DA:131,1055
DA:132,1055
DA:133,1055
DA:134,1055
DA:135,1055
DA:136,0
DA:137,1055
DA:138,1053
DA:141,1055
DA:157,2
DA:158,2
LF:42
LH:37
BRDA:38,0,0,10
BRDA:96,1,0,0
BRDA:96,2,0,1
BRDA:96,2,1,1
BRDA:107,3,0,0
BRDA:107,3,1,1
BRDA:109,4,0,1
BRDA:129,5,0,0
BRDA:129,6,0,1055
BRDA:129,6,1,1055
BRDA:135,7,0,0
BRDA:135,7,1,1055
BRDA:137,8,0,1053
BRF:13
BRH:9
end_of_record
TN:
SF:src/primitives/Point.ts
FN:11,(anonymous_0)
FN:22,(anonymous_1)
FN:41,(anonymous_2)
FN:66,(anonymous_3)
FN:70,(anonymous_4)
FN:86,(anonymous_5)
FN:97,(anonymous_6)
FN:116,(anonymous_7)
FN:131,(anonymous_8)
FN:139,(anonymous_9)
FN:143,(anonymous_10)
FN:166,(anonymous_11)
FN:186,(anonymous_12)
FN:190,(anonymous_13)
FN:194,(anonymous_14)
FN:209,(anonymous_15)
FN:219,(anonymous_16)
FN:225,(anonymous_17)
FN:231,(anonymous_18)
FN:239,(anonymous_19)
FN:247,(anonymous_20)
FNF:21
FNH:18
FNDA:1,(anonymous_0)
FNDA:192,(anonymous_1)
FNDA:1686,(anonymous_2)
FNDA:6,(anonymous_3)
FNDA:4,(anonymous_4)
FNDA:7,(anonymous_5)
FNDA:194,(anonymous_6)
FNDA:0,(anonymous_7)
FNDA:0,(anonymous_8)
FNDA:482,(anonymous_9)
FNDA:262,(anonymous_10)
FNDA:4,(anonymous_11)
FNDA:6,(anonymous_12)
FNDA:6,(anonymous_13)
FNDA:12,(anonymous_14)
FNDA:0,(anonymous_15)
FNDA:536,(anonymous_16)
FNDA:1003,(anonymous_17)
FNDA:510,(anonymous_18)
FNDA:2,(anonymous_19)
FNDA:15,(anonymous_20)
DA:1,2
DA:2,2
DA:3,2
DA:4,2
DA:6,2
DA:14,1
DA:15,0
DA:17,1
DA:18,1
DA:19,0
DA:22,1
DA:23,192
DA:26,1
DA:27,1
DA:38,1
DA:46,1686
DA:47,1686
DA:48,1686
DA:49,1
DA:50,1
DA:51,1
DA:53,1685
DA:54,1685
DA:56,1685
DA:57,0
DA:58,0
DA:60,1685
DA:61,1685
DA:62,1685
DA:67,6
DA:71,4
DA:72,4
DA:74,4
DA:75,2
DA:77,2
DA:79,4
DA:80,0
DA:82,4
DA:87,7
DA:89,7
DA:90,7
DA:91,0
DA:94,7
DA:95,7
DA:96,1
DA:97,1
DA:98,194
DA:100,1
DA:101,1
DA:113,7
DA:117,0
DA:119,0
DA:132,0
DA:133,0
DA:135,0
DA:140,482
DA:145,262
DA:148,262
DA:151,262
DA:154,262
DA:157,262
DA:159,262
DA:160,262
DA:161,262
DA:162,262
DA:163,262
DA:167,4
DA:170,4
DA:171,4
DA:172,0
DA:175,4
DA:177,4
DA:178,4
DA:179,4
DA:181,4
DA:182,4
DA:183,4
DA:187,6
DA:191,6
DA:195,12
DA:196,12
DA:197,1
DA:198,11
DA:199,5
DA:200,6
DA:203,6
DA:205,0
DA:210,0
DA:211,0
DA:212,0
DA:213,0
DA:215,0
DA:220,536
DA:226,1003
DA:228,1003
DA:229,1003
DA:230,2
DA:231,510
DA:232,2
DA:239,2
DA:244,1003
DA:248,15
DA:249,0
DA:251,15
DA:252,15
LF:105
LH:86
BRDA:14,0,0,0
BRDA:18,1,0,0
BRDA:29,2,0,1
BRDA:29,2,1,1
BRDA:29,2,2,1
BRDA:33,3,0,1
BRDA:33,3,1,1
BRDA:33,3,2,1
BRDA:44,4,0,1493
BRDA:48,5,0,1
BRDA:48,5,1,1685
BRDA:48,6,0,1686
BRDA:48,6,1,1
BRDA:56,7,0,0
BRDA:60,8,0,202
BRDA:61,9,0,202
BRDA:70,10,0,0
BRDA:74,11,0,2
BRDA:74,11,1,2
BRDA:75,12,0,1
BRDA:75,12,1,1
BRDA:79,13,0,0
BRDA:79,13,1,4
BRDA:87,14,0,0
BRDA:90,15,0,0
BRDA:90,16,0,7
BRDA:90,16,1,7
BRDA:90,16,2,1
BRDA:90,16,3,1
BRDA:95,17,0,1
BRDA:103,18,0,1
BRDA:103,18,1,1
BRDA:107,19,0,1
BRDA:107,19,1,1
BRDA:117,20,0,0
BRDA:119,21,0,0
BRDA:119,21,1,0
BRDA:119,21,2,0
BRDA:120,22,0,0
BRDA:120,22,1,0
BRDA:124,23,0,0
BRDA:124,23,1,0
BRDA:132,24,0,0
BRDA:145,25,0,0
BRDA:148,26,0,0
BRDA:151,27,0,0
BRDA:154,28,0,0
BRDA:157,29,0,0
BRDA:160,30,0,257
BRDA:167,31,0,0
BRDA:171,32,0,0
BRDA:196,33,0,1
BRDA:196,33,1,11
BRDA:198,34,0,5
BRDA:198,34,1,6
BRDA:200,35,0,6
BRDA:200,35,1,0
BRDA:201,36,0,6
BRDA:201,36,1,6
BRDA:212,37,0,0
BRDA:212,37,1,0
BRDA:212,38,0,0
BRDA:212,38,1,0
BRDA:220,39,0,536
BRDA:220,39,1,535
BRDA:220,39,2,535
BRDA:220,39,3,535
BRDA:220,39,4,11
BRDA:226,40,0,0
BRDA:229,41,0,2
BRDA:229,42,0,1003
BRDA:229,42,1,3
BRDA:233,43,0,2
BRDA:233,43,1,2
BRDA:237,44,0,2
BRDA:237,44,1,2
BRDA:248,45,0,0
BRF:77
BRH:47
end_of_record
TN:
SF:src/primitives/ReductionContext.ts
FN:29,(anonymous_0)
FN:53,(anonymous_1)
FN:68,(anonymous_2)
FN:86,(anonymous_3)
FN:110,(anonymous_4)
FN:130,(anonymous_5)
FN:152,(anonymous_6)
FN:178,(anonymous_7)
FN:202,(anonymous_8)
FN:228,(anonymous_9)
FN:252,(anonymous_10)
FN:273,(anonymous_11)
FN:292,(anonymous_12)
FN:312,(anonymous_13)
FN:329,(anonymous_14)
FN:346,(anonymous_15)
FN:417,(anonymous_16)
FN:441,(anonymous_17)
FN:503,(anonymous_18)
FN:523,(anonymous_19)
FNF:20
FNH:20
FNDA:39,(anonymous_0)
FNDA:113624,(anonymous_1)
FNDA:7176,(anonymous_2)
FNDA:49614,(anonymous_3)
FNDA:26869,(anonymous_4)
FNDA:1038,(anonymous_5)
FNDA:1537,(anonymous_6)
FNDA:5114,(anonymous_7)
FNDA:1893,(anonymous_8)
FNDA:7544,(anonymous_9)
FNDA:2,(anonymous_10)
FNDA:3,(anonymous_11)
FNDA:26517,(anonymous_12)
FNDA:1,(anonymous_13)
FNDA:17686,(anonymous_14)
FNDA:12,(anonymous_15)
FNDA:276,(anonymous_16)
FNDA:39,(anonymous_17)
FNDA:494,(anonymous_18)
FNDA:40,(anonymous_19)
DA:1,4
DA:2,4
DA:15,4
DA:30,39
DA:31,11
DA:32,11
DA:33,11
DA:35,28
DA:36,24
DA:37,24
DA:54,113624
DA:69,7176
DA:70,7176
DA:87,49614
DA:91,49614
DA:111,26869
DA:113,13129
DA:114,13129
DA:131,1038
DA:132,2
DA:135,1036
DA:153,1537
DA:155,1537
DA:156,1537
DA:157,799
DA:159,1537
DA:179,5114
DA:181,5114
DA:182,5114
DA:183,2588
DA:185,5114
DA:203,1893
DA:205,1893
DA:206,1893
DA:207,1003
DA:209,1893
DA:229,7544
DA:231,7544
DA:232,7544
DA:233,3830
DA:235,7544
DA:253,2
DA:254,2
DA:274,3
DA:275,3
DA:293,26517
DA:294,26517
DA:313,1
DA:330,17686
DA:347,12
DA:349,12
DA:350,12
DA:353,12
DA:354,10
DA:355,10
DA:361,2
DA:362,2
DA:363,2
DA:364,4
DA:365,4
DA:367,2
DA:369,2
DA:370,2
DA:374,2
DA:375,2
DA:376,2
DA:378,2
DA:379,0
DA:382,2
DA:383,2
DA:384,2
DA:385,2
DA:386,2
DA:387,2
DA:388,2
DA:389,2
DA:390,2
DA:392,2
DA:393,2
DA:395,2
DA:396,2
DA:397,2
DA:398,2
DA:401,2
DA:418,276
DA:419,276
DA:420,2
DA:421,2
DA:423,274
DA:442,39
DA:443,35
DA:445,33
DA:446,33
DA:447,33
DA:448,33
DA:449,33
DA:450,33
DA:451,462
DA:454,33
DA:455,33
DA:456,33
DA:457,33
DA:458,33
DA:459,0
DA:462,33
DA:463,485
DA:464,485
DA:465,11972
DA:466,11972
DA:467,11860
DA:470,11972
DA:471,2325
DA:472,2325
DA:475,9647
DA:476,9647
DA:477,9647
DA:478,9647
DA:480,2421
DA:481,2421
DA:482,2421
DA:484,485
DA:487,33
DA:504,494
DA:506,494
DA:524,40
DA:525,40
DA:526,40
LF:127
LH:125
BRDA:30,0,0,11
BRDA:30,0,1,28
BRDA:53,1,0,16
BRDA:54,2,0,4
BRDA:92,3,0,49614
BRDA:92,3,1,49614
BRDA:111,4,0,13740
BRDA:131,5,0,2
BRDA:156,6,0,799
BRDA:182,7,0,2588
BRDA:206,8,0,1003
BRDA:232,9,0,3830
BRDA:347,10,0,0
BRDA:353,11,0,10
BRDA:363,12,0,6
BRDA:363,12,1,6
BRDA:419,13,0,2
BRDA:419,13,1,274
BRDA:442,14,0,4
BRDA:443,15,0,2
BRDA:458,16,0,0
BRDA:466,17,0,11860
BRDA:470,18,0,2325
BRDA:470,19,0,11972
BRDA:470,19,1,5520
BRDA:478,20,0,7226
BRDA:478,21,0,9647
BRDA:478,21,1,7246
BRDA:478,21,2,187
BRDA:506,22,0,469
BRDA:506,22,1,25
BRF:31
BRH:29
end_of_record
TN:
SF:src/primitives/__tests/BigNumber.fixtures.ts
FNF:0
FNH:0
DA:1,2
LF:1
LH:1
BRF:0
BRH:0
end_of_record
