TN:
SF:dist/primitives/BigNumber.js
FN:9,(anonymous_0)
FN:17,(anonymous_1)
FN:22,(anonymous_2)
FN:27,(anonymous_3)
FN:70,(anonymous_4)
FN:74,(anonymous_5)
FN:105,(anonymous_6)
FN:147,(anonymous_7)
FN:165,(anonymous_8)
FN:172,(anonymous_9)
FN:215,(anonymous_10)
FN:239,(anonymous_11)
FN:282,(anonymous_12)
FN:291,(anonymous_13)
FN:297,(anonymous_14)
FN:302,(anonymous_15)
FN:309,(anonymous_16)
FN:315,(anonymous_17)
FN:322,(anonymous_18)
FN:325,(anonymous_19)
FN:389,(anonymous_20)
FN:403,(anonymous_21)
FN:406,(anonymous_22)
FN:442,(anonymous_23)
FN:445,(anonymous_24)
FN:451,(anonymous_25)
FN:462,(anonymous_26)
FN:493,(anonymous_27)
FN:524,(anonymous_28)
FN:549,(anonymous_29)
FN:577,(anonymous_30)
FN:582,(anonymous_31)
FN:591,(anonymous_32)
FN:595,(anonymous_33)
FN:607,(anonymous_34)
FN:610,(anonymous_35)
FN:616,(anonymous_36)
FN:622,(anonymous_37)
FN:626,(anonymous_38)
FN:629,(anonymous_39)
FN:636,(anonymous_40)
FN:645,(anonymous_41)
FN:650,(anonymous_42)
FN:655,(anonymous_43)
FN:661,(anonymous_44)
FN:669,(anonymous_45)
FN:674,(anonymous_46)
FN:679,(anonymous_47)
FN:685,(anonymous_48)
FN:702,(anonymous_49)
FN:707,(anonymous_50)
FN:712,(anonymous_51)
FN:718,(anonymous_52)
FN:739,(anonymous_53)
FN:743,(anonymous_54)
FN:757,(anonymous_55)
FN:811,(anonymous_56)
FN:830,(anonymous_57)
FN:892,(anonymous_58)
FN:895,(anonymous_59)
FN:933,(anonymous_60)
FN:1504,(anonymous_61)
FN:1542,(anonymous_62)
FN:1557,(anonymous_63)
FN:1563,(anonymous_64)
FN:1566,(anonymous_65)
FN:1590,(anonymous_66)
FN:1594,(anonymous_67)
FN:1598,(anonymous_68)
FN:1602,(anonymous_69)
FN:1624,(anonymous_70)
FN:1654,(anonymous_71)
FN:1662,(anonymous_72)
FN:1714,(anonymous_73)
FN:1720,(anonymous_74)
FN:1723,(anonymous_75)
FN:1727,(anonymous_76)
FN:1730,(anonymous_77)
FN:1734,(anonymous_78)
FN:1747,(anonymous_79)
FN:1766,(anonymous_80)
FN:1770,(anonymous_81)
FN:1790,(anonymous_82)
FN:1807,(anonymous_83)
FN:1832,(anonymous_84)
FN:1835,(anonymous_85)
FN:1838,(anonymous_86)
FN:1842,(anonymous_87)
FN:1845,(anonymous_88)
FN:1876,(anonymous_89)
FN:1943,(anonymous_90)
FN:2021,(anonymous_91)
FN:2025,(anonymous_92)
FN:2028,(anonymous_93)
FN:2032,(anonymous_94)
FN:2049,(anonymous_95)
FN:2062,(anonymous_96)
FN:2076,(anonymous_97)
FN:2079,(anonymous_98)
FN:2155,(anonymous_99)
FN:2217,(anonymous_100)
FN:2254,(anonymous_101)
FN:2257,(anonymous_102)
FN:2260,(anonymous_103)
FN:2264,(anonymous_104)
FN:2268,(anonymous_105)
FN:2295,(anonymous_106)
FN:2298,(anonymous_107)
FN:2325,(anonymous_108)
FN:2336,(anonymous_109)
FN:2358,(anonymous_110)
FN:2361,(anonymous_111)
FN:2364,(anonymous_112)
FN:2367,(anonymous_113)
FN:2370,(anonymous_114)
FN:2373,(anonymous_115)
FN:2376,(anonymous_116)
FN:2379,(anonymous_117)
FN:2382,(anonymous_118)
FN:2385,(anonymous_119)
FN:2388,(anonymous_120)
FN:2393,(anonymous_121)
FN:2397,(anonymous_122)
FN:2402,(anonymous_123)
FN:2406,(anonymous_124)
FN:2410,(anonymous_125)
FN:2414,(anonymous_126)
FN:2418,(anonymous_127)
FN:2422,(anonymous_128)
FN:2427,(anonymous_129)
FN:2432,(anonymous_130)
FN:2437,(anonymous_131)
FN:2443,(anonymous_132)
FN:2448,(anonymous_133)
FN:2454,(anonymous_134)
FN:2459,(anonymous_135)
FN:2464,(anonymous_136)
FN:2471,(anonymous_137)
FN:2474,(anonymous_138)
FN:2477,(anonymous_139)
FN:2480,(anonymous_140)
FN:2483,(anonymous_141)
FN:2486,(anonymous_142)
FN:2497,(anonymous_143)
FN:2513,(anonymous_144)
FN:2543,(anonymous_145)
FN:2575,(anonymous_146)
FN:2614,(anonymous_147)
FN:2645,(anonymous_148)
FNF:149
FNH:144
FNDA:58331,(anonymous_0)
FNDA:4,(anonymous_1)
FNDA:4,(anonymous_2)
FNDA:58327,(anonymous_3)
FNDA:2171694,(anonymous_4)
FNDA:57786,(anonymous_5)
FNDA:21,(anonymous_6)
FNDA:24054,(anonymous_7)
FNDA:12075,(anonymous_8)
FNDA:378,(anonymous_9)
FNDA:326,(anonymous_10)
FNDA:142,(anonymous_11)
FNDA:40459,(anonymous_12)
FNDA:13129,(anonymous_13)
FNDA:40459,(anonymous_14)
FNDA:3161914,(anonymous_15)
FNDA:3244577,(anonymous_16)
FNDA:3246536,(anonymous_17)
FNDA:0,(anonymous_18)
FNDA:581,(anonymous_19)
FNDA:48,(anonymous_20)
FNDA:3,(anonymous_21)
FNDA:160,(anonymous_22)
FNDA:12,(anonymous_23)
FNDA:11,(anonymous_24)
FNDA:12,(anonymous_25)
FNDA:4,(anonymous_26)
FNDA:7,(anonymous_27)
FNDA:13152,(anonymous_28)
FNDA:9,(anonymous_29)
FNDA:312,(anonymous_30)
FNDA:1,(anonymous_31)
FNDA:0,(anonymous_32)
FNDA:10,(anonymous_33)
FNDA:23,(anonymous_34)
FNDA:13,(anonymous_35)
FNDA:13,(anonymous_36)
FNDA:20,(anonymous_37)
FNDA:124,(anonymous_38)
FNDA:139,(anonymous_39)
FNDA:5,(anonymous_40)
FNDA:5,(anonymous_41)
FNDA:2,(anonymous_42)
FNDA:0,(anonymous_43)
FNDA:5,(anonymous_44)
FNDA:5,(anonymous_45)
FNDA:2,(anonymous_46)
FNDA:0,(anonymous_47)
FNDA:5,(anonymous_48)
FNDA:5,(anonymous_49)
FNDA:1,(anonymous_50)
FNDA:0,(anonymous_51)
FNDA:26,(anonymous_52)
FNDA:17,(anonymous_53)
FNDA:5,(anonymous_54)
FNDA:4274,(anonymous_55)
FNDA:270,(anonymous_56)
FNDA:4477,(anonymous_57)
FNDA:24,(anonymous_58)
FNDA:3106,(anonymous_59)
FNDA:12,(anonymous_60)
FNDA:13232,(anonymous_61)
FNDA:16350,(anonymous_62)
FNDA:16342,(anonymous_63)
FNDA:8,(anonymous_64)
FNDA:332,(anonymous_65)
FNDA:5,(anonymous_66)
FNDA:42,(anonymous_67)
FNDA:1,(anonymous_68)
FNDA:1,(anonymous_69)
FNDA:25769,(anonymous_70)
FNDA:6,(anonymous_71)
FNDA:19655,(anonymous_72)
FNDA:4,(anonymous_73)
FNDA:2,(anonymous_74)
FNDA:12884,(anonymous_75)
FNDA:3,(anonymous_76)
FNDA:10,(anonymous_77)
FNDA:484,(anonymous_78)
FNDA:2119,(anonymous_79)
FNDA:1056,(anonymous_80)
FNDA:33,(anonymous_81)
FNDA:34,(anonymous_82)
FNDA:23,(anonymous_83)
FNDA:3,(anonymous_84)
FNDA:7,(anonymous_85)
FNDA:17,(anonymous_86)
FNDA:17,(anonymous_87)
FNDA:3161882,(anonymous_88)
FNDA:12840,(anonymous_89)
FNDA:13333,(anonymous_90)
FNDA:39,(anonymous_91)
FNDA:40,(anonymous_92)
FNDA:13204,(anonymous_93)
FNDA:8,(anonymous_94)
FNDA:371,(anonymous_95)
FNDA:247,(anonymous_96)
FNDA:23,(anonymous_97)
FNDA:10,(anonymous_98)
FNDA:15,(anonymous_99)
FNDA:9,(anonymous_100)
FNDA:4,(anonymous_101)
FNDA:54,(anonymous_102)
FNDA:4781,(anonymous_103)
FNDA:23,(anonymous_104)
FNDA:7,(anonymous_105)
FNDA:1075211,(anonymous_106)
FNDA:2552,(anonymous_107)
FNDA:18875,(anonymous_108)
FNDA:17817,(anonymous_109)
FNDA:31,(anonymous_110)
FNDA:3,(anonymous_111)
FNDA:3,(anonymous_112)
FNDA:3,(anonymous_113)
FNDA:21,(anonymous_114)
FNDA:3,(anonymous_115)
FNDA:3,(anonymous_116)
FNDA:3,(anonymous_117)
FNDA:3,(anonymous_118)
FNDA:3,(anonymous_119)
FNDA:95,(anonymous_120)
FNDA:42,(anonymous_121)
FNDA:14297,(anonymous_122)
FNDA:2,(anonymous_123)
FNDA:2,(anonymous_124)
FNDA:4,(anonymous_125)
FNDA:8,(anonymous_126)
FNDA:2,(anonymous_127)
FNDA:9,(anonymous_128)
FNDA:3,(anonymous_129)
FNDA:13,(anonymous_130)
FNDA:1,(anonymous_131)
FNDA:10,(anonymous_132)
FNDA:5,(anonymous_133)
FNDA:5,(anonymous_134)
FNDA:19,(anonymous_135)
FNDA:83,(anonymous_136)
FNDA:8,(anonymous_137)
FNDA:6,(anonymous_138)
FNDA:2,(anonymous_139)
FNDA:2,(anonymous_140)
FNDA:1,(anonymous_141)
FNDA:35,(anonymous_142)
FNDA:16,(anonymous_143)
FNDA:11,(anonymous_144)
FNDA:8,(anonymous_145)
FNDA:8,(anonymous_146)
FNDA:12,(anonymous_147)
FNDA:1,(anonymous_148)
DA:2,7
DA:10,58331
DA:11,2
DA:13,58329
DA:18,4
DA:19,2
DA:20,2
DA:23,4
DA:24,1
DA:25,3
DA:28,58327
DA:29,1
DA:31,58326
DA:32,58326
DA:33,58326
DA:35,58326
DA:36,58326
DA:37,58326
DA:38,3
DA:39,3
DA:41,58326
DA:42,57786
DA:44,540
DA:45,20
DA:47,520
DA:48,3
DA:50,520
DA:51,520
DA:52,520
DA:53,520
DA:54,49
DA:55,49
DA:57,520
DA:58,520
DA:59,378
DA:62,142
DA:63,140
DA:64,0
DA:71,2171694
DA:72,10
DA:75,57786
DA:76,64
DA:77,64
DA:79,57786
DA:80,57772
DA:81,57772
DA:83,14
DA:84,7
DA:88,7
DA:91,7
DA:92,6
DA:97,6
DA:99,57785
DA:100,57784
DA:102,1
DA:103,1
DA:107,21
DA:108,21
DA:109,2
DA:110,2
DA:111,2
DA:113,19
DA:114,19
DA:115,19
DA:116,19
DA:117,56
DA:120,19
DA:121,19
DA:122,11
DA:123,42
DA:124,42
DA:125,42
DA:126,42
DA:127,42
DA:128,30
DA:129,30
DA:133,8
DA:134,8
DA:135,14
DA:136,14
DA:137,14
DA:138,14
DA:139,14
DA:140,6
DA:141,6
DA:145,19
DA:148,24054
DA:150,24054
DA:151,17193
DA:154,6861
DA:155,20
DA:158,6841
DA:159,6832
DA:162,9
DA:166,12075
DA:167,12069
DA:168,11979
DA:170,12066
DA:174,378
DA:175,378
DA:176,378
DA:177,378
DA:178,4166
DA:181,378
DA:182,378
DA:184,378
DA:185,374
DA:186,12063
DA:187,12054
DA:188,12054
DA:189,3517
DA:190,3517
DA:191,3517
DA:194,8537
DA:199,4
DA:200,4
DA:201,12
DA:202,12
DA:203,12
DA:204,1
DA:205,1
DA:206,1
DA:209,11
DA:213,369
DA:216,326
DA:217,326
DA:218,326
DA:219,326
DA:220,2199
DA:221,2199
DA:223,2199
DA:224,51
DA:227,2148
DA:228,3
DA:232,2145
DA:234,2199
DA:235,2197
DA:237,324
DA:241,142
DA:242,142
DA:244,142
DA:245,142
DA:246,142
DA:247,1764
DA:249,142
DA:250,142
DA:251,142
DA:252,142
DA:253,142
DA:254,142
DA:255,142
DA:256,142
DA:257,190
DA:258,190
DA:259,190
DA:260,186
DA:263,4
DA:266,142
DA:267,136
DA:268,136
DA:269,134
DA:270,505
DA:272,134
DA:273,134
DA:274,131
DA:277,3
DA:280,140
DA:283,40459
DA:284,40459
DA:285,11835263
DA:287,40459
DA:288,40459
DA:289,40459
DA:292,13129
DA:293,13129
DA:294,13129
DA:295,13129
DA:298,40459
DA:299,40459
DA:300,40459
DA:303,3161914
DA:304,91
DA:306,3161914
DA:310,3244577
DA:311,2105148
DA:313,3244577
DA:317,3246536
DA:318,179
DA:320,3246536
DA:323,0
DA:327,581
DA:328,444
DA:329,444
DA:330,444
DA:331,444
DA:332,3634
DA:333,3634
DA:334,3634
DA:335,3634
DA:336,3634
DA:337,133
DA:338,133
DA:340,3634
DA:341,3346
DA:344,288
DA:347,444
DA:348,156
DA:350,444
DA:351,95
DA:353,444
DA:354,18
DA:356,444
DA:358,137
DA:360,137
DA:362,137
DA:363,137
DA:364,137
DA:365,137
DA:366,137
DA:367,218
DA:368,218
DA:369,218
DA:370,99
DA:373,119
DA:376,137
DA:377,18
DA:379,137
DA:380,255
DA:382,137
DA:383,21
DA:385,137
DA:387,0
DA:390,48
DA:391,48
DA:392,6
DA:394,42
DA:396,4
DA:398,38
DA:399,1
DA:401,47
DA:404,3
DA:408,160
DA:409,7
DA:410,7
DA:411,7
DA:412,7
DA:415,6
DA:416,1
DA:418,5
DA:419,5
DA:420,5
DA:421,9
DA:423,5
DA:424,13
DA:426,5
DA:430,153
DA:431,153
DA:433,160
DA:434,66
DA:436,160
DA:437,160
DA:438,4
DA:440,156
DA:443,12
DA:446,11
DA:447,0
DA:449,11
DA:452,12
DA:453,12
DA:454,12
DA:455,12
DA:456,11
DA:457,11
DA:458,11
DA:459,11
DA:460,11
DA:463,4
DA:464,4
DA:465,4
DA:466,6
DA:467,6
DA:468,6
DA:469,5
DA:471,6
DA:472,4
DA:474,6
DA:475,0
DA:476,0
DA:478,0
DA:479,0
DA:482,6
DA:483,6
DA:486,4
DA:487,2
DA:488,2
DA:489,1
DA:494,7
DA:495,7
DA:496,7
DA:497,403
DA:498,403
DA:499,403
DA:500,400
DA:502,403
DA:503,398
DA:505,403
DA:506,98
DA:507,98
DA:509,98
DA:510,98
DA:513,305
DA:514,305
DA:517,7
DA:518,2
DA:519,2
DA:520,1
DA:525,13152
DA:526,13152
DA:528,0
DA:529,0
DA:530,0
DA:531,0
DA:532,0
DA:534,0
DA:535,0
DA:536,0
DA:538,0
DA:539,0
DA:540,0
DA:542,0
DA:543,0
DA:544,0
DA:546,0
DA:551,9
DA:552,0
DA:553,9
DA:554,9
DA:555,9
DA:556,1
DA:557,1
DA:559,9
DA:560,2
DA:561,2
DA:563,9
DA:564,2
DA:565,2
DA:567,9
DA:568,2
DA:569,2
DA:571,9
DA:572,4
DA:574,9
DA:578,312
DA:579,312
DA:580,312
DA:583,1
DA:584,1
DA:585,4
DA:586,4
DA:587,4
DA:589,1
DA:592,0
DA:596,10
DA:597,1
DA:598,9
DA:599,9
DA:600,9
DA:601,9
DA:602,9
DA:603,9
DA:605,9
DA:608,23
DA:611,13
DA:612,9
DA:614,4
DA:617,13
DA:618,9
DA:620,4
DA:623,20
DA:627,124
DA:630,139
DA:631,131
DA:633,139
DA:637,5
DA:638,1
DA:640,5
DA:641,8
DA:643,5
DA:646,5
DA:647,5
DA:651,2
DA:652,1
DA:653,1
DA:656,0
DA:657,0
DA:658,0
DA:662,5
DA:663,5
DA:664,7
DA:666,5
DA:667,5
DA:670,5
DA:671,5
DA:675,2
DA:676,1
DA:677,1
DA:680,0
DA:681,0
DA:682,0
DA:686,5
DA:687,2
DA:688,2
DA:692,3
DA:693,5
DA:695,3
DA:696,1
DA:698,3
DA:700,5
DA:703,5
DA:704,5
DA:708,1
DA:709,0
DA:710,1
DA:713,0
DA:714,0
DA:715,0
DA:719,26
DA:720,26
DA:721,26
DA:723,26
DA:724,26
DA:725,26
DA:728,26
DA:729,26
DA:730,78
DA:733,26
DA:734,26
DA:737,26
DA:740,17
DA:744,5
DA:745,5
DA:746,5
DA:747,5
DA:748,5
DA:749,3
DA:752,2
DA:754,5
DA:760,4274
DA:761,1296
DA:762,1296
DA:763,1296
DA:764,1296
DA:767,2978
DA:768,1
DA:769,1
DA:770,1
DA:771,1
DA:775,2977
DA:777,270
DA:778,270
DA:781,2707
DA:783,2707
DA:785,2977
DA:786,2977
DA:787,2977
DA:788,96687
DA:789,96687
DA:790,96687
DA:792,2977
DA:793,42
DA:794,42
DA:795,42
DA:797,2977
DA:798,2977
DA:799,4
DA:800,4
DA:803,2973
DA:804,2703
DA:805,163
DA:808,2977
DA:813,270
DA:814,1
DA:815,1
DA:816,1
DA:817,1
DA:819,269
DA:820,1
DA:821,1
DA:822,1
DA:823,1
DA:825,268
DA:826,4
DA:827,264
DA:833,4477
DA:834,124
DA:835,124
DA:836,124
DA:837,124
DA:840,4353
DA:841,538
DA:842,538
DA:843,538
DA:844,538
DA:847,3815
DA:849,3815
DA:850,15
DA:851,15
DA:852,15
DA:853,15
DA:857,3800
DA:859,1223
DA:860,1223
DA:863,2577
DA:865,2577
DA:867,3800
DA:868,3800
DA:869,3800
DA:870,101205
DA:871,101205
DA:872,101205
DA:874,3800
DA:875,49
DA:876,49
DA:877,49
DA:880,3800
DA:881,758
DA:882,1836
DA:885,3800
DA:886,3800
DA:887,2577
DA:889,3800
DA:893,24
DA:896,3106
DA:897,3106
DA:898,3106
DA:899,3106
DA:901,3106
DA:902,3106
DA:903,3106
DA:904,3106
DA:905,3106
DA:906,3106
DA:907,3106
DA:908,3106
DA:911,33133
DA:912,33133
DA:913,33133
DA:914,33133
DA:915,145499
DA:916,145499
DA:917,145499
DA:918,145499
DA:919,145499
DA:920,145499
DA:922,33133
DA:923,33133
DA:925,3106
DA:926,1570
DA:929,1536
DA:931,3106
DA:934,12
DA:935,12
DA:936,12
DA:937,12
DA:941,12
DA:942,12
DA:943,12
DA:944,12
DA:945,12
DA:946,12
DA:947,12
DA:948,12
DA:949,12
DA:950,12
DA:951,12
DA:952,12
DA:953,12
DA:954,12
DA:955,12
DA:956,12
DA:957,12
DA:958,12
DA:959,12
DA:960,12
DA:961,12
DA:962,12
DA:963,12
DA:964,12
DA:965,12
DA:966,12
DA:967,12
DA:968,12
DA:969,12
DA:970,12
DA:971,12
DA:972,12
DA:973,12
DA:974,12
DA:975,12
DA:976,12
DA:977,12
DA:978,12
DA:979,12
DA:980,12
DA:981,12
DA:982,12
DA:983,12
DA:984,12
DA:985,12
DA:986,12
DA:987,12
DA:988,12
DA:989,12
DA:990,12
DA:991,12
DA:992,12
DA:993,12
DA:994,12
DA:995,12
DA:996,12
DA:997,12
DA:998,12
DA:999,12
DA:1000,12
DA:1001,12
DA:1002,12
DA:1004,12
DA:1005,12
DA:1006,12
DA:1007,12
DA:1008,12
DA:1009,12
DA:1010,12
DA:1012,12
DA:1013,12
DA:1014,12
DA:1015,12
DA:1016,12
DA:1017,12
DA:1018,12
DA:1019,12
DA:1020,12
DA:1021,12
DA:1022,12
DA:1024,12
DA:1025,12
DA:1026,12
DA:1027,12
DA:1028,12
DA:1029,12
DA:1030,12
DA:1031,12
DA:1032,12
DA:1033,12
DA:1034,12
DA:1035,12
DA:1036,12
DA:1037,12
DA:1038,12
DA:1040,12
DA:1041,12
DA:1042,12
DA:1043,12
DA:1044,12
DA:1045,12
DA:1046,12
DA:1047,12
DA:1048,12
DA:1049,12
DA:1050,12
DA:1051,12
DA:1052,12
DA:1053,12
DA:1054,12
DA:1055,12
DA:1056,12
DA:1057,12
DA:1058,12
DA:1060,12
DA:1061,12
DA:1062,12
DA:1063,12
DA:1064,12
DA:1065,12
DA:1066,12
DA:1067,12
DA:1068,12
DA:1069,12
DA:1070,12
DA:1071,12
DA:1072,12
DA:1073,12
DA:1074,12
DA:1075,12
DA:1076,12
DA:1077,12
DA:1078,12
DA:1079,12
DA:1080,12
DA:1081,12
DA:1082,12
DA:1084,12
DA:1085,12
DA:1086,12
DA:1087,12
DA:1088,12
DA:1089,12
DA:1090,12
DA:1091,12
DA:1092,12
DA:1093,12
DA:1094,12
DA:1095,12
DA:1096,12
DA:1097,12
DA:1098,12
DA:1099,12
DA:1100,12
DA:1101,12
DA:1102,12
DA:1103,12
DA:1104,12
DA:1105,12
DA:1106,12
DA:1107,12
DA:1108,12
DA:1109,12
DA:1110,12
DA:1112,12
DA:1113,12
DA:1114,12
DA:1115,12
DA:1116,12
DA:1117,12
DA:1118,12
DA:1119,12
DA:1120,12
DA:1121,12
DA:1122,12
DA:1123,12
DA:1124,12
DA:1125,12
DA:1126,12
DA:1127,12
DA:1128,12
DA:1129,12
DA:1130,12
DA:1131,12
DA:1132,12
DA:1133,12
DA:1134,12
DA:1135,12
DA:1136,12
DA:1137,12
DA:1138,12
DA:1139,12
DA:1140,12
DA:1141,12
DA:1142,12
DA:1144,12
DA:1145,12
DA:1146,12
DA:1147,12
DA:1148,12
DA:1149,12
DA:1150,12
DA:1151,12
DA:1152,12
DA:1153,12
DA:1154,12
DA:1155,12
DA:1156,12
DA:1157,12
DA:1158,12
DA:1159,12
DA:1160,12
DA:1161,12
DA:1162,12
DA:1163,12
DA:1164,12
DA:1165,12
DA:1166,12
DA:1167,12
DA:1168,12
DA:1169,12
DA:1170,12
DA:1171,12
DA:1172,12
DA:1173,12
DA:1174,12
DA:1175,12
DA:1176,12
DA:1177,12
DA:1178,12
DA:1180,12
DA:1181,12
DA:1182,12
DA:1183,12
DA:1184,12
DA:1185,12
DA:1186,12
DA:1187,12
DA:1188,12
DA:1189,12
DA:1190,12
DA:1191,12
DA:1192,12
DA:1193,12
DA:1194,12
DA:1195,12
DA:1196,12
DA:1197,12
DA:1198,12
DA:1199,12
DA:1200,12
DA:1201,12
DA:1202,12
DA:1203,12
DA:1204,12
DA:1205,12
DA:1206,12
DA:1207,12
DA:1208,12
DA:1209,12
DA:1210,12
DA:1211,12
DA:1212,12
DA:1213,12
DA:1214,12
DA:1215,12
DA:1216,12
DA:1217,12
DA:1218,12
DA:1220,12
DA:1221,12
DA:1222,12
DA:1223,12
DA:1224,12
DA:1225,12
DA:1226,12
DA:1227,12
DA:1228,12
DA:1229,12
DA:1230,12
DA:1231,12
DA:1232,12
DA:1233,12
DA:1234,12
DA:1235,12
DA:1236,12
DA:1237,12
DA:1238,12
DA:1239,12
DA:1240,12
DA:1241,12
DA:1242,12
DA:1243,12
DA:1244,12
DA:1245,12
DA:1246,12
DA:1247,12
DA:1248,12
DA:1249,12
DA:1250,12
DA:1251,12
DA:1252,12
DA:1253,12
DA:1254,12
DA:1255,12
DA:1256,12
DA:1257,12
DA:1258,12
DA:1259,12
DA:1260,12
DA:1261,12
DA:1262,12
DA:1264,12
DA:1265,12
DA:1266,12
DA:1267,12
DA:1268,12
DA:1269,12
DA:1270,12
DA:1271,12
DA:1272,12
DA:1273,12
DA:1274,12
DA:1275,12
DA:1276,12
DA:1277,12
DA:1278,12
DA:1279,12
DA:1280,12
DA:1281,12
DA:1282,12
DA:1283,12
DA:1284,12
DA:1285,12
DA:1286,12
DA:1287,12
DA:1288,12
DA:1289,12
DA:1290,12
DA:1291,12
DA:1292,12
DA:1293,12
DA:1294,12
DA:1295,12
DA:1296,12
DA:1297,12
DA:1298,12
DA:1299,12
DA:1300,12
DA:1301,12
DA:1302,12
DA:1304,12
DA:1305,12
DA:1306,12
DA:1307,12
DA:1308,12
DA:1309,12
DA:1310,12
DA:1311,12
DA:1312,12
DA:1313,12
DA:1314,12
DA:1315,12
DA:1316,12
DA:1317,12
DA:1318,12
DA:1319,12
DA:1320,12
DA:1321,12
DA:1322,12
DA:1323,12
DA:1324,12
DA:1325,12
DA:1326,12
DA:1327,12
DA:1328,12
DA:1329,12
DA:1330,12
DA:1331,12
DA:1332,12
DA:1333,12
DA:1334,12
DA:1335,12
DA:1336,12
DA:1337,12
DA:1338,12
DA:1340,12
DA:1341,12
DA:1342,12
DA:1343,12
DA:1344,12
DA:1345,12
DA:1346,12
DA:1347,12
DA:1348,12
DA:1349,12
DA:1350,12
DA:1351,12
DA:1352,12
DA:1353,12
DA:1354,12
DA:1355,12
DA:1356,12
DA:1357,12
DA:1358,12
DA:1359,12
DA:1360,12
DA:1361,12
DA:1362,12
DA:1363,12
DA:1364,12
DA:1365,12
DA:1366,12
DA:1367,12
DA:1368,12
DA:1369,12
DA:1370,12
DA:1372,12
DA:1373,12
DA:1374,12
DA:1375,12
DA:1376,12
DA:1377,12
DA:1378,12
DA:1379,12
DA:1380,12
DA:1381,12
DA:1382,12
DA:1383,12
DA:1384,12
DA:1385,12
DA:1386,12
DA:1387,12
DA:1388,12
DA:1389,12
DA:1390,12
DA:1391,12
DA:1392,12
DA:1393,12
DA:1394,12
DA:1395,12
DA:1396,12
DA:1397,12
DA:1398,12
DA:1400,12
DA:1401,12
DA:1402,12
DA:1403,12
DA:1404,12
DA:1405,12
DA:1406,12
DA:1407,12
DA:1408,12
DA:1409,12
DA:1410,12
DA:1411,12
DA:1412,12
DA:1413,12
DA:1414,12
DA:1415,12
DA:1416,12
DA:1417,12
DA:1418,12
DA:1419,12
DA:1420,12
DA:1421,12
DA:1422,12
DA:1424,12
DA:1425,12
DA:1426,12
DA:1427,12
DA:1428,12
DA:1429,12
DA:1430,12
DA:1431,12
DA:1432,12
DA:1433,12
DA:1434,12
DA:1435,12
DA:1436,12
DA:1437,12
DA:1438,12
DA:1439,12
DA:1440,12
DA:1441,12
DA:1442,12
DA:1444,12
DA:1445,12
DA:1446,12
DA:1447,12
DA:1448,12
DA:1449,12
DA:1450,12
DA:1451,12
DA:1452,12
DA:1453,12
DA:1454,12
DA:1455,12
DA:1456,12
DA:1457,12
DA:1458,12
DA:1460,12
DA:1461,12
DA:1462,12
DA:1463,12
DA:1464,12
DA:1465,12
DA:1466,12
DA:1467,12
DA:1468,12
DA:1469,12
DA:1470,12
DA:1472,12
DA:1473,12
DA:1474,12
DA:1475,12
DA:1476,12
DA:1477,12
DA:1478,12
DA:1479,12
DA:1480,12
DA:1481,12
DA:1482,12
DA:1483,12
DA:1484,12
DA:1485,12
DA:1486,12
DA:1487,12
DA:1488,12
DA:1489,12
DA:1490,12
DA:1491,12
DA:1492,12
DA:1493,12
DA:1494,12
DA:1495,12
DA:1496,12
DA:1497,12
DA:1498,12
DA:1499,11
DA:1500,11
DA:1502,12
DA:1505,13232
DA:1506,13232
DA:1507,13232
DA:1508,13232
DA:1509,13232
DA:1510,13232
DA:1513,4762933
DA:1514,4762933
DA:1515,4762933
DA:1516,4762933
DA:1517,4762933
DA:1518,454053837
DA:1519,454053837
DA:1520,454053837
DA:1521,454053837
DA:1522,454053837
DA:1523,454053837
DA:1524,454053837
DA:1525,454053837
DA:1526,454053837
DA:1527,454053837
DA:1528,454053837
DA:1530,4762933
DA:1531,4762933
DA:1532,4762933
DA:1534,13232
DA:1535,3292
DA:1538,9940
DA:1540,13232
DA:1544,16350
DA:1545,16350
DA:1546,12
DA:1548,16338
DA:1549,3106
DA:1552,13232
DA:1554,16350
DA:1558,16342
DA:1559,16342
DA:1560,16342
DA:1564,8
DA:1567,332
DA:1568,332
DA:1569,4
DA:1570,332
DA:1571,332
DA:1573,331
DA:1574,331
DA:1575,331
DA:1576,660
DA:1577,660
DA:1578,660
DA:1579,660
DA:1581,660
DA:1582,660
DA:1584,331
DA:1585,141
DA:1586,141
DA:1588,331
DA:1591,5
DA:1595,42
DA:1599,1
DA:1603,1
DA:1604,1
DA:1605,0
DA:1608,1
DA:1609,1
DA:1610,1
DA:1611,1
DA:1612,1
DA:1614,1
DA:1615,1
DA:1616,3
DA:1617,1
DA:1618,2
DA:1621,1
DA:1625,25769
DA:1626,25769
DA:1627,25769
DA:1628,25769
DA:1630,25769
DA:1631,25711
DA:1632,25711
DA:1633,7142974
DA:1634,7142974
DA:1635,7142974
DA:1636,7142974
DA:1638,25711
DA:1639,10082
DA:1640,10082
DA:1643,25769
DA:1644,70
DA:1645,165
DA:1647,70
DA:1648,1226
DA:1650,70
DA:1652,25769
DA:1656,6
DA:1657,6
DA:1663,19655
DA:1665,19655
DA:1666,0
DA:1669,19655
DA:1671,19655
DA:1672,19655
DA:1673,19655
DA:1674,19655
DA:1675,19655
DA:1676,19655
DA:1678,19655
DA:1679,19655
DA:1680,0
DA:1681,0
DA:1683,0
DA:1685,19655
DA:1688,1177
DA:1689,1175
DA:1690,1175
DA:1691,33480
DA:1695,2
DA:1696,2
DA:1698,19655
DA:1699,19655
DA:1700,2744183
DA:1701,2744183
DA:1702,2744183
DA:1705,19655
DA:1706,0
DA:1708,19655
DA:1709,0
DA:1710,0
DA:1712,19655
DA:1716,4
DA:1717,4
DA:1721,2
DA:1724,12884
DA:1728,3
DA:1731,10
DA:1735,484
DA:1736,484
DA:1737,484
DA:1738,484
DA:1740,484
DA:1741,3
DA:1743,481
DA:1744,481
DA:1748,2119
DA:1749,2119
DA:1750,2119
DA:1751,2119
DA:1752,2119
DA:1753,176
DA:1755,1943
DA:1756,5
DA:1758,1943
DA:1759,1943
DA:1760,5
DA:1761,5
DA:1763,1943
DA:1767,1056
DA:1771,33
DA:1772,33
DA:1773,32
DA:1774,1
DA:1776,31
DA:1777,4
DA:1778,3
DA:1779,3
DA:1780,3
DA:1782,1
DA:1783,1
DA:1784,1
DA:1785,1
DA:1788,27
DA:1791,34
DA:1793,34
DA:1794,34
DA:1795,49
DA:1796,49
DA:1797,1
DA:1800,48
DA:1803,34
DA:1804,34
DA:1808,23
DA:1809,23
DA:1810,22
DA:1811,2
DA:1812,20
DA:1813,2
DA:1814,2
DA:1815,2
DA:1816,2
DA:1818,18
DA:1819,18
DA:1820,2
DA:1821,2
DA:1825,16
DA:1826,141
DA:1827,141
DA:1830,18
DA:1833,3
DA:1836,7
DA:1839,17
DA:1840,17
DA:1843,17
DA:1846,3161882
DA:1848,3161882
DA:1850,3161882
DA:1851,3161882
DA:1852,671165254
DA:1853,671165254
DA:1854,671165254
DA:1855,671165254
DA:1856,671165254
DA:1858,3161882
DA:1859,2103738
DA:1860,2103738
DA:1861,2103738
DA:1863,3161882
DA:1864,1058526
DA:1866,2103356
DA:1867,2103356
DA:1868,2103356
DA:1869,669852743
DA:1870,669852743
DA:1871,669852743
DA:1873,2103356
DA:1874,2103356
DA:1877,12840
DA:1878,12840
DA:1879,12840
DA:1881,12840
DA:1882,12840
DA:1883,12840
DA:1884,12840
DA:1885,12840
DA:1886,12840
DA:1887,12840
DA:1890,12840
DA:1892,12840
DA:1893,12
DA:1894,12
DA:1895,12
DA:1896,12
DA:1897,150
DA:1900,12840
DA:1901,12840
DA:1902,1
DA:1903,1
DA:1904,0
DA:1907,12840
DA:1908,2103783
DA:1912,2103783
DA:1913,2103783
DA:1914,2103783
DA:1915,1045259
DA:1916,1045259
DA:1917,1045259
DA:1918,1045259
DA:1919,1045258
DA:1922,2103783
DA:1923,138
DA:1926,12840
DA:1927,12
DA:1929,12840
DA:1931,12840
DA:1932,12828
DA:1934,12840
DA:1944,13333
DA:1945,13333
DA:1946,2
DA:1952,13331
DA:1953,16
DA:1954,16
DA:1955,7
DA:1957,16
DA:1958,10
DA:1959,10
DA:1960,3
DA:1963,16
DA:1968,13315
DA:1969,12
DA:1970,12
DA:1971,6
DA:1973,12
DA:1978,13303
DA:1979,14
DA:1980,14
DA:1981,8
DA:1982,8
DA:1983,2
DA:1986,14
DA:1993,13289
DA:1994,286
DA:2000,13003
DA:2001,163
DA:2002,17
DA:2007,146
DA:2008,140
DA:2013,6
DA:2018,12840
DA:2022,39
DA:2026,40
DA:2029,13204
DA:2033,8
DA:2035,8
DA:2036,1
DA:2037,7
DA:2040,7
DA:2041,7
DA:2042,7
DA:2044,7
DA:2045,4
DA:2047,3
DA:2050,371
DA:2051,371
DA:2052,1
DA:2053,371
DA:2054,371
DA:2055,371
DA:2056,371
DA:2057,718
DA:2059,371
DA:2063,247
DA:2064,247
DA:2065,1
DA:2066,247
DA:2067,247
DA:2068,247
DA:2069,580
DA:2070,580
DA:2071,580
DA:2073,247
DA:2074,247
DA:2077,23
DA:2080,10
DA:2081,8
DA:2082,8
DA:2083,8
DA:2084,8
DA:2085,1
DA:2088,7
DA:2091,8
DA:2092,8
DA:2094,8
DA:2095,8
DA:2096,8
DA:2097,8
DA:2098,4
DA:2099,4
DA:2100,4
DA:2102,8
DA:2103,8
DA:2104,8
DA:2105,196
DA:2106,196
DA:2107,196
DA:2109,196
DA:2110,25
DA:2111,25
DA:2112,36
DA:2113,22
DA:2114,22
DA:2116,36
DA:2117,36
DA:2120,196
DA:2121,196
DA:2122,196
DA:2124,196
DA:2125,169
DA:2126,169
DA:2127,318
DA:2128,152
DA:2129,152
DA:2131,318
DA:2132,318
DA:2135,196
DA:2136,32
DA:2137,32
DA:2138,32
DA:2141,164
DA:2142,164
DA:2143,164
DA:2146,8
DA:2156,15
DA:2157,15
DA:2158,15
DA:2159,15
DA:2160,15
DA:2161,0
DA:2164,15
DA:2166,15
DA:2167,15
DA:2168,15
DA:2169,15
DA:2170,653
DA:2171,653
DA:2172,653
DA:2174,653
DA:2175,384
DA:2176,384
DA:2177,3618
DA:2178,1579
DA:2180,3618
DA:2183,653
DA:2184,653
DA:2185,653
DA:2187,653
DA:2188,265
DA:2189,265
DA:2190,551
DA:2191,253
DA:2193,551
DA:2196,653
DA:2197,268
DA:2198,268
DA:2201,385
DA:2202,385
DA:2206,15
DA:2207,12
DA:2210,3
DA:2212,15
DA:2213,2
DA:2215,15
DA:2218,9
DA:2219,3
DA:2220,6
DA:2221,2
DA:2222,4
DA:2223,4
DA:2224,4
DA:2225,4
DA:2227,4
DA:2228,4
DA:2229,3
DA:2230,3
DA:2232,4
DA:2233,7
DA:2234,3
DA:2236,7
DA:2237,4
DA:2239,7
DA:2240,7
DA:2242,0
DA:2243,0
DA:2244,0
DA:2246,7
DA:2247,4
DA:2249,3
DA:2251,4
DA:2255,4
DA:2258,54
DA:2261,4781
DA:2265,23
DA:2269,7
DA:2270,7
DA:2271,7
DA:2272,7
DA:2274,7
DA:2275,1
DA:2276,1
DA:2277,1
DA:2280,6
DA:2281,6
DA:2282,6
DA:2283,6
DA:2284,6
DA:2285,6
DA:2286,6
DA:2287,6
DA:2289,6
DA:2290,0
DA:2291,0
DA:2293,6
DA:2296,1075211
DA:2299,2552
DA:2300,2552
DA:2301,1073
DA:2302,1479
DA:2303,1
DA:2304,1478
DA:2306,1478
DA:2307,1209
DA:2310,269
DA:2311,5
DA:2313,269
DA:2314,268
DA:2315,268
DA:2317,1477
DA:2318,5
DA:2319,1472
DA:2326,18875
DA:2327,1056
DA:2328,17819
DA:2329,3
DA:2330,17816
DA:2331,17816
DA:2332,2
DA:2333,17814
DA:2338,17817
DA:2339,11513
DA:2340,6304
DA:2341,1019
DA:2342,5285
DA:2343,5285
DA:2344,5683
DA:2345,5683
DA:2346,5683
DA:2347,469
DA:2348,5214
DA:2349,2188
DA:2351,3026
DA:2352,3026
DA:2354,5214
DA:2356,5285
DA:2359,31
DA:2362,3
DA:2365,3
DA:2368,3
DA:2371,21
DA:2374,3
DA:2377,3
DA:2380,3
DA:2383,3
DA:2386,3
DA:2389,95
DA:2390,95
DA:2391,95
DA:2394,42
DA:2395,42
DA:2399,14297
DA:2400,14297
DA:2403,2
DA:2404,2
DA:2407,2
DA:2408,2
DA:2411,4
DA:2412,4
DA:2415,8
DA:2416,8
DA:2419,2
DA:2420,2
DA:2423,9
DA:2424,9
DA:2425,9
DA:2428,3
DA:2429,3
DA:2430,3
DA:2433,13
DA:2434,13
DA:2435,13
DA:2438,1
DA:2439,1
DA:2440,1
DA:2444,10
DA:2445,10
DA:2446,10
DA:2449,5
DA:2450,5
DA:2451,5
DA:2455,5
DA:2456,5
DA:2457,5
DA:2460,19
DA:2461,19
DA:2462,19
DA:2465,83
DA:2466,83
DA:2467,1103
DA:2469,83
DA:2472,8
DA:2475,6
DA:2478,2
DA:2481,2
DA:2484,1
DA:2487,35
DA:2488,3
DA:2490,35
DA:2491,35
DA:2498,16
DA:2499,1
DA:2501,15
DA:2502,15
DA:2503,10
DA:2505,15
DA:2506,7
DA:2507,7
DA:2510,8
DA:2514,11
DA:2516,11
DA:2517,6
DA:2518,6
DA:2519,2
DA:2522,4
DA:2526,5
DA:2527,5
DA:2528,2
DA:2531,11
DA:2532,0
DA:2534,11
DA:2535,4
DA:2537,11
DA:2546,8
DA:2547,8
DA:2548,8
DA:2549,8
DA:2550,1
DA:2552,7
DA:2553,7
DA:2554,7
DA:2555,7
DA:2556,7
DA:2557,3
DA:2560,4
DA:2561,4
DA:2562,4
DA:2564,7
DA:2565,2
DA:2568,5
DA:2577,8
DA:2578,1
DA:2581,7
DA:2583,8
DA:2585,8
DA:2586,3
DA:2588,5
DA:2589,5
DA:2590,5
DA:2591,5
DA:2593,8
DA:2596,0
DA:2597,0
DA:2599,8
DA:2600,1
DA:2602,8
DA:2604,8
DA:2605,8
DA:2606,8
DA:2615,12
DA:2616,12
DA:2618,12
DA:2619,1
DA:2621,11
DA:2628,6
DA:2634,4
DA:2635,3
DA:2639,8
DA:2646,1
DA:2649,7
DA:2677,7
DA:2685,7
DA:2693,7
DA:2694,7
LF:1758
LH:1705
BRDA:10,0,0,2
BRDA:10,0,1,58329
BRDA:13,1,0,58329
BRDA:13,1,1,58329
BRDA:13,1,2,22
BRDA:13,1,3,0
BRDA:18,2,0,2
BRDA:18,2,1,2
BRDA:23,3,0,1
BRDA:23,3,1,3
BRDA:27,4,0,56827
BRDA:27,5,0,57880
BRDA:27,6,0,58318
BRDA:28,7,0,1
BRDA:28,7,1,58326
BRDA:36,8,0,58326
BRDA:36,8,1,0
BRDA:37,9,0,3
BRDA:37,9,1,58323
BRDA:37,10,0,58326
BRDA:37,10,1,58323
BRDA:41,11,0,57786
BRDA:41,11,1,540
BRDA:44,12,0,20
BRDA:44,12,1,520
BRDA:47,13,0,3
BRDA:47,13,1,517
BRDA:50,14,0,520
BRDA:50,14,1,520
BRDA:50,14,2,520
BRDA:53,15,0,49
BRDA:53,15,1,471
BRDA:57,16,0,520
BRDA:57,16,1,0
BRDA:58,17,0,378
BRDA:58,17,1,142
BRDA:63,18,0,0
BRDA:63,18,1,140
BRDA:70,19,0,63273
BRDA:71,20,0,10
BRDA:71,20,1,2171684
BRDA:75,21,0,64
BRDA:75,21,1,57722
BRDA:79,22,0,57772
BRDA:79,22,1,14
BRDA:83,23,0,7
BRDA:83,23,1,7
BRDA:99,24,0,57784
BRDA:99,24,1,1
BRDA:108,25,0,2
BRDA:108,25,1,19
BRDA:121,26,0,11
BRDA:121,26,1,8
BRDA:127,27,0,30
BRDA:127,27,1,12
BRDA:133,28,0,8
BRDA:133,28,1,0
BRDA:139,29,0,6
BRDA:139,29,1,8
BRDA:150,30,0,17193
BRDA:150,30,1,6861
BRDA:150,31,0,24054
BRDA:150,31,1,24050
BRDA:154,32,0,20
BRDA:154,32,1,6841
BRDA:154,33,0,6861
BRDA:154,33,1,6857
BRDA:158,34,0,6832
BRDA:158,34,1,9
BRDA:158,35,0,6841
BRDA:158,35,1,6837
BRDA:167,36,0,11979
BRDA:167,36,1,90
BRDA:184,37,0,374
BRDA:184,37,1,4
BRDA:188,38,0,3517
BRDA:188,38,1,8537
BRDA:200,39,0,2
BRDA:200,39,1,2
BRDA:203,40,0,1
BRDA:203,40,1,11
BRDA:223,41,0,51
BRDA:223,41,1,2148
BRDA:227,42,0,3
BRDA:227,42,1,2145
BRDA:234,43,0,2199
BRDA:234,43,1,2198
BRDA:259,44,0,186
BRDA:259,44,1,4
BRDA:266,45,0,136
BRDA:266,45,1,6
BRDA:273,46,0,131
BRDA:273,46,1,3
BRDA:310,47,0,5349725
BRDA:310,47,1,5347714
BRDA:317,48,0,179
BRDA:317,48,1,3246357
BRDA:317,49,0,3246536
BRDA:317,49,1,2300
BRDA:323,50,0,0
BRDA:323,50,1,0
BRDA:325,51,0,31
BRDA:325,52,0,415
BRDA:327,53,0,444
BRDA:327,53,1,137
BRDA:327,54,0,581
BRDA:327,54,1,142
BRDA:336,55,0,133
BRDA:336,55,1,3501
BRDA:340,56,0,3346
BRDA:340,56,1,288
BRDA:340,57,0,3634
BRDA:340,57,1,1655
BRDA:347,58,0,156
BRDA:347,58,1,288
BRDA:353,59,0,18
BRDA:353,59,1,426
BRDA:358,60,0,137
BRDA:358,60,1,0
BRDA:358,61,0,137
BRDA:358,61,1,137
BRDA:358,61,2,137
BRDA:369,62,0,99
BRDA:369,62,1,119
BRDA:376,63,0,18
BRDA:376,63,1,119
BRDA:382,64,0,21
BRDA:382,64,1,116
BRDA:391,65,0,6
BRDA:391,65,1,42
BRDA:394,66,0,4
BRDA:394,66,1,38
BRDA:394,67,0,42
BRDA:394,67,1,5
BRDA:398,68,0,1
BRDA:398,68,1,37
BRDA:401,69,0,21
BRDA:401,69,1,26
BRDA:406,70,0,25
BRDA:408,71,0,7
BRDA:408,71,1,153
BRDA:412,72,0,1
BRDA:412,72,1,6
BRDA:415,73,0,1
BRDA:415,73,1,5
BRDA:418,74,0,5
BRDA:418,74,1,0
BRDA:433,75,0,66
BRDA:433,75,1,94
BRDA:437,76,0,4
BRDA:437,76,1,156
BRDA:446,77,0,0
BRDA:446,77,1,11
BRDA:454,78,0,3
BRDA:454,78,1,9
BRDA:454,79,0,12
BRDA:454,79,1,12
BRDA:458,80,0,4
BRDA:458,80,1,7
BRDA:468,81,0,5
BRDA:468,81,1,1
BRDA:471,82,0,4
BRDA:471,82,1,2
BRDA:474,83,0,0
BRDA:474,83,1,6
BRDA:475,84,0,0
BRDA:475,84,1,0
BRDA:486,85,0,2
BRDA:486,85,1,2
BRDA:499,86,0,400
BRDA:499,86,1,3
BRDA:502,87,0,398
BRDA:502,87,1,5
BRDA:505,88,0,98
BRDA:505,88,1,305
BRDA:506,89,0,98
BRDA:506,89,1,0
BRDA:517,90,0,2
BRDA:517,90,1,5
BRDA:525,91,0,13152
BRDA:525,91,1,0
BRDA:530,92,0,0
BRDA:530,92,1,0
BRDA:534,93,0,0
BRDA:534,93,1,0
BRDA:538,94,0,0
BRDA:538,94,1,0
BRDA:542,95,0,0
BRDA:542,95,1,0
BRDA:551,96,0,0
BRDA:551,96,1,9
BRDA:555,97,0,1
BRDA:555,97,1,8
BRDA:559,98,0,2
BRDA:559,98,1,7
BRDA:563,99,0,2
BRDA:563,99,1,7
BRDA:567,100,0,2
BRDA:567,100,1,7
BRDA:571,101,0,4
BRDA:571,101,1,5
BRDA:596,102,0,1
BRDA:596,102,1,9
BRDA:602,103,0,9
BRDA:602,103,1,0
BRDA:611,104,0,9
BRDA:611,104,1,4
BRDA:617,105,0,9
BRDA:617,105,1,4
BRDA:630,106,0,131
BRDA:630,106,1,8
BRDA:651,107,0,1
BRDA:651,107,1,1
BRDA:656,108,0,0
BRDA:656,108,1,0
BRDA:675,109,0,1
BRDA:675,109,1,1
BRDA:680,110,0,0
BRDA:680,110,1,0
BRDA:686,111,0,2
BRDA:686,111,1,3
BRDA:708,112,0,0
BRDA:708,112,1,1
BRDA:713,113,0,0
BRDA:713,113,1,0
BRDA:719,114,0,26
BRDA:719,114,1,26
BRDA:724,115,0,26
BRDA:724,115,1,0
BRDA:733,116,0,26
BRDA:733,116,1,0
BRDA:744,117,0,5
BRDA:744,117,1,5
BRDA:748,118,0,3
BRDA:748,118,1,2
BRDA:748,119,0,5
BRDA:748,119,1,5
BRDA:760,120,0,1296
BRDA:760,120,1,2978
BRDA:760,121,0,4274
BRDA:760,121,1,1296
BRDA:767,122,0,1
BRDA:767,122,1,2977
BRDA:767,123,0,2978
BRDA:767,123,1,2978
BRDA:775,124,0,270
BRDA:775,124,1,2707
BRDA:792,125,0,3019
BRDA:792,125,1,46
BRDA:798,126,0,4
BRDA:798,126,1,2973
BRDA:803,127,0,2703
BRDA:803,127,1,270
BRDA:813,128,0,1
BRDA:813,128,1,269
BRDA:813,129,0,270
BRDA:813,129,1,1
BRDA:819,130,0,1
BRDA:819,130,1,268
BRDA:819,131,0,269
BRDA:819,131,1,269
BRDA:825,132,0,4
BRDA:825,132,1,264
BRDA:833,133,0,124
BRDA:833,133,1,4353
BRDA:840,134,0,538
BRDA:840,134,1,3815
BRDA:849,135,0,15
BRDA:849,135,1,3800
BRDA:857,136,0,1223
BRDA:857,136,1,2577
BRDA:874,137,0,3849
BRDA:874,137,1,49
BRDA:880,138,0,758
BRDA:880,138,1,3042
BRDA:880,139,0,3800
BRDA:880,139,1,3800
BRDA:880,139,2,1167
BRDA:886,140,0,2577
BRDA:886,140,1,1223
BRDA:925,141,0,1570
BRDA:925,141,1,1536
BRDA:1498,142,0,11
BRDA:1498,142,1,1
BRDA:1534,143,0,3292
BRDA:1534,143,1,9940
BRDA:1545,144,0,12
BRDA:1545,144,1,16338
BRDA:1545,145,0,16350
BRDA:1545,145,1,13
BRDA:1548,146,0,3106
BRDA:1548,146,1,13232
BRDA:1568,147,0,4
BRDA:1568,147,1,328
BRDA:1584,148,0,141
BRDA:1584,148,1,190
BRDA:1588,149,0,4
BRDA:1588,149,1,327
BRDA:1604,150,0,0
BRDA:1604,150,1,1
BRDA:1611,151,0,1
BRDA:1611,151,1,0
BRDA:1614,152,0,1
BRDA:1614,152,1,0
BRDA:1616,153,0,1
BRDA:1616,153,1,2
BRDA:1625,154,0,25769
BRDA:1625,154,1,25769
BRDA:1630,155,0,25711
BRDA:1630,155,1,58
BRDA:1638,156,0,10082
BRDA:1638,156,1,15629
BRDA:1643,157,0,70
BRDA:1643,157,1,25699
BRDA:1663,158,0,19655
BRDA:1663,158,1,19655
BRDA:1665,159,0,0
BRDA:1665,159,1,19655
BRDA:1665,160,0,19655
BRDA:1665,160,1,0
BRDA:1679,161,0,0
BRDA:1679,161,1,19655
BRDA:1685,162,0,18478
BRDA:1685,162,1,1177
BRDA:1688,163,0,1175
BRDA:1688,163,1,2
BRDA:1699,164,0,2763838
BRDA:1699,164,1,2744183
BRDA:1699,164,2,141541
BRDA:1705,165,0,0
BRDA:1705,165,1,19655
BRDA:1705,166,0,19655
BRDA:1705,166,1,0
BRDA:1708,167,0,0
BRDA:1708,167,1,19655
BRDA:1735,168,0,484
BRDA:1735,168,1,484
BRDA:1740,169,0,3
BRDA:1740,169,1,481
BRDA:1748,170,0,2119
BRDA:1748,170,1,2119
BRDA:1752,171,0,176
BRDA:1752,171,1,1943
BRDA:1755,172,0,5
BRDA:1755,172,1,1938
BRDA:1759,173,0,5
BRDA:1759,173,1,1938
BRDA:1773,174,0,1
BRDA:1773,174,1,31
BRDA:1776,175,0,4
BRDA:1776,175,1,27
BRDA:1777,176,0,3
BRDA:1777,176,1,1
BRDA:1777,177,0,4
BRDA:1777,177,1,3
BRDA:1794,178,0,83
BRDA:1794,178,1,82
BRDA:1796,179,0,1
BRDA:1796,179,1,48
BRDA:1810,180,0,2
BRDA:1810,180,1,20
BRDA:1812,181,0,2
BRDA:1812,181,1,18
BRDA:1819,182,0,2
BRDA:1819,182,1,16
BRDA:1819,183,0,18
BRDA:1819,183,1,6
BRDA:1825,184,0,157
BRDA:1825,184,1,157
BRDA:1863,185,0,1058526
BRDA:1863,185,1,2103356
BRDA:1884,186,0,12840
BRDA:1884,186,1,0
BRDA:1892,187,0,12
BRDA:1892,187,1,12828
BRDA:1901,188,0,1
BRDA:1901,188,1,12839
BRDA:1903,189,0,0
BRDA:1903,189,1,1
BRDA:1918,190,0,1045258
BRDA:1918,190,1,1
BRDA:1922,191,0,138
BRDA:1922,191,1,2103645
BRDA:1926,192,0,12
BRDA:1926,192,1,12828
BRDA:1931,193,0,12828
BRDA:1931,193,1,12
BRDA:1931,194,0,12840
BRDA:1931,194,1,12828
BRDA:1935,195,0,12
BRDA:1935,195,1,12828
BRDA:1935,196,0,12840
BRDA:1935,196,1,12840
BRDA:1945,197,0,2
BRDA:1945,197,1,13331
BRDA:1952,198,0,16
BRDA:1952,198,1,13315
BRDA:1952,199,0,13331
BRDA:1952,199,1,30
BRDA:1954,200,0,7
BRDA:1954,200,1,9
BRDA:1957,201,0,10
BRDA:1957,201,1,6
BRDA:1959,202,0,3
BRDA:1959,202,1,7
BRDA:1959,203,0,10
BRDA:1959,203,1,3
BRDA:1968,204,0,12
BRDA:1968,204,1,13303
BRDA:1968,205,0,13315
BRDA:1968,205,1,13301
BRDA:1970,206,0,6
BRDA:1970,206,1,6
BRDA:1978,207,0,14
BRDA:1978,207,1,13289
BRDA:1980,208,0,8
BRDA:1980,208,1,6
BRDA:1982,209,0,2
BRDA:1982,209,1,6
BRDA:1982,210,0,8
BRDA:1982,210,1,2
BRDA:1993,211,0,286
BRDA:1993,211,1,13003
BRDA:1993,212,0,13289
BRDA:1993,212,1,13068
BRDA:2000,213,0,163
BRDA:2000,213,1,12840
BRDA:2001,214,0,17
BRDA:2001,214,1,146
BRDA:2007,215,0,140
BRDA:2007,215,1,6
BRDA:2035,216,0,1
BRDA:2035,216,1,7
BRDA:2037,217,0,1
BRDA:2037,217,1,6
BRDA:2044,218,0,4
BRDA:2044,218,1,3
BRDA:2044,219,0,7
BRDA:2044,219,1,4
BRDA:2044,219,2,2
BRDA:2047,220,0,0
BRDA:2047,220,1,3
BRDA:2051,221,0,1
BRDA:2051,221,1,370
BRDA:2059,222,0,1
BRDA:2059,222,1,370
BRDA:2064,223,0,1
BRDA:2064,223,1,246
BRDA:2074,224,0,1
BRDA:2074,224,1,246
BRDA:2084,225,0,1
BRDA:2084,225,1,7
BRDA:2097,226,0,12
BRDA:2097,226,1,5
BRDA:2107,227,0,232
BRDA:2107,227,1,36
BRDA:2109,228,0,25
BRDA:2109,228,1,171
BRDA:2112,229,0,22
BRDA:2112,229,1,14
BRDA:2112,230,0,36
BRDA:2112,230,1,22
BRDA:2122,231,0,514
BRDA:2122,231,1,318
BRDA:2124,232,0,169
BRDA:2124,232,1,27
BRDA:2127,233,0,152
BRDA:2127,233,1,166
BRDA:2127,234,0,318
BRDA:2127,234,1,230
BRDA:2135,235,0,32
BRDA:2135,235,1,164
BRDA:2160,236,0,0
BRDA:2160,236,1,15
BRDA:2169,237,0,668
BRDA:2169,237,1,656
BRDA:2172,238,0,4271
BRDA:2172,238,1,3736
BRDA:2174,239,0,384
BRDA:2174,239,1,269
BRDA:2177,240,0,1579
BRDA:2177,240,1,2039
BRDA:2185,241,0,1204
BRDA:2185,241,1,551
BRDA:2187,242,0,265
BRDA:2187,242,1,388
BRDA:2190,243,0,253
BRDA:2190,243,1,298
BRDA:2196,244,0,268
BRDA:2196,244,1,385
BRDA:2206,245,0,12
BRDA:2206,245,1,3
BRDA:2212,246,0,2
BRDA:2212,246,1,13
BRDA:2218,247,0,3
BRDA:2218,247,1,6
BRDA:2220,248,0,2
BRDA:2220,248,1,4
BRDA:2228,249,0,7
BRDA:2228,249,1,3
BRDA:2240,250,0,0
BRDA:2240,250,1,7
BRDA:2246,251,0,4
BRDA:2246,251,1,3
BRDA:2246,252,0,7
BRDA:2246,252,1,4
BRDA:2274,253,0,1
BRDA:2274,253,1,6
BRDA:2282,254,0,12
BRDA:2282,254,1,6
BRDA:2289,255,0,0
BRDA:2289,255,1,6
BRDA:2296,256,0,1075211
BRDA:2296,256,1,1599
BRDA:2300,257,0,1073
BRDA:2300,257,1,1479
BRDA:2300,258,0,2552
BRDA:2300,258,1,1078
BRDA:2302,259,0,1
BRDA:2302,259,1,1478
BRDA:2302,260,0,1479
BRDA:2302,260,1,1474
BRDA:2306,261,0,1209
BRDA:2306,261,1,269
BRDA:2310,262,0,5
BRDA:2310,262,1,264
BRDA:2315,263,0,54
BRDA:2315,263,1,214
BRDA:2315,264,0,9
BRDA:2315,264,1,205
BRDA:2317,265,0,5
BRDA:2317,265,1,1472
BRDA:2326,266,0,1056
BRDA:2326,266,1,17819
BRDA:2326,267,0,18875
BRDA:2326,267,1,1058
BRDA:2328,268,0,3
BRDA:2328,268,1,17816
BRDA:2328,269,0,17819
BRDA:2328,269,1,17817
BRDA:2331,270,0,2
BRDA:2331,270,1,17814
BRDA:2338,271,0,11513
BRDA:2338,271,1,6304
BRDA:2340,272,0,1019
BRDA:2340,272,1,5285
BRDA:2346,273,0,469
BRDA:2346,273,1,5214
BRDA:2348,274,0,2188
BRDA:2348,274,1,3026
BRDA:2351,275,0,3026
BRDA:2351,275,1,0
BRDA:2460,276,0,19
BRDA:2460,276,1,19
BRDA:2486,277,0,30
BRDA:2487,278,0,3
BRDA:2487,278,1,32
BRDA:2497,279,0,5
BRDA:2498,280,0,1
BRDA:2498,280,1,15
BRDA:2502,281,0,10
BRDA:2502,281,1,5
BRDA:2505,282,0,7
BRDA:2505,282,1,8
BRDA:2513,283,0,7
BRDA:2516,284,0,6
BRDA:2516,284,1,5
BRDA:2518,285,0,2
BRDA:2518,285,1,4
BRDA:2527,286,0,2
BRDA:2527,286,1,3
BRDA:2531,287,0,0
BRDA:2531,287,1,11
BRDA:2531,288,0,11
BRDA:2531,288,1,4
BRDA:2534,289,0,4
BRDA:2534,289,1,7
BRDA:2543,290,0,7
BRDA:2549,291,0,1
BRDA:2549,291,1,7
BRDA:2549,292,0,8
BRDA:2549,292,1,1
BRDA:2556,293,0,3
BRDA:2556,293,1,4
BRDA:2564,294,0,2
BRDA:2564,294,1,5
BRDA:2577,295,0,1
BRDA:2577,295,1,7
BRDA:2585,296,0,3
BRDA:2585,296,1,5
BRDA:2588,297,0,5
BRDA:2588,297,1,0
BRDA:2593,298,0,0
BRDA:2593,298,1,8
BRDA:2599,299,0,1
BRDA:2599,299,1,7
BRDA:2615,300,0,12
BRDA:2615,300,1,0
BRDA:2618,301,0,1
BRDA:2618,301,1,11
BRDA:2621,302,0,6
BRDA:2621,302,1,5
BRDA:2621,303,0,11
BRDA:2621,303,1,7
BRDA:2628,304,0,4
BRDA:2628,304,1,2
BRDA:2634,305,0,3
BRDA:2634,305,1,1
BRDA:2634,306,0,4
BRDA:2634,306,1,3
BRF:610
BRH:556
end_of_record
TN:
SF:dist/primitives/K256.js
FN:25,(anonymous_0)
FN:41,(anonymous_1)
FN:84,(anonymous_2)
FNF:3
FNH:3
FNDA:12,(anonymous_0)
FNDA:14,(anonymous_1)
FNDA:13,(anonymous_2)
DA:2,2
DA:3,2
DA:26,12
DA:43,14
DA:44,14
DA:45,14
DA:46,14
DA:47,89
DA:49,14
DA:50,14
DA:51,5
DA:52,5
DA:53,5
DA:56,9
DA:57,9
DA:58,9
DA:59,46
DA:60,46
DA:61,46
DA:63,9
DA:64,9
DA:65,9
DA:66,8
DA:69,1
DA:86,13
DA:87,13
DA:88,13
DA:90,13
DA:91,13
DA:92,68
DA:93,68
DA:94,68
DA:95,68
DA:98,13
DA:99,11
DA:100,11
DA:101,6
DA:104,13
DA:107,2
LF:39
LH:39
BRDA:50,0,0,5
BRDA:50,0,1,9
BRDA:65,1,0,8
BRDA:65,1,1,1
BRDA:65,2,0,9
BRDA:65,2,1,9
BRDA:98,3,0,11
BRDA:98,3,1,2
BRDA:100,4,0,6
BRDA:100,4,1,5
BRF:10
BRH:10
end_of_record
TN:
SF:dist/primitives/Mersenne.js
FN:24,(anonymous_0)
FN:39,(anonymous_1)
FN:55,(anonymous_2)
FN:97,(anonymous_3)
FN:110,(anonymous_4)
FNF:5
FNH:3
FNDA:12,(anonymous_0)
FNDA:12,(anonymous_1)
FNDA:10,(anonymous_2)
FNDA:0,(anonymous_3)
FNDA:0,(anonymous_4)
DA:2,2
DA:3,2
DA:26,12
DA:27,12
DA:28,12
DA:29,12
DA:30,12
DA:40,12
DA:41,12
DA:42,12
DA:58,10
DA:60,10
DA:61,13
DA:62,13
DA:63,13
DA:64,13
DA:66,10
DA:67,10
DA:68,0
DA:69,0
DA:71,10
DA:72,1
DA:75,9
DA:77,9
DA:81,0
DA:84,10
DA:98,0
DA:111,0
DA:114,2
LF:29
LH:24
BRDA:66,0,0,9
BRDA:66,0,1,1
BRDA:67,1,0,0
BRDA:67,1,1,10
BRDA:71,2,0,1
BRDA:71,2,1,9
BRDA:75,3,0,9
BRDA:75,3,1,0
BRF:8
BRH:6
end_of_record
TN:
SF:dist/primitives/MontgomoryMethod.js
FN:29,(anonymous_0)
FN:53,(anonymous_1)
FN:67,(anonymous_2)
FN:84,(anonymous_3)
FN:114,(anonymous_4)
FN:140,(anonymous_5)
FNF:6
FNH:6
FNDA:10,(anonymous_0)
FNDA:40,(anonymous_1)
FNDA:19,(anonymous_2)
FNDA:1,(anonymous_3)
FNDA:1055,(anonymous_4)
FNDA:2,(anonymous_5)
DA:2,1
DA:3,1
DA:4,1
DA:30,10
DA:31,10
DA:32,10
DA:33,10
DA:35,10
DA:36,10
DA:37,10
DA:38,10
DA:39,10
DA:40,10
DA:54,40
DA:68,19
DA:69,19
DA:70,19
DA:85,1
DA:86,0
DA:87,0
DA:88,0
DA:90,1
DA:91,1
DA:92,1
DA:93,1
DA:94,1
DA:95,0
DA:97,1
DA:98,1
DA:100,1
DA:115,1055
DA:116,0
DA:117,1055
DA:118,1055
DA:119,1055
DA:120,1055
DA:121,1055
DA:122,0
DA:124,1055
DA:125,1053
DA:127,1055
DA:142,2
DA:143,2
DA:146,1
LF:44
LH:38
BRDA:32,0,0,10
BRDA:32,0,1,0
BRDA:85,1,0,0
BRDA:85,1,1,1
BRDA:85,2,0,1
BRDA:85,2,1,1
BRDA:94,3,0,0
BRDA:94,3,1,1
BRDA:97,4,0,1
BRDA:97,4,1,0
BRDA:115,5,0,0
BRDA:115,5,1,1055
BRDA:115,6,0,1055
BRDA:115,6,1,1055
BRDA:121,7,0,0
BRDA:121,7,1,1055
BRDA:124,8,0,1053
BRDA:124,8,1,2
BRF:18
BRH:12
end_of_record
TN:
SF:dist/primitives/ReductionContext.js
FN:26,(anonymous_0)
FN:50,(anonymous_1)
FN:65,(anonymous_2)
FN:82,(anonymous_3)
FN:99,(anonymous_4)
FN:118,(anonymous_5)
FN:138,(anonymous_6)
FN:162,(anonymous_7)
FN:184,(anonymous_8)
FN:208,(anonymous_9)
FN:230,(anonymous_10)
FN:250,(anonymous_11)
FN:268,(anonymous_12)
FN:287,(anonymous_13)
FN:303,(anonymous_14)
FN:319,(anonymous_15)
FN:381,(anonymous_16)
FN:405,(anonymous_17)
FN:462,(anonymous_18)
FN:480,(anonymous_19)
FNF:20
FNH:20
FNDA:38,(anonymous_0)
FNDA:26326,(anonymous_1)
FNDA:55,(anonymous_2)
FNDA:13087,(anonymous_3)
FNDA:13135,(anonymous_4)
FNDA:5,(anonymous_5)
FNDA:2,(anonymous_6)
FNDA:2,(anonymous_7)
FNDA:4,(anonymous_8)
FNDA:8,(anonymous_9)
FNDA:2,(anonymous_10)
FNDA:3,(anonymous_11)
FNDA:13056,(anonymous_12)
FNDA:1,(anonymous_13)
FNDA:11373,(anonymous_14)
FNDA:10,(anonymous_15)
FNDA:3,(anonymous_16)
FNDA:37,(anonymous_17)
FNDA:55,(anonymous_18)
FNDA:23,(anonymous_19)
DA:2,2
DA:3,2
DA:4,2
DA:27,38
DA:28,10
DA:29,10
DA:30,10
DA:33,28
DA:34,24
DA:35,24
DA:51,26326
DA:52,4
DA:66,55
DA:67,55
DA:83,13087
DA:84,13087
DA:100,13135
DA:101,6
DA:102,13129
DA:103,13129
DA:119,5
DA:120,2
DA:122,3
DA:139,2
DA:140,2
DA:141,2
DA:142,1
DA:144,2
DA:163,2
DA:164,2
DA:165,2
DA:166,1
DA:168,2
DA:185,4
DA:186,4
DA:187,4
DA:188,2
DA:190,4
DA:209,8
DA:210,8
DA:211,8
DA:212,4
DA:214,8
DA:231,2
DA:232,2
DA:251,3
DA:252,3
DA:269,13056
DA:270,13056
DA:288,1
DA:304,11373
DA:320,10
DA:321,0
DA:322,10
DA:323,10
DA:325,10
DA:326,8
DA:327,8
DA:332,2
DA:333,2
DA:334,2
DA:335,4
DA:336,4
DA:338,2
DA:339,2
DA:340,2
DA:343,2
DA:344,2
DA:345,2
DA:346,2
DA:347,0
DA:349,2
DA:350,2
DA:351,2
DA:352,2
DA:353,2
DA:354,2
DA:355,2
DA:356,2
DA:357,2
DA:359,2
DA:360,2
DA:361,2
DA:362,2
DA:363,2
DA:364,2
DA:366,2
DA:382,3
DA:383,3
DA:384,1
DA:385,1
DA:388,2
DA:406,37
DA:407,4
DA:408,33
DA:409,2
DA:410,31
DA:411,31
DA:412,31
DA:413,31
DA:414,31
DA:415,31
DA:416,434
DA:418,31
DA:419,31
DA:420,31
DA:421,31
DA:422,31
DA:423,0
DA:425,31
DA:426,465
DA:427,465
DA:428,11464
DA:429,11464
DA:430,11360
DA:432,11464
DA:433,2321
DA:434,2321
DA:436,9143
DA:437,9143
DA:438,9143
DA:439,9143
DA:440,6848
DA:441,2295
DA:442,2295
DA:443,2295
DA:445,465
DA:447,31
DA:463,55
DA:464,55
DA:481,23
DA:482,23
DA:483,23
DA:486,2
LF:134
LH:131
BRDA:27,0,0,10
BRDA:27,0,1,28
BRDA:50,1,0,14
BRDA:51,2,0,4
BRDA:51,2,1,26322
BRDA:84,3,0,13087
BRDA:84,3,1,13087
BRDA:100,4,0,6
BRDA:100,4,1,13129
BRDA:119,5,0,2
BRDA:119,5,1,3
BRDA:141,6,0,1
BRDA:141,6,1,1
BRDA:165,7,0,1
BRDA:165,7,1,1
BRDA:187,8,0,2
BRDA:187,8,1,2
BRDA:211,9,0,4
BRDA:211,9,1,4
BRDA:320,10,0,0
BRDA:320,10,1,10
BRDA:325,11,0,8
BRDA:325,11,1,2
BRDA:334,12,0,6
BRDA:334,12,1,6
BRDA:383,13,0,1
BRDA:383,13,1,2
BRDA:406,14,0,4
BRDA:406,14,1,33
BRDA:408,15,0,2
BRDA:408,15,1,31
BRDA:422,16,0,0
BRDA:422,16,1,31
BRDA:429,17,0,11360
BRDA:429,17,1,104
BRDA:432,18,0,2321
BRDA:432,18,1,9143
BRDA:432,19,0,11464
BRDA:432,19,1,5506
BRDA:439,20,0,6848
BRDA:439,20,1,2295
BRDA:439,21,0,9143
BRDA:439,21,1,6868
BRDA:439,21,2,151
BRDA:464,22,0,50
BRDA:464,22,1,5
BRF:46
BRH:44
end_of_record
TN:
SF:dist/primitives/__tests/BigNumber.fixtures.js
FNF:0
FNH:0
DA:2,2
DA:3,2
DA:4,2
LF:3
LH:3
BRF:0
BRH:0
end_of_record
TN:
SF:src/primitives/BigNumber.ts
FN:62,(anonymous_0)
FN:72,(anonymous_1)
FN:77,(anonymous_2)
FN:82,(anonymous_3)
FN:137,(anonymous_4)
FN:141,(anonymous_5)
FN:175,(anonymous_6)
FN:222,(anonymous_7)
FN:238,(anonymous_8)
FN:248,(anonymous_9)
FN:292,(anonymous_10)
FN:319,(anonymous_11)
FN:369,(anonymous_12)
FN:379,(anonymous_13)
FN:386,(anonymous_14)
FN:392,(anonymous_15)
FN:400,(anonymous_16)
FN:407,(anonymous_17)
FN:415,(anonymous_18)
FN:419,(anonymous_19)
FN:485,(anonymous_20)
FN:498,(anonymous_21)
FN:502,(anonymous_22)
FN:538,(anonymous_23)
FN:542,(anonymous_24)
FN:549,(anonymous_25)
FN:563,(anonymous_26)
FN:599,(anonymous_27)
FN:635,(anonymous_28)
FN:661,(anonymous_29)
FN:690,(anonymous_30)
FN:696,(anonymous_31)
FN:709,(anonymous_32)
FN:714,(anonymous_33)
FN:726,(anonymous_34)
FN:730,(anonymous_35)
FN:737,(anonymous_36)
FN:744,(anonymous_37)
FN:749,(anonymous_38)
FN:753,(anonymous_39)
FN:762,(anonymous_40)
FN:774,(anonymous_41)
FN:780,(anonymous_42)
FN:785,(anonymous_43)
FN:791,(anonymous_44)
FN:803,(anonymous_45)
FN:809,(anonymous_46)
FN:814,(anonymous_47)
FN:820,(anonymous_48)
FN:837,(anonymous_49)
FN:846,(anonymous_50)
FN:851,(anonymous_51)
FN:857,(anonymous_52)
FN:888,(anonymous_53)
FN:893,(anonymous_54)
FN:911,(anonymous_55)
FN:969,(anonymous_56)
FN:989,(anonymous_57)
FN:1059,(anonymous_58)
FN:1063,(anonymous_59)
FN:1107,(anonymous_60)
FN:1680,(anonymous_61)
FN:1722,(anonymous_62)
FN:1737,(anonymous_63)
FN:1744,(anonymous_64)
FN:1748,(anonymous_65)
FN:1776,(anonymous_66)
FN:1781,(anonymous_67)
FN:1786,(anonymous_68)
FN:1791,(anonymous_69)
FN:1814,(anonymous_70)
FN:1852,(anonymous_71)
FN:1861,(anonymous_72)
FN:1919,(anonymous_73)
FN:1926,(anonymous_74)
FN:1930,(anonymous_75)
FN:1935,(anonymous_76)
FN:1939,(anonymous_77)
FN:1944,(anonymous_78)
FN:1960,(anonymous_79)
FN:1985,(anonymous_80)
FN:1990,(anonymous_81)
FN:2013,(anonymous_82)
FN:2032,(anonymous_83)
FN:2060,(anonymous_84)
FN:2064,(anonymous_85)
FN:2068,(anonymous_86)
FN:2073,(anonymous_87)
FN:2077,(anonymous_88)
FN:2113,(anonymous_89)
FN:2191,(anonymous_90)
FN:2287,(anonymous_91)
FN:2292,(anonymous_92)
FN:2296,(anonymous_93)
FN:2301,(anonymous_94)
FN:2324,(anonymous_95)
FN:2340,(anonymous_96)
FN:2357,(anonymous_97)
FN:2361,(anonymous_98)
FN:2447,(anonymous_99)
FN:2517,(anonymous_100)
FN:2558,(anonymous_101)
FN:2562,(anonymous_102)
FN:2566,(anonymous_103)
FN:2571,(anonymous_104)
FN:2576,(anonymous_105)
FN:2606,(anonymous_106)
FN:2610,(anonymous_107)
FN:2639,(anonymous_108)
FN:2649,(anonymous_109)
FN:2670,(anonymous_110)
FN:2674,(anonymous_111)
FN:2678,(anonymous_112)
FN:2682,(anonymous_113)
FN:2686,(anonymous_114)
FN:2690,(anonymous_115)
FN:2694,(anonymous_116)
FN:2698,(anonymous_117)
FN:2702,(anonymous_118)
FN:2706,(anonymous_119)
FN:2710,(anonymous_120)
FN:2716,(anonymous_121)
FN:2724,(anonymous_122)
FN:2730,(anonymous_123)
FN:2735,(anonymous_124)
FN:2740,(anonymous_125)
FN:2745,(anonymous_126)
FN:2750,(anonymous_127)
FN:2755,(anonymous_128)
FN:2761,(anonymous_129)
FN:2767,(anonymous_130)
FN:2773,(anonymous_131)
FN:2780,(anonymous_132)
FN:2786,(anonymous_133)
FN:2793,(anonymous_134)
FN:2799,(anonymous_135)
FN:2805,(anonymous_136)
FN:2813,(anonymous_137)
FN:2817,(anonymous_138)
FN:2821,(anonymous_139)
FN:2825,(anonymous_140)
FN:2829,(anonymous_141)
FN:2833,(anonymous_142)
FN:2845,(anonymous_143)
FN:2863,(anonymous_144)
FN:2896,(anonymous_145)
FN:2927,(anonymous_146)
FN:2965,(anonymous_147)
FN:2999,(anonymous_148)
FNF:149
FNH:144
FNDA:58331,(anonymous_0)
FNDA:4,(anonymous_1)
FNDA:4,(anonymous_2)
FNDA:58327,(anonymous_3)
FNDA:2171694,(anonymous_4)
FNDA:57786,(anonymous_5)
FNDA:21,(anonymous_6)
FNDA:24054,(anonymous_7)
FNDA:12075,(anonymous_8)
FNDA:378,(anonymous_9)
FNDA:326,(anonymous_10)
FNDA:142,(anonymous_11)
FNDA:40459,(anonymous_12)
FNDA:13129,(anonymous_13)
FNDA:40459,(anonymous_14)
FNDA:3161914,(anonymous_15)
FNDA:3244577,(anonymous_16)
FNDA:3246536,(anonymous_17)
FNDA:0,(anonymous_18)
FNDA:581,(anonymous_19)
FNDA:48,(anonymous_20)
FNDA:3,(anonymous_21)
FNDA:160,(anonymous_22)
FNDA:12,(anonymous_23)
FNDA:11,(anonymous_24)
FNDA:12,(anonymous_25)
FNDA:4,(anonymous_26)
FNDA:7,(anonymous_27)
FNDA:13152,(anonymous_28)
FNDA:9,(anonymous_29)
FNDA:312,(anonymous_30)
FNDA:1,(anonymous_31)
FNDA:0,(anonymous_32)
FNDA:10,(anonymous_33)
FNDA:23,(anonymous_34)
FNDA:13,(anonymous_35)
FNDA:13,(anonymous_36)
FNDA:20,(anonymous_37)
FNDA:124,(anonymous_38)
FNDA:139,(anonymous_39)
FNDA:5,(anonymous_40)
FNDA:5,(anonymous_41)
FNDA:2,(anonymous_42)
FNDA:0,(anonymous_43)
FNDA:5,(anonymous_44)
FNDA:5,(anonymous_45)
FNDA:2,(anonymous_46)
FNDA:0,(anonymous_47)
FNDA:5,(anonymous_48)
FNDA:5,(anonymous_49)
FNDA:1,(anonymous_50)
FNDA:0,(anonymous_51)
FNDA:26,(anonymous_52)
FNDA:17,(anonymous_53)
FNDA:5,(anonymous_54)
FNDA:4274,(anonymous_55)
FNDA:270,(anonymous_56)
FNDA:4477,(anonymous_57)
FNDA:24,(anonymous_58)
FNDA:3106,(anonymous_59)
FNDA:12,(anonymous_60)
FNDA:13232,(anonymous_61)
FNDA:16350,(anonymous_62)
FNDA:16342,(anonymous_63)
FNDA:8,(anonymous_64)
FNDA:332,(anonymous_65)
FNDA:5,(anonymous_66)
FNDA:42,(anonymous_67)
FNDA:1,(anonymous_68)
FNDA:1,(anonymous_69)
FNDA:25769,(anonymous_70)
FNDA:6,(anonymous_71)
FNDA:19655,(anonymous_72)
FNDA:4,(anonymous_73)
FNDA:2,(anonymous_74)
FNDA:12884,(anonymous_75)
FNDA:3,(anonymous_76)
FNDA:10,(anonymous_77)
FNDA:484,(anonymous_78)
FNDA:2119,(anonymous_79)
FNDA:1056,(anonymous_80)
FNDA:33,(anonymous_81)
FNDA:34,(anonymous_82)
FNDA:23,(anonymous_83)
FNDA:3,(anonymous_84)
FNDA:7,(anonymous_85)
FNDA:17,(anonymous_86)
FNDA:17,(anonymous_87)
FNDA:3161882,(anonymous_88)
FNDA:12840,(anonymous_89)
FNDA:13333,(anonymous_90)
FNDA:39,(anonymous_91)
FNDA:40,(anonymous_92)
FNDA:13204,(anonymous_93)
FNDA:8,(anonymous_94)
FNDA:371,(anonymous_95)
FNDA:247,(anonymous_96)
FNDA:23,(anonymous_97)
FNDA:10,(anonymous_98)
FNDA:15,(anonymous_99)
FNDA:9,(anonymous_100)
FNDA:4,(anonymous_101)
FNDA:54,(anonymous_102)
FNDA:4781,(anonymous_103)
FNDA:23,(anonymous_104)
FNDA:7,(anonymous_105)
FNDA:1075211,(anonymous_106)
FNDA:2552,(anonymous_107)
FNDA:18875,(anonymous_108)
FNDA:17817,(anonymous_109)
FNDA:31,(anonymous_110)
FNDA:3,(anonymous_111)
FNDA:3,(anonymous_112)
FNDA:3,(anonymous_113)
FNDA:21,(anonymous_114)
FNDA:3,(anonymous_115)
FNDA:3,(anonymous_116)
FNDA:3,(anonymous_117)
FNDA:3,(anonymous_118)
FNDA:3,(anonymous_119)
FNDA:95,(anonymous_120)
FNDA:42,(anonymous_121)
FNDA:14297,(anonymous_122)
FNDA:2,(anonymous_123)
FNDA:2,(anonymous_124)
FNDA:4,(anonymous_125)
FNDA:8,(anonymous_126)
FNDA:2,(anonymous_127)
FNDA:9,(anonymous_128)
FNDA:3,(anonymous_129)
FNDA:13,(anonymous_130)
FNDA:1,(anonymous_131)
FNDA:10,(anonymous_132)
FNDA:5,(anonymous_133)
FNDA:5,(anonymous_134)
FNDA:19,(anonymous_135)
FNDA:83,(anonymous_136)
FNDA:8,(anonymous_137)
FNDA:6,(anonymous_138)
FNDA:2,(anonymous_139)
FNDA:2,(anonymous_140)
FNDA:1,(anonymous_141)
FNDA:35,(anonymous_142)
FNDA:16,(anonymous_143)
FNDA:11,(anonymous_144)
FNDA:8,(anonymous_145)
FNDA:8,(anonymous_146)
FNDA:12,(anonymous_147)
FNDA:1,(anonymous_148)
DA:8,7
DA:9,7
DA:38,7
DA:47,7
DA:56,7
DA:63,58331
DA:64,2
DA:67,58329
DA:73,4
DA:74,2
DA:78,4
DA:79,3
DA:87,58327
DA:88,1
DA:91,58326
DA:92,58326
DA:93,58326
DA:96,58326
DA:98,58326
DA:99,58326
DA:100,3
DA:101,3
DA:104,58326
DA:105,57786
DA:108,540
DA:109,20
DA:112,520
DA:113,3
DA:115,520
DA:117,520
DA:118,520
DA:119,520
DA:120,49
DA:121,49
DA:124,520
DA:125,520
DA:126,378
DA:128,142
DA:129,140
DA:130,0
DA:138,2171694
DA:142,57786
DA:143,64
DA:144,64
DA:146,57786
DA:147,57772
DA:148,57772
DA:149,14
DA:150,7
DA:154,7
DA:156,7
DA:160,6
DA:165,6
DA:168,57785
DA:171,1
DA:172,1
DA:177,21
DA:181,21
DA:182,2
DA:183,2
DA:184,2
DA:187,19
DA:188,19
DA:189,19
DA:190,19
DA:191,56
DA:195,19
DA:196,19
DA:197,11
DA:198,42
DA:199,42
DA:200,42
DA:201,42
DA:202,42
DA:203,30
DA:204,30
DA:207,8
DA:208,8
DA:209,14
DA:210,14
DA:211,14
DA:212,14
DA:213,14
DA:214,6
DA:215,6
DA:219,19
DA:223,24054
DA:225,24054
DA:226,17193
DA:228,6861
DA:229,20
DA:231,6841
DA:232,6832
DA:234,9
DA:241,12075
DA:242,12069
DA:243,11979
DA:245,12066
DA:250,378
DA:251,378
DA:252,378
DA:253,378
DA:254,4166
DA:258,378
DA:259,378
DA:262,378
DA:263,374
DA:264,12063
DA:265,12054
DA:266,12054
DA:267,3517
DA:268,3517
DA:269,3517
DA:271,8537
DA:275,4
DA:276,4
DA:277,12
DA:278,12
DA:279,12
DA:280,1
DA:281,1
DA:282,1
DA:284,11
DA:289,369
DA:293,326
DA:294,326
DA:295,326
DA:296,326
DA:297,2199
DA:299,2199
DA:302,2199
DA:303,51
DA:306,2148
DA:307,3
DA:311,2145
DA:313,2199
DA:314,2197
DA:316,324
DA:321,142
DA:322,142
DA:325,142
DA:326,142
DA:327,142
DA:328,1764
DA:330,142
DA:331,142
DA:333,142
DA:334,142
DA:335,142
DA:337,142
DA:338,142
DA:339,142
DA:340,190
DA:342,190
DA:343,190
DA:344,186
DA:346,4
DA:350,142
DA:351,136
DA:352,136
DA:354,134
DA:355,505
DA:358,134
DA:359,134
DA:360,131
DA:362,3
DA:366,140
DA:370,40459
DA:371,40459
DA:372,11835263
DA:374,40459
DA:375,40459
DA:376,40459
DA:380,13129
DA:381,13129
DA:382,13129
DA:383,13129
DA:387,40459
DA:388,40459
DA:389,40459
DA:393,3161914
DA:394,91
DA:396,3161914
DA:401,3244577
DA:402,2105148
DA:404,3244577
DA:409,3246536
DA:410,179
DA:412,3246536
DA:416,0
DA:421,581
DA:422,444
DA:423,444
DA:424,444
DA:425,444
DA:426,3634
DA:427,3634
DA:428,3634
DA:429,3634
DA:430,3634
DA:431,133
DA:432,133
DA:434,3634
DA:435,3346
DA:437,288
DA:440,444
DA:441,156
DA:443,444
DA:444,95
DA:446,444
DA:447,18
DA:449,444
DA:452,137
DA:454,137
DA:456,137
DA:457,137
DA:458,137
DA:459,137
DA:460,137
DA:461,218
DA:462,218
DA:464,218
DA:465,99
DA:467,119
DA:470,137
DA:471,18
DA:473,137
DA:474,255
DA:476,137
DA:477,21
DA:479,137
DA:482,0
DA:486,48
DA:487,48
DA:488,6
DA:489,42
DA:491,4
DA:492,38
DA:493,1
DA:495,47
DA:499,3
DA:504,160
DA:505,7
DA:506,7
DA:507,7
DA:509,7
DA:511,6
DA:512,1
DA:513,5
DA:514,5
DA:515,5
DA:516,9
DA:518,5
DA:519,13
DA:521,5
DA:524,153
DA:525,153
DA:528,160
DA:529,66
DA:531,160
DA:532,160
DA:533,4
DA:535,156
DA:539,12
DA:543,11
DA:544,0
DA:546,11
DA:550,12
DA:552,12
DA:553,12
DA:554,12
DA:555,11
DA:557,11
DA:558,11
DA:559,11
DA:560,11
DA:564,4
DA:565,4
DA:567,4
DA:568,6
DA:570,6
DA:571,6
DA:572,5
DA:574,6
DA:575,4
DA:578,6
DA:579,0
DA:580,0
DA:582,0
DA:583,0
DA:585,6
DA:586,6
DA:590,4
DA:591,2
DA:593,2
DA:594,1
DA:600,7
DA:601,7
DA:603,7
DA:604,403
DA:606,403
DA:607,403
DA:608,400
DA:610,403
DA:611,398
DA:614,403
DA:615,98
DA:616,98
DA:618,98
DA:619,98
DA:621,305
DA:622,305
DA:626,7
DA:627,2
DA:629,2
DA:630,1
DA:636,13152
DA:637,13152
DA:639,0
DA:640,0
DA:641,0
DA:642,0
DA:643,0
DA:645,0
DA:646,0
DA:647,0
DA:649,0
DA:650,0
DA:651,0
DA:653,0
DA:654,0
DA:655,0
DA:657,0
DA:663,9
DA:665,9
DA:666,9
DA:667,9
DA:668,1
DA:669,1
DA:671,9
DA:672,2
DA:673,2
DA:675,9
DA:676,2
DA:677,2
DA:679,9
DA:680,2
DA:681,2
DA:683,9
DA:684,4
DA:686,9
DA:691,312
DA:692,312
DA:693,312
DA:697,1
DA:699,1
DA:700,4
DA:701,4
DA:703,4
DA:706,1
DA:710,0
DA:715,10
DA:717,9
DA:718,9
DA:719,9
DA:720,9
DA:721,9
DA:723,9
DA:727,23
DA:731,13
DA:732,9
DA:734,4
DA:738,13
DA:739,9
DA:741,4
DA:745,20
DA:750,124
DA:754,139
DA:755,131
DA:758,139
DA:763,5
DA:764,1
DA:767,5
DA:768,8
DA:771,5
DA:775,5
DA:776,5
DA:781,2
DA:782,1
DA:786,0
DA:787,0
DA:792,5
DA:794,5
DA:795,7
DA:798,5
DA:800,5
DA:804,5
DA:805,5
DA:810,2
DA:811,1
DA:815,0
DA:816,0
DA:821,5
DA:822,2
DA:823,2
DA:826,3
DA:827,5
DA:829,3
DA:830,1
DA:832,3
DA:834,5
DA:838,5
DA:842,5
DA:847,1
DA:848,1
DA:852,0
DA:853,0
DA:858,26
DA:863,26
DA:864,26
DA:867,26
DA:869,26
DA:870,26
DA:874,26
DA:875,26
DA:876,78
DA:880,26
DA:881,26
DA:885,26
DA:889,17
DA:894,5
DA:896,5
DA:897,5
DA:899,5
DA:901,5
DA:902,3
DA:904,2
DA:907,5
DA:915,4274
DA:916,1296
DA:917,1296
DA:918,1296
DA:919,1296
DA:922,2978
DA:923,1
DA:924,1
DA:925,1
DA:926,1
DA:931,2977
DA:933,270
DA:934,270
DA:936,2707
DA:938,2707
DA:941,2977
DA:942,2977
DA:943,2977
DA:944,96687
DA:945,96687
DA:946,96687
DA:948,2977
DA:949,42
DA:950,42
DA:951,42
DA:954,2977
DA:955,2977
DA:956,4
DA:957,4
DA:959,2973
DA:960,2703
DA:961,163
DA:965,2977
DA:971,270
DA:972,1
DA:973,1
DA:974,1
DA:975,1
DA:976,269
DA:977,1
DA:978,1
DA:979,1
DA:980,1
DA:983,268
DA:985,264
DA:992,4477
DA:993,124
DA:994,124
DA:995,124
DA:996,124
DA:999,4353
DA:1000,538
DA:1001,538
DA:1002,538
DA:1003,538
DA:1007,3815
DA:1010,3815
DA:1011,15
DA:1012,15
DA:1013,15
DA:1014,15
DA:1019,3800
DA:1021,1223
DA:1022,1223
DA:1024,2577
DA:1026,2577
DA:1029,3800
DA:1030,3800
DA:1031,3800
DA:1032,101205
DA:1033,101205
DA:1034,101205
DA:1036,3800
DA:1037,49
DA:1038,49
DA:1039,49
DA:1043,3800
DA:1044,758
DA:1045,1836
DA:1049,3800
DA:1051,3800
DA:1052,2577
DA:1055,3800
DA:1060,24
DA:1066,3106
DA:1067,3106
DA:1068,3106
DA:1069,3106
DA:1072,3106
DA:1073,3106
DA:1074,3106
DA:1076,3106
DA:1077,3106
DA:1078,3106
DA:1080,3106
DA:1081,3106
DA:1084,33133
DA:1085,33133
DA:1086,33133
DA:1087,33133
DA:1088,145499
DA:1089,145499
DA:1090,145499
DA:1091,145499
DA:1092,145499
DA:1093,145499
DA:1095,33133
DA:1096,33133
DA:1098,3106
DA:1099,1570
DA:1101,1536
DA:1104,3106
DA:1108,12
DA:1109,12
DA:1110,12
DA:1111,12
DA:1115,12
DA:1116,12
DA:1117,12
DA:1118,12
DA:1119,12
DA:1120,12
DA:1121,12
DA:1122,12
DA:1123,12
DA:1124,12
DA:1125,12
DA:1126,12
DA:1127,12
DA:1128,12
DA:1129,12
DA:1130,12
DA:1131,12
DA:1132,12
DA:1133,12
DA:1134,12
DA:1135,12
DA:1136,12
DA:1137,12
DA:1138,12
DA:1139,12
DA:1140,12
DA:1141,12
DA:1142,12
DA:1143,12
DA:1144,12
DA:1145,12
DA:1146,12
DA:1147,12
DA:1148,12
DA:1149,12
DA:1150,12
DA:1151,12
DA:1152,12
DA:1153,12
DA:1154,12
DA:1155,12
DA:1156,12
DA:1157,12
DA:1158,12
DA:1159,12
DA:1160,12
DA:1161,12
DA:1162,12
DA:1163,12
DA:1164,12
DA:1165,12
DA:1166,12
DA:1167,12
DA:1168,12
DA:1169,12
DA:1170,12
DA:1171,12
DA:1172,12
DA:1173,12
DA:1174,12
DA:1176,12
DA:1177,12
DA:1179,12
DA:1180,12
DA:1181,12
DA:1182,12
DA:1183,12
DA:1184,12
DA:1185,12
DA:1187,12
DA:1188,12
DA:1189,12
DA:1190,12
DA:1191,12
DA:1192,12
DA:1193,12
DA:1194,12
DA:1195,12
DA:1196,12
DA:1197,12
DA:1199,12
DA:1200,12
DA:1201,12
DA:1202,12
DA:1203,12
DA:1204,12
DA:1205,12
DA:1206,12
DA:1207,12
DA:1208,12
DA:1209,12
DA:1210,12
DA:1211,12
DA:1212,12
DA:1213,12
DA:1215,12
DA:1216,12
DA:1217,12
DA:1218,12
DA:1219,12
DA:1220,12
DA:1221,12
DA:1222,12
DA:1223,12
DA:1224,12
DA:1225,12
DA:1226,12
DA:1227,12
DA:1228,12
DA:1229,12
DA:1230,12
DA:1231,12
DA:1232,12
DA:1233,12
DA:1235,12
DA:1236,12
DA:1237,12
DA:1238,12
DA:1239,12
DA:1240,12
DA:1241,12
DA:1242,12
DA:1243,12
DA:1244,12
DA:1245,12
DA:1246,12
DA:1247,12
DA:1248,12
DA:1249,12
DA:1250,12
DA:1251,12
DA:1252,12
DA:1253,12
DA:1254,12
DA:1255,12
DA:1256,12
DA:1257,12
DA:1259,12
DA:1260,12
DA:1261,12
DA:1262,12
DA:1263,12
DA:1264,12
DA:1265,12
DA:1266,12
DA:1267,12
DA:1268,12
DA:1269,12
DA:1270,12
DA:1271,12
DA:1272,12
DA:1273,12
DA:1274,12
DA:1275,12
DA:1276,12
DA:1277,12
DA:1278,12
DA:1279,12
DA:1280,12
DA:1281,12
DA:1282,12
DA:1283,12
DA:1284,12
DA:1285,12
DA:1287,12
DA:1288,12
DA:1289,12
DA:1290,12
DA:1291,12
DA:1292,12
DA:1293,12
DA:1294,12
DA:1295,12
DA:1296,12
DA:1297,12
DA:1298,12
DA:1299,12
DA:1300,12
DA:1301,12
DA:1302,12
DA:1303,12
DA:1304,12
DA:1305,12
DA:1306,12
DA:1307,12
DA:1308,12
DA:1309,12
DA:1310,12
DA:1311,12
DA:1312,12
DA:1313,12
DA:1314,12
DA:1315,12
DA:1316,12
DA:1317,12
DA:1319,12
DA:1320,12
DA:1321,12
DA:1322,12
DA:1323,12
DA:1324,12
DA:1325,12
DA:1326,12
DA:1327,12
DA:1328,12
DA:1329,12
DA:1330,12
DA:1331,12
DA:1332,12
DA:1333,12
DA:1334,12
DA:1335,12
DA:1336,12
DA:1337,12
DA:1338,12
DA:1339,12
DA:1340,12
DA:1341,12
DA:1342,12
DA:1343,12
DA:1344,12
DA:1345,12
DA:1346,12
DA:1347,12
DA:1348,12
DA:1349,12
DA:1350,12
DA:1351,12
DA:1352,12
DA:1353,12
DA:1355,12
DA:1356,12
DA:1357,12
DA:1358,12
DA:1359,12
DA:1360,12
DA:1361,12
DA:1362,12
DA:1363,12
DA:1364,12
DA:1365,12
DA:1366,12
DA:1367,12
DA:1368,12
DA:1369,12
DA:1370,12
DA:1371,12
DA:1372,12
DA:1373,12
DA:1374,12
DA:1375,12
DA:1376,12
DA:1377,12
DA:1378,12
DA:1379,12
DA:1380,12
DA:1381,12
DA:1382,12
DA:1383,12
DA:1384,12
DA:1385,12
DA:1386,12
DA:1387,12
DA:1388,12
DA:1389,12
DA:1390,12
DA:1391,12
DA:1392,12
DA:1393,12
DA:1395,12
DA:1396,12
DA:1397,12
DA:1398,12
DA:1399,12
DA:1400,12
DA:1401,12
DA:1402,12
DA:1403,12
DA:1404,12
DA:1405,12
DA:1406,12
DA:1407,12
DA:1408,12
DA:1409,12
DA:1410,12
DA:1411,12
DA:1412,12
DA:1413,12
DA:1414,12
DA:1415,12
DA:1416,12
DA:1417,12
DA:1418,12
DA:1419,12
DA:1420,12
DA:1421,12
DA:1422,12
DA:1423,12
DA:1424,12
DA:1425,12
DA:1426,12
DA:1427,12
DA:1428,12
DA:1429,12
DA:1430,12
DA:1431,12
DA:1432,12
DA:1433,12
DA:1434,12
DA:1435,12
DA:1436,12
DA:1437,12
DA:1439,12
DA:1440,12
DA:1441,12
DA:1442,12
DA:1443,12
DA:1444,12
DA:1445,12
DA:1446,12
DA:1447,12
DA:1448,12
DA:1449,12
DA:1450,12
DA:1451,12
DA:1452,12
DA:1453,12
DA:1454,12
DA:1455,12
DA:1456,12
DA:1457,12
DA:1458,12
DA:1459,12
DA:1460,12
DA:1461,12
DA:1462,12
DA:1463,12
DA:1464,12
DA:1465,12
DA:1466,12
DA:1467,12
DA:1468,12
DA:1469,12
DA:1470,12
DA:1471,12
DA:1472,12
DA:1473,12
DA:1474,12
DA:1475,12
DA:1476,12
DA:1477,12
DA:1479,12
DA:1480,12
DA:1481,12
DA:1482,12
DA:1483,12
DA:1484,12
DA:1485,12
DA:1486,12
DA:1487,12
DA:1488,12
DA:1489,12
DA:1490,12
DA:1491,12
DA:1492,12
DA:1493,12
DA:1494,12
DA:1495,12
DA:1496,12
DA:1497,12
DA:1498,12
DA:1499,12
DA:1500,12
DA:1501,12
DA:1502,12
DA:1503,12
DA:1504,12
DA:1505,12
DA:1506,12
DA:1507,12
DA:1508,12
DA:1509,12
DA:1510,12
DA:1511,12
DA:1512,12
DA:1513,12
DA:1515,12
DA:1516,12
DA:1517,12
DA:1518,12
DA:1519,12
DA:1520,12
DA:1521,12
DA:1522,12
DA:1523,12
DA:1524,12
DA:1525,12
DA:1526,12
DA:1527,12
DA:1528,12
DA:1529,12
DA:1530,12
DA:1531,12
DA:1532,12
DA:1533,12
DA:1534,12
DA:1535,12
DA:1536,12
DA:1537,12
DA:1538,12
DA:1539,12
DA:1540,12
DA:1541,12
DA:1542,12
DA:1543,12
DA:1544,12
DA:1545,12
DA:1547,12
DA:1548,12
DA:1549,12
DA:1550,12
DA:1551,12
DA:1552,12
DA:1553,12
DA:1554,12
DA:1555,12
DA:1556,12
DA:1557,12
DA:1558,12
DA:1559,12
DA:1560,12
DA:1561,12
DA:1562,12
DA:1563,12
DA:1564,12
DA:1565,12
DA:1566,12
DA:1567,12
DA:1568,12
DA:1569,12
DA:1570,12
DA:1571,12
DA:1572,12
DA:1573,12
DA:1575,12
DA:1576,12
DA:1577,12
DA:1578,12
DA:1579,12
DA:1580,12
DA:1581,12
DA:1582,12
DA:1583,12
DA:1584,12
DA:1585,12
DA:1586,12
DA:1587,12
DA:1588,12
DA:1589,12
DA:1590,12
DA:1591,12
DA:1592,12
DA:1593,12
DA:1594,12
DA:1595,12
DA:1596,12
DA:1597,12
DA:1599,12
DA:1600,12
DA:1601,12
DA:1602,12
DA:1603,12
DA:1604,12
DA:1605,12
DA:1606,12
DA:1607,12
DA:1608,12
DA:1609,12
DA:1610,12
DA:1611,12
DA:1612,12
DA:1613,12
DA:1614,12
DA:1615,12
DA:1616,12
DA:1617,12
DA:1619,12
DA:1620,12
DA:1621,12
DA:1622,12
DA:1623,12
DA:1624,12
DA:1625,12
DA:1626,12
DA:1627,12
DA:1628,12
DA:1629,12
DA:1630,12
DA:1631,12
DA:1632,12
DA:1633,12
DA:1635,12
DA:1636,12
DA:1637,12
DA:1638,12
DA:1639,12
DA:1640,12
DA:1641,12
DA:1642,12
DA:1643,12
DA:1644,12
DA:1645,12
DA:1647,12
DA:1648,12
DA:1649,12
DA:1650,12
DA:1651,12
DA:1652,12
DA:1653,12
DA:1654,12
DA:1655,12
DA:1656,12
DA:1657,12
DA:1658,12
DA:1659,12
DA:1660,12
DA:1661,12
DA:1662,12
DA:1663,12
DA:1664,12
DA:1665,12
DA:1666,12
DA:1667,12
DA:1668,12
DA:1669,12
DA:1670,12
DA:1671,12
DA:1672,12
DA:1673,12
DA:1674,11
DA:1675,11
DA:1677,12
DA:1681,13232
DA:1682,13232
DA:1684,13232
DA:1685,13232
DA:1686,13232
DA:1687,13232
DA:1690,4762933
DA:1691,4762933
DA:1692,4762933
DA:1693,4762933
DA:1694,4762933
DA:1695,454053837
DA:1696,454053837
DA:1697,454053837
DA:1698,454053837
DA:1700,454053837
DA:1701,454053837
DA:1702,454053837
DA:1703,454053837
DA:1704,454053837
DA:1706,454053837
DA:1707,454053837
DA:1709,4762933
DA:1710,4762933
DA:1711,4762933
DA:1713,13232
DA:1714,3292
DA:1716,9940
DA:1719,13232
DA:1724,16350
DA:1725,16350
DA:1726,12
DA:1727,16338
DA:1728,3106
DA:1730,13232
DA:1733,16350
DA:1738,16342
DA:1739,16342
DA:1740,16342
DA:1745,8
DA:1749,332
DA:1750,332
DA:1752,332
DA:1753,332
DA:1756,331
DA:1757,331
DA:1758,331
DA:1759,660
DA:1760,660
DA:1761,660
DA:1762,660
DA:1764,660
DA:1765,660
DA:1768,331
DA:1769,141
DA:1770,141
DA:1773,331
DA:1777,5
DA:1782,42
DA:1787,1
DA:1792,1
DA:1793,1
DA:1797,1
DA:1798,1
DA:1799,1
DA:1800,1
DA:1803,1
DA:1804,1
DA:1805,3
DA:1806,2
DA:1810,1
DA:1815,25769
DA:1816,25769
DA:1817,25769
DA:1818,25769
DA:1821,25769
DA:1822,25711
DA:1824,25711
DA:1825,7142974
DA:1826,7142974
DA:1827,7142974
DA:1828,7142974
DA:1831,25711
DA:1832,10082
DA:1833,10082
DA:1837,25769
DA:1838,70
DA:1839,165
DA:1842,70
DA:1843,1226
DA:1846,70
DA:1849,25769
DA:1854,6
DA:1855,6
DA:1862,19655
DA:1864,19655
DA:1865,0
DA:1867,19655
DA:1870,19655
DA:1871,19655
DA:1872,19655
DA:1873,19655
DA:1875,19655
DA:1876,19655
DA:1879,19655
DA:1880,19655
DA:1881,0
DA:1882,0
DA:1884,0
DA:1887,19655
DA:1889,1177
DA:1890,1175
DA:1891,1175
DA:1892,33480
DA:1895,2
DA:1896,2
DA:1899,19655
DA:1900,19655
DA:1901,2744183
DA:1902,2744183
DA:1903,2744183
DA:1907,19655
DA:1908,0
DA:1911,19655
DA:1912,0
DA:1913,0
DA:1916,19655
DA:1921,4
DA:1922,4
DA:1927,2
DA:1931,12884
DA:1936,3
DA:1940,10
DA:1945,484
DA:1946,484
DA:1947,484
DA:1948,484
DA:1951,484
DA:1954,481
DA:1956,481
DA:1961,2119
DA:1962,2119
DA:1963,2119
DA:1965,2119
DA:1967,2119
DA:1968,176
DA:1971,1943
DA:1972,5
DA:1974,1943
DA:1976,1943
DA:1977,5
DA:1978,5
DA:1981,1943
DA:1986,1056
DA:1991,33
DA:1992,33
DA:1993,32
DA:1996,31
DA:1997,4
DA:1998,3
DA:1999,3
DA:2000,3
DA:2003,1
DA:2004,1
DA:2005,1
DA:2006,1
DA:2010,27
DA:2014,34
DA:2017,34
DA:2018,34
DA:2019,49
DA:2020,49
DA:2021,1
DA:2023,48
DA:2026,34
DA:2028,34
DA:2033,23
DA:2034,23
DA:2035,22
DA:2037,20
DA:2038,2
DA:2039,2
DA:2040,2
DA:2041,2
DA:2044,18
DA:2046,18
DA:2047,2
DA:2048,2
DA:2051,16
DA:2052,141
DA:2053,141
DA:2057,18
DA:2061,3
DA:2065,7
DA:2069,17
DA:2070,17
DA:2074,17
DA:2078,3161882
DA:2081,3161882
DA:2084,3161882
DA:2085,3161882
DA:2086,671165254
DA:2087,671165254
DA:2088,671165254
DA:2089,671165254
DA:2090,671165254
DA:2092,3161882
DA:2093,2103738
DA:2094,2103738
DA:2095,2103738
DA:2098,3161882
DA:2101,2103356
DA:2102,2103356
DA:2103,2103356
DA:2104,669852743
DA:2105,669852743
DA:2106,669852743
DA:2108,2103356
DA:2110,2103356
DA:2114,12840
DA:2116,12840
DA:2117,12840
DA:2120,12840
DA:2121,12840
DA:2122,12840
DA:2123,12840
DA:2124,12840
DA:2125,12840
DA:2126,12840
DA:2130,12840
DA:2133,12840
DA:2134,12
DA:2135,12
DA:2136,12
DA:2137,12
DA:2138,150
DA:2142,12840
DA:2143,12840
DA:2144,1
DA:2145,1
DA:2146,0
DA:2150,12840
DA:2151,2103783
DA:2156,2103783
DA:2158,2103783
DA:2159,2103783
DA:2160,1045259
DA:2161,1045259
DA:2162,1045259
DA:2163,1045259
DA:2164,1045258
DA:2167,2103783
DA:2168,138
DA:2171,12840
DA:2172,12
DA:2174,12840
DA:2177,12840
DA:2178,12828
DA:2181,12840
DA:2192,13333
DA:2194,13333
DA:2195,2
DA:2202,13331
DA:2203,16
DA:2205,16
DA:2206,7
DA:2209,16
DA:2210,10
DA:2211,10
DA:2212,3
DA:2216,16
DA:2222,13315
DA:2223,12
DA:2225,12
DA:2226,6
DA:2229,12
DA:2235,13303
DA:2236,14
DA:2238,14
DA:2239,8
DA:2240,8
DA:2241,2
DA:2245,14
DA:2254,13289
DA:2255,286
DA:2262,13003
DA:2263,163
DA:2264,17
DA:2270,146
DA:2271,140
DA:2277,6
DA:2283,12840
DA:2288,39
DA:2293,40
DA:2297,13204
DA:2303,8
DA:2307,8
DA:2309,7
DA:2313,7
DA:2314,7
DA:2315,7
DA:2318,7
DA:2321,3
DA:2325,371
DA:2326,371
DA:2328,371
DA:2329,371
DA:2331,371
DA:2332,371
DA:2333,718
DA:2336,371
DA:2341,247
DA:2342,247
DA:2344,247
DA:2346,247
DA:2347,247
DA:2348,580
DA:2349,580
DA:2350,580
DA:2353,247
DA:2354,247
DA:2358,23
DA:2362,10
DA:2363,8
DA:2365,8
DA:2366,8
DA:2368,8
DA:2369,1
DA:2371,7
DA:2375,8
DA:2376,8
DA:2379,8
DA:2380,8
DA:2382,8
DA:2384,8
DA:2385,4
DA:2386,4
DA:2387,4
DA:2390,8
DA:2391,8
DA:2393,8
DA:2394,196
DA:2395,196
DA:2396,196
DA:2397,196
DA:2398,25
DA:2399,25
DA:2400,36
DA:2401,22
DA:2402,22
DA:2405,36
DA:2406,36
DA:2410,196
DA:2411,196
DA:2412,196
DA:2413,196
DA:2414,169
DA:2415,169
DA:2416,318
DA:2417,152
DA:2418,152
DA:2421,318
DA:2422,318
DA:2426,196
DA:2427,32
DA:2428,32
DA:2429,32
DA:2431,164
DA:2432,164
DA:2433,164
DA:2437,8
DA:2448,15
DA:2449,15
DA:2451,15
DA:2452,15
DA:2454,15
DA:2455,0
DA:2457,15
DA:2460,15
DA:2461,15
DA:2463,15
DA:2465,15
DA:2466,653
DA:2467,653
DA:2468,653
DA:2469,653
DA:2470,384
DA:2471,384
DA:2472,3618
DA:2473,1579
DA:2476,3618
DA:2480,653
DA:2481,653
DA:2482,653
DA:2483,653
DA:2484,265
DA:2485,265
DA:2486,551
DA:2487,253
DA:2490,551
DA:2494,653
DA:2495,268
DA:2496,268
DA:2498,385
DA:2499,385
DA:2504,15
DA:2505,12
DA:2507,3
DA:2510,15
DA:2511,2
DA:2514,15
DA:2518,9
DA:2519,6
DA:2521,4
DA:2522,4
DA:2523,4
DA:2524,4
DA:2527,4
DA:2528,4
DA:2529,3
DA:2530,3
DA:2533,4
DA:2534,7
DA:2535,3
DA:2537,7
DA:2538,4
DA:2541,7
DA:2542,7
DA:2544,0
DA:2545,0
DA:2546,0
DA:2547,7
DA:2548,4
DA:2551,3
DA:2554,4
DA:2559,4
DA:2563,54
DA:2567,4781
DA:2572,23
DA:2577,7
DA:2578,7
DA:2579,7
DA:2580,7
DA:2583,7
DA:2584,1
DA:2585,1
DA:2586,1
DA:2590,6
DA:2591,6
DA:2592,6
DA:2593,6
DA:2594,6
DA:2595,6
DA:2596,6
DA:2597,6
DA:2599,6
DA:2600,0
DA:2601,0
DA:2603,6
DA:2607,1075211
DA:2611,2552
DA:2613,2552
DA:2614,1479
DA:2616,1478
DA:2619,1478
DA:2620,1209
DA:2622,269
DA:2623,5
DA:2626,269
DA:2628,268
DA:2629,268
DA:2631,1477
DA:2632,1472
DA:2640,18875
DA:2641,17819
DA:2643,17816
DA:2644,17816
DA:2645,17814
DA:2651,17817
DA:2652,6304
DA:2654,5285
DA:2655,5285
DA:2656,5683
DA:2657,5683
DA:2659,5683
DA:2660,5214
DA:2661,2188
DA:2662,3026
DA:2663,3026
DA:2665,5214
DA:2667,5285
DA:2671,31
DA:2675,3
DA:2679,3
DA:2683,3
DA:2687,21
DA:2691,3
DA:2695,3
DA:2699,3
DA:2703,3
DA:2707,3
DA:2711,95
DA:2712,95
DA:2713,95
DA:2717,42
DA:2721,42
DA:2726,14297
DA:2727,14297
DA:2731,2
DA:2732,2
DA:2736,2
DA:2737,2
DA:2741,4
DA:2742,4
DA:2746,8
DA:2747,8
DA:2751,2
DA:2752,2
DA:2756,9
DA:2757,9
DA:2758,9
DA:2762,3
DA:2763,3
DA:2764,3
DA:2768,13
DA:2769,13
DA:2770,13
DA:2774,1
DA:2775,1
DA:2776,1
DA:2781,10
DA:2782,10
DA:2783,10
DA:2787,5
DA:2788,5
DA:2789,5
DA:2794,5
DA:2795,5
DA:2796,5
DA:2800,19
DA:2801,19
DA:2802,19
DA:2806,83
DA:2807,83
DA:2808,1103
DA:2810,83
DA:2814,8
DA:2818,6
DA:2822,2
DA:2826,2
DA:2830,1
DA:2834,35
DA:2835,3
DA:2837,35
DA:2838,35
DA:2846,16
DA:2847,1
DA:2850,15
DA:2851,15
DA:2852,10
DA:2855,15
DA:2856,7
DA:2857,7
DA:2859,8
DA:2864,11
DA:2867,11
DA:2868,6
DA:2869,6
DA:2870,2
DA:2872,4
DA:2875,5
DA:2876,5
DA:2877,2
DA:2881,11
DA:2882,0
DA:2885,11
DA:2886,4
DA:2889,11
DA:2899,8
DA:2900,8
DA:2901,8
DA:2902,8
DA:2903,1
DA:2905,7
DA:2906,7
DA:2907,7
DA:2908,7
DA:2909,7
DA:2910,3
DA:2912,4
DA:2913,4
DA:2914,4
DA:2916,7
DA:2917,2
DA:2919,5
DA:2929,8
DA:2930,1
DA:2932,7
DA:2934,8
DA:2936,8
DA:2937,3
DA:2938,5
DA:2939,5
DA:2940,5
DA:2941,5
DA:2943,8
DA:2946,0
DA:2947,0
DA:2949,8
DA:2950,1
DA:2952,8
DA:2954,8
DA:2955,8
DA:2956,8
DA:2968,12
DA:2969,12
DA:2971,12
DA:2972,1
DA:2974,11
DA:2981,6
DA:2987,4
DA:2988,3
DA:2992,8
DA:3000,1
LF:1720
LH:1673
BRDA:63,0,0,2
BRDA:67,1,0,58329
BRDA:67,1,1,58329
BRDA:67,1,2,22
BRDA:67,1,3,0
BRDA:73,2,0,2
BRDA:78,3,0,1
BRDA:83,4,0,56827
BRDA:84,5,0,57880
BRDA:85,6,0,58318
BRDA:87,7,0,1
BRDA:98,8,0,58326
BRDA:99,9,0,3
BRDA:99,10,0,58326
BRDA:99,10,1,58323
BRDA:104,11,0,57786
BRDA:108,12,0,20
BRDA:112,13,0,3
BRDA:115,14,0,520
BRDA:115,14,1,520
BRDA:115,14,2,520
BRDA:119,15,0,49
BRDA:124,16,0,520
BRDA:125,17,0,378
BRDA:125,17,1,142
BRDA:129,18,0,0
BRDA:137,19,0,63273
BRDA:138,20,0,10
BRDA:142,21,0,64
BRDA:146,22,0,57772
BRDA:146,22,1,14
BRDA:149,23,0,7
BRDA:149,23,1,7
BRDA:168,24,0,57784
BRDA:181,25,0,2
BRDA:196,26,0,11
BRDA:196,26,1,8
BRDA:202,27,0,30
BRDA:207,28,0,8
BRDA:213,29,0,6
BRDA:225,30,0,17193
BRDA:225,30,1,6861
BRDA:225,31,0,24054
BRDA:225,31,1,24050
BRDA:228,32,0,20
BRDA:228,32,1,6841
BRDA:228,33,0,6861
BRDA:228,33,1,6857
BRDA:231,34,0,6832
BRDA:231,34,1,9
BRDA:231,35,0,6841
BRDA:231,35,1,6837
BRDA:242,36,0,11979
BRDA:262,37,0,374
BRDA:262,37,1,4
BRDA:266,38,0,3517
BRDA:266,38,1,8537
BRDA:276,39,0,2
BRDA:276,39,1,2
BRDA:279,40,0,1
BRDA:279,40,1,11
BRDA:302,41,0,51
BRDA:302,41,1,2148
BRDA:306,42,0,3
BRDA:306,42,1,2145
BRDA:313,43,0,2199
BRDA:313,43,1,2198
BRDA:343,44,0,186
BRDA:343,44,1,4
BRDA:350,45,0,136
BRDA:359,46,0,131
BRDA:359,46,1,3
BRDA:401,47,0,5349725
BRDA:401,47,1,5347714
BRDA:409,48,0,179
BRDA:409,49,0,3246536
BRDA:409,49,1,2300
BRDA:416,50,0,0
BRDA:416,50,1,0
BRDA:419,51,0,31
BRDA:419,52,0,415
BRDA:421,53,0,444
BRDA:421,54,0,581
BRDA:421,54,1,142
BRDA:430,55,0,133
BRDA:434,56,0,3346
BRDA:434,56,1,288
BRDA:434,57,0,3634
BRDA:434,57,1,1655
BRDA:440,58,0,156
BRDA:446,59,0,18
BRDA:452,60,0,137
BRDA:452,61,0,137
BRDA:452,61,1,137
BRDA:452,61,2,137
BRDA:464,62,0,99
BRDA:464,62,1,119
BRDA:470,63,0,18
BRDA:476,64,0,21
BRDA:487,65,0,6
BRDA:487,65,1,42
BRDA:489,66,0,4
BRDA:489,66,1,38
BRDA:489,67,0,42
BRDA:489,67,1,5
BRDA:492,68,0,1
BRDA:495,69,0,21
BRDA:495,69,1,26
BRDA:502,70,0,25
BRDA:504,71,0,7
BRDA:504,71,1,153
BRDA:509,72,0,1
BRDA:509,72,1,6
BRDA:511,73,0,1
BRDA:511,73,1,5
BRDA:513,74,0,5
BRDA:528,75,0,66
BRDA:532,76,0,4
BRDA:543,77,0,0
BRDA:553,78,0,3
BRDA:553,78,1,9
BRDA:553,79,0,12
BRDA:553,79,1,12
BRDA:558,80,0,4
BRDA:558,80,1,7
BRDA:571,81,0,5
BRDA:574,82,0,4
BRDA:578,83,0,0
BRDA:578,83,1,6
BRDA:579,84,0,0
BRDA:590,85,0,2
BRDA:607,86,0,400
BRDA:610,87,0,398
BRDA:614,88,0,98
BRDA:614,88,1,305
BRDA:615,89,0,98
BRDA:626,90,0,2
BRDA:636,91,0,13152
BRDA:641,92,0,0
BRDA:645,93,0,0
BRDA:649,94,0,0
BRDA:653,95,0,0
BRDA:663,96,0,0
BRDA:667,97,0,1
BRDA:671,98,0,2
BRDA:675,99,0,2
BRDA:679,100,0,2
BRDA:683,101,0,4
BRDA:715,102,0,1
BRDA:721,103,0,9
BRDA:731,104,0,9
BRDA:738,105,0,9
BRDA:754,106,0,131
BRDA:781,107,0,1
BRDA:786,108,0,0
BRDA:810,109,0,1
BRDA:815,110,0,0
BRDA:821,111,0,2
BRDA:821,111,1,3
BRDA:847,112,0,0
BRDA:852,113,0,0
BRDA:859,114,0,26
BRDA:859,114,1,26
BRDA:869,115,0,26
BRDA:880,116,0,26
BRDA:894,117,0,5
BRDA:894,117,1,5
BRDA:901,118,0,3
BRDA:901,118,1,2
BRDA:901,119,0,5
BRDA:901,119,1,5
BRDA:915,120,0,1296
BRDA:915,120,1,2978
BRDA:915,121,0,4274
BRDA:915,121,1,1296
BRDA:922,122,0,1
BRDA:922,123,0,2978
BRDA:922,123,1,2978
BRDA:931,124,0,270
BRDA:931,124,1,2707
BRDA:948,125,0,3019
BRDA:948,125,1,46
BRDA:955,126,0,4
BRDA:955,126,1,2973
BRDA:959,127,0,2703
BRDA:971,128,0,1
BRDA:971,128,1,269
BRDA:971,129,0,270
BRDA:971,129,1,1
BRDA:976,130,0,1
BRDA:976,131,0,269
BRDA:976,131,1,269
BRDA:983,132,0,4
BRDA:992,133,0,124
BRDA:992,133,1,4353
BRDA:999,134,0,538
BRDA:1010,135,0,15
BRDA:1019,136,0,1223
BRDA:1019,136,1,2577
BRDA:1036,137,0,3849
BRDA:1036,137,1,49
BRDA:1043,138,0,758
BRDA:1043,139,0,3800
BRDA:1043,139,1,3800
BRDA:1043,139,2,1167
BRDA:1051,140,0,2577
BRDA:1098,141,0,1570
BRDA:1098,141,1,1536
BRDA:1673,142,0,11
BRDA:1713,143,0,3292
BRDA:1713,143,1,9940
BRDA:1725,144,0,12
BRDA:1725,144,1,16338
BRDA:1725,145,0,16350
BRDA:1725,145,1,13
BRDA:1727,146,0,3106
BRDA:1727,146,1,13232
BRDA:1750,147,0,4
BRDA:1768,148,0,141
BRDA:1773,149,0,4
BRDA:1773,149,1,327
BRDA:1793,150,0,0
BRDA:1800,151,0,1
BRDA:1803,152,0,1
BRDA:1805,153,0,1
BRDA:1815,154,0,25769
BRDA:1815,154,1,25769
BRDA:1821,155,0,25711
BRDA:1831,156,0,10082
BRDA:1837,157,0,70
BRDA:1862,158,0,19655
BRDA:1862,158,1,19655
BRDA:1864,159,0,0
BRDA:1864,159,1,19655
BRDA:1864,160,0,19655
BRDA:1864,160,1,0
BRDA:1880,161,0,0
BRDA:1887,162,0,18478
BRDA:1887,162,1,1177
BRDA:1889,163,0,1175
BRDA:1889,163,1,2
BRDA:1900,164,0,2763838
BRDA:1900,164,1,2744183
BRDA:1900,164,2,141541
BRDA:1907,165,0,0
BRDA:1907,166,0,19655
BRDA:1907,166,1,0
BRDA:1911,167,0,0
BRDA:1945,168,0,484
BRDA:1945,168,1,484
BRDA:1951,169,0,3
BRDA:1961,170,0,2119
BRDA:1961,170,1,2119
BRDA:1967,171,0,176
BRDA:1971,172,0,5
BRDA:1976,173,0,5
BRDA:1993,174,0,1
BRDA:1996,175,0,4
BRDA:1997,176,0,3
BRDA:1997,177,0,4
BRDA:1997,177,1,3
BRDA:2018,178,0,83
BRDA:2018,178,1,82
BRDA:2020,179,0,1
BRDA:2020,179,1,48
BRDA:2035,180,0,2
BRDA:2037,181,0,2
BRDA:2046,182,0,2
BRDA:2046,182,1,16
BRDA:2046,183,0,18
BRDA:2046,183,1,6
BRDA:2051,184,0,157
BRDA:2051,184,1,157
BRDA:2098,185,0,1058526
BRDA:2123,186,0,12840
BRDA:2133,187,0,12
BRDA:2143,188,0,1
BRDA:2145,189,0,0
BRDA:2163,190,0,1045258
BRDA:2167,191,0,138
BRDA:2171,192,0,12
BRDA:2177,193,0,12828
BRDA:2177,194,0,12840
BRDA:2177,194,1,12828
BRDA:2182,195,0,12
BRDA:2182,195,1,12828
BRDA:2182,196,0,12840
BRDA:2182,196,1,12840
BRDA:2194,197,0,2
BRDA:2202,198,0,16
BRDA:2202,199,0,13331
BRDA:2202,199,1,30
BRDA:2205,200,0,7
BRDA:2209,201,0,10
BRDA:2211,202,0,3
BRDA:2211,203,0,10
BRDA:2211,203,1,3
BRDA:2222,204,0,12
BRDA:2222,205,0,13315
BRDA:2222,205,1,13301
BRDA:2225,206,0,6
BRDA:2235,207,0,14
BRDA:2238,208,0,8
BRDA:2240,209,0,2
BRDA:2240,210,0,8
BRDA:2240,210,1,2
BRDA:2254,211,0,286
BRDA:2254,212,0,13289
BRDA:2254,212,1,13068
BRDA:2262,213,0,163
BRDA:2263,214,0,17
BRDA:2270,215,0,140
BRDA:2307,216,0,1
BRDA:2309,217,0,1
BRDA:2309,217,1,6
BRDA:2318,218,0,4
BRDA:2318,219,0,7
BRDA:2318,219,1,4
BRDA:2318,219,2,2
BRDA:2321,220,0,0
BRDA:2321,220,1,3
BRDA:2326,221,0,1
BRDA:2336,222,0,1
BRDA:2336,222,1,370
BRDA:2342,223,0,1
BRDA:2354,224,0,1
BRDA:2354,224,1,246
BRDA:2368,225,0,1
BRDA:2368,225,1,7
BRDA:2384,226,0,12
BRDA:2384,226,1,5
BRDA:2396,227,0,232
BRDA:2396,227,1,36
BRDA:2397,228,0,25
BRDA:2400,229,0,22
BRDA:2400,230,0,36
BRDA:2400,230,1,22
BRDA:2412,231,0,514
BRDA:2412,231,1,318
BRDA:2413,232,0,169
BRDA:2416,233,0,152
BRDA:2416,234,0,318
BRDA:2416,234,1,230
BRDA:2426,235,0,32
BRDA:2426,235,1,164
BRDA:2454,236,0,0
BRDA:2454,236,1,15
BRDA:2465,237,0,668
BRDA:2465,237,1,656
BRDA:2468,238,0,4271
BRDA:2468,238,1,3736
BRDA:2469,239,0,384
BRDA:2472,240,0,1579
BRDA:2482,241,0,1204
BRDA:2482,241,1,551
BRDA:2483,242,0,265
BRDA:2486,243,0,253
BRDA:2494,244,0,268
BRDA:2494,244,1,385
BRDA:2504,245,0,12
BRDA:2504,245,1,3
BRDA:2510,246,0,2
BRDA:2518,247,0,3
BRDA:2519,248,0,2
BRDA:2528,249,0,7
BRDA:2528,249,1,3
BRDA:2542,250,0,0
BRDA:2542,250,1,7
BRDA:2547,251,0,4
BRDA:2547,252,0,7
BRDA:2547,252,1,4
BRDA:2583,253,0,1
BRDA:2592,254,0,12
BRDA:2592,254,1,6
BRDA:2599,255,0,0
BRDA:2607,256,0,1075211
BRDA:2607,256,1,1599
BRDA:2613,257,0,1073
BRDA:2613,258,0,2552
BRDA:2613,258,1,1078
BRDA:2614,259,0,1
BRDA:2614,260,0,1479
BRDA:2614,260,1,1474
BRDA:2619,261,0,1209
BRDA:2619,261,1,269
BRDA:2622,262,0,5
BRDA:2629,263,0,54
BRDA:2629,263,1,214
BRDA:2629,264,0,9
BRDA:2629,264,1,205
BRDA:2631,265,0,5
BRDA:2640,266,0,1056
BRDA:2640,267,0,18875
BRDA:2640,267,1,1058
BRDA:2641,268,0,3
BRDA:2641,269,0,17819
BRDA:2641,269,1,17817
BRDA:2644,270,0,2
BRDA:2651,271,0,11513
BRDA:2652,272,0,1019
BRDA:2659,273,0,469
BRDA:2660,274,0,2188
BRDA:2660,274,1,3026
BRDA:2662,275,0,3026
BRDA:2800,276,0,19
BRDA:2800,276,1,19
BRDA:2833,277,0,30
BRDA:2834,278,0,3
BRDA:2845,279,0,5
BRDA:2846,280,0,1
BRDA:2851,281,0,10
BRDA:2855,282,0,7
BRDA:2855,282,1,8
BRDA:2863,283,0,7
BRDA:2867,284,0,6
BRDA:2867,284,1,5
BRDA:2869,285,0,2
BRDA:2869,285,1,4
BRDA:2876,286,0,2
BRDA:2881,287,0,0
BRDA:2881,288,0,11
BRDA:2881,288,1,4
BRDA:2885,289,0,4
BRDA:2896,290,0,7
BRDA:2902,291,0,1
BRDA:2902,292,0,8
BRDA:2902,292,1,1
BRDA:2909,293,0,3
BRDA:2909,293,1,4
BRDA:2916,294,0,2
BRDA:2916,294,1,5
BRDA:2929,295,0,1
BRDA:2929,295,1,7
BRDA:2936,296,0,3
BRDA:2936,296,1,5
BRDA:2938,297,0,5
BRDA:2943,298,0,0
BRDA:2949,299,0,1
BRDA:2968,300,0,12
BRDA:2971,301,0,1
BRDA:2974,302,0,6
BRDA:2974,303,0,11
BRDA:2974,303,1,7
BRDA:2981,304,0,4
BRDA:2987,305,0,3
BRDA:2987,306,0,4
BRDA:2987,306,1,3
BRF:447
BRH:417
end_of_record
TN:
SF:src/primitives/K256.ts
FN:25,(anonymous_0)
FN:45,(anonymous_1)
FN:92,(anonymous_2)
FNF:3
FNH:3
FNDA:12,(anonymous_0)
FNDA:14,(anonymous_1)
FNDA:13,(anonymous_2)
DA:1,2
DA:15,2
DA:26,12
DA:47,14
DA:49,14
DA:50,14
DA:51,14
DA:52,89
DA:54,14
DA:56,14
DA:57,5
DA:58,5
DA:59,5
DA:63,9
DA:64,9
DA:66,9
DA:67,46
DA:68,46
DA:69,46
DA:71,9
DA:72,9
DA:73,9
DA:74,8
DA:76,1
DA:94,13
DA:95,13
DA:96,13
DA:99,13
DA:100,13
DA:101,68
DA:102,68
DA:103,68
DA:104,68
DA:108,13
DA:109,11
DA:110,11
DA:111,6
DA:114,13
LF:38
LH:38
BRDA:56,0,0,5
BRDA:73,1,0,8
BRDA:73,1,1,1
BRDA:73,2,0,9
BRDA:73,2,1,9
BRDA:108,3,0,11
BRDA:110,4,0,6
BRF:7
BRH:7
end_of_record
TN:
SF:src/primitives/Mersenne.ts
FN:29,(anonymous_0)
FN:46,(anonymous_1)
FN:63,(anonymous_2)
FN:106,(anonymous_3)
FN:120,(anonymous_4)
FNF:5
FNH:3
FNDA:12,(anonymous_0)
FNDA:12,(anonymous_1)
FNDA:10,(anonymous_2)
FNDA:0,(anonymous_3)
FNDA:0,(anonymous_4)
DA:1,2
DA:14,2
DA:31,12
DA:32,12
DA:33,12
DA:34,12
DA:36,12
DA:47,12
DA:48,12
DA:49,12
DA:66,10
DA:69,10
DA:70,13
DA:71,13
DA:72,13
DA:73,13
DA:76,10
DA:77,10
DA:78,0
DA:79,0
DA:80,10
DA:81,1
DA:83,9
DA:85,9
DA:88,0
DA:92,10
DA:107,0
DA:121,0
LF:28
LH:23
BRDA:76,0,0,9
BRDA:76,0,1,1
BRDA:77,1,0,0
BRDA:77,1,1,10
BRDA:80,2,0,1
BRDA:80,2,1,9
BRDA:83,3,0,9
BRDA:83,3,1,0
BRF:8
BRH:6
end_of_record
TN:
SF:src/primitives/MontgomoryMethod.ts
FN:34,(anonymous_0)
FN:62,(anonymous_1)
FN:77,(anonymous_2)
FN:95,(anonymous_3)
FN:128,(anonymous_4)
FN:155,(anonymous_5)
FNF:6
FNH:6
FNDA:10,(anonymous_0)
FNDA:40,(anonymous_1)
FNDA:19,(anonymous_2)
FNDA:1,(anonymous_3)
FNDA:1055,(anonymous_4)
FNDA:2,(anonymous_5)
DA:1,1
DA:2,1
DA:23,1
DA:35,10
DA:37,10
DA:38,10
DA:39,10
DA:42,10
DA:43,10
DA:44,10
DA:46,10
DA:47,10
DA:48,10
DA:63,40
DA:78,19
DA:79,19
DA:80,19
DA:96,1
DA:97,0
DA:98,0
DA:99,0
DA:102,1
DA:103,1
DA:104,1
DA:105,1
DA:107,1
DA:108,0
DA:109,1
DA:110,1
DA:113,1
DA:129,1055
DA:131,1055
DA:132,1055
DA:133,1055
DA:134,1055
DA:135,1055
DA:136,0
DA:137,1055
DA:138,1053
DA:141,1055
DA:157,2
DA:158,2
LF:42
LH:37
BRDA:38,0,0,10
BRDA:96,1,0,0
BRDA:96,2,0,1
BRDA:96,2,1,1
BRDA:107,3,0,0
BRDA:107,3,1,1
BRDA:109,4,0,1
BRDA:129,5,0,0
BRDA:129,6,0,1055
BRDA:129,6,1,1055
BRDA:135,7,0,0
BRDA:135,7,1,1055
BRDA:137,8,0,1053
BRF:13
BRH:9
end_of_record
TN:
SF:src/primitives/ReductionContext.ts
FN:29,(anonymous_0)
FN:53,(anonymous_1)
FN:68,(anonymous_2)
FN:86,(anonymous_3)
FN:110,(anonymous_4)
FN:130,(anonymous_5)
FN:152,(anonymous_6)
FN:178,(anonymous_7)
FN:202,(anonymous_8)
FN:228,(anonymous_9)
FN:252,(anonymous_10)
FN:273,(anonymous_11)
FN:292,(anonymous_12)
FN:312,(anonymous_13)
FN:329,(anonymous_14)
FN:346,(anonymous_15)
FN:417,(anonymous_16)
FN:441,(anonymous_17)
FN:503,(anonymous_18)
FN:523,(anonymous_19)
FNF:20
FNH:20
FNDA:38,(anonymous_0)
FNDA:26326,(anonymous_1)
FNDA:55,(anonymous_2)
FNDA:13087,(anonymous_3)
FNDA:13135,(anonymous_4)
FNDA:5,(anonymous_5)
FNDA:2,(anonymous_6)
FNDA:2,(anonymous_7)
FNDA:4,(anonymous_8)
FNDA:8,(anonymous_9)
FNDA:2,(anonymous_10)
FNDA:3,(anonymous_11)
FNDA:13056,(anonymous_12)
FNDA:1,(anonymous_13)
FNDA:11373,(anonymous_14)
FNDA:10,(anonymous_15)
FNDA:3,(anonymous_16)
FNDA:37,(anonymous_17)
FNDA:55,(anonymous_18)
FNDA:23,(anonymous_19)
DA:1,2
DA:2,2
DA:15,2
DA:30,38
DA:31,10
DA:32,10
DA:33,10
DA:35,28
DA:36,24
DA:37,24
DA:54,26326
DA:69,55
DA:70,55
DA:87,13087
DA:91,13087
DA:111,13135
DA:113,13129
DA:114,13129
DA:131,5
DA:132,2
DA:135,3
DA:153,2
DA:155,2
DA:156,2
DA:157,1
DA:159,2
DA:179,2
DA:181,2
DA:182,2
DA:183,1
DA:185,2
DA:203,4
DA:205,4
DA:206,4
DA:207,2
DA:209,4
DA:229,8
DA:231,8
DA:232,8
DA:233,4
DA:235,8
DA:253,2
DA:254,2
DA:274,3
DA:275,3
DA:293,13056
DA:294,13056
DA:313,1
DA:330,11373
DA:347,10
DA:349,10
DA:350,10
DA:353,10
DA:354,8
DA:355,8
DA:361,2
DA:362,2
DA:363,2
DA:364,4
DA:365,4
DA:367,2
DA:369,2
DA:370,2
DA:374,2
DA:375,2
DA:376,2
DA:378,2
DA:379,0
DA:382,2
DA:383,2
DA:384,2
DA:385,2
DA:386,2
DA:387,2
DA:388,2
DA:389,2
DA:390,2
DA:392,2
DA:393,2
DA:395,2
DA:396,2
DA:397,2
DA:398,2
DA:401,2
DA:418,3
DA:419,3
DA:420,1
DA:421,1
DA:423,2
DA:442,37
DA:443,33
DA:445,31
DA:446,31
DA:447,31
DA:448,31
DA:449,31
DA:450,31
DA:451,434
DA:454,31
DA:455,31
DA:456,31
DA:457,31
DA:458,31
DA:459,0
DA:462,31
DA:463,465
DA:464,465
DA:465,11464
DA:466,11464
DA:467,11360
DA:470,11464
DA:471,2321
DA:472,2321
DA:475,9143
DA:476,9143
DA:477,9143
DA:478,9143
DA:480,2295
DA:481,2295
DA:482,2295
DA:484,465
DA:487,31
DA:504,55
DA:506,55
DA:524,23
DA:525,23
DA:526,23
LF:127
LH:125
BRDA:30,0,0,10
BRDA:30,0,1,28
BRDA:53,1,0,14
BRDA:54,2,0,4
BRDA:92,3,0,13087
BRDA:92,3,1,13087
BRDA:111,4,0,6
BRDA:131,5,0,2
BRDA:156,6,0,1
BRDA:182,7,0,1
BRDA:206,8,0,2
BRDA:232,9,0,4
BRDA:347,10,0,0
BRDA:353,11,0,8
BRDA:363,12,0,6
BRDA:363,12,1,6
BRDA:419,13,0,1
BRDA:419,13,1,2
BRDA:442,14,0,4
BRDA:443,15,0,2
BRDA:458,16,0,0
BRDA:466,17,0,11360
BRDA:470,18,0,2321
BRDA:470,19,0,11464
BRDA:470,19,1,5506
BRDA:478,20,0,6848
BRDA:478,21,0,9143
BRDA:478,21,1,6868
BRDA:478,21,2,151
BRDA:506,22,0,50
BRDA:506,22,1,5
BRF:31
BRH:29
end_of_record
TN:
SF:src/primitives/__tests/BigNumber.fixtures.ts
FNF:0
FNH:0
DA:1,2
LF:1
LH:1
BRF:0
BRH:0
end_of_record
